Building DAG of jobs...
Using shell: /usr/bin/bash
Provided cores: 16
Rules claiming more threads will be scaled down.
Job stats:
job      count    min threads    max threads
-----  -------  -------------  -------------
all          1              1              1
lastz        1             16             16
total        2              1             16

Select jobs to execute...

[Wed Aug 17 21:56:18 2022]
rule lastz:
    input: /home/AD.UCSD.EDU/ttl074/wga/wga-phylo/sequence_select/out.fasta, /home/AD.UCSD.EDU/ttl074/wga/genomes_top40/GCA_008658365.1.fa
    output: GCA_008658365.1.fa.maf
    jobid: 1
    reason: Missing output files: GCA_008658365.1.fa.maf
    wildcards: genomes=GCA_008658365.1.fa
    threads: 16
    resources: tmpdir=/tmp

[Wed Aug 17 21:56:18 2022]
Error in rule lastz:
    jobid: 1
    output: GCA_008658365.1.fa.maf
    shell:
        /home/AD.UCSD.EDU/ttl074/lastz_distrib/lastz_32 /home/AD.UCSD.EDU/ttl074/wga/wga-phylo/sequence_select/out.fasta[multiple] GCA_008658365.1.fa[multiple] --notransition --step=20 --format=maf --noytrim --filter=coverage:70 --filter=identity:70
        (one of the commands exited with non-zero exit code; note that snakemake uses bash strict mode!)

Shutting down, this might take some time.
Exiting because a job execution failed. Look above for error message
Complete log: .snakemake/log/2022-08-17T215618.511417.snakemake.log
