Building DAG of jobs...
Using shell: /usr/bin/bash
Provided cores: 40
Rules claiming more threads will be scaled down.
Job stats:
job                count    min threads    max threads
---------------  -------  -------------  -------------
all                    1              1              1
astral                 1              1              1
iqtree               300              1              1
lastz                 40              1              1
lastz2fasta            1              1              1
mafft                300              1              1
mergeTrees             1              1              1
sequence_merge         1              1              1
sequence_select       40              1              1
total                685              1              1

Select jobs to execute...

[Tue Sep 20 19:12:20 2022]
rule sequence_select:
    input: /home/AD.UCSD.EDU/ttl074/wga/genomes_top40/GCA_020801775.1.fa
    output: test/samples/GCA_020801775.1_temp.fa
    jobid: 15
    reason: Missing output files: test/samples/GCA_020801775.1_temp.fa
    wildcards: sample=GCA_020801775.1
    resources: tmpdir=/tmp

Activating conda environment: .snakemake/conda/7d2a9a960272ad397501c4b58bba0869_

[Tue Sep 20 19:12:20 2022]
rule sequence_select:
    input: /home/AD.UCSD.EDU/ttl074/wga/genomes_top40/GCF_020740725.1.fa
    output: test/samples/GCF_020740725.1_temp.fa
    jobid: 45
    reason: Missing output files: test/samples/GCF_020740725.1_temp.fa
    wildcards: sample=GCF_020740725.1
    resources: tmpdir=/tmp

Activating conda environment: .snakemake/conda/7d2a9a960272ad397501c4b58bba0869_

[Tue Sep 20 19:12:20 2022]
rule sequence_select:
    input: /home/AD.UCSD.EDU/ttl074/wga/genomes_top40/GCF_018691265.1.fa
    output: test/samples/GCF_018691265.1_temp.fa
    jobid: 30
    reason: Missing output files: test/samples/GCF_018691265.1_temp.fa
    wildcards: sample=GCF_018691265.1
    resources: tmpdir=/tmp

Activating conda environment: .snakemake/conda/7d2a9a960272ad397501c4b58bba0869_

[Tue Sep 20 19:12:20 2022]
rule sequence_select:
    input: /home/AD.UCSD.EDU/ttl074/wga/genomes_top40/GCA_907165065.1.fa
    output: test/samples/GCA_907165065.1_temp.fa
    jobid: 23
    reason: Missing output files: test/samples/GCA_907165065.1_temp.fa
    wildcards: sample=GCA_907165065.1
    resources: tmpdir=/tmp

Activating conda environment: .snakemake/conda/7d2a9a960272ad397501c4b58bba0869_

[Tue Sep 20 19:12:20 2022]
rule sequence_select:
    input: /home/AD.UCSD.EDU/ttl074/wga/genomes_top40/GCA_017639555.1.fa
    output: test/samples/GCA_017639555.1_temp.fa
    jobid: 8
    reason: Missing output files: test/samples/GCA_017639555.1_temp.fa
    wildcards: sample=GCA_017639555.1
    resources: tmpdir=/tmp

Activating conda environment: .snakemake/conda/7d2a9a960272ad397501c4b58bba0869_

[Tue Sep 20 19:12:20 2022]
rule sequence_select:
    input: /home/AD.UCSD.EDU/ttl074/wga/genomes_top40/GCA_016128335.1.fa
    output: test/samples/GCA_016128335.1_temp.fa
    jobid: 38
    reason: Missing output files: test/samples/GCA_016128335.1_temp.fa
    wildcards: sample=GCA_016128335.1
    resources: tmpdir=/tmp

Activating conda environment: .snakemake/conda/7d2a9a960272ad397501c4b58bba0869_

[Tue Sep 20 19:12:20 2022]
rule sequence_select:
    input: /home/AD.UCSD.EDU/ttl074/wga/genomes_top40/GCA_018139145.1.fa
    output: test/samples/GCA_018139145.1_temp.fa
    jobid: 16
    reason: Missing output files: test/samples/GCA_018139145.1_temp.fa
    wildcards: sample=GCA_018139145.1
    resources: tmpdir=/tmp

Activating conda environment: .snakemake/conda/7d2a9a960272ad397501c4b58bba0869_

[Tue Sep 20 19:12:20 2022]
rule sequence_select:
    input: /home/AD.UCSD.EDU/ttl074/wga/genomes_top40/GCF_901933205.1.fa
    output: test/samples/GCF_901933205.1_temp.fa
    jobid: 46
    reason: Missing output files: test/samples/GCF_901933205.1_temp.fa
    wildcards: sample=GCF_901933205.1
    resources: tmpdir=/tmp

Activating conda environment: .snakemake/conda/7d2a9a960272ad397501c4b58bba0869_

[Tue Sep 20 19:12:20 2022]
rule sequence_select:
    input: /home/AD.UCSD.EDU/ttl074/wga/genomes_top40/GCF_017639655.2.fa
    output: test/samples/GCF_017639655.2_temp.fa
    jobid: 31
    reason: Missing output files: test/samples/GCF_017639655.2_temp.fa
    wildcards: sample=GCF_017639655.2
    resources: tmpdir=/tmp

Activating conda environment: .snakemake/conda/7d2a9a960272ad397501c4b58bba0869_

[Tue Sep 20 19:12:20 2022]
rule sequence_select:
    input: /home/AD.UCSD.EDU/ttl074/wga/genomes_top40/GCA_011004875.1.fa
    output: test/samples/GCA_011004875.1_temp.fa
    jobid: 24
    reason: Missing output files: test/samples/GCA_011004875.1_temp.fa
    wildcards: sample=GCA_011004875.1
    resources: tmpdir=/tmp

Activating conda environment: .snakemake/conda/7d2a9a960272ad397501c4b58bba0869_

[Tue Sep 20 19:12:20 2022]
rule sequence_select:
    input: /home/AD.UCSD.EDU/ttl074/wga/genomes_top40/GCA_013368605.1.fa
    output: test/samples/GCA_013368605.1_temp.fa
    jobid: 9
    reason: Missing output files: test/samples/GCA_013368605.1_temp.fa
    wildcards: sample=GCA_013368605.1
    resources: tmpdir=/tmp

Activating conda environment: .snakemake/conda/7d2a9a960272ad397501c4b58bba0869_

[Tue Sep 20 19:12:20 2022]
rule sequence_select:
    input: /home/AD.UCSD.EDU/ttl074/wga/genomes_top40/GCF_900496995.4.fa
    output: test/samples/GCF_900496995.4_temp.fa
    jobid: 39
    reason: Missing output files: test/samples/GCF_900496995.4_temp.fa
    wildcards: sample=GCF_900496995.4
    resources: tmpdir=/tmp

Activating conda environment: .snakemake/conda/7d2a9a960272ad397501c4b58bba0869_

[Tue Sep 20 19:12:20 2022]
rule sequence_select:
    input: /home/AD.UCSD.EDU/ttl074/wga/genomes_top40/GCF_009819795.1.fa
    output: test/samples/GCF_009819795.1_temp.fa
    jobid: 17
    reason: Missing output files: test/samples/GCF_009819795.1_temp.fa
    wildcards: sample=GCF_009819795.1
    resources: tmpdir=/tmp

Activating conda environment: .snakemake/conda/7d2a9a960272ad397501c4b58bba0869_

[Tue Sep 20 19:12:20 2022]
rule sequence_select:
    input: /home/AD.UCSD.EDU/ttl074/wga/genomes_top40/GCA_012275265.1.fa
    output: test/samples/GCA_012275265.1_temp.fa
    jobid: 47
    reason: Missing output files: test/samples/GCA_012275265.1_temp.fa
    wildcards: sample=GCA_012275265.1
    resources: tmpdir=/tmp

Activating conda environment: .snakemake/conda/7d2a9a960272ad397501c4b58bba0869_

[Tue Sep 20 19:12:20 2022]
rule sequence_select:
    input: /home/AD.UCSD.EDU/ttl074/wga/genomes_top40/GCA_014839835.1.fa
    output: test/samples/GCA_014839835.1_temp.fa
    jobid: 32
    reason: Missing output files: test/samples/GCA_014839835.1_temp.fa
    wildcards: sample=GCA_014839835.1
    resources: tmpdir=/tmp

Activating conda environment: .snakemake/conda/7d2a9a960272ad397501c4b58bba0869_

[Tue Sep 20 19:12:20 2022]
rule sequence_select:
    input: /home/AD.UCSD.EDU/ttl074/wga/genomes_top40/GCA_017976375.1.fa
    output: test/samples/GCA_017976375.1_temp.fa
    jobid: 25
    reason: Missing output files: test/samples/GCA_017976375.1_temp.fa
    wildcards: sample=GCA_017976375.1
    resources: tmpdir=/tmp

Activating conda environment: .snakemake/conda/7d2a9a960272ad397501c4b58bba0869_

[Tue Sep 20 19:12:20 2022]
rule sequence_select:
    input: /home/AD.UCSD.EDU/ttl074/wga/genomes_top40/GCF_015220075.1.fa
    output: test/samples/GCF_015220075.1_temp.fa
    jobid: 10
    reason: Missing output files: test/samples/GCF_015220075.1_temp.fa
    wildcards: sample=GCF_015220075.1
    resources: tmpdir=/tmp

Activating conda environment: .snakemake/conda/7d2a9a960272ad397501c4b58bba0869_

[Tue Sep 20 19:12:20 2022]
rule sequence_select:
    input: /home/AD.UCSD.EDU/ttl074/wga/genomes_top40/GCA_020800305.1.fa
    output: test/samples/GCA_020800305.1_temp.fa
    jobid: 40
    reason: Missing output files: test/samples/GCA_020800305.1_temp.fa
    wildcards: sample=GCA_020800305.1
    resources: tmpdir=/tmp

Activating conda environment: .snakemake/conda/7d2a9a960272ad397501c4b58bba0869_

[Tue Sep 20 19:12:20 2022]
rule sequence_select:
    input: /home/AD.UCSD.EDU/ttl074/wga/genomes_top40/GCA_009819605.1.fa
    output: test/samples/GCA_009819605.1_temp.fa
    jobid: 18
    reason: Missing output files: test/samples/GCA_009819605.1_temp.fa
    wildcards: sample=GCA_009819605.1
    resources: tmpdir=/tmp

Activating conda environment: .snakemake/conda/7d2a9a960272ad397501c4b58bba0869_

[Tue Sep 20 19:12:21 2022]
rule sequence_select:
    input: /home/AD.UCSD.EDU/ttl074/wga/genomes_top40/GCA_905368555.1.fa
    output: test/samples/GCA_905368555.1_temp.fa
    jobid: 33
    reason: Missing output files: test/samples/GCA_905368555.1_temp.fa
    wildcards: sample=GCA_905368555.1
    resources: tmpdir=/tmp

Activating conda environment: .snakemake/conda/7d2a9a960272ad397501c4b58bba0869_

[Tue Sep 20 19:12:21 2022]
rule sequence_select:
    input: /home/AD.UCSD.EDU/ttl074/wga/genomes_top40/GCA_014839755.1.fa
    output: test/samples/GCA_014839755.1_temp.fa
    jobid: 26
    reason: Missing output files: test/samples/GCA_014839755.1_temp.fa
    wildcards: sample=GCA_014839755.1
    resources: tmpdir=/tmp

Activating conda environment: .snakemake/conda/7d2a9a960272ad397501c4b58bba0869_

[Tue Sep 20 19:12:21 2022]
rule sequence_select:
    input: /home/AD.UCSD.EDU/ttl074/wga/genomes_top40/GCA_017639245.1.fa
    output: test/samples/GCA_017639245.1_temp.fa
    jobid: 11
    reason: Missing output files: test/samples/GCA_017639245.1_temp.fa
    wildcards: sample=GCA_017639245.1
    resources: tmpdir=/tmp

Activating conda environment: .snakemake/conda/7d2a9a960272ad397501c4b58bba0869_

[Tue Sep 20 19:12:21 2022]
rule sequence_select:
    input: /home/AD.UCSD.EDU/ttl074/wga/genomes_top40/GCA_020740795.1.fa
    output: test/samples/GCA_020740795.1_temp.fa
    jobid: 41
    reason: Missing output files: test/samples/GCA_020740795.1_temp.fa
    wildcards: sample=GCA_020740795.1
    resources: tmpdir=/tmp

Activating conda environment: .snakemake/conda/7d2a9a960272ad397501c4b58bba0869_

[Tue Sep 20 19:12:21 2022]
rule sequence_select:
    input: /home/AD.UCSD.EDU/ttl074/wga/genomes_top40/GCF_003957555.1.fa
    output: test/samples/GCF_003957555.1_temp.fa
    jobid: 19
    reason: Missing output files: test/samples/GCF_003957555.1_temp.fa
    wildcards: sample=GCF_003957555.1
    resources: tmpdir=/tmp

Activating conda environment: .snakemake/conda/7d2a9a960272ad397501c4b58bba0869_

[Tue Sep 20 19:12:21 2022]
rule sequence_select:
    input: /home/AD.UCSD.EDU/ttl074/wga/genomes_top40/GCF_016699485.2.fa
    output: test/samples/GCF_016699485.2_temp.fa
    jobid: 34
    reason: Missing output files: test/samples/GCF_016699485.2_temp.fa
    wildcards: sample=GCF_016699485.2
    resources: tmpdir=/tmp

Activating conda environment: .snakemake/conda/7d2a9a960272ad397501c4b58bba0869_

[Tue Sep 20 19:12:21 2022]
rule sequence_select:
    input: /home/AD.UCSD.EDU/ttl074/wga/genomes_top40/GCA_015220805.1.fa
    output: test/samples/GCA_015220805.1_temp.fa
    jobid: 27
    reason: Missing output files: test/samples/GCA_015220805.1_temp.fa
    wildcards: sample=GCA_015220805.1
    resources: tmpdir=/tmp

Activating conda environment: .snakemake/conda/7d2a9a960272ad397501c4b58bba0869_

[Tue Sep 20 19:12:21 2022]
rule sequence_select:
    input: /home/AD.UCSD.EDU/ttl074/wga/genomes_top40/GCA_020745705.1.fa
    output: test/samples/GCA_020745705.1_temp.fa
    jobid: 12
    reason: Missing output files: test/samples/GCA_020745705.1_temp.fa
    wildcards: sample=GCA_020745705.1
    resources: tmpdir=/tmp

Activating conda environment: .snakemake/conda/7d2a9a960272ad397501c4b58bba0869_

[Tue Sep 20 19:12:21 2022]
rule sequence_select:
    input: /home/AD.UCSD.EDU/ttl074/wga/genomes_top40/GCA_008658365.1.fa
    output: test/samples/GCA_008658365.1_temp.fa
    jobid: 42
    reason: Missing output files: test/samples/GCA_008658365.1_temp.fa
    wildcards: sample=GCA_008658365.1
    resources: tmpdir=/tmp

Activating conda environment: .snakemake/conda/7d2a9a960272ad397501c4b58bba0869_

[Tue Sep 20 19:12:21 2022]
rule sequence_select:
    input: /home/AD.UCSD.EDU/ttl074/wga/genomes_top40/GCA_020746105.1.fa
    output: test/samples/GCA_020746105.1_temp.fa
    jobid: 20
    reason: Missing output files: test/samples/GCA_020746105.1_temp.fa
    wildcards: sample=GCA_020746105.1
    resources: tmpdir=/tmp

Activating conda environment: .snakemake/conda/7d2a9a960272ad397501c4b58bba0869_

[Tue Sep 20 19:12:21 2022]
rule sequence_select:
    input: /home/AD.UCSD.EDU/ttl074/wga/genomes_top40/GCF_016700215.2.fa
    output: test/samples/GCF_016700215.2_temp.fa
    jobid: 35
    reason: Missing output files: test/samples/GCF_016700215.2_temp.fa
    wildcards: sample=GCF_016700215.2
    resources: tmpdir=/tmp

Activating conda environment: .snakemake/conda/7d2a9a960272ad397501c4b58bba0869_

[Tue Sep 20 19:12:21 2022]
rule sequence_select:
    input: /home/AD.UCSD.EDU/ttl074/wga/genomes_top40/GCA_009819825.1.fa
    output: test/samples/GCA_009819825.1_temp.fa
    jobid: 28
    reason: Missing output files: test/samples/GCA_009819825.1_temp.fa
    wildcards: sample=GCA_009819825.1
    resources: tmpdir=/tmp

Activating conda environment: .snakemake/conda/7d2a9a960272ad397501c4b58bba0869_

[Tue Sep 20 19:12:21 2022]
rule sequence_select:
    input: /home/AD.UCSD.EDU/ttl074/wga/genomes_top40/GCA_009819775.1.fa
    output: test/samples/GCA_009819775.1_temp.fa
    jobid: 13
    reason: Missing output files: test/samples/GCA_009819775.1_temp.fa
    wildcards: sample=GCA_009819775.1
    resources: tmpdir=/tmp

Activating conda environment: .snakemake/conda/7d2a9a960272ad397501c4b58bba0869_

[Tue Sep 20 19:12:21 2022]
rule sequence_select:
    input: /home/AD.UCSD.EDU/ttl074/wga/genomes_top40/GCF_000002315.6.fa
    output: test/samples/GCF_000002315.6_temp.fa
    jobid: 43
    reason: Missing output files: test/samples/GCF_000002315.6_temp.fa
    wildcards: sample=GCF_000002315.6
    resources: tmpdir=/tmp

Activating conda environment: .snakemake/conda/7d2a9a960272ad397501c4b58bba0869_

[Tue Sep 20 19:12:21 2022]
rule sequence_select:
    input: /home/AD.UCSD.EDU/ttl074/wga/genomes_top40/GCF_009829145.1.fa
    output: test/samples/GCF_009829145.1_temp.fa
    jobid: 21
    reason: Missing output files: test/samples/GCF_009829145.1_temp.fa
    wildcards: sample=GCF_009829145.1
    resources: tmpdir=/tmp

Activating conda environment: .snakemake/conda/7d2a9a960272ad397501c4b58bba0869_

[Tue Sep 20 19:12:21 2022]
rule sequence_select:
    input: /home/AD.UCSD.EDU/ttl074/wga/genomes_top40/GCA_013407035.1.fa
    output: test/samples/GCA_013407035.1_temp.fa
    jobid: 36
    reason: Missing output files: test/samples/GCA_013407035.1_temp.fa
    wildcards: sample=GCA_013407035.1
    resources: tmpdir=/tmp

Activating conda environment: .snakemake/conda/7d2a9a960272ad397501c4b58bba0869_

[Tue Sep 20 19:12:21 2022]
rule sequence_select:
    input: /home/AD.UCSD.EDU/ttl074/wga/genomes_top40/GCA_020745775.1.fa
    output: test/samples/GCA_020745775.1_temp.fa
    jobid: 29
    reason: Missing output files: test/samples/GCA_020745775.1_temp.fa
    wildcards: sample=GCA_020745775.1
    resources: tmpdir=/tmp

Activating conda environment: .snakemake/conda/7d2a9a960272ad397501c4b58bba0869_

[Tue Sep 20 19:12:21 2022]
rule sequence_select:
    input: /home/AD.UCSD.EDU/ttl074/wga/genomes_top40/GCF_012275295.1.fa
    output: test/samples/GCF_012275295.1_temp.fa
    jobid: 14
    reason: Missing output files: test/samples/GCF_012275295.1_temp.fa
    wildcards: sample=GCF_012275295.1
    resources: tmpdir=/tmp

Activating conda environment: .snakemake/conda/7d2a9a960272ad397501c4b58bba0869_

[Tue Sep 20 19:12:21 2022]
rule sequence_select:
    input: /home/AD.UCSD.EDU/ttl074/wga/genomes_top40/GCA_016904835.1.fa
    output: test/samples/GCA_016904835.1_temp.fa
    jobid: 44
    reason: Missing output files: test/samples/GCA_016904835.1_temp.fa
    wildcards: sample=GCA_016904835.1
    resources: tmpdir=/tmp

Activating conda environment: .snakemake/conda/7d2a9a960272ad397501c4b58bba0869_

[Tue Sep 20 19:12:21 2022]
rule sequence_select:
    input: /home/AD.UCSD.EDU/ttl074/wga/genomes_top40/GCA_017639485.1.fa
    output: test/samples/GCA_017639485.1_temp.fa
    jobid: 22
    reason: Missing output files: test/samples/GCA_017639485.1_temp.fa
    wildcards: sample=GCA_017639485.1
    resources: tmpdir=/tmp

Activating conda environment: .snakemake/conda/7d2a9a960272ad397501c4b58bba0869_

[Tue Sep 20 19:12:21 2022]
rule sequence_select:
    input: /home/AD.UCSD.EDU/ttl074/wga/genomes_top40/GCA_902806625.1.fa
    output: test/samples/GCA_902806625.1_temp.fa
    jobid: 37
    reason: Missing output files: test/samples/GCA_902806625.1_temp.fa
    wildcards: sample=GCA_902806625.1
    resources: tmpdir=/tmp

Activating conda environment: .snakemake/conda/7d2a9a960272ad397501c4b58bba0869_
[Tue Sep 20 19:12:21 2022]
Error in rule sequence_select:
    jobid: 45
    output: test/samples/GCF_020740725.1_temp.fa
    conda-env: /home/AD.UCSD.EDU/ttl074/wga/wga-phylo/.snakemake/conda/7d2a9a960272ad397501c4b58bba0869_
    shell:
        python ../scripts/sampling.py --input /home/AD.UCSD.EDU/ttl074/wga/genomes_top40/GCF_020740725.1.fa -s 274 -t 0.7 -e 287 -l 1000 --output test/samples/GCF_020740725.1_temp.fa
        (one of the commands exited with non-zero exit code; note that snakemake uses bash strict mode!)

[Tue Sep 20 19:12:21 2022]
Error in rule sequence_select:
    jobid: 15
    output: test/samples/GCA_020801775.1_temp.fa
    conda-env: /home/AD.UCSD.EDU/ttl074/wga/wga-phylo/.snakemake/conda/7d2a9a960272ad397501c4b58bba0869_
    shell:
        python ../scripts/sampling.py --input /home/AD.UCSD.EDU/ttl074/wga/genomes_top40/GCA_020801775.1.fa -s 43 -t 0.7 -e 54 -l 1000 --output test/samples/GCA_020801775.1_temp.fa
        (one of the commands exited with non-zero exit code; note that snakemake uses bash strict mode!)

[Tue Sep 20 19:12:21 2022]
Error in rule sequence_select:
    jobid: 38
    output: test/samples/GCA_016128335.1_temp.fa
    conda-env: /home/AD.UCSD.EDU/ttl074/wga/wga-phylo/.snakemake/conda/7d2a9a960272ad397501c4b58bba0869_
    shell:
        python ../scripts/sampling.py --input /home/AD.UCSD.EDU/ttl074/wga/genomes_top40/GCA_016128335.1.fa -s 216 -t 0.7 -e 226 -l 1000 --output test/samples/GCA_016128335.1_temp.fa
        (one of the commands exited with non-zero exit code; note that snakemake uses bash strict mode!)

[Tue Sep 20 19:12:21 2022]
Error in rule sequence_select:
    jobid: 30
    output: test/samples/GCF_018691265.1_temp.fa
    conda-env: /home/AD.UCSD.EDU/ttl074/wga/wga-phylo/.snakemake/conda/7d2a9a960272ad397501c4b58bba0869_
    shell:
        python ../scripts/sampling.py --input /home/AD.UCSD.EDU/ttl074/wga/genomes_top40/GCF_018691265.1.fa -s 159 -t 0.7 -e 166 -l 1000 --output test/samples/GCF_018691265.1_temp.fa
        (one of the commands exited with non-zero exit code; note that snakemake uses bash strict mode!)

[Tue Sep 20 19:12:21 2022]
Error in rule sequence_select:
    jobid: 32
    output: test/samples/GCA_014839835.1_temp.fa
    conda-env: /home/AD.UCSD.EDU/ttl074/wga/wga-phylo/.snakemake/conda/7d2a9a960272ad397501c4b58bba0869_
    shell:
        python ../scripts/sampling.py --input /home/AD.UCSD.EDU/ttl074/wga/genomes_top40/GCA_014839835.1.fa -s 172 -t 0.7 -e 180 -l 1000 --output test/samples/GCA_014839835.1_temp.fa
        (one of the commands exited with non-zero exit code; note that snakemake uses bash strict mode!)

[Tue Sep 20 19:12:21 2022]
Error in rule sequence_select:
    jobid: 31
    output: test/samples/GCF_017639655.2_temp.fa
    conda-env: /home/AD.UCSD.EDU/ttl074/wga/wga-phylo/.snakemake/conda/7d2a9a960272ad397501c4b58bba0869_
    shell:
        python ../scripts/sampling.py --input /home/AD.UCSD.EDU/ttl074/wga/genomes_top40/GCF_017639655.2.fa -s 166 -t 0.7 -e 172 -l 1000 --output test/samples/GCF_017639655.2_temp.fa
        (one of the commands exited with non-zero exit code; note that snakemake uses bash strict mode!)

[Tue Sep 20 19:12:21 2022]
Error in rule sequence_select:
    jobid: 39
    output: test/samples/GCF_900496995.4_temp.fa
    conda-env: /home/AD.UCSD.EDU/ttl074/wga/wga-phylo/.snakemake/conda/7d2a9a960272ad397501c4b58bba0869_
    shell:
        python ../scripts/sampling.py --input /home/AD.UCSD.EDU/ttl074/wga/genomes_top40/GCF_900496995.4.fa -s 226 -t 0.7 -e 235 -l 1000 --output test/samples/GCF_900496995.4_temp.fa
        (one of the commands exited with non-zero exit code; note that snakemake uses bash strict mode!)

[Tue Sep 20 19:12:21 2022]
Error in rule sequence_select:
    jobid: 25
    output: test/samples/GCA_017976375.1_temp.fa
    conda-env: /home/AD.UCSD.EDU/ttl074/wga/wga-phylo/.snakemake/conda/7d2a9a960272ad397501c4b58bba0869_
    shell:
        python ../scripts/sampling.py --input /home/AD.UCSD.EDU/ttl074/wga/genomes_top40/GCA_017976375.1.fa -s 113 -t 0.7 -e 126 -l 1000 --output test/samples/GCA_017976375.1_temp.fa
        (one of the commands exited with non-zero exit code; note that snakemake uses bash strict mode!)

[Tue Sep 20 19:12:21 2022]
Error in rule sequence_select:
    jobid: 14
    output: test/samples/GCF_012275295.1_temp.fa
    conda-env: /home/AD.UCSD.EDU/ttl074/wga/wga-phylo/.snakemake/conda/7d2a9a960272ad397501c4b58bba0869_
    shell:
        python ../scripts/sampling.py --input /home/AD.UCSD.EDU/ttl074/wga/genomes_top40/GCF_012275295.1.fa -s 37 -t 0.7 -e 43 -l 1000 --output test/samples/GCF_012275295.1_temp.fa
        (one of the commands exited with non-zero exit code; note that snakemake uses bash strict mode!)

[Tue Sep 20 19:12:21 2022]
Error in rule sequence_select:
    jobid: 23
    output: test/samples/GCA_907165065.1_temp.fa
    conda-env: /home/AD.UCSD.EDU/ttl074/wga/wga-phylo/.snakemake/conda/7d2a9a960272ad397501c4b58bba0869_
    shell:
        python ../scripts/sampling.py --input /home/AD.UCSD.EDU/ttl074/wga/genomes_top40/GCA_907165065.1.fa -s 100 -t 0.7 -e 106 -l 1000 --output test/samples/GCA_907165065.1_temp.fa
        (one of the commands exited with non-zero exit code; note that snakemake uses bash strict mode!)

[Tue Sep 20 19:12:21 2022]
Error in rule sequence_select:
    jobid: 28
    output: test/samples/GCA_009819825.1_temp.fa
    conda-env: /home/AD.UCSD.EDU/ttl074/wga/wga-phylo/.snakemake/conda/7d2a9a960272ad397501c4b58bba0869_
    shell:
        python ../scripts/sampling.py --input /home/AD.UCSD.EDU/ttl074/wga/genomes_top40/GCA_009819825.1.fa -s 144 -t 0.7 -e 148 -l 1000 --output test/samples/GCA_009819825.1_temp.fa
        (one of the commands exited with non-zero exit code; note that snakemake uses bash strict mode!)

[Tue Sep 20 19:12:21 2022]
Error in rule sequence_select:
    jobid: 20
    output: test/samples/GCA_020746105.1_temp.fa
    conda-env: /home/AD.UCSD.EDU/ttl074/wga/wga-phylo/.snakemake/conda/7d2a9a960272ad397501c4b58bba0869_
    shell:
        python ../scripts/sampling.py --input /home/AD.UCSD.EDU/ttl074/wga/genomes_top40/GCA_020746105.1.fa -s 87 -t 0.7 -e 88 -l 1000 --output test/samples/GCA_020746105.1_temp.fa
        (one of the commands exited with non-zero exit code; note that snakemake uses bash strict mode!)

[Tue Sep 20 19:12:21 2022]
Error in rule sequence_select:
    jobid: 43
    output: test/samples/GCF_000002315.6_temp.fa
    conda-env: /home/AD.UCSD.EDU/ttl074/wga/wga-phylo/.snakemake/conda/7d2a9a960272ad397501c4b58bba0869_
    shell:
        python ../scripts/sampling.py --input /home/AD.UCSD.EDU/ttl074/wga/genomes_top40/GCF_000002315.6.fa -s 258 -t 0.7 -e 269 -l 1000 --output test/samples/GCF_000002315.6_temp.fa
        (one of the commands exited with non-zero exit code; note that snakemake uses bash strict mode!)

[Tue Sep 20 19:12:21 2022]
Error in rule sequence_select:
    jobid: 42
    output: test/samples/GCA_008658365.1_temp.fa
    conda-env: /home/AD.UCSD.EDU/ttl074/wga/wga-phylo/.snakemake/conda/7d2a9a960272ad397501c4b58bba0869_
    shell:
        python ../scripts/sampling.py --input /home/AD.UCSD.EDU/ttl074/wga/genomes_top40/GCA_008658365.1.fa -s 253 -t 0.7 -e 258 -l 1000 --output test/samples/GCA_008658365.1_temp.fa
        (one of the commands exited with non-zero exit code; note that snakemake uses bash strict mode!)

[Tue Sep 20 19:12:21 2022]
Error in rule sequence_select:
    jobid: 8
    output: test/samples/GCA_017639555.1_temp.fa
    conda-env: /home/AD.UCSD.EDU/ttl074/wga/wga-phylo/.snakemake/conda/7d2a9a960272ad397501c4b58bba0869_
    shell:
        python ../scripts/sampling.py --input /home/AD.UCSD.EDU/ttl074/wga/genomes_top40/GCA_017639555.1.fa -s 1 -t 0.7 -e 9 -l 1000 --output test/samples/GCA_017639555.1_temp.fa
        (one of the commands exited with non-zero exit code; note that snakemake uses bash strict mode!)

[Tue Sep 20 19:12:21 2022]
Error in rule sequence_select:
    jobid: 21
    output: test/samples/GCF_009829145.1_temp.fa
    conda-env: /home/AD.UCSD.EDU/ttl074/wga/wga-phylo/.snakemake/conda/7d2a9a960272ad397501c4b58bba0869_
    shell:
        python ../scripts/sampling.py --input /home/AD.UCSD.EDU/ttl074/wga/genomes_top40/GCF_009829145.1.fa -s 88 -t 0.7 -e 92 -l 1000 --output test/samples/GCF_009829145.1_temp.fa
        (one of the commands exited with non-zero exit code; note that snakemake uses bash strict mode!)

[Tue Sep 20 19:12:21 2022]
Error in rule sequence_select:
    jobid: 27
    output: test/samples/GCA_015220805.1_temp.fa
    conda-env: /home/AD.UCSD.EDU/ttl074/wga/wga-phylo/.snakemake/conda/7d2a9a960272ad397501c4b58bba0869_
    shell:
        python ../scripts/sampling.py --input /home/AD.UCSD.EDU/ttl074/wga/genomes_top40/GCA_015220805.1.fa -s 134 -t 0.7 -e 144 -l 1000 --output test/samples/GCA_015220805.1_temp.fa
        (one of the commands exited with non-zero exit code; note that snakemake uses bash strict mode!)

[Tue Sep 20 19:12:21 2022]
Error in rule sequence_select:
    jobid: 46
    output: test/samples/GCF_901933205.1_temp.fa
    conda-env: /home/AD.UCSD.EDU/ttl074/wga/wga-phylo/.snakemake/conda/7d2a9a960272ad397501c4b58bba0869_
    shell:
        python ../scripts/sampling.py --input /home/AD.UCSD.EDU/ttl074/wga/genomes_top40/GCF_901933205.1.fa -s 287 -t 0.7 -e 292 -l 1000 --output test/samples/GCF_901933205.1_temp.fa
        (one of the commands exited with non-zero exit code; note that snakemake uses bash strict mode!)

[Tue Sep 20 19:12:21 2022]
Error in rule sequence_select:
    jobid: 47
    output: test/samples/GCA_012275265.1_temp.fa
    conda-env: /home/AD.UCSD.EDU/ttl074/wga/wga-phylo/.snakemake/conda/7d2a9a960272ad397501c4b58bba0869_
    shell:
        python ../scripts/sampling.py --input /home/AD.UCSD.EDU/ttl074/wga/genomes_top40/GCA_012275265.1.fa -s 292 -t 0.7 -e 301 -l 1000 --output test/samples/GCA_012275265.1_temp.fa
        (one of the commands exited with non-zero exit code; note that snakemake uses bash strict mode!)

[Tue Sep 20 19:12:21 2022]
Error in rule sequence_select:
    jobid: 44
    output: test/samples/GCA_016904835.1_temp.fa
    conda-env: /home/AD.UCSD.EDU/ttl074/wga/wga-phylo/.snakemake/conda/7d2a9a960272ad397501c4b58bba0869_
    shell:
        python ../scripts/sampling.py --input /home/AD.UCSD.EDU/ttl074/wga/genomes_top40/GCA_016904835.1.fa -s 269 -t 0.7 -e 274 -l 1000 --output test/samples/GCA_016904835.1_temp.fa
        (one of the commands exited with non-zero exit code; note that snakemake uses bash strict mode!)

[Tue Sep 20 19:12:21 2022]
Error in rule sequence_select:
    jobid: 17
    output: test/samples/GCF_009819795.1_temp.fa
    conda-env: /home/AD.UCSD.EDU/ttl074/wga/wga-phylo/.snakemake/conda/7d2a9a960272ad397501c4b58bba0869_
    shell:
        python ../scripts/sampling.py --input /home/AD.UCSD.EDU/ttl074/wga/genomes_top40/GCF_009819795.1.fa -s 62 -t 0.7 -e 71 -l 1000 --output test/samples/GCF_009819795.1_temp.fa
        (one of the commands exited with non-zero exit code; note that snakemake uses bash strict mode!)

[Tue Sep 20 19:12:21 2022]
Error in rule sequence_select:
    jobid: 16
    output: test/samples/GCA_018139145.1_temp.fa
    conda-env: /home/AD.UCSD.EDU/ttl074/wga/wga-phylo/.snakemake/conda/7d2a9a960272ad397501c4b58bba0869_
    shell:
        python ../scripts/sampling.py --input /home/AD.UCSD.EDU/ttl074/wga/genomes_top40/GCA_018139145.1.fa -s 54 -t 0.7 -e 62 -l 1000 --output test/samples/GCA_018139145.1_temp.fa
        (one of the commands exited with non-zero exit code; note that snakemake uses bash strict mode!)

[Tue Sep 20 19:12:21 2022]
Error in rule sequence_select:
    jobid: 40
    output: test/samples/GCA_020800305.1_temp.fa
    conda-env: /home/AD.UCSD.EDU/ttl074/wga/wga-phylo/.snakemake/conda/7d2a9a960272ad397501c4b58bba0869_
    shell:
        python ../scripts/sampling.py --input /home/AD.UCSD.EDU/ttl074/wga/genomes_top40/GCA_020800305.1.fa -s 235 -t 0.7 -e 243 -l 1000 --output test/samples/GCA_020800305.1_temp.fa
        (one of the commands exited with non-zero exit code; note that snakemake uses bash strict mode!)

[Tue Sep 20 19:12:21 2022]
Error in rule sequence_select:
    jobid: 11
    output: test/samples/GCA_017639245.1_temp.fa
    conda-env: /home/AD.UCSD.EDU/ttl074/wga/wga-phylo/.snakemake/conda/7d2a9a960272ad397501c4b58bba0869_
    shell:
        python ../scripts/sampling.py --input /home/AD.UCSD.EDU/ttl074/wga/genomes_top40/GCA_017639245.1.fa -s 21 -t 0.7 -e 25 -l 1000 --output test/samples/GCA_017639245.1_temp.fa
        (one of the commands exited with non-zero exit code; note that snakemake uses bash strict mode!)

[Tue Sep 20 19:12:21 2022]
Error in rule sequence_select:
    jobid: 26
    output: test/samples/GCA_014839755.1_temp.fa
    conda-env: /home/AD.UCSD.EDU/ttl074/wga/wga-phylo/.snakemake/conda/7d2a9a960272ad397501c4b58bba0869_
    shell:
        python ../scripts/sampling.py --input /home/AD.UCSD.EDU/ttl074/wga/genomes_top40/GCA_014839755.1.fa -s 126 -t 0.7 -e 134 -l 1000 --output test/samples/GCA_014839755.1_temp.fa
        (one of the commands exited with non-zero exit code; note that snakemake uses bash strict mode!)

[Tue Sep 20 19:12:21 2022]
Error in rule sequence_select:
    jobid: 9
    output: test/samples/GCA_013368605.1_temp.fa
    conda-env: /home/AD.UCSD.EDU/ttl074/wga/wga-phylo/.snakemake/conda/7d2a9a960272ad397501c4b58bba0869_
    shell:
        python ../scripts/sampling.py --input /home/AD.UCSD.EDU/ttl074/wga/genomes_top40/GCA_013368605.1.fa -s 9 -t 0.7 -e 16 -l 1000 --output test/samples/GCA_013368605.1_temp.fa
        (one of the commands exited with non-zero exit code; note that snakemake uses bash strict mode!)

[Tue Sep 20 19:12:21 2022]
Error in rule sequence_select:
    jobid: 18
    output: test/samples/GCA_009819605.1_temp.fa
    conda-env: /home/AD.UCSD.EDU/ttl074/wga/wga-phylo/.snakemake/conda/7d2a9a960272ad397501c4b58bba0869_
    shell:
        python ../scripts/sampling.py --input /home/AD.UCSD.EDU/ttl074/wga/genomes_top40/GCA_009819605.1.fa -s 71 -t 0.7 -e 81 -l 1000 --output test/samples/GCA_009819605.1_temp.fa
        (one of the commands exited with non-zero exit code; note that snakemake uses bash strict mode!)

[Tue Sep 20 19:12:21 2022]
Error in rule sequence_select:
    jobid: 10
    output: test/samples/GCF_015220075.1_temp.fa
    conda-env: /home/AD.UCSD.EDU/ttl074/wga/wga-phylo/.snakemake/conda/7d2a9a960272ad397501c4b58bba0869_
    shell:
        python ../scripts/sampling.py --input /home/AD.UCSD.EDU/ttl074/wga/genomes_top40/GCF_015220075.1.fa -s 16 -t 0.7 -e 21 -l 1000 --output test/samples/GCF_015220075.1_temp.fa
        (one of the commands exited with non-zero exit code; note that snakemake uses bash strict mode!)

[Tue Sep 20 19:12:21 2022]
Error in rule sequence_select:
    jobid: 24
    output: test/samples/GCA_011004875.1_temp.fa
    conda-env: /home/AD.UCSD.EDU/ttl074/wga/wga-phylo/.snakemake/conda/7d2a9a960272ad397501c4b58bba0869_
    shell:
        python ../scripts/sampling.py --input /home/AD.UCSD.EDU/ttl074/wga/genomes_top40/GCA_011004875.1.fa -s 106 -t 0.7 -e 113 -l 1000 --output test/samples/GCA_011004875.1_temp.fa
        (one of the commands exited with non-zero exit code; note that snakemake uses bash strict mode!)

[Tue Sep 20 19:12:21 2022]
Error in rule sequence_select:
    jobid: 19
    output: test/samples/GCF_003957555.1_temp.fa
    conda-env: /home/AD.UCSD.EDU/ttl074/wga/wga-phylo/.snakemake/conda/7d2a9a960272ad397501c4b58bba0869_
    shell:
        python ../scripts/sampling.py --input /home/AD.UCSD.EDU/ttl074/wga/genomes_top40/GCF_003957555.1.fa -s 81 -t 0.7 -e 87 -l 1000 --output test/samples/GCF_003957555.1_temp.fa
        (one of the commands exited with non-zero exit code; note that snakemake uses bash strict mode!)

[Tue Sep 20 19:12:21 2022]
Error in rule sequence_select:
    jobid: 41
    output: test/samples/GCA_020740795.1_temp.fa
    conda-env: /home/AD.UCSD.EDU/ttl074/wga/wga-phylo/.snakemake/conda/7d2a9a960272ad397501c4b58bba0869_
    shell:
        python ../scripts/sampling.py --input /home/AD.UCSD.EDU/ttl074/wga/genomes_top40/GCA_020740795.1.fa -s 243 -t 0.7 -e 253 -l 1000 --output test/samples/GCA_020740795.1_temp.fa
        (one of the commands exited with non-zero exit code; note that snakemake uses bash strict mode!)

[Tue Sep 20 19:12:21 2022]
Error in rule sequence_select:
    jobid: 34
    output: test/samples/GCF_016699485.2_temp.fa
    conda-env: /home/AD.UCSD.EDU/ttl074/wga/wga-phylo/.snakemake/conda/7d2a9a960272ad397501c4b58bba0869_
    shell:
        python ../scripts/sampling.py --input /home/AD.UCSD.EDU/ttl074/wga/genomes_top40/GCF_016699485.2.fa -s 188 -t 0.7 -e 193 -l 1000 --output test/samples/GCF_016699485.2_temp.fa
        (one of the commands exited with non-zero exit code; note that snakemake uses bash strict mode!)

[Tue Sep 20 19:12:21 2022]
Error in rule sequence_select:
    jobid: 33
    output: test/samples/GCA_905368555.1_temp.fa
    conda-env: /home/AD.UCSD.EDU/ttl074/wga/wga-phylo/.snakemake/conda/7d2a9a960272ad397501c4b58bba0869_
    shell:
        python ../scripts/sampling.py --input /home/AD.UCSD.EDU/ttl074/wga/genomes_top40/GCA_905368555.1.fa -s 180 -t 0.7 -e 188 -l 1000 --output test/samples/GCA_905368555.1_temp.fa
        (one of the commands exited with non-zero exit code; note that snakemake uses bash strict mode!)

[Tue Sep 20 19:12:21 2022]
Error in rule sequence_select:
    jobid: 12
    output: test/samples/GCA_020745705.1_temp.fa
    conda-env: /home/AD.UCSD.EDU/ttl074/wga/wga-phylo/.snakemake/conda/7d2a9a960272ad397501c4b58bba0869_
    shell:
        python ../scripts/sampling.py --input /home/AD.UCSD.EDU/ttl074/wga/genomes_top40/GCA_020745705.1.fa -s 25 -t 0.7 -e 31 -l 1000 --output test/samples/GCA_020745705.1_temp.fa
        (one of the commands exited with non-zero exit code; note that snakemake uses bash strict mode!)

[Tue Sep 20 19:12:21 2022]
Error in rule sequence_select:
    jobid: 13
    output: test/samples/GCA_009819775.1_temp.fa
    conda-env: /home/AD.UCSD.EDU/ttl074/wga/wga-phylo/.snakemake/conda/7d2a9a960272ad397501c4b58bba0869_
    shell:
        python ../scripts/sampling.py --input /home/AD.UCSD.EDU/ttl074/wga/genomes_top40/GCA_009819775.1.fa -s 31 -t 0.7 -e 37 -l 1000 --output test/samples/GCA_009819775.1_temp.fa
        (one of the commands exited with non-zero exit code; note that snakemake uses bash strict mode!)

[Tue Sep 20 19:12:21 2022]
Error in rule sequence_select:
    jobid: 35
    output: test/samples/GCF_016700215.2_temp.fa
    conda-env: /home/AD.UCSD.EDU/ttl074/wga/wga-phylo/.snakemake/conda/7d2a9a960272ad397501c4b58bba0869_
    shell:
        python ../scripts/sampling.py --input /home/AD.UCSD.EDU/ttl074/wga/genomes_top40/GCF_016700215.2.fa -s 193 -t 0.7 -e 199 -l 1000 --output test/samples/GCF_016700215.2_temp.fa
        (one of the commands exited with non-zero exit code; note that snakemake uses bash strict mode!)

[Tue Sep 20 19:12:21 2022]
Error in rule sequence_select:
    jobid: 37
    output: test/samples/GCA_902806625.1_temp.fa
    conda-env: /home/AD.UCSD.EDU/ttl074/wga/wga-phylo/.snakemake/conda/7d2a9a960272ad397501c4b58bba0869_
    shell:
        python ../scripts/sampling.py --input /home/AD.UCSD.EDU/ttl074/wga/genomes_top40/GCA_902806625.1.fa -s 209 -t 0.7 -e 216 -l 1000 --output test/samples/GCA_902806625.1_temp.fa
        (one of the commands exited with non-zero exit code; note that snakemake uses bash strict mode!)

[Tue Sep 20 19:12:21 2022]
Error in rule sequence_select:
    jobid: 22
    output: test/samples/GCA_017639485.1_temp.fa
    conda-env: /home/AD.UCSD.EDU/ttl074/wga/wga-phylo/.snakemake/conda/7d2a9a960272ad397501c4b58bba0869_
    shell:
        python ../scripts/sampling.py --input /home/AD.UCSD.EDU/ttl074/wga/genomes_top40/GCA_017639485.1.fa -s 92 -t 0.7 -e 100 -l 1000 --output test/samples/GCA_017639485.1_temp.fa
        (one of the commands exited with non-zero exit code; note that snakemake uses bash strict mode!)

[Tue Sep 20 19:12:21 2022]
Error in rule sequence_select:
    jobid: 36
    output: test/samples/GCA_013407035.1_temp.fa
    conda-env: /home/AD.UCSD.EDU/ttl074/wga/wga-phylo/.snakemake/conda/7d2a9a960272ad397501c4b58bba0869_
    shell:
        python ../scripts/sampling.py --input /home/AD.UCSD.EDU/ttl074/wga/genomes_top40/GCA_013407035.1.fa -s 199 -t 0.7 -e 209 -l 1000 --output test/samples/GCA_013407035.1_temp.fa
        (one of the commands exited with non-zero exit code; note that snakemake uses bash strict mode!)

[Tue Sep 20 19:12:21 2022]
Error in rule sequence_select:
    jobid: 29
    output: test/samples/GCA_020745775.1_temp.fa
    conda-env: /home/AD.UCSD.EDU/ttl074/wga/wga-phylo/.snakemake/conda/7d2a9a960272ad397501c4b58bba0869_
    shell:
        python ../scripts/sampling.py --input /home/AD.UCSD.EDU/ttl074/wga/genomes_top40/GCA_020745775.1.fa -s 148 -t 0.7 -e 159 -l 1000 --output test/samples/GCA_020745775.1_temp.fa
        (one of the commands exited with non-zero exit code; note that snakemake uses bash strict mode!)

Shutting down, this might take some time.
Exiting because a job execution failed. Look above for error message
Complete log: .snakemake/log/2022-09-20T191218.877477.snakemake.log
