Building DAG of jobs...
Using shell: /usr/bin/bash
Provided cores: 32
Rules claiming more threads will be scaled down.
Conda environments: ignored
Job stats:
job                count    min threads    max threads
---------------  -------  -------------  -------------
all                    1              1              1
astral                 1              1              1
iqtree               300              1              1
lastz                 40              1              1
lastz2fasta            1              1              1
mafft                300              1              1
mergeTrees             1              1              1
sequence_merge         1              1              1
sequence_select       40              1              1
total                685              1              1

Select jobs to execute...

[Mon Sep 19 22:47:23 2022]
rule sequence_select:
    input: /home/AD.UCSD.EDU/ttl074/wga/genomes_top40/GCA_020801775.1.fa
    output: test/samples/GCA_020801775.1_temp.fa
    jobid: 15
    reason: Missing output files: test/samples/GCA_020801775.1_temp.fa; Params have changed since last execution
    wildcards: sample=GCA_020801775.1
    resources: tmpdir=/tmp


[Mon Sep 19 22:47:23 2022]
rule sequence_select:
    input: /home/AD.UCSD.EDU/ttl074/wga/genomes_top40/GCF_020740725.1.fa
    output: test/samples/GCF_020740725.1_temp.fa
    jobid: 45
    reason: Missing output files: test/samples/GCF_020740725.1_temp.fa; Params have changed since last execution
    wildcards: sample=GCF_020740725.1
    resources: tmpdir=/tmp


[Mon Sep 19 22:47:23 2022]
rule sequence_select:
    input: /home/AD.UCSD.EDU/ttl074/wga/genomes_top40/GCA_907165065.1.fa
    output: test/samples/GCA_907165065.1_temp.fa
    jobid: 23
    reason: Missing output files: test/samples/GCA_907165065.1_temp.fa; Params have changed since last execution
    wildcards: sample=GCA_907165065.1
    resources: tmpdir=/tmp


[Mon Sep 19 22:47:23 2022]
rule sequence_select:
    input: /home/AD.UCSD.EDU/ttl074/wga/genomes_top40/GCA_017639555.1.fa
    output: test/samples/GCA_017639555.1_temp.fa
    jobid: 8
    reason: Missing output files: test/samples/GCA_017639555.1_temp.fa; Params have changed since last execution
    wildcards: sample=GCA_017639555.1
    resources: tmpdir=/tmp


[Mon Sep 19 22:47:23 2022]
rule sequence_select:
    input: /home/AD.UCSD.EDU/ttl074/wga/genomes_top40/GCA_016128335.1.fa
    output: test/samples/GCA_016128335.1_temp.fa
    jobid: 38
    reason: Missing output files: test/samples/GCA_016128335.1_temp.fa; Params have changed since last execution
    wildcards: sample=GCA_016128335.1
    resources: tmpdir=/tmp


[Mon Sep 19 22:47:23 2022]
rule sequence_select:
    input: /home/AD.UCSD.EDU/ttl074/wga/genomes_top40/GCA_018139145.1.fa
    output: test/samples/GCA_018139145.1_temp.fa
    jobid: 16
    reason: Missing output files: test/samples/GCA_018139145.1_temp.fa; Params have changed since last execution
    wildcards: sample=GCA_018139145.1
    resources: tmpdir=/tmp


[Mon Sep 19 22:47:23 2022]
rule sequence_select:
    input: /home/AD.UCSD.EDU/ttl074/wga/genomes_top40/GCF_901933205.1.fa
    output: test/samples/GCF_901933205.1_temp.fa
    jobid: 46
    reason: Missing output files: test/samples/GCF_901933205.1_temp.fa; Params have changed since last execution
    wildcards: sample=GCF_901933205.1
    resources: tmpdir=/tmp


[Mon Sep 19 22:47:23 2022]
rule sequence_select:
    input: /home/AD.UCSD.EDU/ttl074/wga/genomes_top40/GCF_017639655.2.fa
    output: test/samples/GCF_017639655.2_temp.fa
    jobid: 31
    reason: Missing output files: test/samples/GCF_017639655.2_temp.fa; Params have changed since last execution
    wildcards: sample=GCF_017639655.2
    resources: tmpdir=/tmp


[Mon Sep 19 22:47:23 2022]
rule sequence_select:
    input: /home/AD.UCSD.EDU/ttl074/wga/genomes_top40/GCA_011004875.1.fa
    output: test/samples/GCA_011004875.1_temp.fa
    jobid: 24
    reason: Missing output files: test/samples/GCA_011004875.1_temp.fa; Params have changed since last execution
    wildcards: sample=GCA_011004875.1
    resources: tmpdir=/tmp


[Mon Sep 19 22:47:23 2022]
rule sequence_select:
    input: /home/AD.UCSD.EDU/ttl074/wga/genomes_top40/GCA_013368605.1.fa
    output: test/samples/GCA_013368605.1_temp.fa
    jobid: 9
    reason: Missing output files: test/samples/GCA_013368605.1_temp.fa; Params have changed since last execution
    wildcards: sample=GCA_013368605.1
    resources: tmpdir=/tmp


[Mon Sep 19 22:47:23 2022]
rule sequence_select:
    input: /home/AD.UCSD.EDU/ttl074/wga/genomes_top40/GCF_900496995.4.fa
    output: test/samples/GCF_900496995.4_temp.fa
    jobid: 39
    reason: Missing output files: test/samples/GCF_900496995.4_temp.fa; Params have changed since last execution
    wildcards: sample=GCF_900496995.4
    resources: tmpdir=/tmp


[Mon Sep 19 22:47:23 2022]
rule sequence_select:
    input: /home/AD.UCSD.EDU/ttl074/wga/genomes_top40/GCF_009819795.1.fa
    output: test/samples/GCF_009819795.1_temp.fa
    jobid: 17
    reason: Missing output files: test/samples/GCF_009819795.1_temp.fa; Params have changed since last execution
    wildcards: sample=GCF_009819795.1
    resources: tmpdir=/tmp


[Mon Sep 19 22:47:23 2022]
rule sequence_select:
    input: /home/AD.UCSD.EDU/ttl074/wga/genomes_top40/GCA_012275265.1.fa
    output: test/samples/GCA_012275265.1_temp.fa
    jobid: 47
    reason: Missing output files: test/samples/GCA_012275265.1_temp.fa; Params have changed since last execution
    wildcards: sample=GCA_012275265.1
    resources: tmpdir=/tmp


[Mon Sep 19 22:47:23 2022]
rule sequence_select:
    input: /home/AD.UCSD.EDU/ttl074/wga/genomes_top40/GCA_014839835.1.fa
    output: test/samples/GCA_014839835.1_temp.fa
    jobid: 32
    reason: Missing output files: test/samples/GCA_014839835.1_temp.fa; Params have changed since last execution
    wildcards: sample=GCA_014839835.1
    resources: tmpdir=/tmp


[Mon Sep 19 22:47:23 2022]
rule sequence_select:
    input: /home/AD.UCSD.EDU/ttl074/wga/genomes_top40/GCA_017976375.1.fa
    output: test/samples/GCA_017976375.1_temp.fa
    jobid: 25
    reason: Missing output files: test/samples/GCA_017976375.1_temp.fa; Params have changed since last execution
    wildcards: sample=GCA_017976375.1
    resources: tmpdir=/tmp


[Mon Sep 19 22:47:23 2022]
rule sequence_select:
    input: /home/AD.UCSD.EDU/ttl074/wga/genomes_top40/GCF_015220075.1.fa
    output: test/samples/GCF_015220075.1_temp.fa
    jobid: 10
    reason: Missing output files: test/samples/GCF_015220075.1_temp.fa; Params have changed since last execution
    wildcards: sample=GCF_015220075.1
    resources: tmpdir=/tmp


[Mon Sep 19 22:47:23 2022]
rule sequence_select:
    input: /home/AD.UCSD.EDU/ttl074/wga/genomes_top40/GCA_020800305.1.fa
    output: test/samples/GCA_020800305.1_temp.fa
    jobid: 40
    reason: Missing output files: test/samples/GCA_020800305.1_temp.fa; Params have changed since last execution
    wildcards: sample=GCA_020800305.1
    resources: tmpdir=/tmp


[Mon Sep 19 22:47:23 2022]
rule sequence_select:
    input: /home/AD.UCSD.EDU/ttl074/wga/genomes_top40/GCA_009819605.1.fa
    output: test/samples/GCA_009819605.1_temp.fa
    jobid: 18
    reason: Missing output files: test/samples/GCA_009819605.1_temp.fa; Params have changed since last execution
    wildcards: sample=GCA_009819605.1
    resources: tmpdir=/tmp


[Mon Sep 19 22:47:23 2022]
rule sequence_select:
    input: /home/AD.UCSD.EDU/ttl074/wga/genomes_top40/GCA_905368555.1.fa
    output: test/samples/GCA_905368555.1_temp.fa
    jobid: 33
    reason: Missing output files: test/samples/GCA_905368555.1_temp.fa; Params have changed since last execution
    wildcards: sample=GCA_905368555.1
    resources: tmpdir=/tmp


[Mon Sep 19 22:47:23 2022]
rule sequence_select:
    input: /home/AD.UCSD.EDU/ttl074/wga/genomes_top40/GCA_008658365.1.fa
    output: test/samples/GCA_008658365.1_temp.fa
    jobid: 42
    reason: Missing output files: test/samples/GCA_008658365.1_temp.fa; Params have changed since last execution
    wildcards: sample=GCA_008658365.1
    resources: tmpdir=/tmp


[Mon Sep 19 22:47:23 2022]
rule sequence_select:
    input: /home/AD.UCSD.EDU/ttl074/wga/genomes_top40/GCA_020746105.1.fa
    output: test/samples/GCA_020746105.1_temp.fa
    jobid: 20
    reason: Missing output files: test/samples/GCA_020746105.1_temp.fa; Params have changed since last execution
    wildcards: sample=GCA_020746105.1
    resources: tmpdir=/tmp


[Mon Sep 19 22:47:23 2022]
rule sequence_select:
    input: /home/AD.UCSD.EDU/ttl074/wga/genomes_top40/GCF_016700215.2.fa
    output: test/samples/GCF_016700215.2_temp.fa
    jobid: 35
    reason: Missing output files: test/samples/GCF_016700215.2_temp.fa; Params have changed since last execution
    wildcards: sample=GCF_016700215.2
    resources: tmpdir=/tmp


[Mon Sep 19 22:47:23 2022]
rule sequence_select:
    input: /home/AD.UCSD.EDU/ttl074/wga/genomes_top40/GCA_009819825.1.fa
    output: test/samples/GCA_009819825.1_temp.fa
    jobid: 28
    reason: Missing output files: test/samples/GCA_009819825.1_temp.fa; Params have changed since last execution
    wildcards: sample=GCA_009819825.1
    resources: tmpdir=/tmp


[Mon Sep 19 22:47:23 2022]
rule sequence_select:
    input: /home/AD.UCSD.EDU/ttl074/wga/genomes_top40/GCA_009819775.1.fa
    output: test/samples/GCA_009819775.1_temp.fa
    jobid: 13
    reason: Missing output files: test/samples/GCA_009819775.1_temp.fa; Params have changed since last execution
    wildcards: sample=GCA_009819775.1
    resources: tmpdir=/tmp


[Mon Sep 19 22:47:23 2022]
rule sequence_select:
    input: /home/AD.UCSD.EDU/ttl074/wga/genomes_top40/GCF_000002315.6.fa
    output: test/samples/GCF_000002315.6_temp.fa
    jobid: 43
    reason: Missing output files: test/samples/GCF_000002315.6_temp.fa; Params have changed since last execution
    wildcards: sample=GCF_000002315.6
    resources: tmpdir=/tmp


[Mon Sep 19 22:47:23 2022]
rule sequence_select:
    input: /home/AD.UCSD.EDU/ttl074/wga/genomes_top40/GCF_009829145.1.fa
    output: test/samples/GCF_009829145.1_temp.fa
    jobid: 21
    reason: Missing output files: test/samples/GCF_009829145.1_temp.fa; Params have changed since last execution
    wildcards: sample=GCF_009829145.1
    resources: tmpdir=/tmp


[Mon Sep 19 22:47:23 2022]
rule sequence_select:
    input: /home/AD.UCSD.EDU/ttl074/wga/genomes_top40/GCA_013407035.1.fa
    output: test/samples/GCA_013407035.1_temp.fa
    jobid: 36
    reason: Missing output files: test/samples/GCA_013407035.1_temp.fa; Params have changed since last execution
    wildcards: sample=GCA_013407035.1
    resources: tmpdir=/tmp


[Mon Sep 19 22:47:23 2022]
rule sequence_select:
    input: /home/AD.UCSD.EDU/ttl074/wga/genomes_top40/GCA_020745775.1.fa
    output: test/samples/GCA_020745775.1_temp.fa
    jobid: 29
    reason: Missing output files: test/samples/GCA_020745775.1_temp.fa; Params have changed since last execution
    wildcards: sample=GCA_020745775.1
    resources: tmpdir=/tmp


[Mon Sep 19 22:47:23 2022]
rule sequence_select:
    input: /home/AD.UCSD.EDU/ttl074/wga/genomes_top40/GCF_012275295.1.fa
    output: test/samples/GCF_012275295.1_temp.fa
    jobid: 14
    reason: Missing output files: test/samples/GCF_012275295.1_temp.fa; Params have changed since last execution
    wildcards: sample=GCF_012275295.1
    resources: tmpdir=/tmp


[Mon Sep 19 22:47:23 2022]
rule sequence_select:
    input: /home/AD.UCSD.EDU/ttl074/wga/genomes_top40/GCA_016904835.1.fa
    output: test/samples/GCA_016904835.1_temp.fa
    jobid: 44
    reason: Missing output files: test/samples/GCA_016904835.1_temp.fa; Params have changed since last execution
    wildcards: sample=GCA_016904835.1
    resources: tmpdir=/tmp


[Mon Sep 19 22:47:23 2022]
rule sequence_select:
    input: /home/AD.UCSD.EDU/ttl074/wga/genomes_top40/GCA_017639485.1.fa
    output: test/samples/GCA_017639485.1_temp.fa
    jobid: 22
    reason: Missing output files: test/samples/GCA_017639485.1_temp.fa; Params have changed since last execution
    wildcards: sample=GCA_017639485.1
    resources: tmpdir=/tmp


[Mon Sep 19 22:47:23 2022]
rule sequence_select:
    input: /home/AD.UCSD.EDU/ttl074/wga/genomes_top40/GCA_902806625.1.fa
    output: test/samples/GCA_902806625.1_temp.fa
    jobid: 37
    reason: Missing output files: test/samples/GCA_902806625.1_temp.fa; Params have changed since last execution
    wildcards: sample=GCA_902806625.1
    resources: tmpdir=/tmp

[Mon Sep 19 22:47:32 2022]
Finished job 33.
1 of 685 steps (0.1%) done
Select jobs to execute...

[Mon Sep 19 22:47:32 2022]
rule sequence_select:
    input: /home/AD.UCSD.EDU/ttl074/wga/genomes_top40/GCA_020740795.1.fa
    output: test/samples/GCA_020740795.1_temp.fa
    jobid: 41
    reason: Missing output files: test/samples/GCA_020740795.1_temp.fa; Params have changed since last execution
    wildcards: sample=GCA_020740795.1
    resources: tmpdir=/tmp

[Mon Sep 19 22:47:32 2022]
Finished job 36.
2 of 685 steps (0.3%) done
Select jobs to execute...

[Mon Sep 19 22:47:32 2022]
rule sequence_select:
    input: /home/AD.UCSD.EDU/ttl074/wga/genomes_top40/GCA_017639245.1.fa
    output: test/samples/GCA_017639245.1_temp.fa
    jobid: 11
    reason: Missing output files: test/samples/GCA_017639245.1_temp.fa; Params have changed since last execution
    wildcards: sample=GCA_017639245.1
    resources: tmpdir=/tmp

[Mon Sep 19 22:47:33 2022]
Finished job 35.
3 of 685 steps (0.4%) done
Select jobs to execute...

[Mon Sep 19 22:47:33 2022]
rule sequence_select:
    input: /home/AD.UCSD.EDU/ttl074/wga/genomes_top40/GCA_014839755.1.fa
    output: test/samples/GCA_014839755.1_temp.fa
    jobid: 26
    reason: Missing output files: test/samples/GCA_014839755.1_temp.fa; Params have changed since last execution
    wildcards: sample=GCA_014839755.1
    resources: tmpdir=/tmp

[Mon Sep 19 22:47:33 2022]
Finished job 37.
4 of 685 steps (1%) done
Select jobs to execute...

[Mon Sep 19 22:47:33 2022]
rule sequence_select:
    input: /home/AD.UCSD.EDU/ttl074/wga/genomes_top40/GCA_020745705.1.fa
    output: test/samples/GCA_020745705.1_temp.fa
    jobid: 12
    reason: Missing output files: test/samples/GCA_020745705.1_temp.fa; Params have changed since last execution
    wildcards: sample=GCA_020745705.1
    resources: tmpdir=/tmp

[Mon Sep 19 22:47:33 2022]
Finished job 43.
5 of 685 steps (1%) done
Select jobs to execute...

[Mon Sep 19 22:47:33 2022]
rule sequence_select:
    input: /home/AD.UCSD.EDU/ttl074/wga/genomes_top40/GCA_015220805.1.fa
    output: test/samples/GCA_015220805.1_temp.fa
    jobid: 27
    reason: Missing output files: test/samples/GCA_015220805.1_temp.fa; Params have changed since last execution
    wildcards: sample=GCA_015220805.1
    resources: tmpdir=/tmp

[Mon Sep 19 22:47:33 2022]
Finished job 44.
6 of 685 steps (1%) done
Select jobs to execute...

[Mon Sep 19 22:47:33 2022]
rule sequence_select:
    input: /home/AD.UCSD.EDU/ttl074/wga/genomes_top40/GCF_003957555.1.fa
    output: test/samples/GCF_003957555.1_temp.fa
    jobid: 19
    reason: Missing output files: test/samples/GCF_003957555.1_temp.fa; Params have changed since last execution
    wildcards: sample=GCF_003957555.1
    resources: tmpdir=/tmp

[Mon Sep 19 22:47:33 2022]
Finished job 21.
7 of 685 steps (1%) done
[Mon Sep 19 22:47:33 2022]
Finished job 46.
8 of 685 steps (1%) done
Select jobs to execute...

[Mon Sep 19 22:47:33 2022]
rule sequence_select:
    input: /home/AD.UCSD.EDU/ttl074/wga/genomes_top40/GCF_016699485.2.fa
    output: test/samples/GCF_016699485.2_temp.fa
    jobid: 34
    reason: Missing output files: test/samples/GCF_016699485.2_temp.fa; Params have changed since last execution
    wildcards: sample=GCF_016699485.2
    resources: tmpdir=/tmp


[Mon Sep 19 22:47:33 2022]
rule sequence_select:
    input: /home/AD.UCSD.EDU/ttl074/wga/genomes_top40/GCF_018691265.1.fa
    output: test/samples/GCF_018691265.1_temp.fa
    jobid: 30
    reason: Missing output files: test/samples/GCF_018691265.1_temp.fa; Params have changed since last execution
    wildcards: sample=GCF_018691265.1
    resources: tmpdir=/tmp

[Mon Sep 19 22:47:33 2022]
Finished job 17.
9 of 685 steps (1%) done
[Mon Sep 19 22:47:33 2022]
Finished job 45.
10 of 685 steps (1%) done
[Mon Sep 19 22:47:33 2022]
Finished job 47.
11 of 685 steps (2%) done
[Mon Sep 19 22:47:33 2022]
Finished job 25.
12 of 685 steps (2%) done
[Mon Sep 19 22:47:33 2022]
Finished job 28.
13 of 685 steps (2%) done
[Mon Sep 19 22:47:33 2022]
Finished job 32.
14 of 685 steps (2%) done
[Mon Sep 19 22:47:33 2022]
Finished job 20.
15 of 685 steps (2%) done
[Mon Sep 19 22:47:33 2022]
Finished job 10.
16 of 685 steps (2%) done
[Mon Sep 19 22:47:33 2022]
Finished job 42.
17 of 685 steps (2%) done
[Mon Sep 19 22:47:34 2022]
Finished job 31.
18 of 685 steps (3%) done
[Mon Sep 19 22:47:34 2022]
Finished job 23.
19 of 685 steps (3%) done
[Mon Sep 19 22:47:34 2022]
Finished job 38.
20 of 685 steps (3%) done
[Mon Sep 19 22:47:34 2022]
Finished job 29.
21 of 685 steps (3%) done
[Mon Sep 19 22:47:34 2022]
Finished job 14.
22 of 685 steps (3%) done
[Mon Sep 19 22:47:34 2022]
Finished job 24.
23 of 685 steps (3%) done
[Mon Sep 19 22:47:34 2022]
Finished job 18.
24 of 685 steps (4%) done
[Mon Sep 19 22:47:34 2022]
Finished job 15.
25 of 685 steps (4%) done
[Mon Sep 19 22:47:34 2022]
Finished job 16.
26 of 685 steps (4%) done
[Mon Sep 19 22:47:34 2022]
Finished job 8.
27 of 685 steps (4%) done
[Mon Sep 19 22:47:34 2022]
Finished job 9.
28 of 685 steps (4%) done
[Mon Sep 19 22:47:34 2022]
Finished job 40.
29 of 685 steps (4%) done
[Mon Sep 19 22:47:34 2022]
Finished job 13.
30 of 685 steps (4%) done
[Mon Sep 19 22:47:34 2022]
Finished job 22.
31 of 685 steps (5%) done
[Mon Sep 19 22:47:34 2022]
Finished job 39.
32 of 685 steps (5%) done
[Mon Sep 19 22:47:41 2022]
Finished job 26.
33 of 685 steps (5%) done
[Mon Sep 19 22:47:41 2022]
Finished job 41.
34 of 685 steps (5%) done
[Mon Sep 19 22:47:41 2022]
Finished job 34.
35 of 685 steps (5%) done
[Mon Sep 19 22:47:41 2022]
Finished job 19.
36 of 685 steps (5%) done
[Mon Sep 19 22:47:42 2022]
Finished job 12.
37 of 685 steps (5%) done
[Mon Sep 19 22:47:42 2022]
Finished job 11.
38 of 685 steps (6%) done
[Mon Sep 19 22:47:43 2022]
Finished job 27.
39 of 685 steps (6%) done
[Mon Sep 19 22:47:43 2022]
Finished job 30.
40 of 685 steps (6%) done
Select jobs to execute...

[Mon Sep 19 22:47:43 2022]
rule sequence_merge:
    input: test/samples/GCA_017639555.1_temp.fa, test/samples/GCA_013368605.1_temp.fa, test/samples/GCF_015220075.1_temp.fa, test/samples/GCA_017639245.1_temp.fa, test/samples/GCA_020745705.1_temp.fa, test/samples/GCA_009819775.1_temp.fa, test/samples/GCF_012275295.1_temp.fa, test/samples/GCA_020801775.1_temp.fa, test/samples/GCA_018139145.1_temp.fa, test/samples/GCF_009819795.1_temp.fa, test/samples/GCA_009819605.1_temp.fa, test/samples/GCF_003957555.1_temp.fa, test/samples/GCA_020746105.1_temp.fa, test/samples/GCF_009829145.1_temp.fa, test/samples/GCA_017639485.1_temp.fa, test/samples/GCA_907165065.1_temp.fa, test/samples/GCA_011004875.1_temp.fa, test/samples/GCA_017976375.1_temp.fa, test/samples/GCA_014839755.1_temp.fa, test/samples/GCA_015220805.1_temp.fa, test/samples/GCA_009819825.1_temp.fa, test/samples/GCA_020745775.1_temp.fa, test/samples/GCF_018691265.1_temp.fa, test/samples/GCF_017639655.2_temp.fa, test/samples/GCA_014839835.1_temp.fa, test/samples/GCA_905368555.1_temp.fa, test/samples/GCF_016699485.2_temp.fa, test/samples/GCF_016700215.2_temp.fa, test/samples/GCA_013407035.1_temp.fa, test/samples/GCA_902806625.1_temp.fa, test/samples/GCA_016128335.1_temp.fa, test/samples/GCF_900496995.4_temp.fa, test/samples/GCA_020800305.1_temp.fa, test/samples/GCA_020740795.1_temp.fa, test/samples/GCA_008658365.1_temp.fa, test/samples/GCF_000002315.6_temp.fa, test/samples/GCA_016904835.1_temp.fa, test/samples/GCF_020740725.1_temp.fa, test/samples/GCF_901933205.1_temp.fa, test/samples/GCA_012275265.1_temp.fa, test
    output: test/samples/out.fa
    jobid: 7
    reason: Missing output files: test/samples/out.fa; Input files updated by another job: test/samples/GCA_017639555.1_temp.fa, test/samples/GCF_016699485.2_temp.fa, test/samples/GCA_902806625.1_temp.fa, test/samples/GCF_009829145.1_temp.fa, test/samples/GCA_907165065.1_temp.fa, test/samples/GCA_009819605.1_temp.fa, test/samples/GCF_017639655.2_temp.fa, test/samples/GCA_014839755.1_temp.fa, test/samples/GCA_009819825.1_temp.fa, test/samples/GCF_900496995.4_temp.fa, test/samples/GCA_905368555.1_temp.fa, test/samples/GCF_012275295.1_temp.fa, test/samples/GCF_000002315.6_temp.fa, test/samples/GCA_020800305.1_temp.fa, test/samples/GCA_012275265.1_temp.fa, test/samples/GCA_011004875.1_temp.fa, test/samples/GCF_901933205.1_temp.fa, test/samples/GCF_015220075.1_temp.fa, test/samples/GCA_020801775.1_temp.fa, test/samples/GCA_020745705.1_temp.fa, test/samples/GCF_003957555.1_temp.fa, test/samples/GCA_020740795.1_temp.fa, test/samples/GCA_015220805.1_temp.fa, test/samples/GCF_016700215.2_temp.fa, test/samples/GCA_017639485.1_temp.fa, test/samples/GCA_020745775.1_temp.fa, test/samples/GCA_013368605.1_temp.fa, test/samples/GCA_020746105.1_temp.fa, test/samples/GCA_017976375.1_temp.fa, test/samples/GCA_016128335.1_temp.fa, test/samples/GCA_013407035.1_temp.fa, test/samples/GCA_014839835.1_temp.fa, test/samples/GCA_009819775.1_temp.fa, test/samples/GCF_018691265.1_temp.fa, test/samples/GCF_020740725.1_temp.fa, test/samples/GCA_008658365.1_temp.fa, test/samples/GCA_018139145.1_temp.fa, test/samples/GCA_017639245.1_temp.fa, test/samples/GCF_009819795.1_temp.fa, test/samples/GCA_016904835.1_temp.fa
    resources: tmpdir=/tmp

[Mon Sep 19 22:47:43 2022]
Finished job 7.
41 of 685 steps (6%) done
Removing temporary output test/samples/GCA_017639555.1_temp.fa.
Removing temporary output test/samples/GCA_013368605.1_temp.fa.
Removing temporary output test/samples/GCF_015220075.1_temp.fa.
Removing temporary output test/samples/GCA_017639245.1_temp.fa.
Removing temporary output test/samples/GCA_020745705.1_temp.fa.
Removing temporary output test/samples/GCA_009819775.1_temp.fa.
Removing temporary output test/samples/GCF_012275295.1_temp.fa.
Removing temporary output test/samples/GCA_020801775.1_temp.fa.
Removing temporary output test/samples/GCA_018139145.1_temp.fa.
Removing temporary output test/samples/GCF_009819795.1_temp.fa.
Removing temporary output test/samples/GCA_009819605.1_temp.fa.
Removing temporary output test/samples/GCF_003957555.1_temp.fa.
Removing temporary output test/samples/GCA_020746105.1_temp.fa.
Removing temporary output test/samples/GCF_009829145.1_temp.fa.
Removing temporary output test/samples/GCA_017639485.1_temp.fa.
Removing temporary output test/samples/GCA_907165065.1_temp.fa.
Removing temporary output test/samples/GCA_011004875.1_temp.fa.
Removing temporary output test/samples/GCA_017976375.1_temp.fa.
Removing temporary output test/samples/GCA_014839755.1_temp.fa.
Removing temporary output test/samples/GCA_015220805.1_temp.fa.
Removing temporary output test/samples/GCA_009819825.1_temp.fa.
Removing temporary output test/samples/GCA_020745775.1_temp.fa.
Removing temporary output test/samples/GCF_018691265.1_temp.fa.
Removing temporary output test/samples/GCF_017639655.2_temp.fa.
Removing temporary output test/samples/GCA_014839835.1_temp.fa.
Removing temporary output test/samples/GCA_905368555.1_temp.fa.
Removing temporary output test/samples/GCF_016699485.2_temp.fa.
Removing temporary output test/samples/GCF_016700215.2_temp.fa.
Removing temporary output test/samples/GCA_013407035.1_temp.fa.
Removing temporary output test/samples/GCA_902806625.1_temp.fa.
Removing temporary output test/samples/GCA_016128335.1_temp.fa.
Removing temporary output test/samples/GCF_900496995.4_temp.fa.
Removing temporary output test/samples/GCA_020800305.1_temp.fa.
Removing temporary output test/samples/GCA_020740795.1_temp.fa.
Removing temporary output test/samples/GCA_008658365.1_temp.fa.
Removing temporary output test/samples/GCF_000002315.6_temp.fa.
Removing temporary output test/samples/GCA_016904835.1_temp.fa.
Removing temporary output test/samples/GCF_020740725.1_temp.fa.
Removing temporary output test/samples/GCF_901933205.1_temp.fa.
Removing temporary output test/samples/GCA_012275265.1_temp.fa.
Select jobs to execute...

[Mon Sep 19 22:47:43 2022]
rule lastz:
    input: test/samples/out.fa, /home/AD.UCSD.EDU/ttl074/wga/genomes_top40/GCA_013407035.1.fa
    output: test/alignments/GCA_013407035.1.maf
    jobid: 75
    reason: Missing output files: test/alignments/GCA_013407035.1.maf; Input files updated by another job: test/samples/out.fa
    wildcards: sample=GCA_013407035.1
    resources: tmpdir=/tmp


[Mon Sep 19 22:47:43 2022]
rule lastz:
    input: test/samples/out.fa, /home/AD.UCSD.EDU/ttl074/wga/genomes_top40/GCF_009829145.1.fa
    output: test/alignments/GCF_009829145.1.maf
    jobid: 60
    reason: Missing output files: test/alignments/GCF_009829145.1.maf; Input files updated by another job: test/samples/out.fa
    wildcards: sample=GCF_009829145.1
    resources: tmpdir=/tmp


[Mon Sep 19 22:47:43 2022]
rule lastz:
    input: test/samples/out.fa, /home/AD.UCSD.EDU/ttl074/wga/genomes_top40/GCA_020745775.1.fa
    output: test/alignments/GCA_020745775.1.maf
    jobid: 68
    reason: Missing output files: test/alignments/GCA_020745775.1.maf; Input files updated by another job: test/samples/out.fa
    wildcards: sample=GCA_020745775.1
    resources: tmpdir=/tmp


[Mon Sep 19 22:47:43 2022]
rule lastz:
    input: test/samples/out.fa, /home/AD.UCSD.EDU/ttl074/wga/genomes_top40/GCF_012275295.1.fa
    output: test/alignments/GCF_012275295.1.maf
    jobid: 53
    reason: Missing output files: test/alignments/GCF_012275295.1.maf; Input files updated by another job: test/samples/out.fa
    wildcards: sample=GCF_012275295.1
    resources: tmpdir=/tmp


[Mon Sep 19 22:47:43 2022]
rule lastz:
    input: test/samples/out.fa, /home/AD.UCSD.EDU/ttl074/wga/genomes_top40/GCA_902806625.1.fa
    output: test/alignments/GCA_902806625.1.maf
    jobid: 76
    reason: Missing output files: test/alignments/GCA_902806625.1.maf; Input files updated by another job: test/samples/out.fa
    wildcards: sample=GCA_902806625.1
    resources: tmpdir=/tmp


[Mon Sep 19 22:47:43 2022]
rule lastz:
    input: test/samples/out.fa, /home/AD.UCSD.EDU/ttl074/wga/genomes_top40/GCA_017639485.1.fa
    output: test/alignments/GCA_017639485.1.maf
    jobid: 61
    reason: Missing output files: test/alignments/GCA_017639485.1.maf; Input files updated by another job: test/samples/out.fa
    wildcards: sample=GCA_017639485.1
    resources: tmpdir=/tmp


[Mon Sep 19 22:47:43 2022]
rule lastz:
    input: test/samples/out.fa, /home/AD.UCSD.EDU/ttl074/wga/genomes_top40/GCF_020740725.1.fa
    output: test/alignments/GCF_020740725.1.maf
    jobid: 84
    reason: Missing output files: test/alignments/GCF_020740725.1.maf; Input files updated by another job: test/samples/out.fa
    wildcards: sample=GCF_020740725.1
    resources: tmpdir=/tmp


[Mon Sep 19 22:47:43 2022]
rule lastz:
    input: test/samples/out.fa, /home/AD.UCSD.EDU/ttl074/wga/genomes_top40/GCF_018691265.1.fa
    output: test/alignments/GCF_018691265.1.maf
    jobid: 69
    reason: Missing output files: test/alignments/GCF_018691265.1.maf; Input files updated by another job: test/samples/out.fa
    wildcards: sample=GCF_018691265.1
    resources: tmpdir=/tmp


[Mon Sep 19 22:47:43 2022]
rule lastz:
    input: test/samples/out.fa, /home/AD.UCSD.EDU/ttl074/wga/genomes_top40/GCA_020801775.1.fa
    output: test/alignments/GCA_020801775.1.maf
    jobid: 54
    reason: Missing output files: test/alignments/GCA_020801775.1.maf; Input files updated by another job: test/samples/out.fa
    wildcards: sample=GCA_020801775.1
    resources: tmpdir=/tmp


[Mon Sep 19 22:47:43 2022]
rule lastz:
    input: test/samples/out.fa, /home/AD.UCSD.EDU/ttl074/wga/genomes_top40/GCA_016128335.1.fa
    output: test/alignments/GCA_016128335.1.maf
    jobid: 77
    reason: Missing output files: test/alignments/GCA_016128335.1.maf; Input files updated by another job: test/samples/out.fa
    wildcards: sample=GCA_016128335.1
    resources: tmpdir=/tmp


[Mon Sep 19 22:47:43 2022]
rule lastz:
    input: test/samples/out.fa, /home/AD.UCSD.EDU/ttl074/wga/genomes_top40/GCA_907165065.1.fa
    output: test/alignments/GCA_907165065.1.maf
    jobid: 62
    reason: Missing output files: test/alignments/GCA_907165065.1.maf; Input files updated by another job: test/samples/out.fa
    wildcards: sample=GCA_907165065.1
    resources: tmpdir=/tmp


[Mon Sep 19 22:47:43 2022]
rule lastz:
    input: test/samples/out.fa, /home/AD.UCSD.EDU/ttl074/wga/genomes_top40/GCF_901933205.1.fa
    output: test/alignments/GCF_901933205.1.maf
    jobid: 85
    reason: Missing output files: test/alignments/GCF_901933205.1.maf; Input files updated by another job: test/samples/out.fa
    wildcards: sample=GCF_901933205.1
    resources: tmpdir=/tmp


[Mon Sep 19 22:47:43 2022]
rule lastz:
    input: test/samples/out.fa, /home/AD.UCSD.EDU/ttl074/wga/genomes_top40/GCF_017639655.2.fa
    output: test/alignments/GCF_017639655.2.maf
    jobid: 70
    reason: Missing output files: test/alignments/GCF_017639655.2.maf; Input files updated by another job: test/samples/out.fa
    wildcards: sample=GCF_017639655.2
    resources: tmpdir=/tmp


[Mon Sep 19 22:47:43 2022]
rule lastz:
    input: test/samples/out.fa, /home/AD.UCSD.EDU/ttl074/wga/genomes_top40/GCA_018139145.1.fa
    output: test/alignments/GCA_018139145.1.maf
    jobid: 55
    reason: Missing output files: test/alignments/GCA_018139145.1.maf; Input files updated by another job: test/samples/out.fa
    wildcards: sample=GCA_018139145.1
    resources: tmpdir=/tmp


[Mon Sep 19 22:47:43 2022]
rule lastz:
    input: test/samples/out.fa, /home/AD.UCSD.EDU/ttl074/wga/genomes_top40/GCF_900496995.4.fa
    output: test/alignments/GCF_900496995.4.maf
    jobid: 78
    reason: Missing output files: test/alignments/GCF_900496995.4.maf; Input files updated by another job: test/samples/out.fa
    wildcards: sample=GCF_900496995.4
    resources: tmpdir=/tmp


[Mon Sep 19 22:47:43 2022]
rule lastz:
    input: test/samples/out.fa, /home/AD.UCSD.EDU/ttl074/wga/genomes_top40/GCA_011004875.1.fa
    output: test/alignments/GCA_011004875.1.maf
    jobid: 63
    reason: Missing output files: test/alignments/GCA_011004875.1.maf; Input files updated by another job: test/samples/out.fa
    wildcards: sample=GCA_011004875.1
    resources: tmpdir=/tmp


[Mon Sep 19 22:47:43 2022]
rule lastz:
    input: test/samples/out.fa, /home/AD.UCSD.EDU/ttl074/wga/genomes_top40/GCA_013368605.1.fa
    output: test/alignments/GCA_013368605.1.maf
    jobid: 48
    reason: Missing output files: test/alignments/GCA_013368605.1.maf; Input files updated by another job: test/samples/out.fa
    wildcards: sample=GCA_013368605.1
    resources: tmpdir=/tmp


[Mon Sep 19 22:47:43 2022]
rule lastz:
    input: test/samples/out.fa, /home/AD.UCSD.EDU/ttl074/wga/genomes_top40/GCA_012275265.1.fa
    output: test/alignments/GCA_012275265.1.maf
    jobid: 86
    reason: Missing output files: test/alignments/GCA_012275265.1.maf; Input files updated by another job: test/samples/out.fa
    wildcards: sample=GCA_012275265.1
    resources: tmpdir=/tmp


[Mon Sep 19 22:47:43 2022]
rule lastz:
    input: test/samples/out.fa, /home/AD.UCSD.EDU/ttl074/wga/genomes_top40/GCA_014839835.1.fa
    output: test/alignments/GCA_014839835.1.maf
    jobid: 71
    reason: Missing output files: test/alignments/GCA_014839835.1.maf; Input files updated by another job: test/samples/out.fa
    wildcards: sample=GCA_014839835.1
    resources: tmpdir=/tmp


[Mon Sep 19 22:47:43 2022]
rule lastz:
    input: test/samples/out.fa, /home/AD.UCSD.EDU/ttl074/wga/genomes_top40/GCA_014839755.1.fa
    output: test/alignments/GCA_014839755.1.maf
    jobid: 65
    reason: Missing output files: test/alignments/GCA_014839755.1.maf; Input files updated by another job: test/samples/out.fa
    wildcards: sample=GCA_014839755.1
    resources: tmpdir=/tmp


[Mon Sep 19 22:47:43 2022]
rule lastz:
    input: test/samples/out.fa, /home/AD.UCSD.EDU/ttl074/wga/genomes_top40/GCA_017639245.1.fa
    output: test/alignments/GCA_017639245.1.maf
    jobid: 50
    reason: Missing output files: test/alignments/GCA_017639245.1.maf; Input files updated by another job: test/samples/out.fa
    wildcards: sample=GCA_017639245.1
    resources: tmpdir=/tmp


[Mon Sep 19 22:47:43 2022]
rule lastz:
    input: test/samples/out.fa, /home/AD.UCSD.EDU/ttl074/wga/genomes_top40/GCF_016699485.2.fa
    output: test/alignments/GCF_016699485.2.maf
    jobid: 73
    reason: Missing output files: test/alignments/GCF_016699485.2.maf; Input files updated by another job: test/samples/out.fa
    wildcards: sample=GCF_016699485.2
    resources: tmpdir=/tmp


[Mon Sep 19 22:47:43 2022]
rule lastz:
    input: test/samples/out.fa, /home/AD.UCSD.EDU/ttl074/wga/genomes_top40/GCF_003957555.1.fa
    output: test/alignments/GCF_003957555.1.maf
    jobid: 58
    reason: Missing output files: test/alignments/GCF_003957555.1.maf; Input files updated by another job: test/samples/out.fa
    wildcards: sample=GCF_003957555.1
    resources: tmpdir=/tmp


[Mon Sep 19 22:47:43 2022]
rule lastz:
    input: test/samples/out.fa, /home/AD.UCSD.EDU/ttl074/wga/genomes_top40/GCA_008658365.1.fa
    output: test/alignments/GCA_008658365.1.maf
    jobid: 81
    reason: Missing output files: test/alignments/GCA_008658365.1.maf; Input files updated by another job: test/samples/out.fa
    wildcards: sample=GCA_008658365.1
    resources: tmpdir=/tmp


[Mon Sep 19 22:47:43 2022]
rule lastz:
    input: test/samples/out.fa, /home/AD.UCSD.EDU/ttl074/wga/genomes_top40/GCA_017639555.1.fa
    output: test/alignments/GCA_017639555.1.maf
    jobid: 6
    reason: Missing output files: test/alignments/GCA_017639555.1.maf; Input files updated by another job: test/samples/out.fa
    wildcards: sample=GCA_017639555.1
    resources: tmpdir=/tmp


[Mon Sep 19 22:47:43 2022]
rule lastz:
    input: test/samples/out.fa, /home/AD.UCSD.EDU/ttl074/wga/genomes_top40/GCA_020745705.1.fa
    output: test/alignments/GCA_020745705.1.maf
    jobid: 51
    reason: Missing output files: test/alignments/GCA_020745705.1.maf; Input files updated by another job: test/samples/out.fa
    wildcards: sample=GCA_020745705.1
    resources: tmpdir=/tmp


[Mon Sep 19 22:47:43 2022]
rule lastz:
    input: test/samples/out.fa, /home/AD.UCSD.EDU/ttl074/wga/genomes_top40/GCA_015220805.1.fa
    output: test/alignments/GCA_015220805.1.maf
    jobid: 66
    reason: Missing output files: test/alignments/GCA_015220805.1.maf; Input files updated by another job: test/samples/out.fa
    wildcards: sample=GCA_015220805.1
    resources: tmpdir=/tmp


[Mon Sep 19 22:47:43 2022]
rule lastz:
    input: test/samples/out.fa, /home/AD.UCSD.EDU/ttl074/wga/genomes_top40/GCF_016700215.2.fa
    output: test/alignments/GCF_016700215.2.maf
    jobid: 74
    reason: Missing output files: test/alignments/GCF_016700215.2.maf; Input files updated by another job: test/samples/out.fa
    wildcards: sample=GCF_016700215.2
    resources: tmpdir=/tmp


[Mon Sep 19 22:47:43 2022]
rule lastz:
    input: test/samples/out.fa, /home/AD.UCSD.EDU/ttl074/wga/genomes_top40/GCA_020746105.1.fa
    output: test/alignments/GCA_020746105.1.maf
    jobid: 59
    reason: Missing output files: test/alignments/GCA_020746105.1.maf; Input files updated by another job: test/samples/out.fa
    wildcards: sample=GCA_020746105.1
    resources: tmpdir=/tmp


[Mon Sep 19 22:47:43 2022]
rule lastz:
    input: test/samples/out.fa, /home/AD.UCSD.EDU/ttl074/wga/genomes_top40/GCF_000002315.6.fa
    output: test/alignments/GCF_000002315.6.maf
    jobid: 82
    reason: Missing output files: test/alignments/GCF_000002315.6.maf; Input files updated by another job: test/samples/out.fa
    wildcards: sample=GCF_000002315.6
    resources: tmpdir=/tmp


[Mon Sep 19 22:47:43 2022]
rule lastz:
    input: test/samples/out.fa, /home/AD.UCSD.EDU/ttl074/wga/genomes_top40/GCA_009819825.1.fa
    output: test/alignments/GCA_009819825.1.maf
    jobid: 67
    reason: Missing output files: test/alignments/GCA_009819825.1.maf; Input files updated by another job: test/samples/out.fa
    wildcards: sample=GCA_009819825.1
    resources: tmpdir=/tmp


[Mon Sep 19 22:47:43 2022]
rule lastz:
    input: test/samples/out.fa, /home/AD.UCSD.EDU/ttl074/wga/genomes_top40/GCA_009819775.1.fa
    output: test/alignments/GCA_009819775.1.maf
    jobid: 52
    reason: Missing output files: test/alignments/GCA_009819775.1.maf; Input files updated by another job: test/samples/out.fa
    wildcards: sample=GCA_009819775.1
    resources: tmpdir=/tmp

[Mon Sep 19 22:48:37 2022]
Finished job 73.
42 of 685 steps (6%) done
Select jobs to execute...

[Mon Sep 19 22:48:37 2022]
rule lastz:
    input: test/samples/out.fa, /home/AD.UCSD.EDU/ttl074/wga/genomes_top40/GCF_009819795.1.fa
    output: test/alignments/GCF_009819795.1.maf
    jobid: 56
    reason: Missing output files: test/alignments/GCF_009819795.1.maf; Input files updated by another job: test/samples/out.fa
    wildcards: sample=GCF_009819795.1
    resources: tmpdir=/tmp

[Mon Sep 19 22:48:37 2022]
Finished job 58.
43 of 685 steps (6%) done
Select jobs to execute...

[Mon Sep 19 22:48:37 2022]
rule lastz:
    input: test/samples/out.fa, /home/AD.UCSD.EDU/ttl074/wga/genomes_top40/GCA_020740795.1.fa
    output: test/alignments/GCA_020740795.1.maf
    jobid: 80
    reason: Missing output files: test/alignments/GCA_020740795.1.maf; Input files updated by another job: test/samples/out.fa
    wildcards: sample=GCA_020740795.1
    resources: tmpdir=/tmp

[Mon Sep 19 22:48:38 2022]
Finished job 74.
44 of 685 steps (6%) done
Select jobs to execute...

[Mon Sep 19 22:48:38 2022]
rule lastz:
    input: test/samples/out.fa, /home/AD.UCSD.EDU/ttl074/wga/genomes_top40/GCA_009819605.1.fa
    output: test/alignments/GCA_009819605.1.maf
    jobid: 57
    reason: Missing output files: test/alignments/GCA_009819605.1.maf; Input files updated by another job: test/samples/out.fa
    wildcards: sample=GCA_009819605.1
    resources: tmpdir=/tmp

[Mon Sep 19 22:48:38 2022]
Finished job 75.
45 of 685 steps (7%) done
Select jobs to execute...

[Mon Sep 19 22:48:38 2022]
rule lastz:
    input: test/samples/out.fa, /home/AD.UCSD.EDU/ttl074/wga/genomes_top40/GCA_905368555.1.fa
    output: test/alignments/GCA_905368555.1.maf
    jobid: 72
    reason: Missing output files: test/alignments/GCA_905368555.1.maf; Input files updated by another job: test/samples/out.fa
    wildcards: sample=GCA_905368555.1
    resources: tmpdir=/tmp

[Mon Sep 19 22:48:38 2022]
Finished job 85.
46 of 685 steps (7%) done
Select jobs to execute...

[Mon Sep 19 22:48:38 2022]
rule lastz:
    input: test/samples/out.fa, /home/AD.UCSD.EDU/ttl074/wga/genomes_top40/GCF_015220075.1.fa
    output: test/alignments/GCF_015220075.1.maf
    jobid: 49
    reason: Missing output files: test/alignments/GCF_015220075.1.maf; Input files updated by another job: test/samples/out.fa
    wildcards: sample=GCF_015220075.1
    resources: tmpdir=/tmp

[Mon Sep 19 22:48:38 2022]
Finished job 65.
47 of 685 steps (7%) done
Select jobs to execute...

[Mon Sep 19 22:48:38 2022]
rule lastz:
    input: test/samples/out.fa, /home/AD.UCSD.EDU/ttl074/wga/genomes_top40/GCA_017976375.1.fa
    output: test/alignments/GCA_017976375.1.maf
    jobid: 64
    reason: Missing output files: test/alignments/GCA_017976375.1.maf; Input files updated by another job: test/samples/out.fa
    wildcards: sample=GCA_017976375.1
    resources: tmpdir=/tmp

[Mon Sep 19 22:48:39 2022]
Finished job 82.
48 of 685 steps (7%) done
Select jobs to execute...

[Mon Sep 19 22:48:39 2022]
rule lastz:
    input: test/samples/out.fa, /home/AD.UCSD.EDU/ttl074/wga/genomes_top40/GCA_016904835.1.fa
    output: test/alignments/GCA_016904835.1.maf
    jobid: 83
    reason: Missing output files: test/alignments/GCA_016904835.1.maf; Input files updated by another job: test/samples/out.fa
    wildcards: sample=GCA_016904835.1
    resources: tmpdir=/tmp

[Mon Sep 19 22:48:43 2022]
Finished job 60.
49 of 685 steps (7%) done
Select jobs to execute...

[Mon Sep 19 22:48:43 2022]
rule lastz:
    input: test/samples/out.fa, /home/AD.UCSD.EDU/ttl074/wga/genomes_top40/GCA_020800305.1.fa
    output: test/alignments/GCA_020800305.1.maf
    jobid: 79
    reason: Missing output files: test/alignments/GCA_020800305.1.maf; Input files updated by another job: test/samples/out.fa
    wildcards: sample=GCA_020800305.1
    resources: tmpdir=/tmp

[Mon Sep 19 22:48:44 2022]
Finished job 81.
50 of 685 steps (7%) done
[Mon Sep 19 22:48:44 2022]
Finished job 76.
51 of 685 steps (7%) done
[Mon Sep 19 22:48:44 2022]
Finished job 71.
52 of 685 steps (8%) done
[Mon Sep 19 22:48:45 2022]
Finished job 59.
53 of 685 steps (8%) done
[Mon Sep 19 22:48:46 2022]
Finished job 86.
54 of 685 steps (8%) done
[Mon Sep 19 22:48:47 2022]
Finished job 53.
55 of 685 steps (8%) done
[Mon Sep 19 22:48:48 2022]
Finished job 77.
56 of 685 steps (8%) done
[Mon Sep 19 22:48:48 2022]
Finished job 66.
57 of 685 steps (8%) done
[Mon Sep 19 22:48:48 2022]
Finished job 54.
58 of 685 steps (8%) done
[Mon Sep 19 22:48:50 2022]
Finished job 51.
59 of 685 steps (9%) done
[Mon Sep 19 22:48:50 2022]
Finished job 68.
60 of 685 steps (9%) done
[Mon Sep 19 22:48:50 2022]
Finished job 52.
61 of 685 steps (9%) done
[Mon Sep 19 22:48:51 2022]
Finished job 69.
62 of 685 steps (9%) done
[Mon Sep 19 22:48:51 2022]
Finished job 6.
63 of 685 steps (9%) done
[Mon Sep 19 22:48:51 2022]
Finished job 70.
64 of 685 steps (9%) done
[Mon Sep 19 22:48:52 2022]
Finished job 67.
65 of 685 steps (9%) done
[Mon Sep 19 22:48:52 2022]
Finished job 63.
66 of 685 steps (10%) done
[Mon Sep 19 22:48:52 2022]
Finished job 62.
67 of 685 steps (10%) done
[Mon Sep 19 22:48:53 2022]
Finished job 61.
68 of 685 steps (10%) done
[Mon Sep 19 22:48:53 2022]
Finished job 55.
69 of 685 steps (10%) done
[Mon Sep 19 22:48:54 2022]
Finished job 84.
70 of 685 steps (10%) done
[Mon Sep 19 22:48:54 2022]
Finished job 78.
71 of 685 steps (10%) done
[Mon Sep 19 22:48:56 2022]
Finished job 48.
72 of 685 steps (11%) done
[Mon Sep 19 22:49:21 2022]
Finished job 72.
73 of 685 steps (11%) done
Terminating processes on user request, this might take some time.
[Mon Sep 19 22:49:21 2022]
Error in rule lastz:
    jobid: 64
    output: test/alignments/GCA_017976375.1.maf
    conda-env: /home/AD.UCSD.EDU/ttl074/wga/wga-phylo/.snakemake/conda/82f38843d85cb294ec9f10d81417d9c8
    shell:
        lastz_32 /home/AD.UCSD.EDU/ttl074/wga/genomes_top40/GCA_017976375.1.fa[multiple] test/samples/out.fa[multiple] --filter=coverage:90 --filter=identity:90 --step=20 --format=maf --output=test/alignments/GCA_017976375.1.maf
        (one of the commands exited with non-zero exit code; note that snakemake uses bash strict mode!)

[Mon Sep 19 22:49:21 2022]
Error in rule lastz:
    jobid: 49
    output: test/alignments/GCF_015220075.1.maf
    conda-env: /home/AD.UCSD.EDU/ttl074/wga/wga-phylo/.snakemake/conda/82f38843d85cb294ec9f10d81417d9c8
    shell:
        lastz_32 /home/AD.UCSD.EDU/ttl074/wga/genomes_top40/GCF_015220075.1.fa[multiple] test/samples/out.fa[multiple] --filter=coverage:90 --filter=identity:90 --step=20 --format=maf --output=test/alignments/GCF_015220075.1.maf
        (one of the commands exited with non-zero exit code; note that snakemake uses bash strict mode!)

[Mon Sep 19 22:49:21 2022]
Error in rule lastz:
    jobid: 79
    output: test/alignments/GCA_020800305.1.maf
    conda-env: /home/AD.UCSD.EDU/ttl074/wga/wga-phylo/.snakemake/conda/82f38843d85cb294ec9f10d81417d9c8
    shell:
        lastz_32 /home/AD.UCSD.EDU/ttl074/wga/genomes_top40/GCA_020800305.1.fa[multiple] test/samples/out.fa[multiple] --filter=coverage:90 --filter=identity:90 --step=20 --format=maf --output=test/alignments/GCA_020800305.1.maf
        (one of the commands exited with non-zero exit code; note that snakemake uses bash strict mode!)

[Mon Sep 19 22:49:21 2022]
Error in rule lastz:
    jobid: 50
    output: test/alignments/GCA_017639245.1.maf
    conda-env: /home/AD.UCSD.EDU/ttl074/wga/wga-phylo/.snakemake/conda/82f38843d85cb294ec9f10d81417d9c8
    shell:
        lastz_32 /home/AD.UCSD.EDU/ttl074/wga/genomes_top40/GCA_017639245.1.fa[multiple] test/samples/out.fa[multiple] --filter=coverage:90 --filter=identity:90 --step=20 --format=maf --output=test/alignments/GCA_017639245.1.maf
        (one of the commands exited with non-zero exit code; note that snakemake uses bash strict mode!)

[Mon Sep 19 22:49:21 2022]
Error in rule lastz:
    jobid: 83
    output: test/alignments/GCA_016904835.1.maf
    conda-env: /home/AD.UCSD.EDU/ttl074/wga/wga-phylo/.snakemake/conda/82f38843d85cb294ec9f10d81417d9c8
    shell:
        lastz_32 /home/AD.UCSD.EDU/ttl074/wga/genomes_top40/GCA_016904835.1.fa[multiple] test/samples/out.fa[multiple] --filter=coverage:90 --filter=identity:90 --step=20 --format=maf --output=test/alignments/GCA_016904835.1.maf
        (one of the commands exited with non-zero exit code; note that snakemake uses bash strict mode!)

[Mon Sep 19 22:49:21 2022]
Error in rule lastz:
    jobid: 56
    output: test/alignments/GCF_009819795.1.maf
    conda-env: /home/AD.UCSD.EDU/ttl074/wga/wga-phylo/.snakemake/conda/82f38843d85cb294ec9f10d81417d9c8
    shell:
        lastz_32 /home/AD.UCSD.EDU/ttl074/wga/genomes_top40/GCF_009819795.1.fa[multiple] test/samples/out.fa[multiple] --filter=coverage:90 --filter=identity:90 --step=20 --format=maf --output=test/alignments/GCF_009819795.1.maf
        (one of the commands exited with non-zero exit code; note that snakemake uses bash strict mode!)

[Mon Sep 19 22:49:21 2022]
Error in rule lastz:
    jobid: 57
    output: test/alignments/GCA_009819605.1.maf
    conda-env: /home/AD.UCSD.EDU/ttl074/wga/wga-phylo/.snakemake/conda/82f38843d85cb294ec9f10d81417d9c8
    shell:
        lastz_32 /home/AD.UCSD.EDU/ttl074/wga/genomes_top40/GCA_009819605.1.fa[multiple] test/samples/out.fa[multiple] --filter=coverage:90 --filter=identity:90 --step=20 --format=maf --output=test/alignments/GCA_009819605.1.maf
        (one of the commands exited with non-zero exit code; note that snakemake uses bash strict mode!)

[Mon Sep 19 22:49:21 2022]
Error in rule lastz:
    jobid: 80
    output: test/alignments/GCA_020740795.1.maf
    conda-env: /home/AD.UCSD.EDU/ttl074/wga/wga-phylo/.snakemake/conda/82f38843d85cb294ec9f10d81417d9c8
    shell:
        lastz_32 /home/AD.UCSD.EDU/ttl074/wga/genomes_top40/GCA_020740795.1.fa[multiple] test/samples/out.fa[multiple] --filter=coverage:90 --filter=identity:90 --step=20 --format=maf --output=test/alignments/GCA_020740795.1.maf
        (one of the commands exited with non-zero exit code; note that snakemake uses bash strict mode!)

Complete log: .snakemake/log/2022-09-19T224723.048385.snakemake.log
