Building DAG of jobs...
Using shell: /usr/bin/bash
Provided cores: 32
Rules claiming more threads will be scaled down.
Conda environments: ignored
Job stats:
job         count    min threads    max threads
--------  -------  -------------  -------------
all             1              1              1
fastTree      300              1              1
total         301              1              1

Select jobs to execute...

[Wed Sep 14 13:41:55 2022]
rule fastTree:
    input: test/msa/gene_aln_98.fa
    output: test/geneTree/gene_tree_98.newick
    jobid: 98
    reason: Missing output files: test/geneTree/gene_tree_98.newick
    wildcards: id=98
    resources: tmpdir=/tmp


[Wed Sep 14 13:41:55 2022]
rule fastTree:
    input: test/msa/gene_aln_250.fa
    output: test/geneTree/gene_tree_250.newick
    jobid: 250
    reason: Missing output files: test/geneTree/gene_tree_250.newick
    wildcards: id=250
    resources: tmpdir=/tmp


[Wed Sep 14 13:41:55 2022]
rule fastTree:
    input: test/msa/gene_aln_220.fa
    output: test/geneTree/gene_tree_220.newick
    jobid: 220
    reason: Missing output files: test/geneTree/gene_tree_220.newick
    wildcards: id=220
    resources: tmpdir=/tmp


[Wed Sep 14 13:41:55 2022]
rule fastTree:
    input: test/msa/gene_aln_11.fa
    output: test/geneTree/gene_tree_11.newick
    jobid: 11
    reason: Missing output files: test/geneTree/gene_tree_11.newick
    wildcards: id=11
    resources: tmpdir=/tmp


[Wed Sep 14 13:41:55 2022]
rule fastTree:
    input: test/msa/gene_aln_274.fa
    output: test/geneTree/gene_tree_274.newick
    jobid: 274
    reason: Missing output files: test/geneTree/gene_tree_274.newick
    wildcards: id=274
    resources: tmpdir=/tmp


[Wed Sep 14 13:41:55 2022]
rule fastTree:
    input: test/msa/gene_aln_214.fa
    output: test/geneTree/gene_tree_214.newick
    jobid: 214
    reason: Missing output files: test/geneTree/gene_tree_214.newick
    wildcards: id=214
    resources: tmpdir=/tmp


[Wed Sep 14 13:41:55 2022]
rule fastTree:
    input: test/msa/gene_aln_244.fa
    output: test/geneTree/gene_tree_244.newick
    jobid: 244
    reason: Missing output files: test/geneTree/gene_tree_244.newick
    wildcards: id=244
    resources: tmpdir=/tmp


[Wed Sep 14 13:41:55 2022]
rule fastTree:
    input: test/msa/gene_aln_275.fa
    output: test/geneTree/gene_tree_275.newick
    jobid: 275
    reason: Missing output files: test/geneTree/gene_tree_275.newick
    wildcards: id=275
    resources: tmpdir=/tmp


[Wed Sep 14 13:41:55 2022]
rule fastTree:
    input: test/msa/gene_aln_35.fa
    output: test/geneTree/gene_tree_35.newick
    jobid: 35
    reason: Missing output files: test/geneTree/gene_tree_35.newick
    wildcards: id=35
    resources: tmpdir=/tmp


[Wed Sep 14 13:41:55 2022]
rule fastTree:
    input: test/msa/gene_aln_95.fa
    output: test/geneTree/gene_tree_95.newick
    jobid: 95
    reason: Missing output files: test/geneTree/gene_tree_95.newick
    wildcards: id=95
    resources: tmpdir=/tmp


[Wed Sep 14 13:41:55 2022]
rule fastTree:
    input: test/msa/gene_aln_5.fa
    output: test/geneTree/gene_tree_5.newick
    jobid: 5
    reason: Missing output files: test/geneTree/gene_tree_5.newick
    wildcards: id=5
    resources: tmpdir=/tmp


[Wed Sep 14 13:41:55 2022]
rule fastTree:
    input: test/msa/gene_aln_65.fa
    output: test/geneTree/gene_tree_65.newick
    jobid: 65
    reason: Missing output files: test/geneTree/gene_tree_65.newick
    wildcards: id=65
    resources: tmpdir=/tmp


[Wed Sep 14 13:41:55 2022]
rule fastTree:
    input: test/msa/gene_aln_125.fa
    output: test/geneTree/gene_tree_125.newick
    jobid: 125
    reason: Missing output files: test/geneTree/gene_tree_125.newick
    wildcards: id=125
    resources: tmpdir=/tmp


[Wed Sep 14 13:41:55 2022]
rule fastTree:
    input: test/msa/gene_aln_155.fa
    output: test/geneTree/gene_tree_155.newick
    jobid: 155
    reason: Missing output files: test/geneTree/gene_tree_155.newick
    wildcards: id=155
    resources: tmpdir=/tmp


[Wed Sep 14 13:41:55 2022]
rule fastTree:
    input: test/msa/gene_aln_185.fa
    output: test/geneTree/gene_tree_185.newick
    jobid: 185
    reason: Missing output files: test/geneTree/gene_tree_185.newick
    wildcards: id=185
    resources: tmpdir=/tmp


[Wed Sep 14 13:41:55 2022]
rule fastTree:
    input: test/msa/gene_aln_215.fa
    output: test/geneTree/gene_tree_215.newick
    jobid: 215
    reason: Missing output files: test/geneTree/gene_tree_215.newick
    wildcards: id=215
    resources: tmpdir=/tmp


[Wed Sep 14 13:41:55 2022]
rule fastTree:
    input: test/msa/gene_aln_245.fa
    output: test/geneTree/gene_tree_245.newick
    jobid: 245
    reason: Missing output files: test/geneTree/gene_tree_245.newick
    wildcards: id=245
    resources: tmpdir=/tmp


[Wed Sep 14 13:41:55 2022]
rule fastTree:
    input: test/msa/gene_aln_36.fa
    output: test/geneTree/gene_tree_36.newick
    jobid: 36
    reason: Missing output files: test/geneTree/gene_tree_36.newick
    wildcards: id=36
    resources: tmpdir=/tmp


[Wed Sep 14 13:41:55 2022]
rule fastTree:
    input: test/msa/gene_aln_96.fa
    output: test/geneTree/gene_tree_96.newick
    jobid: 96
    reason: Missing output files: test/geneTree/gene_tree_96.newick
    wildcards: id=96
    resources: tmpdir=/tmp


[Wed Sep 14 13:41:55 2022]
rule fastTree:
    input: test/msa/gene_aln_6.fa
    output: test/geneTree/gene_tree_6.newick
    jobid: 6
    reason: Missing output files: test/geneTree/gene_tree_6.newick
    wildcards: id=6
    resources: tmpdir=/tmp


[Wed Sep 14 13:41:55 2022]
rule fastTree:
    input: test/msa/gene_aln_66.fa
    output: test/geneTree/gene_tree_66.newick
    jobid: 66
    reason: Missing output files: test/geneTree/gene_tree_66.newick
    wildcards: id=66
    resources: tmpdir=/tmp


[Wed Sep 14 13:41:55 2022]
[Wed Sep 14 13:41:55 2022]
Error in rule fastTree:
    jobid: 5
    output: test/geneTree/gene_tree_5.newick
    shell:
        ./treeBuilder/ftWrapper.sh test/msa/gene_aln_5.fa test/geneTree/gene_tree_5.newick
        (one of the commands exited with non-zero exit code; note that snakemake uses bash strict mode!)

rule fastTree:
    input: test/msa/gene_aln_126.fa
    output: test/geneTree/gene_tree_126.newick
    jobid: 126
    reason: Missing output files: test/geneTree/gene_tree_126.newick
    wildcards: id=126
    resources: tmpdir=/tmp


[Wed Sep 14 13:41:55 2022]
rule fastTree:
    input: test/msa/gene_aln_37.fa
    output: test/geneTree/gene_tree_37.newick
    jobid: 37
    reason: Missing output files: test/geneTree/gene_tree_37.newick
    wildcards: id=37
    resources: tmpdir=/tmp


[Wed Sep 14 13:41:55 2022]
rule fastTree:
    input: test/msa/gene_aln_97.fa
    output: test/geneTree/gene_tree_97.newick
    jobid: 97
    reason: Missing output files: test/geneTree/gene_tree_97.newick
    wildcards: id=97
    resources: tmpdir=/tmp


[Wed Sep 14 13:41:55 2022]
rule fastTree:
    input: test/msa/gene_aln_7.fa
    output: test/geneTree/gene_tree_7.newick
    jobid: 7
    reason: Missing output files: test/geneTree/gene_tree_7.newick
    wildcards: id=7
    resources: tmpdir=/tmp


[Wed Sep 14 13:41:55 2022]
rule fastTree:
    input: test/msa/gene_aln_67.fa
    output: test/geneTree/gene_tree_67.newick
    jobid: 67
    reason: Missing output files: test/geneTree/gene_tree_67.newick
    wildcards: id=67
    resources: tmpdir=/tmp


[Wed Sep 14 13:41:55 2022]
rule fastTree:
    input: test/msa/gene_aln_127.fa
    output: test/geneTree/gene_tree_127.newick
    jobid: 127
    reason: Missing output files: test/geneTree/gene_tree_127.newick
    wildcards: id=127
    resources: tmpdir=/tmp


[Wed Sep 14 13:41:55 2022]
rule fastTree:
    input: test/msa/gene_aln_157.fa
    output: test/geneTree/gene_tree_157.newick
    jobid: 157
    reason: Missing output files: test/geneTree/gene_tree_157.newick
    wildcards: id=157
    resources: tmpdir=/tmp


[Wed Sep 14 13:41:55 2022]
rule fastTree:
    input: test/msa/gene_aln_187.fa
    output: test/geneTree/gene_tree_187.newick
    jobid: 187
    reason: Missing output files: test/geneTree/gene_tree_187.newick
    wildcards: id=187
    resources: tmpdir=/tmp


[Wed Sep 14 13:41:55 2022]
rule fastTree:
    input: test/msa/gene_aln_217.fa
    output: test/geneTree/gene_tree_217.newick
    jobid: 217
    reason: Missing output files: test/geneTree/gene_tree_217.newick
    wildcards: id=217
    resources: tmpdir=/tmp


[Wed Sep 14 13:41:55 2022]
[Wed Sep 14 13:41:55 2022]
rule fastTree:
    input: test/msa/gene_aln_247.fa
    output: test/geneTree/gene_tree_247.newick
    jobid: 247
    reason: Missing output files: test/geneTree/gene_tree_247.newick
    wildcards: id=247
    resources: tmpdir=/tmp
Error in rule fastTree:
    jobid: 7
    output: test/geneTree/gene_tree_7.newick
    shell:
        ./treeBuilder/ftWrapper.sh test/msa/gene_aln_7.fa test/geneTree/gene_tree_7.newick
        (one of the commands exited with non-zero exit code; note that snakemake uses bash strict mode!)


[Wed Sep 14 13:41:55 2022]
Error in rule fastTree:
    jobid: 97
    output: test/geneTree/gene_tree_97.newick
    shell:
        ./treeBuilder/ftWrapper.sh test/msa/gene_aln_97.fa test/geneTree/gene_tree_97.newick
        (one of the commands exited with non-zero exit code; note that snakemake uses bash strict mode!)

[Wed Sep 14 13:41:55 2022]
Error in rule fastTree:
    jobid: 37
    output: test/geneTree/gene_tree_37.newick
    shell:
        ./treeBuilder/ftWrapper.sh test/msa/gene_aln_37.fa test/geneTree/gene_tree_37.newick
        (one of the commands exited with non-zero exit code; note that snakemake uses bash strict mode!)


[Wed Sep 14 13:41:55 2022]
rule fastTree:
    input: test/msa/gene_aln_277.fa
    output: test/geneTree/gene_tree_277.newick
    jobid: 277
    reason: Missing output files: test/geneTree/gene_tree_277.newick
    wildcards: id=277
    resources: tmpdir=/tmp

[Wed Sep 14 13:41:55 2022]
Finished job 217.
1 of 301 steps (0.3%) done
Removing output files of failed job fastTree since they might be corrupted:
test/geneTree/gene_tree_5.newick
Removing output files of failed job fastTree since they might be corrupted:
test/geneTree/gene_tree_7.newick
Removing output files of failed job fastTree since they might be corrupted:
test/geneTree/gene_tree_97.newick
Removing output files of failed job fastTree since they might be corrupted:
test/geneTree/gene_tree_37.newick
[Wed Sep 14 13:41:55 2022]
Finished job 126.
2 of 301 steps (1%) done
[Wed Sep 14 13:41:55 2022]
Finished job 96.
3 of 301 steps (1%) done
[Wed Sep 14 13:41:56 2022]
Finished job 67.
4 of 301 steps (1%) done
[Wed Sep 14 13:41:56 2022]
Finished job 220.
5 of 301 steps (2%) done
[Wed Sep 14 13:41:56 2022]
Finished job 36.
6 of 301 steps (2%) done
[Wed Sep 14 13:41:56 2022]
Finished job 185.
7 of 301 steps (2%) done
[Wed Sep 14 13:41:56 2022]
Finished job 65.
8 of 301 steps (3%) done
[Wed Sep 14 13:41:56 2022]
Finished job 274.
9 of 301 steps (3%) done
[Wed Sep 14 13:41:56 2022]
Finished job 277.
10 of 301 steps (3%) done
[Wed Sep 14 13:41:56 2022]
Finished job 11.
11 of 301 steps (4%) done
[Wed Sep 14 13:41:56 2022]
Finished job 35.
12 of 301 steps (4%) done
[Wed Sep 14 13:41:56 2022]
Finished job 244.
13 of 301 steps (4%) done
[Wed Sep 14 13:41:56 2022]
Finished job 6.
14 of 301 steps (5%) done
[Wed Sep 14 13:41:57 2022]
Finished job 250.
15 of 301 steps (5%) done
[Wed Sep 14 13:41:57 2022]
Finished job 98.
16 of 301 steps (5%) done
[Wed Sep 14 13:41:57 2022]
Finished job 275.
17 of 301 steps (6%) done
[Wed Sep 14 13:41:57 2022]
Finished job 155.
18 of 301 steps (6%) done
[Wed Sep 14 13:41:57 2022]
Finished job 127.
19 of 301 steps (6%) done
[Wed Sep 14 13:41:57 2022]
Finished job 66.
20 of 301 steps (7%) done
[Wed Sep 14 13:41:57 2022]
Finished job 215.
21 of 301 steps (7%) done
[Wed Sep 14 13:41:57 2022]
Finished job 214.
22 of 301 steps (7%) done
[Wed Sep 14 13:41:58 2022]
Finished job 95.
23 of 301 steps (8%) done
[Wed Sep 14 13:42:01 2022]
Finished job 157.
24 of 301 steps (8%) done
[Wed Sep 14 13:42:01 2022]
Finished job 187.
25 of 301 steps (8%) done
[Wed Sep 14 13:42:01 2022]
Finished job 245.
26 of 301 steps (9%) done
[Wed Sep 14 13:42:02 2022]
Finished job 247.
27 of 301 steps (9%) done
[Wed Sep 14 13:42:08 2022]
Finished job 125.
28 of 301 steps (9%) done
Shutting down, this might take some time.
Exiting because a job execution failed. Look above for error message
Complete log: .snakemake/log/2022-09-14T134155.365144.snakemake.log
