Building DAG of jobs...
Using shell: /usr/bin/bash
Provided cores: 16
Rules claiming more threads will be scaled down.
Job stats:
job      count    min threads    max threads
-----  -------  -------------  -------------
all          1              1              1
lastz        1              1              1
total        2              1              1

Select jobs to execute...

[Tue Aug 23 03:15:42 2022]
rule lastz:
    input: sequence_select/out.fasta, ../genomes_top40/GCA_008658365.1.fa
    output: test/GCA_008658365.1.maf
    jobid: 1
    reason: Missing output files: test/GCA_008658365.1.maf
    wildcards: samples=GCA_008658365.1
    resources: tmpdir=/tmp

Terminating processes on user request, this might take some time.
[Tue Aug 23 03:15:49 2022]
Error in rule lastz:
    jobid: 1
    output: test/GCA_008658365.1.maf
    shell:
        /home/AD.UCSD.EDU/ttl074/lastz-distrib/bin/lastz_32 ../genomes_top40/GCA_008658365.1.fa[multiple] sequence_select/out.fasta[multiple] --filter=coverage:70 --filter=identity:70 --output=test/GCA_008658365.1.maf
        (one of the commands exited with non-zero exit code; note that snakemake uses bash strict mode!)

Complete log: .snakemake/log/2022-08-23T031542.088634.snakemake.log
