Building DAG of jobs...
Using shell: /usr/bin/bash
Provided cores: 16
Rules claiming more threads will be scaled down.
Job stats:
job                count    min threads    max threads
---------------  -------  -------------  -------------
all                    1              1              1
get_seeding            1              1              1
lastz                  1              1              1
sequence_select        1             16             16
total                  4              1             16

Select jobs to execute...

[Tue Aug 23 03:22:19 2022]
rule get_seeding:
    input: ../genomes_top40
    output: sequence_select/index.csv
    jobid: 3
    reason: Missing output files: sequence_select/index.csv
    resources: tmpdir=/tmp

[Tue Aug 23 03:22:19 2022]
Finished job 3.
1 of 4 steps (25%) done
Select jobs to execute...

[Tue Aug 23 03:22:19 2022]
rule sequence_select:
    input: sequence_select/index.csv, ../genomes_top40
    output: sequence_select/out.fasta
    jobid: 2
    reason: Missing output files: sequence_select/out.fasta; Input files updated by another job: sequence_select/index.csv
    threads: 16
    resources: tmpdir=/tmp

[Tue Aug 23 03:22:29 2022]
Finished job 2.
2 of 4 steps (50%) done
Select jobs to execute...

[Tue Aug 23 03:22:29 2022]
rule lastz:
    input: sequence_select/out.fasta, ../genomes_top40/GCA_008658365.1.fa
    output: test/GCA_008658365.1.maf
    jobid: 1
    reason: Missing output files: test/GCA_008658365.1.maf; Input files updated by another job: sequence_select/out.fasta
    wildcards: samples=GCA_008658365.1
    resources: tmpdir=/tmp

[Tue Aug 23 03:24:42 2022]
Finished job 1.
3 of 4 steps (75%) done
Select jobs to execute...

[Tue Aug 23 03:24:42 2022]
localrule all:
    input: test/GCA_008658365.1.maf
    jobid: 0
    reason: Input files updated by another job: test/GCA_008658365.1.maf
    resources: tmpdir=/tmp

[Tue Aug 23 03:24:42 2022]
Finished job 0.
4 of 4 steps (100%) done
Complete log: .snakemake/log/2022-08-23T032218.970092.snakemake.log
