Building DAG of jobs...
Using shell: /usr/bin/bash
Provided cores: 32
Rules claiming more threads will be scaled down.
Conda environments: ignored
Job stats:
job                count    min threads    max threads
---------------  -------  -------------  -------------
all                    1              1              1
lastz                164              1              1
lastz2fasta            1              1              1
mafft                300              1              1
sequence_merge         1              1              1
sequence_select      164              1              1
total                631              1              1

Select jobs to execute...

[Tue Sep 13 22:31:36 2022]
rule sequence_select:
    input: ../genomes_top40/GCF_000696875.1.fa
    output: test/samples/GCF_000696875.1_temp.fa
    jobid: 128
    reason: Missing output files: test/samples/GCF_000696875.1_temp.fa; Params have changed since last execution
    wildcards: sample=GCF_000696875.1
    resources: tmpdir=/tmp


[Tue Sep 13 22:31:36 2022]
rule sequence_select:
    input: ../genomes_top40/GCA_008822125.1.fa
    output: test/samples/GCA_008822125.1_temp.fa
    jobid: 38
    reason: Missing output files: test/samples/GCA_008822125.1_temp.fa; Params have changed since last execution
    wildcards: sample=GCA_008822125.1
    resources: tmpdir=/tmp


[Tue Sep 13 22:31:36 2022]
rule sequence_select:
    input: ../genomes_top40/GCA_009769465.1.fa
    output: test/samples/GCA_009769465.1_temp.fa
    jobid: 16
    reason: Missing output files: test/samples/GCA_009769465.1_temp.fa; Params have changed since last execution
    wildcards: sample=GCA_009769465.1
    resources: tmpdir=/tmp


[Tue Sep 13 22:31:36 2022]
rule sequence_select:
    input: ../genomes_top40/GCA_901699155.2.fa
    output: test/samples/GCA_901699155.2_temp.fa
    jobid: 45
    reason: Missing output files: test/samples/GCA_901699155.2_temp.fa; Params have changed since last execution
    wildcards: sample=GCA_901699155.2
    resources: tmpdir=/tmp


[Tue Sep 13 22:31:36 2022]
rule sequence_select:
    input: ../genomes_top40/GCF_017590055.1.fa
    output: test/samples/GCF_017590055.1_temp.fa
    jobid: 76
    reason: Missing output files: test/samples/GCF_017590055.1_temp.fa; Params have changed since last execution
    wildcards: sample=GCF_017590055.1
    resources: tmpdir=/tmp


[Tue Sep 13 22:31:36 2022]
rule sequence_select:
    input: ../genomes_top40/GCA_903797595.2.fa
    output: test/samples/GCA_903797595.2_temp.fa
    jobid: 166
    reason: Missing output files: test/samples/GCA_903797595.2_temp.fa; Params have changed since last execution
    wildcards: sample=GCA_903797595.2
    resources: tmpdir=/tmp


[Tue Sep 13 22:31:36 2022]
rule sequence_select:
    input: ../genomes_top40/GCF_003957565.2.fa
    output: test/samples/GCF_003957565.2_temp.fa
    jobid: 46
    reason: Missing output files: test/samples/GCF_003957565.2_temp.fa; Params have changed since last execution
    wildcards: sample=GCF_003957565.2
    resources: tmpdir=/tmp


[Tue Sep 13 22:31:36 2022]
rule sequence_select:
    input: ../genomes_top40/GCF_003259725.1.fa
    output: test/samples/GCF_003259725.1_temp.fa
    jobid: 106
    reason: Missing output files: test/samples/GCF_003259725.1_temp.fa; Params have changed since last execution
    wildcards: sample=GCF_003259725.1
    resources: tmpdir=/tmp


[Tue Sep 13 22:31:36 2022]
rule sequence_select:
    input: ../genomes_top40/GCF_001604755.1.fa
    output: test/samples/GCF_001604755.1_temp.fa
    jobid: 136
    reason: Missing output files: test/samples/GCF_001604755.1_temp.fa; Params have changed since last execution
    wildcards: sample=GCF_001604755.1
    resources: tmpdir=/tmp


[Tue Sep 13 22:31:36 2022]
rule sequence_select:
    input: ../genomes_top40/GCF_003850225.1.fa
    output: test/samples/GCF_003850225.1_temp.fa
    jobid: 9
    reason: Missing output files: test/samples/GCF_003850225.1_temp.fa; Params have changed since last execution
    wildcards: sample=GCF_003850225.1
    resources: tmpdir=/tmp


[Tue Sep 13 22:31:36 2022]
rule sequence_select:
    input: ../genomes_top40/GCF_003343035.1.fa
    output: test/samples/GCF_003343035.1_temp.fa
    jobid: 17
    reason: Missing output files: test/samples/GCF_003343035.1_temp.fa; Params have changed since last execution
    wildcards: sample=GCF_003343035.1
    resources: tmpdir=/tmp


[Tue Sep 13 22:31:36 2022]
rule sequence_select:
    input: ../genomes_top40/GCF_001431845.1.fa
    output: test/samples/GCF_001431845.1_temp.fa
    jobid: 77
    reason: Missing output files: test/samples/GCF_001431845.1_temp.fa; Params have changed since last execution
    wildcards: sample=GCF_001431845.1
    resources: tmpdir=/tmp


[Tue Sep 13 22:31:36 2022]
rule sequence_select:
    input: ../genomes_top40/GCA_012275265.1.fa
    output: test/samples/GCA_012275265.1_temp.fa
    jobid: 167
    reason: Missing output files: test/samples/GCA_012275265.1_temp.fa; Params have changed since last execution
    wildcards: sample=GCA_012275265.1
    resources: tmpdir=/tmp


[Tue Sep 13 22:31:36 2022]
rule sequence_select:
    input: ../genomes_top40/GCF_009829145.1.fa
    output: test/samples/GCF_009829145.1_temp.fa
    jobid: 47
    reason: Missing output files: test/samples/GCF_009829145.1_temp.fa; Params have changed since last execution
    wildcards: sample=GCF_009829145.1
    resources: tmpdir=/tmp


[Tue Sep 13 22:31:36 2022]
rule sequence_select:
    input: ../genomes_top40/GCA_014839835.1.fa
    output: test/samples/GCA_014839835.1_temp.fa
    jobid: 107
    reason: Missing output files: test/samples/GCA_014839835.1_temp.fa; Params have changed since last execution
    wildcards: sample=GCA_014839835.1
    resources: tmpdir=/tmp


[Tue Sep 13 22:31:36 2022]
rule sequence_select:
    input: ../genomes_top40/GCA_020740795.1.fa
    output: test/samples/GCA_020740795.1_temp.fa
    jobid: 137
    reason: Missing output files: test/samples/GCA_020740795.1_temp.fa; Params have changed since last execution
    wildcards: sample=GCA_020740795.1
    resources: tmpdir=/tmp


[Tue Sep 13 22:31:36 2022]
rule sequence_select:
    input: ../genomes_top40/GCA_013030995.1.fa
    output: test/samples/GCA_013030995.1_temp.fa
    jobid: 18
    reason: Missing output files: test/samples/GCA_013030995.1_temp.fa; Params have changed since last execution
    wildcards: sample=GCA_013030995.1
    resources: tmpdir=/tmp


[Tue Sep 13 22:31:36 2022]
rule sequence_select:
    input: ../genomes_top40/GCF_003945725.1.fa
    output: test/samples/GCF_003945725.1_temp.fa
    jobid: 78
    reason: Missing output files: test/samples/GCF_003945725.1_temp.fa; Params have changed since last execution
    wildcards: sample=GCF_003945725.1
    resources: tmpdir=/tmp


[Tue Sep 13 22:31:36 2022]
rule sequence_select:
    input: ../genomes_top40/GCF_000709895.1.fa
    output: test/samples/GCF_000709895.1_temp.fa
    jobid: 168
    reason: Missing output files: test/samples/GCF_000709895.1_temp.fa; Params have changed since last execution
    wildcards: sample=GCF_000709895.1
    resources: tmpdir=/tmp


[Tue Sep 13 22:31:36 2022]
rule sequence_select:
    input: ../genomes_top40/GCA_901699165.1.fa
    output: test/samples/GCA_901699165.1_temp.fa
    jobid: 132
    reason: Missing output files: test/samples/GCA_901699165.1_temp.fa; Params have changed since last execution
    wildcards: sample=GCA_901699165.1
    resources: tmpdir=/tmp


[Tue Sep 13 22:31:36 2022]
rule sequence_select:
    input: ../genomes_top40/GCA_009829205.1.fa
    output: test/samples/GCA_009829205.1_temp.fa
    jobid: 162
    reason: Missing output files: test/samples/GCA_009829205.1_temp.fa; Params have changed since last execution
    wildcards: sample=GCA_009829205.1
    resources: tmpdir=/tmp


[Tue Sep 13 22:31:36 2022]
rule sequence_select:
    input: ../genomes_top40/GCF_000705375.1.fa
    output: test/samples/GCF_000705375.1_temp.fa
    jobid: 42
    reason: Missing output files: test/samples/GCF_000705375.1_temp.fa; Params have changed since last execution
    wildcards: sample=GCF_000705375.1
    resources: tmpdir=/tmp


[Tue Sep 13 22:31:36 2022]
rule sequence_select:
    input: ../genomes_top40/GCF_000971095.1.fa
    output: test/samples/GCF_000971095.1_temp.fa
    jobid: 102
    reason: Missing output files: test/samples/GCF_000971095.1_temp.fa; Params have changed since last execution
    wildcards: sample=GCF_000971095.1
    resources: tmpdir=/tmp


[Tue Sep 13 22:31:36 2022]
rule sequence_select:
    input: ../genomes_top40/GCA_011004865.1.fa
    output: test/samples/GCA_011004865.1_temp.fa
    jobid: 105
    reason: Missing output files: test/samples/GCA_011004865.1_temp.fa; Params have changed since last execution
    wildcards: sample=GCA_011004865.1
    resources: tmpdir=/tmp


[Tue Sep 13 22:31:36 2022]
rule sequence_select:
    input: ../genomes_top40/GCF_015832195.1.fa
    output: test/samples/GCF_015832195.1_temp.fa
    jobid: 73
    reason: Missing output files: test/samples/GCF_015832195.1_temp.fa; Params have changed since last execution
    wildcards: sample=GCF_015832195.1
    resources: tmpdir=/tmp


[Tue Sep 13 22:31:36 2022]
rule sequence_select:
    input: ../genomes_top40/GCF_015476345.1.fa
    output: test/samples/GCF_015476345.1_temp.fa
    jobid: 13
    reason: Missing output files: test/samples/GCF_015476345.1_temp.fa; Params have changed since last execution
    wildcards: sample=GCF_015476345.1
    resources: tmpdir=/tmp


[Tue Sep 13 22:31:36 2022]
rule sequence_select:
    input: ../genomes_top40/GCF_000247815.1.fa
    output: test/samples/GCF_000247815.1_temp.fa
    jobid: 43
    reason: Missing output files: test/samples/GCF_000247815.1_temp.fa; Params have changed since last execution
    wildcards: sample=GCF_000247815.1
    resources: tmpdir=/tmp


[Tue Sep 13 22:31:36 2022]
rule sequence_select:
    input: ../genomes_top40/GCF_000738735.5.fa
    output: test/samples/GCF_000738735.5_temp.fa
    jobid: 103
    reason: Missing output files: test/samples/GCF_000738735.5_temp.fa; Params have changed since last execution
    wildcards: sample=GCF_000738735.5
    resources: tmpdir=/tmp


[Tue Sep 13 22:31:36 2022]
rule sequence_select:
    input: ../genomes_top40/GCF_901933205.1.fa
    output: test/samples/GCF_901933205.1_temp.fa
    jobid: 163
    reason: Missing output files: test/samples/GCF_901933205.1_temp.fa; Params have changed since last execution
    wildcards: sample=GCF_901933205.1
    resources: tmpdir=/tmp


[Tue Sep 13 22:31:36 2022]
rule sequence_select:
    input: ../genomes_top40/GCA_013368605.1.fa
    output: test/samples/GCA_013368605.1_temp.fa
    jobid: 15
    reason: Missing output files: test/samples/GCA_013368605.1_temp.fa; Params have changed since last execution
    wildcards: sample=GCA_013368605.1
    resources: tmpdir=/tmp


[Tue Sep 13 22:31:36 2022]
rule sequence_select:
    input: ../genomes_top40/GCF_000691975.1.fa
    output: test/samples/GCF_000691975.1_temp.fa
    jobid: 135
    reason: Missing output files: test/samples/GCF_000691975.1_temp.fa; Params have changed since last execution
    wildcards: sample=GCF_000691975.1
    resources: tmpdir=/tmp


[Tue Sep 13 22:31:36 2022]
rule sequence_select:
    input: ../genomes_top40/GCA_009819645.1.fa
    output: test/samples/GCA_009819645.1_temp.fa
    jobid: 165
    reason: Missing output files: test/samples/GCA_009819645.1_temp.fa; Params have changed since last execution
    wildcards: sample=GCA_009819645.1
    resources: tmpdir=/tmp

[Tue Sep 13 22:31:43 2022]
Finished job 132.
1 of 631 steps (0.2%) done
Select jobs to execute...

[Tue Sep 13 22:31:43 2022]
rule sequence_select:
    input: ../genomes_top40/GCF_013377495.1.fa
    output: test/samples/GCF_013377495.1_temp.fa
    jobid: 67
    reason: Missing output files: test/samples/GCF_013377495.1_temp.fa; Params have changed since last execution
    wildcards: sample=GCF_013377495.1
    resources: tmpdir=/tmp

[Tue Sep 13 22:31:43 2022]
Finished job 162.
2 of 631 steps (0.3%) done
Select jobs to execute...

[Tue Sep 13 22:31:43 2022]
rule sequence_select:
    input: ../genomes_top40/GCA_902806625.1.fa
    output: test/samples/GCA_902806625.1_temp.fa
    jobid: 127
    reason: Missing output files: test/samples/GCA_902806625.1_temp.fa; Params have changed since last execution
    wildcards: sample=GCA_902806625.1
    resources: tmpdir=/tmp

[Tue Sep 13 22:31:43 2022]
Finished job 128.
3 of 631 steps (0.5%) done
Select jobs to execute...

[Tue Sep 13 22:31:43 2022]
rule sequence_select:
    input: ../genomes_top40/GCA_009859065.2.fa
    output: test/samples/GCA_009859065.2_temp.fa
    jobid: 157
    reason: Missing output files: test/samples/GCA_009859065.2_temp.fa
    wildcards: sample=GCA_009859065.2
    resources: tmpdir=/tmp

[Tue Sep 13 22:31:43 2022]
Finished job 105.
4 of 631 steps (1%) done
Select jobs to execute...

[Tue Sep 13 22:31:43 2022]
rule sequence_select:
    input: ../genomes_top40/GCF_017639655.2.fa
    output: test/samples/GCF_017639655.2_temp.fa
    jobid: 100
    reason: Missing output files: test/samples/GCF_017639655.2_temp.fa; Params have changed since last execution
    wildcards: sample=GCF_017639655.2
    resources: tmpdir=/tmp

[Tue Sep 13 22:31:43 2022]
Finished job 42.
5 of 631 steps (1%) done
Select jobs to execute...

[Tue Sep 13 22:31:43 2022]
rule sequence_select:
    input: ../genomes_top40/GCA_902153765.1.fa
    output: test/samples/GCA_902153765.1_temp.fa
    jobid: 130
    reason: Missing output files: test/samples/GCA_902153765.1_temp.fa; Params have changed since last execution
    wildcards: sample=GCA_902153765.1
    resources: tmpdir=/tmp

[Tue Sep 13 22:31:44 2022]
Finished job 76.
6 of 631 steps (1%) done
Select jobs to execute...

[Tue Sep 13 22:31:44 2022]
rule sequence_select:
    input: ../genomes_top40/GCA_003342835.1.fa
    output: test/samples/GCA_003342835.1_temp.fa
    jobid: 71
    reason: Missing output files: test/samples/GCA_003342835.1_temp.fa; Params have changed since last execution
    wildcards: sample=GCA_003342835.1
    resources: tmpdir=/tmp

[Tue Sep 13 22:31:44 2022]
Finished job 136.
7 of 631 steps (1%) done
Select jobs to execute...

[Tue Sep 13 22:31:44 2022]
rule sequence_select:
    input: ../genomes_top40/GCF_020740725.1.fa
    output: test/samples/GCF_020740725.1_temp.fa
    jobid: 161
    reason: Missing output files: test/samples/GCF_020740725.1_temp.fa; Params have changed since last execution
    wildcards: sample=GCF_020740725.1
    resources: tmpdir=/tmp

[Tue Sep 13 22:31:44 2022]
Finished job 168.
8 of 631 steps (1%) done
Select jobs to execute...

[Tue Sep 13 22:31:44 2022]
rule sequence_select:
    input: ../genomes_top40/GCF_009650955.1.fa
    output: test/samples/GCF_009650955.1_temp.fa
    jobid: 101
    reason: Missing output files: test/samples/GCF_009650955.1_temp.fa
    wildcards: sample=GCF_009650955.1
    resources: tmpdir=/tmp

[Tue Sep 13 22:31:44 2022]
Finished job 103.
9 of 631 steps (1%) done
Select jobs to execute...

[Tue Sep 13 22:31:44 2022]
rule sequence_select:
    input: ../genomes_top40/GCF_007115625.1.fa
    output: test/samples/GCF_007115625.1_temp.fa
    jobid: 12
    reason: Missing output files: test/samples/GCF_007115625.1_temp.fa; Params have changed since last execution
    wildcards: sample=GCF_007115625.1
    resources: tmpdir=/tmp

[Tue Sep 13 22:31:44 2022]
Finished job 78.
10 of 631 steps (2%) done
Select jobs to execute...

[Tue Sep 13 22:31:44 2022]
rule sequence_select:
    input: ../genomes_top40/GCA_020800305.1.fa
    output: test/samples/GCA_020800305.1_temp.fa
    jobid: 133
    reason: Missing output files: test/samples/GCA_020800305.1_temp.fa; Params have changed since last execution
    wildcards: sample=GCA_020800305.1
    resources: tmpdir=/tmp

[Tue Sep 13 22:31:44 2022]
Finished job 135.
11 of 631 steps (2%) done
Select jobs to execute...

[Tue Sep 13 22:31:44 2022]
rule sequence_select:
    input: ../genomes_top40/GCF_017639235.1.fa
    output: test/samples/GCF_017639235.1_temp.fa
    jobid: 134
    reason: Missing output files: test/samples/GCF_017639235.1_temp.fa; Params have changed since last execution
    wildcards: sample=GCF_017639235.1
    resources: tmpdir=/tmp

[Tue Sep 13 22:31:44 2022]
Finished job 102.
12 of 631 steps (2%) done
Select jobs to execute...

[Tue Sep 13 22:31:44 2022]
rule sequence_select:
    input: ../genomes_top40/GCF_001715985.3.fa
    output: test/samples/GCF_001715985.3_temp.fa
    jobid: 164
    reason: Missing output files: test/samples/GCF_001715985.3_temp.fa; Params have changed since last execution
    wildcards: sample=GCF_001715985.3
    resources: tmpdir=/tmp

[Tue Sep 13 22:31:44 2022]
Finished job 18.
13 of 631 steps (2%) done
Select jobs to execute...

[Tue Sep 13 22:31:44 2022]
rule sequence_select:
    input: ../genomes_top40/GCF_000238935.1.fa
    output: test/samples/GCF_000238935.1_temp.fa
    jobid: 44
    reason: Missing output files: test/samples/GCF_000238935.1_temp.fa; Params have changed since last execution
    wildcards: sample=GCF_000238935.1
    resources: tmpdir=/tmp

[Tue Sep 13 22:31:44 2022]
Finished job 38.
14 of 631 steps (2%) done
[Tue Sep 13 22:31:44 2022]
Finished job 163.
15 of 631 steps (2%) done
[Tue Sep 13 22:31:45 2022]
Finished job 46.
16 of 631 steps (3%) done
Select jobs to execute...

[Tue Sep 13 22:31:45 2022]
rule sequence_select:
    input: ../genomes_top40/GCF_001522545.3.fa
    output: test/samples/GCF_001522545.3_temp.fa
    jobid: 58
    reason: Missing output files: test/samples/GCF_001522545.3_temp.fa; Params have changed since last execution
    wildcards: sample=GCF_001522545.3
    resources: tmpdir=/tmp


[Tue Sep 13 22:31:45 2022]
rule sequence_select:
    input: ../genomes_top40/GCA_009764595.1.fa
    output: test/samples/GCA_009764595.1_temp.fa
    jobid: 26
    reason: Missing output files: test/samples/GCA_009764595.1_temp.fa
    wildcards: sample=GCA_009764595.1
    resources: tmpdir=/tmp


[Tue Sep 13 22:31:45 2022]
rule sequence_select:
    input: ../genomes_top40/GCA_020745775.1.fa
    output: test/samples/GCA_020745775.1_temp.fa
    jobid: 88
    reason: Missing output files: test/samples/GCA_020745775.1_temp.fa; Params have changed since last execution
    wildcards: sample=GCA_020745775.1
    resources: tmpdir=/tmp

Select jobs to execute...
[Tue Sep 13 22:31:45 2022]
Finished job 17.
17 of 631 steps (3%) done

[Tue Sep 13 22:31:45 2022]
rule sequence_select:
    input: ../genomes_top40/GCF_000690775.1.fa
    output: test/samples/GCF_000690775.1_temp.fa
    jobid: 138
    reason: Missing output files: test/samples/GCF_000690775.1_temp.fa; Params have changed since last execution
    wildcards: sample=GCF_000690775.1
    resources: tmpdir=/tmp

[Tue Sep 13 22:31:45 2022]
Finished job 47.
18 of 631 steps (3%) done
Select jobs to execute...

[Tue Sep 13 22:31:45 2022]
rule sequence_select:
    input: ../genomes_top40/GCA_905368555.1.fa
    output: test/samples/GCA_905368555.1_temp.fa
    jobid: 108
    reason: Missing output files: test/samples/GCA_905368555.1_temp.fa; Params have changed since last execution
    wildcards: sample=GCA_905368555.1
    resources: tmpdir=/tmp

[Tue Sep 13 22:31:45 2022]
Finished job 166.
19 of 631 steps (3%) done
[Tue Sep 13 22:31:45 2022]
Finished job 137.
20 of 631 steps (3%) done
Select jobs to execute...

[Tue Sep 13 22:31:45 2022]
rule sequence_select:
    input: ../genomes_top40/GCF_003031625.1.fa
    output: test/samples/GCF_003031625.1_temp.fa
    jobid: 56
    reason: Missing output files: test/samples/GCF_003031625.1_temp.fa
    wildcards: sample=GCF_003031625.1
    resources: tmpdir=/tmp


[Tue Sep 13 22:31:45 2022]
rule sequence_select:
    input: ../genomes_top40/GCA_009651025.1.fa
    output: test/samples/GCA_009651025.1_temp.fa
    jobid: 149
    reason: Missing output files: test/samples/GCA_009651025.1_temp.fa
    wildcards: sample=GCA_009651025.1
    resources: tmpdir=/tmp

Select jobs to execute...
[Tue Sep 13 22:31:45 2022]
Finished job 9.
21 of 631 steps (3%) done

[Tue Sep 13 22:31:45 2022]
rule sequence_select:
    input: ../genomes_top40/GCA_019023105.1.fa
    output: test/samples/GCA_019023105.1_temp.fa
    jobid: 49
    reason: Missing output files: test/samples/GCA_019023105.1_temp.fa; Params have changed since last execution
    wildcards: sample=GCA_019023105.1
    resources: tmpdir=/tmp

[Tue Sep 13 22:31:45 2022]
Finished job 165.
22 of 631 steps (3%) done
Select jobs to execute...

[Tue Sep 13 22:31:45 2022]
rule sequence_select:
    input: ../genomes_top40/GCF_000747805.2.fa
    output: test/samples/GCF_000747805.2_temp.fa
    jobid: 139
    reason: Missing output files: test/samples/GCF_000747805.2_temp.fa; Params have changed since last execution
    wildcards: sample=GCF_000747805.2
    resources: tmpdir=/tmp

[Tue Sep 13 22:31:45 2022]
Finished job 77.
23 of 631 steps (4%) done
Select jobs to execute...

[Tue Sep 13 22:31:45 2022]
rule sequence_select:
    input: ../genomes_top40/GCF_000695195.1.fa
    output: test/samples/GCF_000695195.1_temp.fa
    jobid: 80
    reason: Missing output files: test/samples/GCF_000695195.1_temp.fa; Params have changed since last execution
    wildcards: sample=GCF_000695195.1
    resources: tmpdir=/tmp

[Tue Sep 13 22:31:45 2022]
Finished job 167.
24 of 631 steps (4%) done
Select jobs to execute...

[Tue Sep 13 22:31:45 2022]
rule sequence_select:
    input: ../genomes_top40/GCA_907165065.1.fa
    output: test/samples/GCA_907165065.1_temp.fa
    jobid: 50
    reason: Missing output files: test/samples/GCA_907165065.1_temp.fa; Params have changed since last execution
    wildcards: sample=GCA_907165065.1
    resources: tmpdir=/tmp

[Tue Sep 13 22:31:45 2022]
Finished job 43.
25 of 631 steps (4%) done
Select jobs to execute...

[Tue Sep 13 22:31:45 2022]
rule sequence_select:
    input: ../genomes_top40/GCA_003413605.1.fa
    output: test/samples/GCA_003413605.1_temp.fa
    jobid: 110
    reason: Missing output files: test/samples/GCA_003413605.1_temp.fa; Params have changed since last execution
    wildcards: sample=GCA_003413605.1
    resources: tmpdir=/tmp

[Tue Sep 13 22:31:45 2022]
Finished job 73.
26 of 631 steps (4%) done
Select jobs to execute...

[Tue Sep 13 22:31:45 2022]
rule sequence_select:
    input: ../genomes_top40/GCA_009819825.1.fa
    output: test/samples/GCA_009819825.1_temp.fa
    jobid: 81
    reason: Missing output files: test/samples/GCA_009819825.1_temp.fa; Params have changed since last execution
    wildcards: sample=GCA_009819825.1
    resources: tmpdir=/tmp

[Tue Sep 13 22:31:45 2022]
Finished job 107.
27 of 631 steps (4%) done
Select jobs to execute...

[Tue Sep 13 22:31:45 2022]
rule sequence_select:
    input: ../genomes_top40/GCA_008692595.2.fa
    output: test/samples/GCA_008692595.2_temp.fa
    jobid: 51
    reason: Missing output files: test/samples/GCA_008692595.2_temp.fa; Params have changed since last execution
    wildcards: sample=GCA_008692595.2
    resources: tmpdir=/tmp

[Tue Sep 13 22:31:45 2022]
Finished job 106.
28 of 631 steps (4%) done
Select jobs to execute...

[Tue Sep 13 22:31:45 2022]
rule sequence_select:
    input: ../genomes_top40/GCA_009819715.1.fa
    output: test/samples/GCA_009819715.1_temp.fa
    jobid: 98
    reason: Missing output files: test/samples/GCA_009819715.1_temp.fa; Params have changed since last execution
    wildcards: sample=GCA_009819715.1
    resources: tmpdir=/tmp

[Tue Sep 13 22:31:46 2022]
Finished job 45.
29 of 631 steps (5%) done
Select jobs to execute...

[Tue Sep 13 22:31:46 2022]
rule sequence_select:
    input: ../genomes_top40/GCF_002166845.1.fa
    output: test/samples/GCF_002166845.1_temp.fa
    jobid: 69
    reason: Missing output files: test/samples/GCF_002166845.1_temp.fa; Params have changed since last execution
    wildcards: sample=GCF_002166845.1
    resources: tmpdir=/tmp

[Tue Sep 13 22:31:46 2022]
Finished job 13.
30 of 631 steps (5%) done
Select jobs to execute...

[Tue Sep 13 22:31:46 2022]
rule sequence_select:
    input: ../genomes_top40/GCA_011004875.1.fa
    output: test/samples/GCA_011004875.1_temp.fa
    jobid: 52
    reason: Missing output files: test/samples/GCA_011004875.1_temp.fa; Params have changed since last execution
    wildcards: sample=GCA_011004875.1
    resources: tmpdir=/tmp

[Tue Sep 13 22:31:47 2022]
Finished job 16.
31 of 631 steps (5%) done
Select jobs to execute...

[Tue Sep 13 22:31:47 2022]
rule sequence_select:
    input: ../genomes_top40/GCF_001039765.1.fa
    output: test/samples/GCF_001039765.1_temp.fa
    jobid: 82
    reason: Missing output files: test/samples/GCF_001039765.1_temp.fa
    wildcards: sample=GCF_001039765.1
    resources: tmpdir=/tmp

[Tue Sep 13 22:31:48 2022]
Finished job 15.
32 of 631 steps (5%) done
Select jobs to execute...

[Tue Sep 13 22:31:48 2022]
rule sequence_select:
    input: ../genomes_top40/GCA_008658365.1.fa
    output: test/samples/GCA_008658365.1_temp.fa
    jobid: 143
    reason: Missing output files: test/samples/GCA_008658365.1_temp.fa; Params have changed since last execution
    wildcards: sample=GCA_008658365.1
    resources: tmpdir=/tmp

[Tue Sep 13 22:31:50 2022]
Finished job 130.
33 of 631 steps (5%) done
Select jobs to execute...

[Tue Sep 13 22:31:50 2022]
rule sequence_select:
    input: ../genomes_top40/GCA_003957575.1.fa
    output: test/samples/GCA_003957575.1_temp.fa
    jobid: 83
    reason: Missing output files: test/samples/GCA_003957575.1_temp.fa
    wildcards: sample=GCA_003957575.1
    resources: tmpdir=/tmp

[Tue Sep 13 22:31:52 2022]
Finished job 67.
34 of 631 steps (5%) done
Select jobs to execute...

[Tue Sep 13 22:31:52 2022]
rule sequence_select:
    input: ../genomes_top40/GCA_009819845.1.fa
    output: test/samples/GCA_009819845.1_temp.fa
    jobid: 53
    reason: Missing output files: test/samples/GCA_009819845.1_temp.fa; Params have changed since last execution
    wildcards: sample=GCA_009819845.1
    resources: tmpdir=/tmp

[Tue Sep 13 22:31:52 2022]
Finished job 110.
35 of 631 steps (6%) done
Select jobs to execute...

[Tue Sep 13 22:31:52 2022]
rule sequence_select:
    input: ../genomes_top40/GCA_003343005.1.fa
    output: test/samples/GCA_003343005.1_temp.fa
    jobid: 113
    reason: Missing output files: test/samples/GCA_003343005.1_temp.fa
    wildcards: sample=GCA_003343005.1
    resources: tmpdir=/tmp

[Tue Sep 13 22:31:52 2022]
Finished job 98.
36 of 631 steps (6%) done
Select jobs to execute...

[Tue Sep 13 22:31:52 2022]
rule sequence_select:
    input: ../genomes_top40/GCF_003984885.1.fa
    output: test/samples/GCF_003984885.1_temp.fa
    jobid: 24
    reason: Missing output files: test/samples/GCF_003984885.1_temp.fa; Params have changed since last execution
    wildcards: sample=GCF_003984885.1
    resources: tmpdir=/tmp

[Tue Sep 13 22:31:52 2022]
Finished job 127.
37 of 631 steps (6%) done
Select jobs to execute...

[Tue Sep 13 22:31:52 2022]
rule sequence_select:
    input: ../genomes_top40/GCA_017639245.1.fa
    output: test/samples/GCA_017639245.1_temp.fa
    jobid: 23
    reason: Missing output files: test/samples/GCA_017639245.1_temp.fa; Params have changed since last execution
    wildcards: sample=GCA_017639245.1
    resources: tmpdir=/tmp

[Tue Sep 13 22:31:53 2022]
Finished job 138.
38 of 631 steps (6%) done
Select jobs to execute...

[Tue Sep 13 22:31:53 2022]
rule sequence_select:
    input: ../genomes_top40/GCA_009764505.1.fa
    output: test/samples/GCA_009764505.1_temp.fa
    jobid: 84
    reason: Missing output files: test/samples/GCA_009764505.1_temp.fa; Params have changed since last execution
    wildcards: sample=GCA_009764505.1
    resources: tmpdir=/tmp

[Tue Sep 13 22:31:53 2022]
Finished job 134.
39 of 631 steps (6%) done
Select jobs to execute...

[Tue Sep 13 22:31:53 2022]
rule sequence_select:
    input: ../genomes_top40/GCF_000699105.1.fa
    output: test/samples/GCF_000699105.1_temp.fa
    jobid: 144
    reason: Missing output files: test/samples/GCF_000699105.1_temp.fa; Params have changed since last execution
    wildcards: sample=GCF_000699105.1
    resources: tmpdir=/tmp

[Tue Sep 13 22:31:53 2022]
Finished job 71.
40 of 631 steps (6%) done
Select jobs to execute...

[Tue Sep 13 22:31:53 2022]
rule sequence_select:
    input: ../genomes_top40/GCF_009819885.2.fa
    output: test/samples/GCF_009819885.2_temp.fa
    jobid: 54
    reason: Missing output files: test/samples/GCF_009819885.2_temp.fa; Params have changed since last execution
    wildcards: sample=GCF_009819885.2
    resources: tmpdir=/tmp

[Tue Sep 13 22:31:53 2022]
Finished job 139.
41 of 631 steps (6%) done
Select jobs to execute...

[Tue Sep 13 22:31:53 2022]
rule sequence_select:
    input: ../genomes_top40/GCF_000277835.1.fa
    output: test/samples/GCF_000277835.1_temp.fa
    jobid: 112
    reason: Missing output files: test/samples/GCF_000277835.1_temp.fa
    wildcards: sample=GCF_000277835.1
    resources: tmpdir=/tmp

[Tue Sep 13 22:31:53 2022]
Finished job 44.
42 of 631 steps (7%) done
Select jobs to execute...

[Tue Sep 13 22:31:53 2022]
rule sequence_select:
    input: ../genomes_top40/GCF_016700215.2.fa
    output: test/samples/GCF_016700215.2_temp.fa
    jobid: 114
    reason: Missing output files: test/samples/GCF_016700215.2_temp.fa; Params have changed since last execution
    wildcards: sample=GCF_016700215.2
    resources: tmpdir=/tmp

[Tue Sep 13 22:31:53 2022]
Finished job 12.
43 of 631 steps (7%) done
Select jobs to execute...

[Tue Sep 13 22:31:53 2022]
rule sequence_select:
    input: ../genomes_top40/GCA_003957525.1.fa
    output: test/samples/GCA_003957525.1_temp.fa
    jobid: 25
    reason: Missing output files: test/samples/GCA_003957525.1_temp.fa; Params have changed since last execution
    wildcards: sample=GCA_003957525.1
    resources: tmpdir=/tmp

[Tue Sep 13 22:31:53 2022]
Finished job 58.
44 of 631 steps (7%) done
Select jobs to execute...

[Tue Sep 13 22:31:53 2022]
rule sequence_select:
    input: ../genomes_top40/GCF_003342905.1.fa
    output: test/samples/GCF_003342905.1_temp.fa
    jobid: 85
    reason: Missing output files: test/samples/GCF_003342905.1_temp.fa; Params have changed since last execution
    wildcards: sample=GCF_003342905.1
    resources: tmpdir=/tmp

[Tue Sep 13 22:31:53 2022]
Finished job 51.
45 of 631 steps (7%) done
Select jobs to execute...

[Tue Sep 13 22:31:53 2022]
rule sequence_select:
    input: ../genomes_top40/GCA_016128335.1.fa
    output: test/samples/GCA_016128335.1_temp.fa
    jobid: 129
    reason: Missing output files: test/samples/GCA_016128335.1_temp.fa; Params have changed since last execution
    wildcards: sample=GCA_016128335.1
    resources: tmpdir=/tmp

[Tue Sep 13 22:31:53 2022]
Finished job 49.
46 of 631 steps (7%) done
Select jobs to execute...

[Tue Sep 13 22:31:53 2022]
rule sequence_select:
    input: ../genomes_top40/GCA_012275275.1.fa
    output: test/samples/GCA_012275275.1_temp.fa
    jobid: 39
    reason: Missing output files: test/samples/GCA_012275275.1_temp.fa; Params have changed since last execution
    wildcards: sample=GCA_012275275.1
    resources: tmpdir=/tmp

[Tue Sep 13 22:31:54 2022]
Finished job 80.
47 of 631 steps (7%) done
Select jobs to execute...

[Tue Sep 13 22:31:54 2022]
rule sequence_select:
    input: ../genomes_top40/GCF_001577835.2.fa
    output: test/samples/GCF_001577835.2_temp.fa
    jobid: 159
    reason: Missing output files: test/samples/GCF_001577835.2_temp.fa; Params have changed since last execution
    wildcards: sample=GCF_001577835.2
    resources: tmpdir=/tmp

[Tue Sep 13 22:31:54 2022]
Finished job 108.
48 of 631 steps (8%) done
Select jobs to execute...

[Tue Sep 13 22:31:54 2022]
rule sequence_select:
    input: ../genomes_top40/GCF_000695765.1.fa
    output: test/samples/GCF_000695765.1_temp.fa
    jobid: 99
    reason: Missing output files: test/samples/GCF_000695765.1_temp.fa; Params have changed since last execution
    wildcards: sample=GCF_000695765.1
    resources: tmpdir=/tmp

[Tue Sep 13 22:31:54 2022]
Finished job 164.
49 of 631 steps (8%) done
Select jobs to execute...

[Tue Sep 13 22:31:54 2022]
rule sequence_select:
    input: ../genomes_top40/GCF_000692075.1.fa
    output: test/samples/GCF_000692075.1_temp.fa
    jobid: 146
    reason: Missing output files: test/samples/GCF_000692075.1_temp.fa; Params have changed since last execution
    wildcards: sample=GCF_000692075.1
    resources: tmpdir=/tmp

[Tue Sep 13 22:31:54 2022]
Finished job 88.
50 of 631 steps (8%) done
Select jobs to execute...

[Tue Sep 13 22:31:54 2022]
rule sequence_select:
    input: ../genomes_top40/GCA_009819805.1.fa
    output: test/samples/GCA_009819805.1_temp.fa
    jobid: 86
    reason: Missing output files: test/samples/GCA_009819805.1_temp.fa
    wildcards: sample=GCA_009819805.1
    resources: tmpdir=/tmp

[Tue Sep 13 22:31:54 2022]
Finished job 69.
51 of 631 steps (8%) done
Select jobs to execute...

[Tue Sep 13 22:31:54 2022]
rule sequence_select:
    input: ../genomes_top40/GCF_001447265.1.fa
    output: test/samples/GCF_001447265.1_temp.fa
    jobid: 116
    reason: Missing output files: test/samples/GCF_001447265.1_temp.fa; Params have changed since last execution
    wildcards: sample=GCF_001447265.1
    resources: tmpdir=/tmp

[Tue Sep 13 22:31:55 2022]
Finished job 161.
52 of 631 steps (8%) done
Select jobs to execute...

[Tue Sep 13 22:31:55 2022]
rule sequence_select:
    input: ../genomes_top40/GCA_020745705.1.fa
    output: test/samples/GCA_020745705.1_temp.fa
    jobid: 27
    reason: Missing output files: test/samples/GCA_020745705.1_temp.fa; Params have changed since last execution
    wildcards: sample=GCA_020745705.1
    resources: tmpdir=/tmp

[Tue Sep 13 22:31:55 2022]
Finished job 133.
53 of 631 steps (8%) done
Select jobs to execute...

[Tue Sep 13 22:31:55 2022]
rule sequence_select:
    input: ../genomes_top40/GCA_013407035.1.fa
    output: test/samples/GCA_013407035.1_temp.fa
    jobid: 115
    reason: Missing output files: test/samples/GCA_013407035.1_temp.fa; Params have changed since last execution
    wildcards: sample=GCA_013407035.1
    resources: tmpdir=/tmp

[Tue Sep 13 22:31:55 2022]
Finished job 50.
54 of 631 steps (9%) done
Select jobs to execute...

[Tue Sep 13 22:31:55 2022]
rule sequence_select:
    input: ../genomes_top40/GCF_000687285.1.fa
    output: test/samples/GCF_000687285.1_temp.fa
    jobid: 87
    reason: Missing output files: test/samples/GCF_000687285.1_temp.fa; Params have changed since last execution
    wildcards: sample=GCF_000687285.1
    resources: tmpdir=/tmp

[Tue Sep 13 22:31:56 2022]
Finished job 52.
55 of 631 steps (9%) done
Select jobs to execute...

[Tue Sep 13 22:31:56 2022]
rule sequence_select:
    input: ../genomes_top40/GCA_008746955.1.fa
    output: test/samples/GCA_008746955.1_temp.fa
    jobid: 147
    reason: Missing output files: test/samples/GCA_008746955.1_temp.fa
    wildcards: sample=GCA_008746955.1
    resources: tmpdir=/tmp

[Tue Sep 13 22:31:58 2022]
Finished job 82.
56 of 631 steps (9%) done
Select jobs to execute...

[Tue Sep 13 22:31:58 2022]
rule sequence_select:
    input: ../genomes_top40/GCF_002901205.1.fa
    output: test/samples/GCF_002901205.1_temp.fa
    jobid: 57
    reason: Missing output files: test/samples/GCF_002901205.1_temp.fa; Params have changed since last execution
    wildcards: sample=GCF_002901205.1
    resources: tmpdir=/tmp

[Tue Sep 13 22:31:59 2022]
Finished job 53.
57 of 631 steps (9%) done
Select jobs to execute...

[Tue Sep 13 22:31:59 2022]
rule sequence_select:
    input: ../genomes_top40/GCA_009769505.1.fa
    output: test/samples/GCA_009769505.1_temp.fa
    jobid: 11
    reason: Missing output files: test/samples/GCA_009769505.1_temp.fa; Params have changed since last execution
    wildcards: sample=GCA_009769505.1
    resources: tmpdir=/tmp

[Tue Sep 13 22:32:00 2022]
Finished job 84.
58 of 631 steps (9%) done
Select jobs to execute...

[Tue Sep 13 22:32:00 2022]
rule sequence_select:
    input: ../genomes_top40/GCF_900496995.4.fa
    output: test/samples/GCF_900496995.4_temp.fa
    jobid: 131
    reason: Missing output files: test/samples/GCF_900496995.4_temp.fa; Params have changed since last execution
    wildcards: sample=GCF_900496995.4
    resources: tmpdir=/tmp

[Tue Sep 13 22:32:00 2022]
Finished job 25.
59 of 631 steps (9%) done
Select jobs to execute...

[Tue Sep 13 22:32:00 2022]
rule sequence_select:
    input: ../genomes_top40/GCA_020746105.1.fa
    output: test/samples/GCA_020746105.1_temp.fa
    jobid: 41
    reason: Missing output files: test/samples/GCA_020746105.1_temp.fa; Params have changed since last execution
    wildcards: sample=GCA_020746105.1
    resources: tmpdir=/tmp

[Tue Sep 13 22:32:01 2022]
Finished job 112.
60 of 631 steps (10%) done
Select jobs to execute...

[Tue Sep 13 22:32:01 2022]
rule sequence_select:
    input: ../genomes_top40/GCA_018139145.1.fa
    output: test/samples/GCA_018139145.1_temp.fa
    jobid: 34
    reason: Missing output files: test/samples/GCA_018139145.1_temp.fa; Params have changed since last execution
    wildcards: sample=GCA_018139145.1
    resources: tmpdir=/tmp

[Tue Sep 13 22:32:01 2022]
Finished job 159.
61 of 631 steps (10%) done
Select jobs to execute...

[Tue Sep 13 22:32:01 2022]
rule sequence_select:
    input: ../genomes_top40/GCF_000337975.1.fa
    output: test/samples/GCF_000337975.1_temp.fa
    jobid: 153
    reason: Missing output files: test/samples/GCF_000337975.1_temp.fa; Params have changed since last execution
    wildcards: sample=GCF_000337975.1
    resources: tmpdir=/tmp

[Tue Sep 13 22:32:01 2022]
Finished job 114.
62 of 631 steps (10%) done
Select jobs to execute...

[Tue Sep 13 22:32:01 2022]
rule sequence_select:
    input: ../genomes_top40/GCF_000331425.1.fa
    output: test/samples/GCF_000331425.1_temp.fa
    jobid: 94
    reason: Missing output files: test/samples/GCF_000331425.1_temp.fa; Params have changed since last execution
    wildcards: sample=GCF_000331425.1
    resources: tmpdir=/tmp

[Tue Sep 13 22:32:01 2022]
Finished job 24.
63 of 631 steps (10%) done
Select jobs to execute...

[Tue Sep 13 22:32:01 2022]
rule sequence_select:
    input: ../genomes_top40/GCA_016904835.1.fa
    output: test/samples/GCA_016904835.1_temp.fa
    jobid: 154
    reason: Missing output files: test/samples/GCA_016904835.1_temp.fa; Params have changed since last execution
    wildcards: sample=GCA_016904835.1
    resources: tmpdir=/tmp

[Tue Sep 13 22:32:01 2022]
Finished job 144.
64 of 631 steps (10%) done
Select jobs to execute...

[Tue Sep 13 22:32:01 2022]
rule sequence_select:
    input: ../genomes_top40/GCA_009819485.1.fa
    output: test/samples/GCA_009819485.1_temp.fa
    jobid: 79
    reason: Missing output files: test/samples/GCA_009819485.1_temp.fa; Params have changed since last execution
    wildcards: sample=GCA_009819485.1
    resources: tmpdir=/tmp

[Tue Sep 13 22:32:01 2022]
Finished job 99.
65 of 631 steps (10%) done
Select jobs to execute...

[Tue Sep 13 22:32:01 2022]
rule sequence_select:
    input: ../genomes_top40/GCF_000699145.1.fa
    output: test/samples/GCF_000699145.1_temp.fa
    jobid: 123
    reason: Missing output files: test/samples/GCF_000699145.1_temp.fa
    wildcards: sample=GCF_000699145.1
    resources: tmpdir=/tmp

[Tue Sep 13 22:32:01 2022]
Finished job 23.
66 of 631 steps (10%) done
Select jobs to execute...

[Tue Sep 13 22:32:02 2022]
rule sequence_select:
    input: ../genomes_top40/GCA_009819655.1.fa
    output: test/samples/GCA_009819655.1_temp.fa
    jobid: 19
    reason: Missing output files: test/samples/GCA_009819655.1_temp.fa; Params have changed since last execution
    wildcards: sample=GCA_009819655.1
    resources: tmpdir=/tmp

[Tue Sep 13 22:32:02 2022]
Finished job 85.
67 of 631 steps (11%) done
Select jobs to execute...

[Tue Sep 13 22:32:02 2022]
rule sequence_select:
    input: ../genomes_top40/GCA_016647715.1.fa
    output: test/samples/GCA_016647715.1_temp.fa
    jobid: 125
    reason: Missing output files: test/samples/GCA_016647715.1_temp.fa; Params have changed since last execution
    wildcards: sample=GCA_016647715.1
    resources: tmpdir=/tmp

[Tue Sep 13 22:32:02 2022]
Finished job 116.
68 of 631 steps (11%) done
Select jobs to execute...

[Tue Sep 13 22:32:02 2022]
rule sequence_select:
    input: ../genomes_top40/GCA_009819775.1.fa
    output: test/samples/GCA_009819775.1_temp.fa
    jobid: 28
    reason: Missing output files: test/samples/GCA_009819775.1_temp.fa; Params have changed since last execution
    wildcards: sample=GCA_009819775.1
    resources: tmpdir=/tmp

[Tue Sep 13 22:32:02 2022]
Finished job 54.
69 of 631 steps (11%) done
Select jobs to execute...

[Tue Sep 13 22:32:02 2022]
rule sequence_select:
    input: ../genomes_top40/GCA_019593555.1.fa
    output: test/samples/GCA_019593555.1_temp.fa
    jobid: 155
    reason: Missing output files: test/samples/GCA_019593555.1_temp.fa; Params have changed since last execution
    wildcards: sample=GCA_019593555.1
    resources: tmpdir=/tmp

[Tue Sep 13 22:32:02 2022]
Finished job 39.
70 of 631 steps (11%) done
Select jobs to execute...

[Tue Sep 13 22:32:02 2022]
rule sequence_select:
    input: ../genomes_top40/GCF_008822105.2.fa
    output: test/samples/GCF_008822105.2_temp.fa
    jobid: 148
    reason: Missing output files: test/samples/GCF_008822105.2_temp.fa
    wildcards: sample=GCF_008822105.2
    resources: tmpdir=/tmp

[Tue Sep 13 22:32:02 2022]
Finished job 87.
71 of 631 steps (11%) done
Select jobs to execute...

[Tue Sep 13 22:32:03 2022]
rule sequence_select:
    input: ../genomes_top40/GCA_009769605.1.fa
    output: test/samples/GCA_009769605.1_temp.fa
    jobid: 150
    reason: Missing output files: test/samples/GCA_009769605.1_temp.fa
    wildcards: sample=GCA_009769605.1
    resources: tmpdir=/tmp

[Tue Sep 13 22:32:03 2022]
Finished job 146.
72 of 631 steps (11%) done
Select jobs to execute...

[Tue Sep 13 22:32:03 2022]
rule sequence_select:
    input: ../genomes_top40/GCA_009764545.1.fa
    output: test/samples/GCA_009764545.1_temp.fa
    jobid: 118
    reason: Missing output files: test/samples/GCA_009764545.1_temp.fa
    wildcards: sample=GCA_009764545.1
    resources: tmpdir=/tmp

[Tue Sep 13 22:32:03 2022]
Finished job 129.
73 of 631 steps (12%) done
Select jobs to execute...

[Tue Sep 13 22:32:03 2022]
rule sequence_select:
    input: ../genomes_top40/GCA_015220805.1.fa
    output: test/samples/GCA_015220805.1_temp.fa
    jobid: 65
    reason: Missing output files: test/samples/GCA_015220805.1_temp.fa; Params have changed since last execution
    wildcards: sample=GCA_015220805.1
    resources: tmpdir=/tmp

[Tue Sep 13 22:32:03 2022]
Finished job 115.
74 of 631 steps (12%) done
Select jobs to execute...

[Tue Sep 13 22:32:03 2022]
rule sequence_select:
    input: ../genomes_top40/GCF_009819795.1.fa
    output: test/samples/GCF_009819795.1_temp.fa
    jobid: 36
    reason: Missing output files: test/samples/GCF_009819795.1_temp.fa; Params have changed since last execution
    wildcards: sample=GCF_009819795.1
    resources: tmpdir=/tmp

[Tue Sep 13 22:32:04 2022]
Finished job 27.
75 of 631 steps (12%) done
Select jobs to execute...

[Tue Sep 13 22:32:04 2022]
rule sequence_select:
    input: ../genomes_top40/GCF_011077185.1.fa
    output: test/samples/GCF_011077185.1_temp.fa
    jobid: 5
    reason: Missing output files: test/samples/GCF_011077185.1_temp.fa
    wildcards: sample=GCF_011077185.1
    resources: tmpdir=/tmp

[Tue Sep 13 22:32:06 2022]
Finished job 11.
76 of 631 steps (12%) done
Select jobs to execute...

[Tue Sep 13 22:32:06 2022]
rule sequence_select:
    input: ../genomes_top40/GCA_019345075.1.fa
    output: test/samples/GCA_019345075.1_temp.fa
    jobid: 156
    reason: Missing output files: test/samples/GCA_019345075.1_temp.fa; Params have changed since last execution
    wildcards: sample=GCA_019345075.1
    resources: tmpdir=/tmp

[Tue Sep 13 22:32:07 2022]
Finished job 57.
77 of 631 steps (12%) done
Select jobs to execute...

[Tue Sep 13 22:32:07 2022]
rule sequence_select:
    input: ../genomes_top40/GCF_000337935.1.fa
    output: test/samples/GCF_000337935.1_temp.fa
    jobid: 95
    reason: Missing output files: test/samples/GCF_000337935.1_temp.fa; Params have changed since last execution
    wildcards: sample=GCF_000337935.1
    resources: tmpdir=/tmp

[Tue Sep 13 22:32:08 2022]
Finished job 79.
78 of 631 steps (12%) done
Select jobs to execute...

[Tue Sep 13 22:32:08 2022]
rule sequence_select:
    input: ../genomes_top40/GCA_001870855.1.fa
    output: test/samples/GCA_001870855.1_temp.fa
    jobid: 96
    reason: Missing output files: test/samples/GCA_001870855.1_temp.fa
    wildcards: sample=GCA_001870855.1
    resources: tmpdir=/tmp

[Tue Sep 13 22:32:09 2022]
Finished job 125.
79 of 631 steps (13%) done
Select jobs to execute...

[Tue Sep 13 22:32:09 2022]
rule sequence_select:
    input: ../genomes_top40/GCA_009819585.1.fa
    output: test/samples/GCA_009819585.1_temp.fa
    jobid: 120
    reason: Missing output files: test/samples/GCA_009819585.1_temp.fa
    wildcards: sample=GCA_009819585.1
    resources: tmpdir=/tmp

[Tue Sep 13 22:32:09 2022]
Finished job 94.
80 of 631 steps (13%) done
Select jobs to execute...

[Tue Sep 13 22:32:09 2022]
rule sequence_select:
    input: ../genomes_top40/GCF_000737465.1.fa
    output: test/samples/GCF_000737465.1_temp.fa
    jobid: 21
    reason: Missing output files: test/samples/GCF_000737465.1_temp.fa; Params have changed since last execution
    wildcards: sample=GCF_000737465.1
    resources: tmpdir=/tmp

[Tue Sep 13 22:32:09 2022]
Finished job 155.
81 of 631 steps (13%) done
Select jobs to execute...

[Tue Sep 13 22:32:09 2022]
rule sequence_select:
    input: ../genomes_top40/GCF_002078875.1.fa
    output: test/samples/GCF_002078875.1_temp.fa
    jobid: 140
    reason: Missing output files: test/samples/GCF_002078875.1_temp.fa; Params have changed since last execution
    wildcards: sample=GCF_002078875.1
    resources: tmpdir=/tmp

[Tue Sep 13 22:32:09 2022]
Finished job 41.
82 of 631 steps (13%) done
Select jobs to execute...

[Tue Sep 13 22:32:09 2022]
rule sequence_select:
    input: ../genomes_top40/GCA_009769485.1.fa
    output: test/samples/GCA_009769485.1_temp.fa
    jobid: 141
    reason: Missing output files: test/samples/GCA_009769485.1_temp.fa; Params have changed since last execution
    wildcards: sample=GCA_009769485.1
    resources: tmpdir=/tmp

[Tue Sep 13 22:32:09 2022]
Finished job 153.
83 of 631 steps (13%) done
Select jobs to execute...

[Tue Sep 13 22:32:10 2022]
rule sequence_select:
    input: ../genomes_top40/GCF_015220075.1.fa
    output: test/samples/GCF_015220075.1_temp.fa
    jobid: 20
    reason: Missing output files: test/samples/GCF_015220075.1_temp.fa; Params have changed since last execution
    wildcards: sample=GCF_015220075.1
    resources: tmpdir=/tmp

[Tue Sep 13 22:32:10 2022]
Finished job 131.
84 of 631 steps (13%) done
Select jobs to execute...

[Tue Sep 13 22:32:10 2022]
rule sequence_select:
    input: ../genomes_top40/GCF_014805655.1.fa
    output: test/samples/GCF_014805655.1_temp.fa
    jobid: 6
    reason: Missing output files: test/samples/GCF_014805655.1_temp.fa
    wildcards: sample=GCF_014805655.1
    resources: tmpdir=/tmp

[Tue Sep 13 22:32:10 2022]
Finished job 154.
85 of 631 steps (13%) done
Select jobs to execute...

[Tue Sep 13 22:32:10 2022]
rule sequence_select:
    input: ../genomes_top40/GCF_000703405.1.fa
    output: test/samples/GCF_000703405.1_temp.fa
    jobid: 31
    reason: Missing output files: test/samples/GCF_000703405.1_temp.fa; Params have changed since last execution
    wildcards: sample=GCF_000703405.1
    resources: tmpdir=/tmp

[Tue Sep 13 22:32:10 2022]
Finished job 19.
86 of 631 steps (14%) done
Select jobs to execute...

[Tue Sep 13 22:32:10 2022]
rule sequence_select:
    input: ../genomes_top40/GCF_004027225.2.fa
    output: test/samples/GCF_004027225.2_temp.fa
    jobid: 91
    reason: Missing output files: test/samples/GCF_004027225.2_temp.fa; Params have changed since last execution
    wildcards: sample=GCF_004027225.2
    resources: tmpdir=/tmp

[Tue Sep 13 22:32:10 2022]
Finished job 34.
87 of 631 steps (14%) done
Select jobs to execute...

[Tue Sep 13 22:32:10 2022]
rule sequence_select:
    input: ../genomes_top40/GCF_016699485.2.fa
    output: test/samples/GCF_016699485.2_temp.fa
    jobid: 111
    reason: Missing output files: test/samples/GCF_016699485.2_temp.fa; Params have changed since last execution
    wildcards: sample=GCF_016699485.2
    resources: tmpdir=/tmp

[Tue Sep 13 22:32:10 2022]
Finished job 123.
88 of 631 steps (14%) done
Select jobs to execute...

[Tue Sep 13 22:32:10 2022]
rule sequence_select:
    input: ../genomes_top40/GCF_019238085.1.fa
    output: test/samples/GCF_019238085.1_temp.fa
    jobid: 66
    reason: Missing output files: test/samples/GCF_019238085.1_temp.fa
    wildcards: sample=GCF_019238085.1
    resources: tmpdir=/tmp

[Tue Sep 13 22:32:13 2022]
Finished job 65.
89 of 631 steps (14%) done
Select jobs to execute...

[Tue Sep 13 22:32:13 2022]
rule sequence_select:
    input: ../genomes_top40/GCA_015227805.2.fa
    output: test/samples/GCA_015227805.2_temp.fa
    jobid: 126
    reason: Missing output files: test/samples/GCA_015227805.2_temp.fa; Params have changed since last execution
    wildcards: sample=GCA_015227805.2
    resources: tmpdir=/tmp

[Tue Sep 13 22:32:14 2022]
Finished job 156.
90 of 631 steps (14%) done
Select jobs to execute...

[Tue Sep 13 22:32:14 2022]
rule sequence_select:
    input: ../genomes_top40/GCF_012275295.1.fa
    output: test/samples/GCF_012275295.1_temp.fa
    jobid: 29
    reason: Missing output files: test/samples/GCF_012275295.1_temp.fa; Params have changed since last execution
    wildcards: sample=GCF_012275295.1
    resources: tmpdir=/tmp

[Tue Sep 13 22:32:15 2022]
Finished job 141.
91 of 631 steps (14%) done
Select jobs to execute...

[Tue Sep 13 22:32:15 2022]
rule sequence_select:
    input: ../genomes_top40/GCA_004011185.1.fa
    output: test/samples/GCA_004011185.1_temp.fa
    jobid: 35
    reason: Missing output files: test/samples/GCA_004011185.1_temp.fa; Params have changed since last execution
    wildcards: sample=GCA_004011185.1
    resources: tmpdir=/tmp

[Tue Sep 13 22:32:15 2022]
Finished job 95.
92 of 631 steps (15%) done
Select jobs to execute...

[Tue Sep 13 22:32:15 2022]
rule sequence_select:
    input: ../genomes_top40/GCF_000146605.3.fa
    output: test/samples/GCF_000146605.3_temp.fa
    jobid: 89
    reason: Missing output files: test/samples/GCF_000146605.3_temp.fa; Params have changed since last execution
    wildcards: sample=GCF_000146605.3
    resources: tmpdir=/tmp

[Tue Sep 13 22:32:17 2022]
Finished job 35.
93 of 631 steps (15%) done
Select jobs to execute...

[Tue Sep 13 22:32:17 2022]
rule sequence_select:
    input: ../genomes_top40/GCF_015227805.1.fa
    output: test/samples/GCF_015227805.1_temp.fa
    jobid: 117
    reason: Missing output files: test/samples/GCF_015227805.1_temp.fa
    wildcards: sample=GCF_015227805.1
    resources: tmpdir=/tmp

[Tue Sep 13 22:32:17 2022]
Finished job 31.
94 of 631 steps (15%) done
Select jobs to execute...

[Tue Sep 13 22:32:17 2022]
rule sequence_select:
    input: ../genomes_top40/GCF_000691405.1.fa
    output: test/samples/GCF_000691405.1_temp.fa
    jobid: 14
    reason: Missing output files: test/samples/GCF_000691405.1_temp.fa; Params have changed since last execution
    wildcards: sample=GCF_000691405.1
    resources: tmpdir=/tmp

[Tue Sep 13 22:32:17 2022]
Finished job 140.
95 of 631 steps (15%) done
Select jobs to execute...

[Tue Sep 13 22:32:17 2022]
rule sequence_select:
    input: ../genomes_top40/GCF_000337955.1.fa
    output: test/samples/GCF_000337955.1_temp.fa
    jobid: 72
    reason: Missing output files: test/samples/GCF_000337955.1_temp.fa; Params have changed since last execution
    wildcards: sample=GCF_000337955.1
    resources: tmpdir=/tmp

[Tue Sep 13 22:32:17 2022]
Finished job 21.
96 of 631 steps (15%) done
Select jobs to execute...

[Tue Sep 13 22:32:18 2022]
rule sequence_select:
    input: ../genomes_top40/GCA_009769525.1.fa
    output: test/samples/GCA_009769525.1_temp.fa
    jobid: 74
    reason: Missing output files: test/samples/GCA_009769525.1_temp.fa
    wildcards: sample=GCA_009769525.1
    resources: tmpdir=/tmp

[Tue Sep 13 22:32:18 2022]
Finished job 111.
97 of 631 steps (15%) done
Select jobs to execute...

[Tue Sep 13 22:32:18 2022]
rule sequence_select:
    input: ../genomes_top40/GCA_009859025.1.fa
    output: test/samples/GCA_009859025.1_temp.fa
    jobid: 59
    reason: Missing output files: test/samples/GCA_009859025.1_temp.fa
    wildcards: sample=GCA_009859025.1
    resources: tmpdir=/tmp

[Tue Sep 13 22:32:19 2022]
Finished job 20.
98 of 631 steps (16%) done
Select jobs to execute...

[Tue Sep 13 22:32:19 2022]
rule sequence_select:
    input: ../genomes_top40/GCA_008658355.1.fa
    output: test/samples/GCA_008658355.1_temp.fa
    jobid: 119
    reason: Missing output files: test/samples/GCA_008658355.1_temp.fa
    wildcards: sample=GCA_008658355.1
    resources: tmpdir=/tmp

[Tue Sep 13 22:32:19 2022]
Finished job 91.
99 of 631 steps (16%) done
Select jobs to execute...

[Tue Sep 13 22:32:19 2022]
rule sequence_select:
    input: ../genomes_top40/GCA_009819595.1.fa
    output: test/samples/GCA_009819595.1_temp.fa
    jobid: 124
    reason: Missing output files: test/samples/GCA_009819595.1_temp.fa
    wildcards: sample=GCA_009819595.1
    resources: tmpdir=/tmp

[Tue Sep 13 22:32:21 2022]
Finished job 126.
100 of 631 steps (16%) done
Select jobs to execute...

[Tue Sep 13 22:32:21 2022]
rule sequence_select:
    input: ../genomes_top40/GCF_000700745.2.fa
    output: test/samples/GCF_000700745.2_temp.fa
    jobid: 104
    reason: Missing output files: test/samples/GCF_000700745.2_temp.fa; Params have changed since last execution
    wildcards: sample=GCF_000700745.2
    resources: tmpdir=/tmp

[Tue Sep 13 22:32:24 2022]
Finished job 14.
101 of 631 steps (16%) done
Select jobs to execute...

[Tue Sep 13 22:32:24 2022]
rule sequence_select:
    input: ../genomes_top40/GCF_000710305.1.fa
    output: test/samples/GCF_000710305.1_temp.fa
    jobid: 68
    reason: Missing output files: test/samples/GCF_000710305.1_temp.fa; Params have changed since last execution
    wildcards: sample=GCF_000710305.1
    resources: tmpdir=/tmp

[Tue Sep 13 22:32:25 2022]
Finished job 89.
102 of 631 steps (16%) done
Select jobs to execute...

[Tue Sep 13 22:32:25 2022]
rule sequence_select:
    input: ../genomes_top40/GCF_000708925.1.fa
    output: test/samples/GCF_000708925.1_temp.fa
    jobid: 158
    reason: Missing output files: test/samples/GCF_000708925.1_temp.fa; Params have changed since last execution
    wildcards: sample=GCF_000708925.1
    resources: tmpdir=/tmp

[Tue Sep 13 22:32:25 2022]
Finished job 72.
103 of 631 steps (16%) done
Select jobs to execute...

[Tue Sep 13 22:32:25 2022]
rule sequence_select:
    input: ../genomes_top40/GCF_000002315.6.fa
    output: test/samples/GCF_000002315.6_temp.fa
    jobid: 151
    reason: Missing output files: test/samples/GCF_000002315.6_temp.fa; Params have changed since last execution
    wildcards: sample=GCF_000002315.6
    resources: tmpdir=/tmp

[Tue Sep 13 22:32:29 2022]
Finished job 104.
104 of 631 steps (16%) done
Select jobs to execute...

[Tue Sep 13 22:32:29 2022]
rule sequence_select:
    input: ../genomes_top40/GCF_000690835.1.fa
    output: test/samples/GCF_000690835.1_temp.fa
    jobid: 121
    reason: Missing output files: test/samples/GCF_000690835.1_temp.fa; Params have changed since last execution
    wildcards: sample=GCF_000690835.1
    resources: tmpdir=/tmp

[Tue Sep 13 22:32:31 2022]
Finished job 68.
105 of 631 steps (17%) done
Select jobs to execute...

[Tue Sep 13 22:32:31 2022]
rule sequence_select:
    input: ../genomes_top40/GCF_012460135.1.fa
    output: test/samples/GCF_012460135.1_temp.fa
    jobid: 61
    reason: Missing output files: test/samples/GCF_012460135.1_temp.fa
    wildcards: sample=GCF_012460135.1
    resources: tmpdir=/tmp

[Tue Sep 13 22:32:32 2022]
Finished job 158.
106 of 631 steps (17%) done
Select jobs to execute...

[Tue Sep 13 22:32:32 2022]
rule sequence_select:
    input: ../genomes_top40/GCF_000698965.1.fa
    output: test/samples/GCF_000698965.1_temp.fa
    jobid: 152
    reason: Missing output files: test/samples/GCF_000698965.1_temp.fa; Params have changed since last execution
    wildcards: sample=GCF_000698965.1
    resources: tmpdir=/tmp

[Tue Sep 13 22:32:33 2022]
Finished job 151.
107 of 631 steps (17%) done
Select jobs to execute...

[Tue Sep 13 22:32:33 2022]
rule sequence_select:
    input: ../genomes_top40/GCF_000687185.1.fa
    output: test/samples/GCF_000687185.1_temp.fa
    jobid: 92
    reason: Missing output files: test/samples/GCF_000687185.1_temp.fa; Params have changed since last execution
    wildcards: sample=GCF_000687185.1
    resources: tmpdir=/tmp

[Tue Sep 13 22:32:36 2022]
Finished job 121.
108 of 631 steps (17%) done
Select jobs to execute...

[Tue Sep 13 22:32:36 2022]
rule sequence_select:
    input: ../genomes_top40/GCF_003342845.1.fa
    output: test/samples/GCF_003342845.1_temp.fa
    jobid: 32
    reason: Missing output files: test/samples/GCF_003342845.1_temp.fa; Params have changed since last execution
    wildcards: sample=GCF_003342845.1
    resources: tmpdir=/tmp

[Tue Sep 13 22:32:40 2022]
Finished job 152.
109 of 631 steps (17%) done
Select jobs to execute...

[Tue Sep 13 22:32:40 2022]
rule sequence_select:
    input: ../genomes_top40/GCA_008822115.3.fa
    output: test/samples/GCA_008822115.3_temp.fa
    jobid: 122
    reason: Missing output files: test/samples/GCA_008822115.3_temp.fa
    wildcards: sample=GCA_008822115.3
    resources: tmpdir=/tmp

[Tue Sep 13 22:32:41 2022]
Finished job 92.
110 of 631 steps (17%) done
Select jobs to execute...

[Tue Sep 13 22:32:41 2022]
rule sequence_select:
    input: ../genomes_top40/GCA_017976375.1.fa
    output: test/samples/GCA_017976375.1_temp.fa
    jobid: 62
    reason: Missing output files: test/samples/GCA_017976375.1_temp.fa; Params have changed since last execution
    wildcards: sample=GCA_017976375.1
    resources: tmpdir=/tmp

[Tue Sep 13 22:32:42 2022]
Finished job 32.
111 of 631 steps (18%) done
Select jobs to execute...

[Tue Sep 13 22:32:42 2022]
rule sequence_select:
    input: ../genomes_top40/GCF_017590135.1.fa
    output: test/samples/GCF_017590135.1_temp.fa
    jobid: 145
    reason: Missing output files: test/samples/GCF_017590135.1_temp.fa; Params have changed since last execution
    wildcards: sample=GCF_017590135.1
    resources: tmpdir=/tmp

[Tue Sep 13 22:32:49 2022]
Finished job 62.
112 of 631 steps (18%) done
Select jobs to execute...

[Tue Sep 13 22:32:49 2022]
rule sequence_select:
    input: ../genomes_top40/GCA_017639555.1.fa
    output: test/samples/GCA_017639555.1_temp.fa
    jobid: 10
    reason: Missing output files: test/samples/GCA_017639555.1_temp.fa; Params have changed since last execution
    wildcards: sample=GCA_017639555.1
    resources: tmpdir=/tmp

[Tue Sep 13 22:32:50 2022]
Finished job 145.
113 of 631 steps (18%) done
Select jobs to execute...

[Tue Sep 13 22:32:50 2022]
rule sequence_select:
    input: ../genomes_top40/GCF_000385455.1.fa
    output: test/samples/GCF_000385455.1_temp.fa
    jobid: 70
    reason: Missing output files: test/samples/GCF_000385455.1_temp.fa; Params have changed since last execution
    wildcards: sample=GCF_000385455.1
    resources: tmpdir=/tmp

[Tue Sep 13 22:32:56 2022]
Finished job 70.
114 of 631 steps (18%) done
Select jobs to execute...

[Tue Sep 13 22:32:56 2022]
rule sequence_select:
    input: ../genomes_top40/GCF_000690715.1.fa
    output: test/samples/GCF_000690715.1_temp.fa
    jobid: 55
    reason: Missing output files: test/samples/GCF_000690715.1_temp.fa; Params have changed since last execution
    wildcards: sample=GCF_000690715.1
    resources: tmpdir=/tmp

[Tue Sep 13 22:32:58 2022]
Finished job 10.
115 of 631 steps (18%) done
Select jobs to execute...

[Tue Sep 13 22:32:58 2022]
rule sequence_select:
    input: ../genomes_top40/GCF_003957555.1.fa
    output: test/samples/GCF_003957555.1_temp.fa
    jobid: 40
    reason: Missing output files: test/samples/GCF_003957555.1_temp.fa; Params have changed since last execution
    wildcards: sample=GCF_003957555.1
    resources: tmpdir=/tmp

Terminating processes on user request, this might take some time.
[Tue Sep 13 22:33:00 2022]
Error in rule sequence_select:
    jobid: 40
    output: test/samples/GCF_003957555.1_temp.fa
    conda-env: /home/AD.UCSD.EDU/amohammadidoost/wga-phylo/.snakemake/conda/34f768e9f77cdb9d6d3c86b4308cd7fe
    shell:
        python sequence_select/new_select.py --input ../genomes_top40/GCF_003957555.1.fa -s 75 -t 0.7 -e 77 -l 1000 --output test/samples/GCF_003957555.1_temp.fa
        (one of the commands exited with non-zero exit code; note that snakemake uses bash strict mode!)

[Tue Sep 13 22:33:00 2022]
Error in rule sequence_select:
    jobid: 149
    output: test/samples/GCA_009651025.1_temp.fa
    conda-env: /home/AD.UCSD.EDU/amohammadidoost/wga-phylo/.snakemake/conda/34f768e9f77cdb9d6d3c86b4308cd7fe
    shell:
        python sequence_select/new_select.py --input ../genomes_top40/GCA_009651025.1.fa -s 270 -t 0.7 -e 271 -l 1000 --output test/samples/GCA_009651025.1_temp.fa
        (one of the commands exited with non-zero exit code; note that snakemake uses bash strict mode!)

[Tue Sep 13 22:33:00 2022]
Error in rule sequence_select:
    jobid: 59
    output: test/samples/GCA_009859025.1_temp.fa
    conda-env: /home/AD.UCSD.EDU/amohammadidoost/wga-phylo/.snakemake/conda/34f768e9f77cdb9d6d3c86b4308cd7fe
    shell:
        python sequence_select/new_select.py --input ../genomes_top40/GCA_009859025.1.fa -s 108 -t 0.7 -e 109 -l 1000 --output test/samples/GCA_009859025.1_temp.fa
        (one of the commands exited with non-zero exit code; note that snakemake uses bash strict mode!)

[Tue Sep 13 22:33:00 2022]
Error in rule sequence_select:
    jobid: 55
    output: test/samples/GCF_000690715.1_temp.fa
    conda-env: /home/AD.UCSD.EDU/amohammadidoost/wga-phylo/.snakemake/conda/34f768e9f77cdb9d6d3c86b4308cd7fe
    shell:
        python sequence_select/new_select.py --input ../genomes_top40/GCF_000690715.1.fa -s 100 -t 0.7 -e 102 -l 1000 --output test/samples/GCF_000690715.1_temp.fa
        (one of the commands exited with non-zero exit code; note that snakemake uses bash strict mode!)

[Tue Sep 13 22:33:00 2022]
Error in rule sequence_select:
    jobid: 74
    output: test/samples/GCA_009769525.1_temp.fa
    conda-env: /home/AD.UCSD.EDU/amohammadidoost/wga-phylo/.snakemake/conda/34f768e9f77cdb9d6d3c86b4308cd7fe
    shell:
        python sequence_select/new_select.py --input ../genomes_top40/GCA_009769525.1.fa -s 140 -t 0.7 -e 140 -l 1000 --output test/samples/GCA_009769525.1_temp.fa
        (one of the commands exited with non-zero exit code; note that snakemake uses bash strict mode!)

[Tue Sep 13 22:33:00 2022]
Error in rule sequence_select:
    jobid: 157
    output: test/samples/GCA_009859065.2_temp.fa
    conda-env: /home/AD.UCSD.EDU/amohammadidoost/wga-phylo/.snakemake/conda/34f768e9f77cdb9d6d3c86b4308cd7fe
    shell:
        python sequence_select/new_select.py --input ../genomes_top40/GCA_009859065.2.fa -s 282 -t 0.7 -e 284 -l 1000 --output test/samples/GCA_009859065.2_temp.fa
        (one of the commands exited with non-zero exit code; note that snakemake uses bash strict mode!)

[Tue Sep 13 22:33:00 2022]
Error in rule sequence_select:
    jobid: 124
    output: test/samples/GCA_009819595.1_temp.fa
    conda-env: /home/AD.UCSD.EDU/amohammadidoost/wga-phylo/.snakemake/conda/34f768e9f77cdb9d6d3c86b4308cd7fe
    shell:
        python sequence_select/new_select.py --input ../genomes_top40/GCA_009819595.1.fa -s 224 -t 0.7 -e 226 -l 1000 --output test/samples/GCA_009819595.1_temp.fa
        (one of the commands exited with non-zero exit code; note that snakemake uses bash strict mode!)

[Tue Sep 13 22:33:00 2022]
Error in rule sequence_select:
    jobid: 83
    output: test/samples/GCA_003957575.1_temp.fa
    conda-env: /home/AD.UCSD.EDU/amohammadidoost/wga-phylo/.snakemake/conda/34f768e9f77cdb9d6d3c86b4308cd7fe
    shell:
        python sequence_select/new_select.py --input ../genomes_top40/GCA_003957575.1.fa -s 151 -t 0.7 -e 154 -l 1000 --output test/samples/GCA_003957575.1_temp.fa
        (one of the commands exited with non-zero exit code; note that snakemake uses bash strict mode!)

[Tue Sep 13 22:33:00 2022]
Error in rule sequence_select:
    jobid: 96
    output: test/samples/GCA_001870855.1_temp.fa
    conda-env: /home/AD.UCSD.EDU/amohammadidoost/wga-phylo/.snakemake/conda/34f768e9f77cdb9d6d3c86b4308cd7fe
    shell:
        python sequence_select/new_select.py --input ../genomes_top40/GCA_001870855.1.fa -s 174 -t 0.7 -e 176 -l 1000 --output test/samples/GCA_001870855.1_temp.fa
        (one of the commands exited with non-zero exit code; note that snakemake uses bash strict mode!)

[Tue Sep 13 22:33:00 2022]
Error in rule sequence_select:
    jobid: 66
    output: test/samples/GCF_019238085.1_temp.fa
    conda-env: /home/AD.UCSD.EDU/amohammadidoost/wga-phylo/.snakemake/conda/34f768e9f77cdb9d6d3c86b4308cd7fe
    shell:
        python sequence_select/new_select.py --input ../genomes_top40/GCF_019238085.1.fa -s 124 -t 0.7 -e 126 -l 1000 --output test/samples/GCF_019238085.1_temp.fa
        (one of the commands exited with non-zero exit code; note that snakemake uses bash strict mode!)

[Tue Sep 13 22:33:00 2022]
Error in rule sequence_select:
    jobid: 119
    output: test/samples/GCA_008658355.1_temp.fa
    conda-env: /home/AD.UCSD.EDU/amohammadidoost/wga-phylo/.snakemake/conda/34f768e9f77cdb9d6d3c86b4308cd7fe
    shell:
        python sequence_select/new_select.py --input ../genomes_top40/GCA_008658355.1.fa -s 215 -t 0.7 -e 216 -l 1000 --output test/samples/GCA_008658355.1_temp.fa
        (one of the commands exited with non-zero exit code; note that snakemake uses bash strict mode!)

[Tue Sep 13 22:33:00 2022]
Error in rule sequence_select:
    jobid: 61
    output: test/samples/GCF_012460135.1_temp.fa
    conda-env: /home/AD.UCSD.EDU/amohammadidoost/wga-phylo/.snakemake/conda/34f768e9f77cdb9d6d3c86b4308cd7fe
    shell:
        python sequence_select/new_select.py --input ../genomes_top40/GCF_012460135.1.fa -s 112 -t 0.7 -e 113 -l 1000 --output test/samples/GCF_012460135.1_temp.fa
        (one of the commands exited with non-zero exit code; note that snakemake uses bash strict mode!)

[Tue Sep 13 22:33:00 2022]
Error in rule sequence_select:
    jobid: 56
    output: test/samples/GCF_003031625.1_temp.fa
    conda-env: /home/AD.UCSD.EDU/amohammadidoost/wga-phylo/.snakemake/conda/34f768e9f77cdb9d6d3c86b4308cd7fe
    shell:
        python sequence_select/new_select.py --input ../genomes_top40/GCF_003031625.1.fa -s 102 -t 0.7 -e 102 -l 1000 --output test/samples/GCF_003031625.1_temp.fa
        (one of the commands exited with non-zero exit code; note that snakemake uses bash strict mode!)

[Tue Sep 13 22:33:00 2022]
Error in rule sequence_select:
    jobid: 6
    output: test/samples/GCF_014805655.1_temp.fa
    conda-env: /home/AD.UCSD.EDU/amohammadidoost/wga-phylo/.snakemake/conda/34f768e9f77cdb9d6d3c86b4308cd7fe
    shell:
        python sequence_select/new_select.py --input ../genomes_top40/GCF_014805655.1.fa -s 3 -t 0.7 -e 5 -l 1000 --output test/samples/GCF_014805655.1_temp.fa
        (one of the commands exited with non-zero exit code; note that snakemake uses bash strict mode!)

[Tue Sep 13 22:33:00 2022]
[Tue Sep 13 22:33:00 2022]
Error in rule sequence_select:
    jobid: 122
    output: test/samples/GCA_008822115.3_temp.fa
    conda-env: /home/AD.UCSD.EDU/amohammadidoost/wga-phylo/.snakemake/conda/34f768e9f77cdb9d6d3c86b4308cd7fe
    shell:
        python sequence_select/new_select.py --input ../genomes_top40/GCA_008822115.3.fa -s 221 -t 0.7 -e 224 -l 1000 --output test/samples/GCA_008822115.3_temp.fa
        (one of the commands exited with non-zero exit code; note that snakemake uses bash strict mode!)

Error in rule sequence_select:
    jobid: 118
    output: test/samples/GCA_009764545.1_temp.fa
    conda-env: /home/AD.UCSD.EDU/amohammadidoost/wga-phylo/.snakemake/conda/34f768e9f77cdb9d6d3c86b4308cd7fe
    shell:
        python sequence_select/new_select.py --input ../genomes_top40/GCA_009764545.1.fa -s 213 -t 0.7 -e 215 -l 1000 --output test/samples/GCA_009764545.1_temp.fa
        (one of the commands exited with non-zero exit code; note that snakemake uses bash strict mode!)

[Tue Sep 13 22:33:00 2022]
Error in rule sequence_select:
    jobid: 120
    output: test/samples/GCA_009819585.1_temp.fa
    conda-env: /home/AD.UCSD.EDU/amohammadidoost/wga-phylo/.snakemake/conda/34f768e9f77cdb9d6d3c86b4308cd7fe
    shell:
        python sequence_select/new_select.py --input ../genomes_top40/GCA_009819585.1.fa -s 216 -t 0.7 -e 217 -l 1000 --output test/samples/GCA_009819585.1_temp.fa
        (one of the commands exited with non-zero exit code; note that snakemake uses bash strict mode!)

[Tue Sep 13 22:33:00 2022]
Error in rule sequence_select:
    jobid: 150
    output: test/samples/GCA_009769605.1_temp.fa
    conda-env: /home/AD.UCSD.EDU/amohammadidoost/wga-phylo/.snakemake/conda/34f768e9f77cdb9d6d3c86b4308cd7fe
    shell:
        python sequence_select/new_select.py --input ../genomes_top40/GCA_009769605.1.fa -s 271 -t 0.7 -e 272 -l 1000 --output test/samples/GCA_009769605.1_temp.fa
        (one of the commands exited with non-zero exit code; note that snakemake uses bash strict mode!)

[Tue Sep 13 22:33:00 2022]
Error in rule sequence_select:
    jobid: 28
    output: test/samples/GCA_009819775.1_temp.fa
    conda-env: /home/AD.UCSD.EDU/amohammadidoost/wga-phylo/.snakemake/conda/34f768e9f77cdb9d6d3c86b4308cd7fe
    shell:
        python sequence_select/new_select.py --input ../genomes_top40/GCA_009819775.1.fa -s 42 -t 0.7 -e 46 -l 1000 --output test/samples/GCA_009819775.1_temp.fa
        (one of the commands exited with non-zero exit code; note that snakemake uses bash strict mode!)

[Tue Sep 13 22:33:00 2022]
Error in rule sequence_select:
    jobid: 36
    output: test/samples/GCF_009819795.1_temp.fa
    conda-env: /home/AD.UCSD.EDU/amohammadidoost/wga-phylo/.snakemake/conda/34f768e9f77cdb9d6d3c86b4308cd7fe
    shell:
        python sequence_select/new_select.py --input ../genomes_top40/GCF_009819795.1.fa -s 63 -t 0.7 -e 66 -l 1000 --output test/samples/GCF_009819795.1_temp.fa
        (one of the commands exited with non-zero exit code; note that snakemake uses bash strict mode!)

[Tue Sep 13 22:33:00 2022]
Error in rule sequence_select:
    jobid: 86
    output: test/samples/GCA_009819805.1_temp.fa
    conda-env: /home/AD.UCSD.EDU/amohammadidoost/wga-phylo/.snakemake/conda/34f768e9f77cdb9d6d3c86b4308cd7fe
    shell:
        python sequence_select/new_select.py --input ../genomes_top40/GCA_009819805.1.fa -s 156 -t 0.7 -e 158 -l 1000 --output test/samples/GCA_009819805.1_temp.fa
        (one of the commands exited with non-zero exit code; note that snakemake uses bash strict mode!)

[Tue Sep 13 22:33:00 2022]
Error in rule sequence_select:
    jobid: 148
    output: test/samples/GCF_008822105.2_temp.fa
    conda-env: /home/AD.UCSD.EDU/amohammadidoost/wga-phylo/.snakemake/conda/34f768e9f77cdb9d6d3c86b4308cd7fe
    shell:
        python sequence_select/new_select.py --input ../genomes_top40/GCF_008822105.2.fa -s 269 -t 0.7 -e 270 -l 1000 --output test/samples/GCF_008822105.2_temp.fa
        (one of the commands exited with non-zero exit code; note that snakemake uses bash strict mode!)

[Tue Sep 13 22:33:00 2022]
Error in rule sequence_select:
    jobid: 81
    output: test/samples/GCA_009819825.1_temp.fa
    conda-env: /home/AD.UCSD.EDU/amohammadidoost/wga-phylo/.snakemake/conda/34f768e9f77cdb9d6d3c86b4308cd7fe
    shell:
        python sequence_select/new_select.py --input ../genomes_top40/GCA_009819825.1.fa -s 149 -t 0.7 -e 150 -l 1000 --output test/samples/GCA_009819825.1_temp.fa
        (one of the commands exited with non-zero exit code; note that snakemake uses bash strict mode!)

[Tue Sep 13 22:33:00 2022]
Error in rule sequence_select:
    jobid: 100
    output: test/samples/GCF_017639655.2_temp.fa
    conda-env: /home/AD.UCSD.EDU/amohammadidoost/wga-phylo/.snakemake/conda/34f768e9f77cdb9d6d3c86b4308cd7fe
    shell:
        python sequence_select/new_select.py --input ../genomes_top40/GCF_017639655.2.fa -s 179 -t 0.7 -e 182 -l 1000 --output test/samples/GCF_017639655.2_temp.fa
        (one of the commands exited with non-zero exit code; note that snakemake uses bash strict mode!)

[Tue Sep 13 22:33:00 2022]
Error in rule sequence_select:
    jobid: 147
    output: test/samples/GCA_008746955.1_temp.fa
    conda-env: /home/AD.UCSD.EDU/amohammadidoost/wga-phylo/.snakemake/conda/34f768e9f77cdb9d6d3c86b4308cd7fe
    shell:
        python sequence_select/new_select.py --input ../genomes_top40/GCA_008746955.1.fa -s 266 -t 0.7 -e 269 -l 1000 --output test/samples/GCA_008746955.1_temp.fa
        (one of the commands exited with non-zero exit code; note that snakemake uses bash strict mode!)

[Tue Sep 13 22:33:00 2022]
Error in rule sequence_select:
    jobid: 113
    output: test/samples/GCA_003343005.1_temp.fa
    conda-env: /home/AD.UCSD.EDU/amohammadidoost/wga-phylo/.snakemake/conda/34f768e9f77cdb9d6d3c86b4308cd7fe
    shell:
        python sequence_select/new_select.py --input ../genomes_top40/GCA_003343005.1.fa -s 203 -t 0.7 -e 207 -l 1000 --output test/samples/GCA_003343005.1_temp.fa
        (one of the commands exited with non-zero exit code; note that snakemake uses bash strict mode!)

[Tue Sep 13 22:33:00 2022]
Error in rule sequence_select:
    jobid: 101
    output: test/samples/GCF_009650955.1_temp.fa
    conda-env: /home/AD.UCSD.EDU/amohammadidoost/wga-phylo/.snakemake/conda/34f768e9f77cdb9d6d3c86b4308cd7fe
    shell:
        python sequence_select/new_select.py --input ../genomes_top40/GCF_009650955.1.fa -s 182 -t 0.7 -e 185 -l 1000 --output test/samples/GCF_009650955.1_temp.fa
        (one of the commands exited with non-zero exit code; note that snakemake uses bash strict mode!)

[Tue Sep 13 22:33:00 2022]
Error in rule sequence_select:
    jobid: 117
    output: test/samples/GCF_015227805.1_temp.fa
    conda-env: /home/AD.UCSD.EDU/amohammadidoost/wga-phylo/.snakemake/conda/34f768e9f77cdb9d6d3c86b4308cd7fe
    shell:
        python sequence_select/new_select.py --input ../genomes_top40/GCF_015227805.1.fa -s 213 -t 0.7 -e 213 -l 1000 --output test/samples/GCF_015227805.1_temp.fa
        (one of the commands exited with non-zero exit code; note that snakemake uses bash strict mode!)

[Tue Sep 13 22:33:00 2022]
Error in rule sequence_select:
    jobid: 26
    output: test/samples/GCA_009764595.1_temp.fa
    conda-env: /home/AD.UCSD.EDU/amohammadidoost/wga-phylo/.snakemake/conda/34f768e9f77cdb9d6d3c86b4308cd7fe
    shell:
        python sequence_select/new_select.py --input ../genomes_top40/GCA_009764595.1.fa -s 39 -t 0.7 -e 40 -l 1000 --output test/samples/GCA_009764595.1_temp.fa
        (one of the commands exited with non-zero exit code; note that snakemake uses bash strict mode!)

[Tue Sep 13 22:33:00 2022]
Error in rule sequence_select:
    jobid: 29
    output: test/samples/GCF_012275295.1_temp.fa
    conda-env: /home/AD.UCSD.EDU/amohammadidoost/wga-phylo/.snakemake/conda/34f768e9f77cdb9d6d3c86b4308cd7fe
    shell:
        python sequence_select/new_select.py --input ../genomes_top40/GCF_012275295.1.fa -s 46 -t 0.7 -e 46 -l 1000 --output test/samples/GCF_012275295.1_temp.fa
        (one of the commands exited with non-zero exit code; note that snakemake uses bash strict mode!)

[Tue Sep 13 22:33:00 2022]
Error in rule sequence_select:
    jobid: 143
    output: test/samples/GCA_008658365.1_temp.fa
    conda-env: /home/AD.UCSD.EDU/amohammadidoost/wga-phylo/.snakemake/conda/34f768e9f77cdb9d6d3c86b4308cd7fe
    shell:
        python sequence_select/new_select.py --input ../genomes_top40/GCA_008658365.1.fa -s 255 -t 0.7 -e 259 -l 1000 --output test/samples/GCA_008658365.1_temp.fa
        (one of the commands exited with non-zero exit code; note that snakemake uses bash strict mode!)

[Tue Sep 13 22:33:00 2022]
Error in rule sequence_select:
    jobid: 5
    output: test/samples/GCF_011077185.1_temp.fa
    conda-env: /home/AD.UCSD.EDU/amohammadidoost/wga-phylo/.snakemake/conda/34f768e9f77cdb9d6d3c86b4308cd7fe
    shell:
        python sequence_select/new_select.py --input ../genomes_top40/GCF_011077185.1.fa -s 1 -t 0.7 -e 3 -l 1000 --output test/samples/GCF_011077185.1_temp.fa
        (one of the commands exited with non-zero exit code; note that snakemake uses bash strict mode!)

Complete log: .snakemake/log/2022-09-13T223135.309747.snakemake.log
