Building DAG of jobs...
Using shell: /usr/bin/bash
Provided cores: 32
Rules claiming more threads will be scaled down.
Conda environments: ignored
Job stats:
job       count    min threads    max threads
------  -------  -------------  -------------
all           1              1              1
astral        1              1              1
total         2              1              1

Select jobs to execute...

[Mon Sep 19 17:27:19 2022]
rule astral:
    input: test/geneTree/gene_tree_merged.newick
    output: test/speciesTree.newick
    jobid: 1
    reason: Missing output files: test/speciesTree.newick
    resources: tmpdir=/tmp

Terminating processes on user request, this might take some time.
[Mon Sep 19 17:27:26 2022]
Error in rule astral:
    jobid: 1
    output: test/speciesTree.newick
    shell:
        java -Djava.library.path=A-pro/ASTRAL-MP/lib -jar A-pro/ASTRAL-MP/astral.1.1.6.jar -i test/geneTree/gene_tree_merged.newick -o test/speciesTree.newick -a mapping.txt --polylimit 3
        (one of the commands exited with non-zero exit code; note that snakemake uses bash strict mode!)

Complete log: .snakemake/log/2022-09-19T172719.695135.snakemake.log
