Building DAG of jobs...
Using shell: /usr/bin/bash
Provided cores: 64
Rules claiming more threads will be scaled down.
Conda environments: ignored
Job stats:
job                count    min threads    max threads
---------------  -------  -------------  -------------
all                    1              1              1
lastz                 40              1              1
lastz2fasta            1              1              1
sequence_merge         1              1              1
sequence_select       40              1              1
total                 83              1              1

Select jobs to execute...

[Tue Sep 13 04:43:24 2022]
rule sequence_select:
    input: ../genomes_top40/GCF_003957555.1.fa
    output: test/samples/GCF_003957555.1_temp.fa
    jobid: 15
    reason: Missing output files: test/samples/GCF_003957555.1_temp.fa
    wildcards: sample=GCF_003957555.1
    resources: tmpdir=/tmp


[Tue Sep 13 04:43:24 2022]
rule sequence_select:
    input: ../genomes_top40/GCF_016699485.2.fa
    output: test/samples/GCF_016699485.2_temp.fa
    jobid: 30
    reason: Missing output files: test/samples/GCF_016699485.2_temp.fa
    wildcards: sample=GCF_016699485.2
    resources: tmpdir=/tmp


[Tue Sep 13 04:43:24 2022]
rule sequence_select:
    input: ../genomes_top40/GCA_015220805.1.fa
    output: test/samples/GCA_015220805.1_temp.fa
    jobid: 23
    reason: Missing output files: test/samples/GCA_015220805.1_temp.fa
    wildcards: sample=GCA_015220805.1
    resources: tmpdir=/tmp


[Tue Sep 13 04:43:24 2022]
rule sequence_select:
    input: ../genomes_top40/GCA_020745705.1.fa
    output: test/samples/GCA_020745705.1_temp.fa
    jobid: 8
    reason: Missing output files: test/samples/GCA_020745705.1_temp.fa
    wildcards: sample=GCA_020745705.1
    resources: tmpdir=/tmp


[Tue Sep 13 04:43:24 2022]
rule sequence_select:
    input: ../genomes_top40/GCA_008658365.1.fa
    output: test/samples/GCA_008658365.1_temp.fa
    jobid: 38
    reason: Missing output files: test/samples/GCA_008658365.1_temp.fa
    wildcards: sample=GCA_008658365.1
    resources: tmpdir=/tmp


[Tue Sep 13 04:43:24 2022]
rule sequence_select:
    input: ../genomes_top40/GCA_020746105.1.fa
    output: test/samples/GCA_020746105.1_temp.fa
    jobid: 16
    reason: Missing output files: test/samples/GCA_020746105.1_temp.fa
    wildcards: sample=GCA_020746105.1
    resources: tmpdir=/tmp


[Tue Sep 13 04:43:24 2022]
rule sequence_select:
    input: ../genomes_top40/GCF_016700215.2.fa
    output: test/samples/GCF_016700215.2_temp.fa
    jobid: 31
    reason: Missing output files: test/samples/GCF_016700215.2_temp.fa
    wildcards: sample=GCF_016700215.2
    resources: tmpdir=/tmp


[Tue Sep 13 04:43:24 2022]
rule sequence_select:
    input: ../genomes_top40/GCA_009819825.1.fa
    output: test/samples/GCA_009819825.1_temp.fa
    jobid: 24
    reason: Missing output files: test/samples/GCA_009819825.1_temp.fa
    wildcards: sample=GCA_009819825.1
    resources: tmpdir=/tmp


[Tue Sep 13 04:43:24 2022]
rule sequence_select:
    input: ../genomes_top40/GCA_009819775.1.fa
    output: test/samples/GCA_009819775.1_temp.fa
    jobid: 9
    reason: Missing output files: test/samples/GCA_009819775.1_temp.fa
    wildcards: sample=GCA_009819775.1
    resources: tmpdir=/tmp


[Tue Sep 13 04:43:24 2022]
rule sequence_select:
    input: ../genomes_top40/GCF_000002315.6.fa
    output: test/samples/GCF_000002315.6_temp.fa
    jobid: 39
    reason: Missing output files: test/samples/GCF_000002315.6_temp.fa
    wildcards: sample=GCF_000002315.6
    resources: tmpdir=/tmp


[Tue Sep 13 04:43:24 2022]
rule sequence_select:
    input: ../genomes_top40/GCF_009829145.1.fa
    output: test/samples/GCF_009829145.1_temp.fa
    jobid: 17
    reason: Missing output files: test/samples/GCF_009829145.1_temp.fa
    wildcards: sample=GCF_009829145.1
    resources: tmpdir=/tmp


[Tue Sep 13 04:43:24 2022]
rule sequence_select:
    input: ../genomes_top40/GCA_013407035.1.fa
    output: test/samples/GCA_013407035.1_temp.fa
    jobid: 32
    reason: Missing output files: test/samples/GCA_013407035.1_temp.fa
    wildcards: sample=GCA_013407035.1
    resources: tmpdir=/tmp


[Tue Sep 13 04:43:24 2022]
rule sequence_select:
    input: ../genomes_top40/GCA_020745775.1.fa
    output: test/samples/GCA_020745775.1_temp.fa
    jobid: 25
    reason: Missing output files: test/samples/GCA_020745775.1_temp.fa
    wildcards: sample=GCA_020745775.1
    resources: tmpdir=/tmp


[Tue Sep 13 04:43:24 2022]
rule sequence_select:
    input: ../genomes_top40/GCF_012275295.1.fa
    output: test/samples/GCF_012275295.1_temp.fa
    jobid: 10
    reason: Missing output files: test/samples/GCF_012275295.1_temp.fa
    wildcards: sample=GCF_012275295.1
    resources: tmpdir=/tmp


[Tue Sep 13 04:43:24 2022]
rule sequence_select:
    input: ../genomes_top40/GCA_016904835.1.fa
    output: test/samples/GCA_016904835.1_temp.fa
    jobid: 40
    reason: Missing output files: test/samples/GCA_016904835.1_temp.fa
    wildcards: sample=GCA_016904835.1
    resources: tmpdir=/tmp


[Tue Sep 13 04:43:24 2022]
rule sequence_select:
    input: ../genomes_top40/GCA_017639485.1.fa
    output: test/samples/GCA_017639485.1_temp.fa
    jobid: 18
    reason: Missing output files: test/samples/GCA_017639485.1_temp.fa
    wildcards: sample=GCA_017639485.1
    resources: tmpdir=/tmp


[Tue Sep 13 04:43:24 2022]
rule sequence_select:
    input: ../genomes_top40/GCA_902806625.1.fa
    output: test/samples/GCA_902806625.1_temp.fa
    jobid: 33
    reason: Missing output files: test/samples/GCA_902806625.1_temp.fa
    wildcards: sample=GCA_902806625.1
    resources: tmpdir=/tmp


[Tue Sep 13 04:43:24 2022]
rule sequence_select:
    input: ../genomes_top40/GCF_018691265.1.fa
    output: test/samples/GCF_018691265.1_temp.fa
    jobid: 26
    reason: Missing output files: test/samples/GCF_018691265.1_temp.fa
    wildcards: sample=GCF_018691265.1
    resources: tmpdir=/tmp


[Tue Sep 13 04:43:24 2022]
rule sequence_select:
    input: ../genomes_top40/GCA_020801775.1.fa
    output: test/samples/GCA_020801775.1_temp.fa
    jobid: 11
    reason: Missing output files: test/samples/GCA_020801775.1_temp.fa
    wildcards: sample=GCA_020801775.1
    resources: tmpdir=/tmp


[Tue Sep 13 04:43:24 2022]
rule sequence_select:
    input: ../genomes_top40/GCF_020740725.1.fa
    output: test/samples/GCF_020740725.1_temp.fa
    jobid: 41
    reason: Missing output files: test/samples/GCF_020740725.1_temp.fa
    wildcards: sample=GCF_020740725.1
    resources: tmpdir=/tmp


[Tue Sep 13 04:43:24 2022]
rule sequence_select:
    input: ../genomes_top40/GCA_907165065.1.fa
    output: test/samples/GCA_907165065.1_temp.fa
    jobid: 19
    reason: Missing output files: test/samples/GCA_907165065.1_temp.fa
    wildcards: sample=GCA_907165065.1
    resources: tmpdir=/tmp


[Tue Sep 13 04:43:24 2022]
rule sequence_select:
    input: ../genomes_top40/GCA_017639555.1.fa
    output: test/samples/GCA_017639555.1_temp.fa
    jobid: 4
    reason: Missing output files: test/samples/GCA_017639555.1_temp.fa
    wildcards: sample=GCA_017639555.1
    resources: tmpdir=/tmp


[Tue Sep 13 04:43:24 2022]
rule sequence_select:
    input: ../genomes_top40/GCA_016128335.1.fa
    output: test/samples/GCA_016128335.1_temp.fa
    jobid: 34
    reason: Missing output files: test/samples/GCA_016128335.1_temp.fa
    wildcards: sample=GCA_016128335.1
    resources: tmpdir=/tmp


[Tue Sep 13 04:43:24 2022]
rule sequence_select:
    input: ../genomes_top40/GCF_017639655.2.fa
    output: test/samples/GCF_017639655.2_temp.fa
    jobid: 27
    reason: Missing output files: test/samples/GCF_017639655.2_temp.fa
    wildcards: sample=GCF_017639655.2
    resources: tmpdir=/tmp


[Tue Sep 13 04:43:24 2022]
rule sequence_select:
    input: ../genomes_top40/GCA_018139145.1.fa
    output: test/samples/GCA_018139145.1_temp.fa
    jobid: 12
    reason: Missing output files: test/samples/GCA_018139145.1_temp.fa
    wildcards: sample=GCA_018139145.1
    resources: tmpdir=/tmp


[Tue Sep 13 04:43:24 2022]
rule sequence_select:
    input: ../genomes_top40/GCF_901933205.1.fa
    output: test/samples/GCF_901933205.1_temp.fa
    jobid: 42
    reason: Missing output files: test/samples/GCF_901933205.1_temp.fa
    wildcards: sample=GCF_901933205.1
    resources: tmpdir=/tmp


[Tue Sep 13 04:43:24 2022]
rule sequence_select:
    input: ../genomes_top40/GCA_011004875.1.fa
    output: test/samples/GCA_011004875.1_temp.fa
    jobid: 20
    reason: Missing output files: test/samples/GCA_011004875.1_temp.fa
    wildcards: sample=GCA_011004875.1
    resources: tmpdir=/tmp


[Tue Sep 13 04:43:24 2022]
rule sequence_select:
    input: ../genomes_top40/GCA_013368605.1.fa
    output: test/samples/GCA_013368605.1_temp.fa
    jobid: 5
    reason: Missing output files: test/samples/GCA_013368605.1_temp.fa
    wildcards: sample=GCA_013368605.1
    resources: tmpdir=/tmp


[Tue Sep 13 04:43:24 2022]
rule sequence_select:
    input: ../genomes_top40/GCF_900496995.4.fa
    output: test/samples/GCF_900496995.4_temp.fa
    jobid: 35
    reason: Missing output files: test/samples/GCF_900496995.4_temp.fa
    wildcards: sample=GCF_900496995.4
    resources: tmpdir=/tmp


[Tue Sep 13 04:43:24 2022]
rule sequence_select:
    input: ../genomes_top40/GCA_014839835.1.fa
    output: test/samples/GCA_014839835.1_temp.fa
    jobid: 28
    reason: Missing output files: test/samples/GCA_014839835.1_temp.fa
    wildcards: sample=GCA_014839835.1
    resources: tmpdir=/tmp


[Tue Sep 13 04:43:24 2022]
rule sequence_select:
    input: ../genomes_top40/GCF_009819795.1.fa
    output: test/samples/GCF_009819795.1_temp.fa
    jobid: 13
    reason: Missing output files: test/samples/GCF_009819795.1_temp.fa
    wildcards: sample=GCF_009819795.1
    resources: tmpdir=/tmp


[Tue Sep 13 04:43:24 2022]
rule sequence_select:
    input: ../genomes_top40/GCA_012275265.1.fa
    output: test/samples/GCA_012275265.1_temp.fa
    jobid: 43
    reason: Missing output files: test/samples/GCA_012275265.1_temp.fa
    wildcards: sample=GCA_012275265.1
    resources: tmpdir=/tmp


[Tue Sep 13 04:43:24 2022]
rule sequence_select:
    input: ../genomes_top40/GCA_017976375.1.fa
    output: test/samples/GCA_017976375.1_temp.fa
    jobid: 21
    reason: Missing output files: test/samples/GCA_017976375.1_temp.fa
    wildcards: sample=GCA_017976375.1
    resources: tmpdir=/tmp


[Tue Sep 13 04:43:24 2022]
rule sequence_select:
    input: ../genomes_top40/GCF_015220075.1.fa
    output: test/samples/GCF_015220075.1_temp.fa
    jobid: 6
    reason: Missing output files: test/samples/GCF_015220075.1_temp.fa
    wildcards: sample=GCF_015220075.1
    resources: tmpdir=/tmp


[Tue Sep 13 04:43:24 2022]
rule sequence_select:
    input: ../genomes_top40/GCA_020800305.1.fa
    output: test/samples/GCA_020800305.1_temp.fa
    jobid: 36
    reason: Missing output files: test/samples/GCA_020800305.1_temp.fa
    wildcards: sample=GCA_020800305.1
    resources: tmpdir=/tmp


[Tue Sep 13 04:43:24 2022]
rule sequence_select:
    input: ../genomes_top40/GCA_905368555.1.fa
    output: test/samples/GCA_905368555.1_temp.fa
    jobid: 29
    reason: Missing output files: test/samples/GCA_905368555.1_temp.fa
    wildcards: sample=GCA_905368555.1
    resources: tmpdir=/tmp


[Tue Sep 13 04:43:24 2022]
rule sequence_select:
    input: ../genomes_top40/GCA_009819605.1.fa
    output: test/samples/GCA_009819605.1_temp.fa
    jobid: 14
    reason: Missing output files: test/samples/GCA_009819605.1_temp.fa
    wildcards: sample=GCA_009819605.1
    resources: tmpdir=/tmp


[Tue Sep 13 04:43:24 2022]
rule sequence_select:
    input: ../genomes_top40/GCA_014839755.1.fa
    output: test/samples/GCA_014839755.1_temp.fa
    jobid: 22
    reason: Missing output files: test/samples/GCA_014839755.1_temp.fa
    wildcards: sample=GCA_014839755.1
    resources: tmpdir=/tmp


[Tue Sep 13 04:43:24 2022]
rule sequence_select:
    input: ../genomes_top40/GCA_017639245.1.fa
    output: test/samples/GCA_017639245.1_temp.fa
    jobid: 7
    reason: Missing output files: test/samples/GCA_017639245.1_temp.fa
    wildcards: sample=GCA_017639245.1
    resources: tmpdir=/tmp


[Tue Sep 13 04:43:24 2022]
rule sequence_select:
    input: ../genomes_top40/GCA_020740795.1.fa
    output: test/samples/GCA_020740795.1_temp.fa
    jobid: 37
    reason: Missing output files: test/samples/GCA_020740795.1_temp.fa
    wildcards: sample=GCA_020740795.1
    resources: tmpdir=/tmp

[Tue Sep 13 04:51:29 2022]
Error in rule sequence_select:
    jobid: 31
    output: test/samples/GCF_016700215.2_temp.fa
    conda-env: /home/AD.UCSD.EDU/ttl074/wga/wga-phylo/.snakemake/conda/9b0e30fc36de21212fd8a979d3e63728
    shell:
        python sequence_select/new_select.py --input ../genomes_top40/GCF_016700215.2.fa -s 218 -t 0.7 -e 227 -l 1000 --output ../test/samples/GCF_016700215.2_temp.fa
        (one of the commands exited with non-zero exit code; note that snakemake uses bash strict mode!)

[Tue Sep 13 04:51:29 2022]
Error in rule sequence_select:
    jobid: 15
    output: test/samples/GCF_003957555.1_temp.fa
    conda-env: /home/AD.UCSD.EDU/ttl074/wga/wga-phylo/.snakemake/conda/9b0e30fc36de21212fd8a979d3e63728
    shell:
        python sequence_select/new_select.py --input ../genomes_top40/GCF_003957555.1.fa -s 93 -t 0.7 -e 100 -l 1000 --output ../test/samples/GCF_003957555.1_temp.fa
        (one of the commands exited with non-zero exit code; note that snakemake uses bash strict mode!)

[Tue Sep 13 04:51:29 2022]
Error in rule sequence_select:
    jobid: 29
    output: test/samples/GCA_905368555.1_temp.fa
    conda-env: /home/AD.UCSD.EDU/ttl074/wga/wga-phylo/.snakemake/conda/9b0e30fc36de21212fd8a979d3e63728
    shell:
        python sequence_select/new_select.py --input ../genomes_top40/GCA_905368555.1.fa -s 205 -t 0.7 -e 212 -l 1000 --output ../test/samples/GCA_905368555.1_temp.fa
        (one of the commands exited with non-zero exit code; note that snakemake uses bash strict mode!)

[Tue Sep 13 04:51:30 2022]
Error in rule sequence_select:
    jobid: 39
    output: test/samples/GCF_000002315.6_temp.fa
    conda-env: /home/AD.UCSD.EDU/ttl074/wga/wga-phylo/.snakemake/conda/9b0e30fc36de21212fd8a979d3e63728
    shell:
        python sequence_select/new_select.py --input ../genomes_top40/GCF_000002315.6.fa -s 259 -t 0.7 -e 267 -l 1000 --output ../test/samples/GCF_000002315.6_temp.fa
        (one of the commands exited with non-zero exit code; note that snakemake uses bash strict mode!)

[Tue Sep 13 04:51:42 2022]
Error in rule sequence_select:
    jobid: 30
    output: test/samples/GCF_016699485.2_temp.fa
    conda-env: /home/AD.UCSD.EDU/ttl074/wga/wga-phylo/.snakemake/conda/9b0e30fc36de21212fd8a979d3e63728
    shell:
        python sequence_select/new_select.py --input ../genomes_top40/GCF_016699485.2.fa -s 212 -t 0.7 -e 218 -l 1000 --output ../test/samples/GCF_016699485.2_temp.fa
        (one of the commands exited with non-zero exit code; note that snakemake uses bash strict mode!)

[Tue Sep 13 04:51:47 2022]
Error in rule sequence_select:
    jobid: 33
    output: test/samples/GCA_902806625.1_temp.fa
    conda-env: /home/AD.UCSD.EDU/ttl074/wga/wga-phylo/.snakemake/conda/9b0e30fc36de21212fd8a979d3e63728
    shell:
        python sequence_select/new_select.py --input ../genomes_top40/GCA_902806625.1.fa -s 233 -t 0.7 -e 239 -l 1000 --output ../test/samples/GCA_902806625.1_temp.fa
        (one of the commands exited with non-zero exit code; note that snakemake uses bash strict mode!)

[Tue Sep 13 04:52:13 2022]
Error in rule sequence_select:
    jobid: 16
    output: test/samples/GCA_020746105.1_temp.fa
    conda-env: /home/AD.UCSD.EDU/ttl074/wga/wga-phylo/.snakemake/conda/9b0e30fc36de21212fd8a979d3e63728
    shell:
        python sequence_select/new_select.py --input ../genomes_top40/GCA_020746105.1.fa -s 100 -t 0.7 -e 112 -l 1000 --output ../test/samples/GCA_020746105.1_temp.fa
        (one of the commands exited with non-zero exit code; note that snakemake uses bash strict mode!)

[Tue Sep 13 04:52:25 2022]
Error in rule sequence_select:
    jobid: 40
    output: test/samples/GCA_016904835.1_temp.fa
    conda-env: /home/AD.UCSD.EDU/ttl074/wga/wga-phylo/.snakemake/conda/9b0e30fc36de21212fd8a979d3e63728
    shell:
        python sequence_select/new_select.py --input ../genomes_top40/GCA_016904835.1.fa -s 267 -t 0.7 -e 272 -l 1000 --output ../test/samples/GCA_016904835.1_temp.fa
        (one of the commands exited with non-zero exit code; note that snakemake uses bash strict mode!)

[Tue Sep 13 04:52:28 2022]
Error in rule sequence_select:
    jobid: 22
    output: test/samples/GCA_014839755.1_temp.fa
    conda-env: /home/AD.UCSD.EDU/ttl074/wga/wga-phylo/.snakemake/conda/9b0e30fc36de21212fd8a979d3e63728
    shell:
        python sequence_select/new_select.py --input ../genomes_top40/GCA_014839755.1.fa -s 154 -t 0.7 -e 162 -l 1000 --output ../test/samples/GCA_014839755.1_temp.fa
        (one of the commands exited with non-zero exit code; note that snakemake uses bash strict mode!)

[Tue Sep 13 04:52:35 2022]
Error in rule sequence_select:
    jobid: 17
    output: test/samples/GCF_009829145.1_temp.fa
    conda-env: /home/AD.UCSD.EDU/ttl074/wga/wga-phylo/.snakemake/conda/9b0e30fc36de21212fd8a979d3e63728
    shell:
        python sequence_select/new_select.py --input ../genomes_top40/GCF_009829145.1.fa -s 112 -t 0.7 -e 118 -l 1000 --output ../test/samples/GCF_009829145.1_temp.fa
        (one of the commands exited with non-zero exit code; note that snakemake uses bash strict mode!)

[Tue Sep 13 04:52:37 2022]
Error in rule sequence_select:
    jobid: 32
    output: test/samples/GCA_013407035.1_temp.fa
    conda-env: /home/AD.UCSD.EDU/ttl074/wga/wga-phylo/.snakemake/conda/9b0e30fc36de21212fd8a979d3e63728
    shell:
        python sequence_select/new_select.py --input ../genomes_top40/GCA_013407035.1.fa -s 227 -t 0.7 -e 233 -l 1000 --output ../test/samples/GCA_013407035.1_temp.fa
        (one of the commands exited with non-zero exit code; note that snakemake uses bash strict mode!)

[Tue Sep 13 04:52:37 2022]
Error in rule sequence_select:
    jobid: 37
    output: test/samples/GCA_020740795.1_temp.fa
    conda-env: /home/AD.UCSD.EDU/ttl074/wga/wga-phylo/.snakemake/conda/9b0e30fc36de21212fd8a979d3e63728
    shell:
        python sequence_select/new_select.py --input ../genomes_top40/GCA_020740795.1.fa -s 251 -t 0.7 -e 256 -l 1000 --output ../test/samples/GCA_020740795.1_temp.fa
        (one of the commands exited with non-zero exit code; note that snakemake uses bash strict mode!)

[Tue Sep 13 04:52:41 2022]
Error in rule sequence_select:
    jobid: 10
    output: test/samples/GCF_012275295.1_temp.fa
    conda-env: /home/AD.UCSD.EDU/ttl074/wga/wga-phylo/.snakemake/conda/9b0e30fc36de21212fd8a979d3e63728
    shell:
        python sequence_select/new_select.py --input ../genomes_top40/GCF_012275295.1.fa -s 49 -t 0.7 -e 60 -l 1000 --output ../test/samples/GCF_012275295.1_temp.fa
        (one of the commands exited with non-zero exit code; note that snakemake uses bash strict mode!)

[Tue Sep 13 04:52:45 2022]
Error in rule sequence_select:
    jobid: 42
    output: test/samples/GCF_901933205.1_temp.fa
    conda-env: /home/AD.UCSD.EDU/ttl074/wga/wga-phylo/.snakemake/conda/9b0e30fc36de21212fd8a979d3e63728
    shell:
        python sequence_select/new_select.py --input ../genomes_top40/GCF_901933205.1.fa -s 283 -t 0.7 -e 289 -l 1000 --output ../test/samples/GCF_901933205.1_temp.fa
        (one of the commands exited with non-zero exit code; note that snakemake uses bash strict mode!)

[Tue Sep 13 04:52:47 2022]
Error in rule sequence_select:
    jobid: 8
    output: test/samples/GCA_020745705.1_temp.fa
    conda-env: /home/AD.UCSD.EDU/ttl074/wga/wga-phylo/.snakemake/conda/9b0e30fc36de21212fd8a979d3e63728
    shell:
        python sequence_select/new_select.py --input ../genomes_top40/GCA_020745705.1.fa -s 36 -t 0.7 -e 40 -l 1000 --output ../test/samples/GCA_020745705.1_temp.fa
        (one of the commands exited with non-zero exit code; note that snakemake uses bash strict mode!)

[Tue Sep 13 04:52:50 2022]
Error in rule sequence_select:
    jobid: 6
    output: test/samples/GCF_015220075.1_temp.fa
    conda-env: /home/AD.UCSD.EDU/ttl074/wga/wga-phylo/.snakemake/conda/9b0e30fc36de21212fd8a979d3e63728
    shell:
        python sequence_select/new_select.py --input ../genomes_top40/GCF_015220075.1.fa -s 16 -t 0.7 -e 25 -l 1000 --output ../test/samples/GCF_015220075.1_temp.fa
        (one of the commands exited with non-zero exit code; note that snakemake uses bash strict mode!)

[Tue Sep 13 04:52:54 2022]
Error in rule sequence_select:
    jobid: 19
    output: test/samples/GCA_907165065.1_temp.fa
    conda-env: /home/AD.UCSD.EDU/ttl074/wga/wga-phylo/.snakemake/conda/9b0e30fc36de21212fd8a979d3e63728
    shell:
        python sequence_select/new_select.py --input ../genomes_top40/GCA_907165065.1.fa -s 121 -t 0.7 -e 129 -l 1000 --output ../test/samples/GCA_907165065.1_temp.fa
        (one of the commands exited with non-zero exit code; note that snakemake uses bash strict mode!)

[Tue Sep 13 04:52:58 2022]
Error in rule sequence_select:
    jobid: 13
    output: test/samples/GCF_009819795.1_temp.fa
    conda-env: /home/AD.UCSD.EDU/ttl074/wga/wga-phylo/.snakemake/conda/9b0e30fc36de21212fd8a979d3e63728
    shell:
        python sequence_select/new_select.py --input ../genomes_top40/GCF_009819795.1.fa -s 77 -t 0.7 -e 84 -l 1000 --output ../test/samples/GCF_009819795.1_temp.fa
        (one of the commands exited with non-zero exit code; note that snakemake uses bash strict mode!)

[Tue Sep 13 04:53:01 2022]
Error in rule sequence_select:
    jobid: 41
    output: test/samples/GCF_020740725.1_temp.fa
    conda-env: /home/AD.UCSD.EDU/ttl074/wga/wga-phylo/.snakemake/conda/9b0e30fc36de21212fd8a979d3e63728
    shell:
        python sequence_select/new_select.py --input ../genomes_top40/GCF_020740725.1.fa -s 272 -t 0.7 -e 283 -l 1000 --output ../test/samples/GCF_020740725.1_temp.fa
        (one of the commands exited with non-zero exit code; note that snakemake uses bash strict mode!)

[Tue Sep 13 04:53:06 2022]
Error in rule sequence_select:
    jobid: 7
    output: test/samples/GCA_017639245.1_temp.fa
    conda-env: /home/AD.UCSD.EDU/ttl074/wga/wga-phylo/.snakemake/conda/9b0e30fc36de21212fd8a979d3e63728
    shell:
        python sequence_select/new_select.py --input ../genomes_top40/GCA_017639245.1.fa -s 25 -t 0.7 -e 36 -l 1000 --output ../test/samples/GCA_017639245.1_temp.fa
        (one of the commands exited with non-zero exit code; note that snakemake uses bash strict mode!)

[Tue Sep 13 04:53:07 2022]
Error in rule sequence_select:
    jobid: 25
    output: test/samples/GCA_020745775.1_temp.fa
    conda-env: /home/AD.UCSD.EDU/ttl074/wga/wga-phylo/.snakemake/conda/9b0e30fc36de21212fd8a979d3e63728
    shell:
        python sequence_select/new_select.py --input ../genomes_top40/GCA_020745775.1.fa -s 179 -t 0.7 -e 186 -l 1000 --output ../test/samples/GCA_020745775.1_temp.fa
        (one of the commands exited with non-zero exit code; note that snakemake uses bash strict mode!)

[Tue Sep 13 04:53:13 2022]
Error in rule sequence_select:
    jobid: 21
    output: test/samples/GCA_017976375.1_temp.fa
    conda-env: /home/AD.UCSD.EDU/ttl074/wga/wga-phylo/.snakemake/conda/9b0e30fc36de21212fd8a979d3e63728
    shell:
        python sequence_select/new_select.py --input ../genomes_top40/GCA_017976375.1.fa -s 140 -t 0.7 -e 154 -l 1000 --output ../test/samples/GCA_017976375.1_temp.fa
        (one of the commands exited with non-zero exit code; note that snakemake uses bash strict mode!)

[Tue Sep 13 04:53:13 2022]
Error in rule sequence_select:
    jobid: 27
    output: test/samples/GCF_017639655.2_temp.fa
    conda-env: /home/AD.UCSD.EDU/ttl074/wga/wga-phylo/.snakemake/conda/9b0e30fc36de21212fd8a979d3e63728
    shell:
        python sequence_select/new_select.py --input ../genomes_top40/GCF_017639655.2.fa -s 195 -t 0.7 -e 201 -l 1000 --output ../test/samples/GCF_017639655.2_temp.fa
        (one of the commands exited with non-zero exit code; note that snakemake uses bash strict mode!)

[Tue Sep 13 04:53:15 2022]
Error in rule sequence_select:
    jobid: 28
    output: test/samples/GCA_014839835.1_temp.fa
    conda-env: /home/AD.UCSD.EDU/ttl074/wga/wga-phylo/.snakemake/conda/9b0e30fc36de21212fd8a979d3e63728
    shell:
        python sequence_select/new_select.py --input ../genomes_top40/GCA_014839835.1.fa -s 201 -t 0.7 -e 205 -l 1000 --output ../test/samples/GCA_014839835.1_temp.fa
        (one of the commands exited with non-zero exit code; note that snakemake uses bash strict mode!)

[Tue Sep 13 04:53:20 2022]
Error in rule sequence_select:
    jobid: 26
    output: test/samples/GCF_018691265.1_temp.fa
    conda-env: /home/AD.UCSD.EDU/ttl074/wga/wga-phylo/.snakemake/conda/9b0e30fc36de21212fd8a979d3e63728
    shell:
        python sequence_select/new_select.py --input ../genomes_top40/GCF_018691265.1.fa -s 186 -t 0.7 -e 195 -l 1000 --output ../test/samples/GCF_018691265.1_temp.fa
        (one of the commands exited with non-zero exit code; note that snakemake uses bash strict mode!)

[Tue Sep 13 04:53:20 2022]
Error in rule sequence_select:
    jobid: 11
    output: test/samples/GCA_020801775.1_temp.fa
    conda-env: /home/AD.UCSD.EDU/ttl074/wga/wga-phylo/.snakemake/conda/9b0e30fc36de21212fd8a979d3e63728
    shell:
        python sequence_select/new_select.py --input ../genomes_top40/GCA_020801775.1.fa -s 60 -t 0.7 -e 67 -l 1000 --output ../test/samples/GCA_020801775.1_temp.fa
        (one of the commands exited with non-zero exit code; note that snakemake uses bash strict mode!)

[Tue Sep 13 04:53:20 2022]
Error in rule sequence_select:
    jobid: 34
    output: test/samples/GCA_016128335.1_temp.fa
    conda-env: /home/AD.UCSD.EDU/ttl074/wga/wga-phylo/.snakemake/conda/9b0e30fc36de21212fd8a979d3e63728
    shell:
        python sequence_select/new_select.py --input ../genomes_top40/GCA_016128335.1.fa -s 239 -t 0.7 -e 243 -l 1000 --output ../test/samples/GCA_016128335.1_temp.fa
        (one of the commands exited with non-zero exit code; note that snakemake uses bash strict mode!)

[Tue Sep 13 04:53:31 2022]
Error in rule sequence_select:
    jobid: 4
    output: test/samples/GCA_017639555.1_temp.fa
    conda-env: /home/AD.UCSD.EDU/ttl074/wga/wga-phylo/.snakemake/conda/9b0e30fc36de21212fd8a979d3e63728
    shell:
        python sequence_select/new_select.py --input ../genomes_top40/GCA_017639555.1.fa -s 0 -t 0.7 -e 11 -l 1000 --output ../test/samples/GCA_017639555.1_temp.fa
        (one of the commands exited with non-zero exit code; note that snakemake uses bash strict mode!)

[Tue Sep 13 04:53:32 2022]
Error in rule sequence_select:
    jobid: 18
    output: test/samples/GCA_017639485.1_temp.fa
    conda-env: /home/AD.UCSD.EDU/ttl074/wga/wga-phylo/.snakemake/conda/9b0e30fc36de21212fd8a979d3e63728
    shell:
        python sequence_select/new_select.py --input ../genomes_top40/GCA_017639485.1.fa -s 118 -t 0.7 -e 121 -l 1000 --output ../test/samples/GCA_017639485.1_temp.fa
        (one of the commands exited with non-zero exit code; note that snakemake uses bash strict mode!)

[Tue Sep 13 04:53:32 2022]
Error in rule sequence_select:
    jobid: 36
    output: test/samples/GCA_020800305.1_temp.fa
    conda-env: /home/AD.UCSD.EDU/ttl074/wga/wga-phylo/.snakemake/conda/9b0e30fc36de21212fd8a979d3e63728
    shell:
        python sequence_select/new_select.py --input ../genomes_top40/GCA_020800305.1.fa -s 247 -t 0.7 -e 251 -l 1000 --output ../test/samples/GCA_020800305.1_temp.fa
        (one of the commands exited with non-zero exit code; note that snakemake uses bash strict mode!)

[Tue Sep 13 04:53:37 2022]
Error in rule sequence_select:
    jobid: 23
    output: test/samples/GCA_015220805.1_temp.fa
    conda-env: /home/AD.UCSD.EDU/ttl074/wga/wga-phylo/.snakemake/conda/9b0e30fc36de21212fd8a979d3e63728
    shell:
        python sequence_select/new_select.py --input ../genomes_top40/GCA_015220805.1.fa -s 162 -t 0.7 -e 171 -l 1000 --output ../test/samples/GCA_015220805.1_temp.fa
        (one of the commands exited with non-zero exit code; note that snakemake uses bash strict mode!)

[Tue Sep 13 04:53:40 2022]
Error in rule sequence_select:
    jobid: 43
    output: test/samples/GCA_012275265.1_temp.fa
    conda-env: /home/AD.UCSD.EDU/ttl074/wga/wga-phylo/.snakemake/conda/9b0e30fc36de21212fd8a979d3e63728
    shell:
        python sequence_select/new_select.py --input ../genomes_top40/GCA_012275265.1.fa -s 289 -t 0.7 -e 300 -l 1000 --output ../test/samples/GCA_012275265.1_temp.fa
        (one of the commands exited with non-zero exit code; note that snakemake uses bash strict mode!)

[Tue Sep 13 04:53:45 2022]
Error in rule sequence_select:
    jobid: 12
    output: test/samples/GCA_018139145.1_temp.fa
    conda-env: /home/AD.UCSD.EDU/ttl074/wga/wga-phylo/.snakemake/conda/9b0e30fc36de21212fd8a979d3e63728
    shell:
        python sequence_select/new_select.py --input ../genomes_top40/GCA_018139145.1.fa -s 67 -t 0.7 -e 77 -l 1000 --output ../test/samples/GCA_018139145.1_temp.fa
        (one of the commands exited with non-zero exit code; note that snakemake uses bash strict mode!)

[Tue Sep 13 04:53:46 2022]
Error in rule sequence_select:
    jobid: 35
    output: test/samples/GCF_900496995.4_temp.fa
    conda-env: /home/AD.UCSD.EDU/ttl074/wga/wga-phylo/.snakemake/conda/9b0e30fc36de21212fd8a979d3e63728
    shell:
        python sequence_select/new_select.py --input ../genomes_top40/GCF_900496995.4.fa -s 243 -t 0.7 -e 247 -l 1000 --output ../test/samples/GCF_900496995.4_temp.fa
        (one of the commands exited with non-zero exit code; note that snakemake uses bash strict mode!)

[Tue Sep 13 04:53:49 2022]
Error in rule sequence_select:
    jobid: 5
    output: test/samples/GCA_013368605.1_temp.fa
    conda-env: /home/AD.UCSD.EDU/ttl074/wga/wga-phylo/.snakemake/conda/9b0e30fc36de21212fd8a979d3e63728
    shell:
        python sequence_select/new_select.py --input ../genomes_top40/GCA_013368605.1.fa -s 11 -t 0.7 -e 16 -l 1000 --output ../test/samples/GCA_013368605.1_temp.fa
        (one of the commands exited with non-zero exit code; note that snakemake uses bash strict mode!)

[Tue Sep 13 04:53:50 2022]
Error in rule sequence_select:
    jobid: 20
    output: test/samples/GCA_011004875.1_temp.fa
    conda-env: /home/AD.UCSD.EDU/ttl074/wga/wga-phylo/.snakemake/conda/9b0e30fc36de21212fd8a979d3e63728
    shell:
        python sequence_select/new_select.py --input ../genomes_top40/GCA_011004875.1.fa -s 129 -t 0.7 -e 140 -l 1000 --output ../test/samples/GCA_011004875.1_temp.fa
        (one of the commands exited with non-zero exit code; note that snakemake uses bash strict mode!)

[Tue Sep 13 04:53:54 2022]
Error in rule sequence_select:
    jobid: 24
    output: test/samples/GCA_009819825.1_temp.fa
    conda-env: /home/AD.UCSD.EDU/ttl074/wga/wga-phylo/.snakemake/conda/9b0e30fc36de21212fd8a979d3e63728
    shell:
        python sequence_select/new_select.py --input ../genomes_top40/GCA_009819825.1.fa -s 171 -t 0.7 -e 179 -l 1000 --output ../test/samples/GCA_009819825.1_temp.fa
        (one of the commands exited with non-zero exit code; note that snakemake uses bash strict mode!)

[Tue Sep 13 04:54:03 2022]
Error in rule sequence_select:
    jobid: 9
    output: test/samples/GCA_009819775.1_temp.fa
    conda-env: /home/AD.UCSD.EDU/ttl074/wga/wga-phylo/.snakemake/conda/9b0e30fc36de21212fd8a979d3e63728
    shell:
        python sequence_select/new_select.py --input ../genomes_top40/GCA_009819775.1.fa -s 40 -t 0.7 -e 49 -l 1000 --output ../test/samples/GCA_009819775.1_temp.fa
        (one of the commands exited with non-zero exit code; note that snakemake uses bash strict mode!)

[Tue Sep 13 04:54:03 2022]
Error in rule sequence_select:
    jobid: 14
    output: test/samples/GCA_009819605.1_temp.fa
    conda-env: /home/AD.UCSD.EDU/ttl074/wga/wga-phylo/.snakemake/conda/9b0e30fc36de21212fd8a979d3e63728
    shell:
        python sequence_select/new_select.py --input ../genomes_top40/GCA_009819605.1.fa -s 84 -t 0.7 -e 93 -l 1000 --output ../test/samples/GCA_009819605.1_temp.fa
        (one of the commands exited with non-zero exit code; note that snakemake uses bash strict mode!)

[Tue Sep 13 04:54:13 2022]
Error in rule sequence_select:
    jobid: 38
    output: test/samples/GCA_008658365.1_temp.fa
    conda-env: /home/AD.UCSD.EDU/ttl074/wga/wga-phylo/.snakemake/conda/9b0e30fc36de21212fd8a979d3e63728
    shell:
        python sequence_select/new_select.py --input ../genomes_top40/GCA_008658365.1.fa -s 256 -t 0.7 -e 259 -l 1000 --output ../test/samples/GCA_008658365.1_temp.fa
        (one of the commands exited with non-zero exit code; note that snakemake uses bash strict mode!)

Shutting down, this might take some time.
Exiting because a job execution failed. Look above for error message
Complete log: .snakemake/log/2022-09-13T044324.197894.snakemake.log
