Building DAG of jobs...
Using shell: /usr/bin/bash
Provided cores: 32
Rules claiming more threads will be scaled down.
Conda environments: ignored
Job stats:
job         count    min threads    max threads
--------  -------  -------------  -------------
all             1              1              1
fastTree      300              1              1
total         301              1              1

Select jobs to execute...

[Wed Sep 14 13:55:40 2022]
rule fastTree:
    input: test/msa/gene_aln_98.fa
    output: test/geneTree/gene_tree_98.newick
    jobid: 98
    reason: Missing output files: test/geneTree/gene_tree_98.newick
    wildcards: id=98
    resources: tmpdir=/tmp


[Wed Sep 14 13:55:40 2022]
rule fastTree:
    input: test/msa/gene_aln_250.fa
    output: test/geneTree/gene_tree_250.newick
    jobid: 250
    reason: Missing output files: test/geneTree/gene_tree_250.newick
    wildcards: id=250
    resources: tmpdir=/tmp


[Wed Sep 14 13:55:40 2022]
rule fastTree:
    input: test/msa/gene_aln_220.fa
    output: test/geneTree/gene_tree_220.newick
    jobid: 220
    reason: Missing output files: test/geneTree/gene_tree_220.newick
    wildcards: id=220
    resources: tmpdir=/tmp


[Wed Sep 14 13:55:40 2022]
rule fastTree:
    input: test/msa/gene_aln_11.fa
    output: test/geneTree/gene_tree_11.newick
    jobid: 11
    reason: Missing output files: test/geneTree/gene_tree_11.newick
    wildcards: id=11
    resources: tmpdir=/tmp


[Wed Sep 14 13:55:40 2022]
rule fastTree:
    input: test/msa/gene_aln_274.fa
    output: test/geneTree/gene_tree_274.newick
    jobid: 274
    reason: Missing output files: test/geneTree/gene_tree_274.newick
    wildcards: id=274
    resources: tmpdir=/tmp


[Wed Sep 14 13:55:40 2022]
rule fastTree:
    input: test/msa/gene_aln_214.fa
    output: test/geneTree/gene_tree_214.newick
    jobid: 214
    reason: Missing output files: test/geneTree/gene_tree_214.newick
    wildcards: id=214
    resources: tmpdir=/tmp


[Wed Sep 14 13:55:40 2022]
rule fastTree:
    input: test/msa/gene_aln_244.fa
    output: test/geneTree/gene_tree_244.newick
    jobid: 244
    reason: Missing output files: test/geneTree/gene_tree_244.newick
    wildcards: id=244
    resources: tmpdir=/tmp


[Wed Sep 14 13:55:40 2022]
rule fastTree:
    input: test/msa/gene_aln_275.fa
    output: test/geneTree/gene_tree_275.newick
    jobid: 275
    reason: Missing output files: test/geneTree/gene_tree_275.newick
    wildcards: id=275
    resources: tmpdir=/tmp


[Wed Sep 14 13:55:40 2022]
rule fastTree:
    input: test/msa/gene_aln_35.fa
    output: test/geneTree/gene_tree_35.newick
    jobid: 35
    reason: Missing output files: test/geneTree/gene_tree_35.newick
    wildcards: id=35
    resources: tmpdir=/tmp


[Wed Sep 14 13:55:40 2022]
rule fastTree:
    input: test/msa/gene_aln_95.fa
    output: test/geneTree/gene_tree_95.newick
    jobid: 95
    reason: Missing output files: test/geneTree/gene_tree_95.newick
    wildcards: id=95
    resources: tmpdir=/tmp


[Wed Sep 14 13:55:40 2022]
rule fastTree:
    input: test/msa/gene_aln_5.fa
    output: test/geneTree/gene_tree_5.newick
    jobid: 5
    reason: Missing output files: test/geneTree/gene_tree_5.newick
    wildcards: id=5
    resources: tmpdir=/tmp


[Wed Sep 14 13:55:40 2022]
rule fastTree:
    input: test/msa/gene_aln_65.fa
    output: test/geneTree/gene_tree_65.newick
    jobid: 65
    reason: Missing output files: test/geneTree/gene_tree_65.newick
    wildcards: id=65
    resources: tmpdir=/tmp


[Wed Sep 14 13:55:40 2022]
rule fastTree:
    input: test/msa/gene_aln_125.fa
    output: test/geneTree/gene_tree_125.newick
    jobid: 125
    reason: Missing output files: test/geneTree/gene_tree_125.newick
    wildcards: id=125
    resources: tmpdir=/tmp


[Wed Sep 14 13:55:40 2022]
rule fastTree:
    input: test/msa/gene_aln_155.fa
    output: test/geneTree/gene_tree_155.newick
    jobid: 155
    reason: Missing output files: test/geneTree/gene_tree_155.newick
    wildcards: id=155
    resources: tmpdir=/tmp


[Wed Sep 14 13:55:40 2022]
rule fastTree:
    input: test/msa/gene_aln_185.fa
    output: test/geneTree/gene_tree_185.newick
    jobid: 185
    reason: Missing output files: test/geneTree/gene_tree_185.newick
    wildcards: id=185
    resources: tmpdir=/tmp


[Wed Sep 14 13:55:40 2022]
rule fastTree:
    input: test/msa/gene_aln_215.fa
    output: test/geneTree/gene_tree_215.newick
    jobid: 215
    reason: Missing output files: test/geneTree/gene_tree_215.newick
    wildcards: id=215
    resources: tmpdir=/tmp


[Wed Sep 14 13:55:40 2022]
rule fastTree:
    input: test/msa/gene_aln_245.fa
    output: test/geneTree/gene_tree_245.newick
    jobid: 245
    reason: Missing output files: test/geneTree/gene_tree_245.newick
    wildcards: id=245
    resources: tmpdir=/tmp


[Wed Sep 14 13:55:40 2022]
rule fastTree:
    input: test/msa/gene_aln_36.fa
    output: test/geneTree/gene_tree_36.newick
    jobid: 36
    reason: Missing output files: test/geneTree/gene_tree_36.newick
    wildcards: id=36
    resources: tmpdir=/tmp


[Wed Sep 14 13:55:40 2022]
rule fastTree:
    input: test/msa/gene_aln_96.fa
    output: test/geneTree/gene_tree_96.newick
    jobid: 96
    reason: Missing output files: test/geneTree/gene_tree_96.newick
    wildcards: id=96
    resources: tmpdir=/tmp


[Wed Sep 14 13:55:40 2022]
rule fastTree:
    input: test/msa/gene_aln_6.fa
    output: test/geneTree/gene_tree_6.newick
    jobid: 6
    reason: Missing output files: test/geneTree/gene_tree_6.newick
    wildcards: id=6
    resources: tmpdir=/tmp


[Wed Sep 14 13:55:40 2022]
rule fastTree:
    input: test/msa/gene_aln_66.fa
    output: test/geneTree/gene_tree_66.newick
    jobid: 66
    reason: Missing output files: test/geneTree/gene_tree_66.newick
    wildcards: id=66
    resources: tmpdir=/tmp


[Wed Sep 14 13:55:40 2022]
rule fastTree:
    input: test/msa/gene_aln_126.fa
    output: test/geneTree/gene_tree_126.newick
    jobid: 126
    reason: Missing output files: test/geneTree/gene_tree_126.newick
    wildcards: id=126
    resources: tmpdir=/tmp


[Wed Sep 14 13:55:40 2022]
rule fastTree:
    input: test/msa/gene_aln_37.fa
    output: test/geneTree/gene_tree_37.newick
    jobid: 37
    reason: Missing output files: test/geneTree/gene_tree_37.newick
    wildcards: id=37
    resources: tmpdir=/tmp


[Wed Sep 14 13:55:40 2022]
rule fastTree:
    input: test/msa/gene_aln_97.fa
    output: test/geneTree/gene_tree_97.newick
    jobid: 97
    reason: Missing output files: test/geneTree/gene_tree_97.newick
    wildcards: id=97
    resources: tmpdir=/tmp


[Wed Sep 14 13:55:40 2022]
rule fastTree:
    input: test/msa/gene_aln_7.fa
    output: test/geneTree/gene_tree_7.newick
    jobid: 7
    reason: Missing output files: test/geneTree/gene_tree_7.newick
    wildcards: id=7
    resources: tmpdir=/tmp


[Wed Sep 14 13:55:40 2022]
rule fastTree:
    input: test/msa/gene_aln_67.fa
    output: test/geneTree/gene_tree_67.newick
    jobid: 67
    reason: Missing output files: test/geneTree/gene_tree_67.newick
    wildcards: id=67
    resources: tmpdir=/tmp


[Wed Sep 14 13:55:40 2022]
rule fastTree:
    input: test/msa/gene_aln_127.fa
    output: test/geneTree/gene_tree_127.newick
    jobid: 127
    reason: Missing output files: test/geneTree/gene_tree_127.newick
    wildcards: id=127
    resources: tmpdir=/tmp


[Wed Sep 14 13:55:40 2022]
rule fastTree:
    input: test/msa/gene_aln_157.fa
    output: test/geneTree/gene_tree_157.newick
    jobid: 157
    reason: Missing output files: test/geneTree/gene_tree_157.newick
    wildcards: id=157
    resources: tmpdir=/tmp


[Wed Sep 14 13:55:40 2022]
rule fastTree:
    input: test/msa/gene_aln_187.fa
    output: test/geneTree/gene_tree_187.newick
    jobid: 187
    reason: Missing output files: test/geneTree/gene_tree_187.newick
    wildcards: id=187
    resources: tmpdir=/tmp


[Wed Sep 14 13:55:40 2022]
rule fastTree:
    input: test/msa/gene_aln_217.fa
    output: test/geneTree/gene_tree_217.newick
    jobid: 217
    reason: Missing output files: test/geneTree/gene_tree_217.newick
    wildcards: id=217
    resources: tmpdir=/tmp


[Wed Sep 14 13:55:40 2022]
rule fastTree:
    input: test/msa/gene_aln_247.fa
    output: test/geneTree/gene_tree_247.newick
    jobid: 247
    reason: Missing output files: test/geneTree/gene_tree_247.newick
    wildcards: id=247
    resources: tmpdir=/tmp


[Wed Sep 14 13:55:40 2022]
rule fastTree:
    input: test/msa/gene_aln_277.fa
    output: test/geneTree/gene_tree_277.newick
    jobid: 277
    reason: Missing output files: test/geneTree/gene_tree_277.newick
    wildcards: id=277
    resources: tmpdir=/tmp

[Wed Sep 14 13:55:40 2022]
Finished job 5.
1 of 301 steps (0.3%) done
[Wed Sep 14 13:55:40 2022]
Finished job 37.
2 of 301 steps (1%) done
[Wed Sep 14 13:55:40 2022]
Finished job 97.
3 of 301 steps (1%) done
[Wed Sep 14 13:55:40 2022]
Finished job 7.
4 of 301 steps (1%) done
Select jobs to execute...

[Wed Sep 14 13:55:40 2022]
rule fastTree:
    input: test/msa/gene_aln_154.fa
    output: test/geneTree/gene_tree_154.newick
    jobid: 154
    reason: Missing output files: test/geneTree/gene_tree_154.newick
    wildcards: id=154
    resources: tmpdir=/tmp


[Wed Sep 14 13:55:40 2022]
rule fastTree:
    input: test/msa/gene_aln_34.fa
    output: test/geneTree/gene_tree_34.newick
    jobid: 34
    reason: Missing output files: test/geneTree/gene_tree_34.newick
    wildcards: id=34
    resources: tmpdir=/tmp


[Wed Sep 14 13:55:40 2022]
rule fastTree:
    input: test/msa/gene_aln_156.fa
    output: test/geneTree/gene_tree_156.newick
    jobid: 156
    reason: Missing output files: test/geneTree/gene_tree_156.newick
    wildcards: id=156
    resources: tmpdir=/tmp


[Wed Sep 14 13:55:40 2022]
rule fastTree:
    input: test/msa/gene_aln_184.fa
    output: test/geneTree/gene_tree_184.newick
    jobid: 184
    reason: Missing output files: test/geneTree/gene_tree_184.newick
    wildcards: id=184
    resources: tmpdir=/tmp

[Wed Sep 14 13:55:40 2022]
Finished job 217.
5 of 301 steps (2%) done
[Wed Sep 14 13:55:40 2022]
Finished job 96.
6 of 301 steps (2%) done
[Wed Sep 14 13:55:40 2022]
Finished job 126.
7 of 301 steps (2%) done
Select jobs to execute...

[Wed Sep 14 13:55:40 2022]
rule fastTree:
    input: test/msa/gene_aln_276.fa
    output: test/geneTree/gene_tree_276.newick
    jobid: 276
    reason: Missing output files: test/geneTree/gene_tree_276.newick
    wildcards: id=276
    resources: tmpdir=/tmp


[Wed Sep 14 13:55:40 2022]
rule fastTree:
    input: test/msa/gene_aln_243.fa
    output: test/geneTree/gene_tree_243.newick
    jobid: 243
    reason: Missing output files: test/geneTree/gene_tree_243.newick
    wildcards: id=243
    resources: tmpdir=/tmp


[Wed Sep 14 13:55:40 2022]
rule fastTree:
    input: test/msa/gene_aln_216.fa
    output: test/geneTree/gene_tree_216.newick
    jobid: 216
    reason: Missing output files: test/geneTree/gene_tree_216.newick
    wildcards: id=216
    resources: tmpdir=/tmp

Select jobs to execute...
[Wed Sep 14 13:55:40 2022]
Finished job 216.
8 of 301 steps (3%) done

[Wed Sep 14 13:55:40 2022]
rule fastTree:
    input: test/msa/gene_aln_27.fa
    output: test/geneTree/gene_tree_27.newick
    jobid: 27
    reason: Missing output files: test/geneTree/gene_tree_27.newick
    wildcards: id=27
    resources: tmpdir=/tmp

[Wed Sep 14 13:55:41 2022]
Finished job 243.
9 of 301 steps (3%) done
Select jobs to execute...

[Wed Sep 14 13:55:41 2022]
rule fastTree:
    input: test/msa/gene_aln_296.fa
    output: test/geneTree/gene_tree_296.newick
    jobid: 296
    reason: Missing output files: test/geneTree/gene_tree_296.newick
    wildcards: id=296
    resources: tmpdir=/tmp

[Wed Sep 14 13:55:41 2022]
Finished job 67.
10 of 301 steps (3%) done
Select jobs to execute...

[Wed Sep 14 13:55:41 2022]
rule fastTree:
    input: test/msa/gene_aln_87.fa
    output: test/geneTree/gene_tree_87.newick
    jobid: 87
    reason: Missing output files: test/geneTree/gene_tree_87.newick
    wildcards: id=87
    resources: tmpdir=/tmp

[Wed Sep 14 13:55:41 2022]
Finished job 296.
11 of 301 steps (4%) done
Select jobs to execute...

[Wed Sep 14 13:55:41 2022]
rule fastTree:
    input: test/msa/gene_aln_147.fa
    output: test/geneTree/gene_tree_147.newick
    jobid: 147
    reason: Missing output files: test/geneTree/gene_tree_147.newick
    wildcards: id=147
    resources: tmpdir=/tmp

[Wed Sep 14 13:55:41 2022]
Finished job 65.
12 of 301 steps (4%) done
Select jobs to execute...

[Wed Sep 14 13:55:41 2022]
rule fastTree:
    input: test/msa/gene_aln_207.fa
    output: test/geneTree/gene_tree_207.newick
    jobid: 207
    reason: Missing output files: test/geneTree/gene_tree_207.newick
    wildcards: id=207
    resources: tmpdir=/tmp

[Wed Sep 14 13:55:41 2022]
Finished job 185.
13 of 301 steps (4%) done
[Wed Sep 14 13:55:41 2022]
Finished job 36.
14 of 301 steps (5%) done
Select jobs to execute...

[Wed Sep 14 13:55:41 2022]
rule fastTree:
    input: test/msa/gene_aln_71.fa
    output: test/geneTree/gene_tree_71.newick
    jobid: 71
    reason: Missing output files: test/geneTree/gene_tree_71.newick
    wildcards: id=71
    resources: tmpdir=/tmp


[Wed Sep 14 13:55:41 2022]
rule fastTree:
    input: test/msa/gene_aln_3.fa
    output: test/geneTree/gene_tree_3.newick
    jobid: 3
    reason: Missing output files: test/geneTree/gene_tree_3.newick
    wildcards: id=3
    resources: tmpdir=/tmp

Select jobs to execute...
[Wed Sep 14 13:55:41 2022]
Finished job 277.
15 of 301 steps (5%) done

[Wed Sep 14 13:55:41 2022]
rule fastTree:
    input: test/msa/gene_aln_266.fa
    output: test/geneTree/gene_tree_266.newick
    jobid: 266
    reason: Missing output files: test/geneTree/gene_tree_266.newick
    wildcards: id=266
    resources: tmpdir=/tmp

[Wed Sep 14 13:55:41 2022]
Finished job 220.
16 of 301 steps (5%) done
Select jobs to execute...

[Wed Sep 14 13:55:41 2022]
rule fastTree:
    input: test/msa/gene_aln_267.fa
    output: test/geneTree/gene_tree_267.newick
    jobid: 267
    reason: Missing output files: test/geneTree/gene_tree_267.newick
    wildcards: id=267
    resources: tmpdir=/tmp

[Wed Sep 14 13:55:41 2022]
Finished job 184.
17 of 301 steps (6%) done
Select jobs to execute...

[Wed Sep 14 13:55:41 2022]
rule fastTree:
    input: test/msa/gene_aln_236.fa
    output: test/geneTree/gene_tree_236.newick
    jobid: 236
    reason: Missing output files: test/geneTree/gene_tree_236.newick
    wildcards: id=236
    resources: tmpdir=/tmp

[Wed Sep 14 13:55:41 2022]
Finished job 156.
18 of 301 steps (6%) done
Select jobs to execute...

[Wed Sep 14 13:55:41 2022]
rule fastTree:
    input: test/msa/gene_aln_57.fa
    output: test/geneTree/gene_tree_57.newick
    jobid: 57
    reason: Missing output files: test/geneTree/gene_tree_57.newick
    wildcards: id=57
    resources: tmpdir=/tmp

[Wed Sep 14 13:55:41 2022]
Finished job 87.
19 of 301 steps (6%) done
[Wed Sep 14 13:55:41 2022]
Finished job 244.
20 of 301 steps (7%) done
Select jobs to execute...

[Wed Sep 14 13:55:41 2022]
rule fastTree:
    input: test/msa/gene_aln_160.fa
    output: test/geneTree/gene_tree_160.newick
    jobid: 160
    reason: Missing output files: test/geneTree/gene_tree_160.newick
    wildcards: id=160
    resources: tmpdir=/tmp


[Wed Sep 14 13:55:41 2022]
rule fastTree:
    input: test/msa/gene_aln_41.fa
    output: test/geneTree/gene_tree_41.newick
    jobid: 41
    reason: Missing output files: test/geneTree/gene_tree_41.newick
    wildcards: id=41
    resources: tmpdir=/tmp

[Wed Sep 14 13:55:41 2022]
Finished job 274.
21 of 301 steps (7%) done
[Wed Sep 14 13:55:41 2022]
Finished job 276.
22 of 301 steps (7%) done
Select jobs to execute...

[Wed Sep 14 13:55:41 2022]
rule fastTree:
    input: test/msa/gene_aln_158.fa
    output: test/geneTree/gene_tree_158.newick
    jobid: 158
    reason: Missing output files: test/geneTree/gene_tree_158.newick
    wildcards: id=158
    resources: tmpdir=/tmp


[Wed Sep 14 13:55:41 2022]
rule fastTree:
    input: test/msa/gene_aln_183.fa
    output: test/geneTree/gene_tree_183.newick
    jobid: 183
    reason: Missing output files: test/geneTree/gene_tree_183.newick
    wildcards: id=183
    resources: tmpdir=/tmp

[Wed Sep 14 13:55:41 2022]
Finished job 11.
23 of 301 steps (8%) done
[Wed Sep 14 13:55:41 2022]
Finished job 6.
24 of 301 steps (8%) done
[Wed Sep 14 13:55:41 2022]
Finished job 34.
25 of 301 steps (8%) done
Select jobs to execute...

[Wed Sep 14 13:55:41 2022]
rule fastTree:
    input: test/msa/gene_aln_273.fa
    output: test/geneTree/gene_tree_273.newick
    jobid: 273
    reason: Missing output files: test/geneTree/gene_tree_273.newick
    wildcards: id=273
    resources: tmpdir=/tmp


[Wed Sep 14 13:55:41 2022]
rule fastTree:
    input: test/msa/gene_aln_213.fa
    output: test/geneTree/gene_tree_213.newick
    jobid: 213
    reason: Missing output files: test/geneTree/gene_tree_213.newick
    wildcards: id=213
    resources: tmpdir=/tmp


[Wed Sep 14 13:55:41 2022]
rule fastTree:
    input: test/msa/gene_aln_251.fa
    output: test/geneTree/gene_tree_251.newick
    jobid: 251
    reason: Missing output files: test/geneTree/gene_tree_251.newick
    wildcards: id=251
    resources: tmpdir=/tmp

[Wed Sep 14 13:55:41 2022]
Finished job 158.
26 of 301 steps (9%) done
Select jobs to execute...

[Wed Sep 14 13:55:41 2022]
rule fastTree:
    input: test/msa/gene_aln_10.fa
    output: test/geneTree/gene_tree_10.newick
    jobid: 10
    reason: Missing output files: test/geneTree/gene_tree_10.newick
    wildcards: id=10
    resources: tmpdir=/tmp

Select jobs to execute...
[Wed Sep 14 13:55:41 2022]
Finished job 275.
27 of 301 steps (9%) done

[Wed Sep 14 13:55:41 2022]
rule fastTree:
    input: test/msa/gene_aln_70.fa
    output: test/geneTree/gene_tree_70.newick
    jobid: 70
    reason: Missing output files: test/geneTree/gene_tree_70.newick
    wildcards: id=70
    resources: tmpdir=/tmp

[Wed Sep 14 13:55:41 2022]
Finished job 155.
28 of 301 steps (9%) done
Select jobs to execute...

[Wed Sep 14 13:55:41 2022]
rule fastTree:
    input: test/msa/gene_aln_130.fa
    output: test/geneTree/gene_tree_130.newick
    jobid: 130
    reason: Missing output files: test/geneTree/gene_tree_130.newick
    wildcards: id=130
    resources: tmpdir=/tmp

[Wed Sep 14 13:55:41 2022]
Finished job 35.
29 of 301 steps (10%) done
Select jobs to execute...

[Wed Sep 14 13:55:42 2022]
rule fastTree:
    input: test/msa/gene_aln_28.fa
    output: test/geneTree/gene_tree_28.newick
    jobid: 28
    reason: Missing output files: test/geneTree/gene_tree_28.newick
    wildcards: id=28
    resources: tmpdir=/tmp

[Wed Sep 14 13:55:42 2022]
Finished job 130.
30 of 301 steps (10%) done
[Wed Sep 14 13:55:42 2022]
Finished job 154.
31 of 301 steps (10%) done
Select jobs to execute...

[Wed Sep 14 13:55:42 2022]
rule fastTree:
    input: test/msa/gene_aln_102.fa
    output: test/geneTree/gene_tree_102.newick
    jobid: 102
    reason: Missing output files: test/geneTree/gene_tree_102.newick
    wildcards: id=102
    resources: tmpdir=/tmp


[Wed Sep 14 13:55:42 2022]
rule fastTree:
    input: test/msa/gene_aln_94.fa
    output: test/geneTree/gene_tree_94.newick
    jobid: 94
    reason: Missing output files: test/geneTree/gene_tree_94.newick
    wildcards: id=94
    resources: tmpdir=/tmp

Select jobs to execute...
[Wed Sep 14 13:55:42 2022]
Finished job 127.
32 of 301 steps (11%) done

[Wed Sep 14 13:55:42 2022]
rule fastTree:
    input: test/msa/gene_aln_88.fa
    output: test/geneTree/gene_tree_88.newick
    jobid: 88
    reason: Missing output files: test/geneTree/gene_tree_88.newick
    wildcards: id=88
    resources: tmpdir=/tmp

[Wed Sep 14 13:55:42 2022]
Finished job 215.
33 of 301 steps (11%) done
Select jobs to execute...

[Wed Sep 14 13:55:42 2022]
rule fastTree:
    input: test/msa/gene_aln_297.fa
    output: test/geneTree/gene_tree_297.newick
    jobid: 297
    reason: Missing output files: test/geneTree/gene_tree_297.newick
    wildcards: id=297
    resources: tmpdir=/tmp

[Wed Sep 14 13:55:42 2022]
Finished job 66.
34 of 301 steps (11%) done
Select jobs to execute...

[Wed Sep 14 13:55:42 2022]
rule fastTree:
    input: test/msa/gene_aln_148.fa
    output: test/geneTree/gene_tree_148.newick
    jobid: 148
    reason: Missing output files: test/geneTree/gene_tree_148.newick
    wildcards: id=148
    resources: tmpdir=/tmp

[Wed Sep 14 13:55:42 2022]
Finished job 250.
35 of 301 steps (12%) done
Select jobs to execute...

[Wed Sep 14 13:55:42 2022]
rule fastTree:
    input: test/msa/gene_aln_208.fa
    output: test/geneTree/gene_tree_208.newick
    jobid: 208
    reason: Missing output files: test/geneTree/gene_tree_208.newick
    wildcards: id=208
    resources: tmpdir=/tmp

[Wed Sep 14 13:55:42 2022]
Finished job 57.
36 of 301 steps (12%) done
Select jobs to execute...

[Wed Sep 14 13:55:42 2022]
rule fastTree:
    input: test/msa/gene_aln_268.fa
    output: test/geneTree/gene_tree_268.newick
    jobid: 268
    reason: Missing output files: test/geneTree/gene_tree_268.newick
    wildcards: id=268
    resources: tmpdir=/tmp

[Wed Sep 14 13:55:42 2022]
Finished job 268.
37 of 301 steps (12%) done
Select jobs to execute...

[Wed Sep 14 13:55:42 2022]
rule fastTree:
    input: test/msa/gene_aln_237.fa
    output: test/geneTree/gene_tree_237.newick
    jobid: 237
    reason: Missing output files: test/geneTree/gene_tree_237.newick
    wildcards: id=237
    resources: tmpdir=/tmp

[Wed Sep 14 13:55:42 2022]
Finished job 98.
38 of 301 steps (13%) done
Select jobs to execute...

[Wed Sep 14 13:55:42 2022]
rule fastTree:
    input: test/msa/gene_aln_58.fa
    output: test/geneTree/gene_tree_58.newick
    jobid: 58
    reason: Missing output files: test/geneTree/gene_tree_58.newick
    wildcards: id=58
    resources: tmpdir=/tmp

[Wed Sep 14 13:55:42 2022]
Finished job 3.
39 of 301 steps (13%) done
Select jobs to execute...

[Wed Sep 14 13:55:42 2022]
rule fastTree:
    input: test/msa/gene_aln_177.fa
    output: test/geneTree/gene_tree_177.newick
    jobid: 177
    reason: Missing output files: test/geneTree/gene_tree_177.newick
    wildcards: id=177
    resources: tmpdir=/tmp

[Wed Sep 14 13:55:42 2022]
Finished job 70.
40 of 301 steps (13%) done
Select jobs to execute...

[Wed Sep 14 13:55:42 2022]
rule fastTree:
    input: test/msa/gene_aln_118.fa
    output: test/geneTree/gene_tree_118.newick
    jobid: 118
    reason: Missing output files: test/geneTree/gene_tree_118.newick
    wildcards: id=118
    resources: tmpdir=/tmp

[Wed Sep 14 13:55:42 2022]
Finished job 147.
41 of 301 steps (14%) done
Select jobs to execute...

[Wed Sep 14 13:55:42 2022]
rule fastTree:
    input: test/msa/gene_aln_117.fa
    output: test/geneTree/gene_tree_117.newick
    jobid: 117
    reason: Missing output files: test/geneTree/gene_tree_117.newick
    wildcards: id=117
    resources: tmpdir=/tmp

[Wed Sep 14 13:55:42 2022]
Finished job 183.
42 of 301 steps (14%) done
Select jobs to execute...

[Wed Sep 14 13:55:42 2022]
rule fastTree:
    input: test/msa/gene_aln_178.fa
    output: test/geneTree/gene_tree_178.newick
    jobid: 178
    reason: Missing output files: test/geneTree/gene_tree_178.newick
    wildcards: id=178
    resources: tmpdir=/tmp

[Wed Sep 14 13:55:42 2022]
Finished job 214.
43 of 301 steps (14%) done
Select jobs to execute...

[Wed Sep 14 13:55:42 2022]
rule fastTree:
    input: test/msa/gene_aln_238.fa
    output: test/geneTree/gene_tree_238.newick
    jobid: 238
    reason: Missing output files: test/geneTree/gene_tree_238.newick
    wildcards: id=238
    resources: tmpdir=/tmp

[Wed Sep 14 13:55:42 2022]
Finished job 273.
44 of 301 steps (15%) done
Select jobs to execute...

[Wed Sep 14 13:55:42 2022]
rule fastTree:
    input: test/msa/gene_aln_298.fa
    output: test/geneTree/gene_tree_298.newick
    jobid: 298
    reason: Missing output files: test/geneTree/gene_tree_298.newick
    wildcards: id=298
    resources: tmpdir=/tmp

[Wed Sep 14 13:55:43 2022]
Finished job 10.
45 of 301 steps (15%) done
Select jobs to execute...

[Wed Sep 14 13:55:43 2022]
rule fastTree:
    input: test/msa/gene_aln_206.fa
    output: test/geneTree/gene_tree_206.newick
    jobid: 206
    reason: Missing output files: test/geneTree/gene_tree_206.newick
    wildcards: id=206
    resources: tmpdir=/tmp

[Wed Sep 14 13:55:43 2022]
Finished job 266.
46 of 301 steps (15%) done
Select jobs to execute...

[Wed Sep 14 13:55:43 2022]
rule fastTree:
    input: test/msa/gene_aln_29.fa
    output: test/geneTree/gene_tree_29.newick
    jobid: 29
    reason: Missing output files: test/geneTree/gene_tree_29.newick
    wildcards: id=29
    resources: tmpdir=/tmp

[Wed Sep 14 13:55:43 2022]
Finished job 94.
47 of 301 steps (16%) done
Select jobs to execute...

[Wed Sep 14 13:55:43 2022]
rule fastTree:
    input: test/msa/gene_aln_176.fa
    output: test/geneTree/gene_tree_176.newick
    jobid: 176
    reason: Missing output files: test/geneTree/gene_tree_176.newick
    wildcards: id=176
    resources: tmpdir=/tmp

[Wed Sep 14 13:55:43 2022]
Finished job 95.
48 of 301 steps (16%) done
Select jobs to execute...

[Wed Sep 14 13:55:43 2022]
rule fastTree:
    input: test/msa/gene_aln_89.fa
    output: test/geneTree/gene_tree_89.newick
    jobid: 89
    reason: Missing output files: test/geneTree/gene_tree_89.newick
    wildcards: id=89
    resources: tmpdir=/tmp

[Wed Sep 14 13:55:43 2022]
Finished job 148.
49 of 301 steps (16%) done
Select jobs to execute...

[Wed Sep 14 13:55:43 2022]
rule fastTree:
    input: test/msa/gene_aln_146.fa
    output: test/geneTree/gene_tree_146.newick
    jobid: 146
    reason: Missing output files: test/geneTree/gene_tree_146.newick
    wildcards: id=146
    resources: tmpdir=/tmp

[Wed Sep 14 13:55:43 2022]
Finished job 88.
50 of 301 steps (17%) done
Select jobs to execute...

[Wed Sep 14 13:55:43 2022]
rule fastTree:
    input: test/msa/gene_aln_149.fa
    output: test/geneTree/gene_tree_149.newick
    jobid: 149
    reason: Missing output files: test/geneTree/gene_tree_149.newick
    wildcards: id=149
    resources: tmpdir=/tmp

[Wed Sep 14 13:55:43 2022]
Finished job 27.
51 of 301 steps (17%) done
Select jobs to execute...

[Wed Sep 14 13:55:43 2022]
rule fastTree:
    input: test/msa/gene_aln_209.fa
    output: test/geneTree/gene_tree_209.newick
    jobid: 209
    reason: Missing output files: test/geneTree/gene_tree_209.newick
    wildcards: id=209
    resources: tmpdir=/tmp

[Wed Sep 14 13:55:43 2022]
Finished job 267.
52 of 301 steps (17%) done
Select jobs to execute...

[Wed Sep 14 13:55:43 2022]
rule fastTree:
    input: test/msa/gene_aln_269.fa
    output: test/geneTree/gene_tree_269.newick
    jobid: 269
    reason: Missing output files: test/geneTree/gene_tree_269.newick
    wildcards: id=269
    resources: tmpdir=/tmp

[Wed Sep 14 13:55:43 2022]
Finished job 160.
53 of 301 steps (18%) done
Select jobs to execute...

[Wed Sep 14 13:55:43 2022]
rule fastTree:
    input: test/msa/gene_aln_116.fa
    output: test/geneTree/gene_tree_116.newick
    jobid: 116
    reason: Missing output files: test/geneTree/gene_tree_116.newick
    wildcards: id=116
    resources: tmpdir=/tmp

[Wed Sep 14 13:55:43 2022]
Finished job 28.
54 of 301 steps (18%) done
Select jobs to execute...

[Wed Sep 14 13:55:43 2022]
rule fastTree:
    input: test/msa/gene_aln_59.fa
    output: test/geneTree/gene_tree_59.newick
    jobid: 59
    reason: Missing output files: test/geneTree/gene_tree_59.newick
    wildcards: id=59
    resources: tmpdir=/tmp

[Wed Sep 14 13:55:43 2022]
Finished job 118.
55 of 301 steps (18%) done
Select jobs to execute...

[Wed Sep 14 13:55:43 2022]
rule fastTree:
    input: test/msa/gene_aln_279.fa
    output: test/geneTree/gene_tree_279.newick
    jobid: 279
    reason: Missing output files: test/geneTree/gene_tree_279.newick
    wildcards: id=279
    resources: tmpdir=/tmp

[Wed Sep 14 13:55:43 2022]
Finished job 298.
56 of 301 steps (19%) done
Select jobs to execute...

[Wed Sep 14 13:55:43 2022]
rule fastTree:
    input: test/msa/gene_aln_190.fa
    output: test/geneTree/gene_tree_190.newick
    jobid: 190
    reason: Missing output files: test/geneTree/gene_tree_190.newick
    wildcards: id=190
    resources: tmpdir=/tmp

[Wed Sep 14 13:55:43 2022]
Finished job 213.
57 of 301 steps (19%) done
Select jobs to execute...

[Wed Sep 14 13:55:43 2022]
rule fastTree:
    input: test/msa/gene_aln_179.fa
    output: test/geneTree/gene_tree_179.newick
    jobid: 179
    reason: Missing output files: test/geneTree/gene_tree_179.newick
    wildcards: id=179
    resources: tmpdir=/tmp

[Wed Sep 14 13:55:43 2022]
Finished job 177.
58 of 301 steps (19%) done
Select jobs to execute...

[Wed Sep 14 13:55:43 2022]
rule fastTree:
    input: test/msa/gene_aln_239.fa
    output: test/geneTree/gene_tree_239.newick
    jobid: 239
    reason: Missing output files: test/geneTree/gene_tree_239.newick
    wildcards: id=239
    resources: tmpdir=/tmp

[Wed Sep 14 13:55:43 2022]
Finished job 208.
59 of 301 steps (20%) done
[Wed Sep 14 13:55:43 2022]
Finished job 238.
60 of 301 steps (20%) done
[Wed Sep 14 13:55:43 2022]
Finished job 206.
61 of 301 steps (20%) done
Select jobs to execute...

[Wed Sep 14 13:55:43 2022]
rule fastTree:
    input: test/msa/gene_aln_163.fa
    output: test/geneTree/gene_tree_163.newick
    jobid: 163
    reason: Missing output files: test/geneTree/gene_tree_163.newick
    wildcards: id=163
    resources: tmpdir=/tmp


[Wed Sep 14 13:55:43 2022]
rule fastTree:
    input: test/msa/gene_aln_128.fa
    output: test/geneTree/gene_tree_128.newick
    jobid: 128
    reason: Missing output files: test/geneTree/gene_tree_128.newick
    wildcards: id=128
    resources: tmpdir=/tmp


[Wed Sep 14 13:55:43 2022]
rule fastTree:
    input: test/msa/gene_aln_132.fa
    output: test/geneTree/gene_tree_132.newick
    jobid: 132
    reason: Missing output files: test/geneTree/gene_tree_132.newick
    wildcards: id=132
    resources: tmpdir=/tmp

Select jobs to execute...
[Wed Sep 14 13:55:43 2022]
Finished job 163.
62 of 301 steps (21%) done

[Wed Sep 14 13:55:43 2022]
rule fastTree:
    input: test/msa/gene_aln_90.fa
    output: test/geneTree/gene_tree_90.newick
    jobid: 90
    reason: Missing output files: test/geneTree/gene_tree_90.newick
    wildcards: id=90
    resources: tmpdir=/tmp

[Wed Sep 14 13:55:43 2022]
Finished job 178.
63 of 301 steps (21%) done
Select jobs to execute...

[Wed Sep 14 13:55:43 2022]
rule fastTree:
    input: test/msa/gene_aln_30.fa
    output: test/geneTree/gene_tree_30.newick
    jobid: 30
    reason: Missing output files: test/geneTree/gene_tree_30.newick
    wildcards: id=30
    resources: tmpdir=/tmp

[Wed Sep 14 13:55:43 2022]
Finished job 251.
64 of 301 steps (21%) done
Select jobs to execute...

[Wed Sep 14 13:55:44 2022]
rule fastTree:
    input: test/msa/gene_aln_150.fa
    output: test/geneTree/gene_tree_150.newick
    jobid: 150
    reason: Missing output files: test/geneTree/gene_tree_150.newick
    wildcards: id=150
    resources: tmpdir=/tmp

[Wed Sep 14 13:55:44 2022]
Finished job 279.
65 of 301 steps (22%) done
Select jobs to execute...

[Wed Sep 14 13:55:44 2022]
rule fastTree:
    input: test/msa/gene_aln_299.fa
    output: test/geneTree/gene_tree_299.newick
    jobid: 299
    reason: Missing output files: test/geneTree/gene_tree_299.newick
    wildcards: id=299
    resources: tmpdir=/tmp

[Wed Sep 14 13:55:44 2022]
Finished job 116.
66 of 301 steps (22%) done
Select jobs to execute...

[Wed Sep 14 13:55:44 2022]
rule fastTree:
    input: test/msa/gene_aln_210.fa
    output: test/geneTree/gene_tree_210.newick
    jobid: 210
    reason: Missing output files: test/geneTree/gene_tree_210.newick
    wildcards: id=210
    resources: tmpdir=/tmp

[Wed Sep 14 13:55:44 2022]
Finished job 149.
67 of 301 steps (22%) done
Select jobs to execute...

[Wed Sep 14 13:55:44 2022]
rule fastTree:
    input: test/msa/gene_aln_270.fa
    output: test/geneTree/gene_tree_270.newick
    jobid: 270
    reason: Missing output files: test/geneTree/gene_tree_270.newick
    wildcards: id=270
    resources: tmpdir=/tmp

[Wed Sep 14 13:55:44 2022]
Finished job 132.
68 of 301 steps (23%) done
Select jobs to execute...

[Wed Sep 14 13:55:44 2022]
rule fastTree:
    input: test/msa/gene_aln_60.fa
    output: test/geneTree/gene_tree_60.newick
    jobid: 60
    reason: Missing output files: test/geneTree/gene_tree_60.newick
    wildcards: id=60
    resources: tmpdir=/tmp

[Wed Sep 14 13:55:44 2022]
Finished job 239.
69 of 301 steps (23%) done
Select jobs to execute...

[Wed Sep 14 13:55:44 2022]
rule fastTree:
    input: test/msa/gene_aln_119.fa
    output: test/geneTree/gene_tree_119.newick
    jobid: 119
    reason: Missing output files: test/geneTree/gene_tree_119.newick
    wildcards: id=119
    resources: tmpdir=/tmp

[Wed Sep 14 13:55:44 2022]
Finished job 71.
70 of 301 steps (23%) done
Select jobs to execute...

[Wed Sep 14 13:55:44 2022]
rule fastTree:
    input: test/msa/gene_aln_120.fa
    output: test/geneTree/gene_tree_120.newick
    jobid: 120
    reason: Missing output files: test/geneTree/gene_tree_120.newick
    wildcards: id=120
    resources: tmpdir=/tmp

[Wed Sep 14 13:55:44 2022]
Finished job 29.
71 of 301 steps (24%) done
Select jobs to execute...

[Wed Sep 14 13:55:44 2022]
rule fastTree:
    input: test/msa/gene_aln_56.fa
    output: test/geneTree/gene_tree_56.newick
    jobid: 56
    reason: Missing output files: test/geneTree/gene_tree_56.newick
    wildcards: id=56
    resources: tmpdir=/tmp

[Wed Sep 14 13:55:44 2022]
Finished job 58.
72 of 301 steps (24%) done
Select jobs to execute...

[Wed Sep 14 13:55:44 2022]
rule fastTree:
    input: test/msa/gene_aln_180.fa
    output: test/geneTree/gene_tree_180.newick
    jobid: 180
    reason: Missing output files: test/geneTree/gene_tree_180.newick
    wildcards: id=180
    resources: tmpdir=/tmp

[Wed Sep 14 13:55:44 2022]
Finished job 30.
73 of 301 steps (24%) done
Select jobs to execute...

[Wed Sep 14 13:55:44 2022]
rule fastTree:
    input: test/msa/gene_aln_86.fa
    output: test/geneTree/gene_tree_86.newick
    jobid: 86
    reason: Missing output files: test/geneTree/gene_tree_86.newick
    wildcards: id=86
    resources: tmpdir=/tmp

[Wed Sep 14 13:55:44 2022]
Finished job 59.
74 of 301 steps (25%) done
Select jobs to execute...

[Wed Sep 14 13:55:45 2022]
rule fastTree:
    input: test/msa/gene_aln_240.fa
    output: test/geneTree/gene_tree_240.newick
    jobid: 240
    reason: Missing output files: test/geneTree/gene_tree_240.newick
    wildcards: id=240
    resources: tmpdir=/tmp

[Wed Sep 14 13:55:45 2022]
Finished job 41.
75 of 301 steps (25%) done
Select jobs to execute...

[Wed Sep 14 13:55:45 2022]
rule fastTree:
    input: test/msa/gene_aln_300.fa
    output: test/geneTree/gene_tree_300.newick
    jobid: 300
    reason: Missing output files: test/geneTree/gene_tree_300.newick
    wildcards: id=300
    resources: tmpdir=/tmp

[Wed Sep 14 13:55:45 2022]
Finished job 150.
76 of 301 steps (25%) done
Select jobs to execute...

[Wed Sep 14 13:55:45 2022]
rule fastTree:
    input: test/msa/gene_aln_31.fa
    output: test/geneTree/gene_tree_31.newick
    jobid: 31
    reason: Missing output files: test/geneTree/gene_tree_31.newick
    wildcards: id=31
    resources: tmpdir=/tmp

[Wed Sep 14 13:55:45 2022]
Finished job 269.
77 of 301 steps (26%) done
Select jobs to execute...

[Wed Sep 14 13:55:45 2022]
rule fastTree:
    input: test/msa/gene_aln_26.fa
    output: test/geneTree/gene_tree_26.newick
    jobid: 26
    reason: Missing output files: test/geneTree/gene_tree_26.newick
    wildcards: id=26
    resources: tmpdir=/tmp

[Wed Sep 14 13:55:45 2022]
Finished job 209.
78 of 301 steps (26%) done
Select jobs to execute...

[Wed Sep 14 13:55:45 2022]
rule fastTree:
    input: test/msa/gene_aln_91.fa
    output: test/geneTree/gene_tree_91.newick
    jobid: 91
    reason: Missing output files: test/geneTree/gene_tree_91.newick
    wildcards: id=91
    resources: tmpdir=/tmp

[Wed Sep 14 13:55:45 2022]
Finished job 91.
79 of 301 steps (26%) done
Select jobs to execute...

[Wed Sep 14 13:55:45 2022]
rule fastTree:
    input: test/msa/gene_aln_295.fa
    output: test/geneTree/gene_tree_295.newick
    jobid: 295
    reason: Missing output files: test/geneTree/gene_tree_295.newick
    wildcards: id=295
    resources: tmpdir=/tmp

[Wed Sep 14 13:55:45 2022]
Finished job 190.
80 of 301 steps (27%) done
Select jobs to execute...

[Wed Sep 14 13:55:45 2022]
rule fastTree:
    input: test/msa/gene_aln_151.fa
    output: test/geneTree/gene_tree_151.newick
    jobid: 151
    reason: Missing output files: test/geneTree/gene_tree_151.newick
    wildcards: id=151
    resources: tmpdir=/tmp

[Wed Sep 14 13:55:45 2022]
Finished job 60.
81 of 301 steps (27%) done
Select jobs to execute...

[Wed Sep 14 13:55:45 2022]
rule fastTree:
    input: test/msa/gene_aln_265.fa
    output: test/geneTree/gene_tree_265.newick
    jobid: 265
    reason: Missing output files: test/geneTree/gene_tree_265.newick
    wildcards: id=265
    resources: tmpdir=/tmp

[Wed Sep 14 13:55:45 2022]
Finished job 146.
82 of 301 steps (27%) done
Select jobs to execute...

[Wed Sep 14 13:55:45 2022]
rule fastTree:
    input: test/msa/gene_aln_211.fa
    output: test/geneTree/gene_tree_211.newick
    jobid: 211
    reason: Missing output files: test/geneTree/gene_tree_211.newick
    wildcards: id=211
    resources: tmpdir=/tmp

[Wed Sep 14 13:55:45 2022]
Finished job 299.
83 of 301 steps (28%) done
Select jobs to execute...

[Wed Sep 14 13:55:45 2022]
rule fastTree:
    input: test/msa/gene_aln_271.fa
    output: test/geneTree/gene_tree_271.newick
    jobid: 271
    reason: Missing output files: test/geneTree/gene_tree_271.newick
    wildcards: id=271
    resources: tmpdir=/tmp

[Wed Sep 14 13:55:45 2022]
Finished job 119.
84 of 301 steps (28%) done
Select jobs to execute...

[Wed Sep 14 13:55:45 2022]
rule fastTree:
    input: test/msa/gene_aln_2.fa
    output: test/geneTree/gene_tree_2.newick
    jobid: 2
    reason: Missing output files: test/geneTree/gene_tree_2.newick
    wildcards: id=2
    resources: tmpdir=/tmp

[Wed Sep 14 13:55:45 2022]
Finished job 237.
85 of 301 steps (28%) done
Select jobs to execute...

[Wed Sep 14 13:55:45 2022]
rule fastTree:
    input: test/msa/gene_aln_40.fa
    output: test/geneTree/gene_tree_40.newick
    jobid: 40
    reason: Missing output files: test/geneTree/gene_tree_40.newick
    wildcards: id=40
    resources: tmpdir=/tmp

[Wed Sep 14 13:55:45 2022]
Finished job 300.
86 of 301 steps (29%) done
Select jobs to execute...

[Wed Sep 14 13:55:45 2022]
rule fastTree:
    input: test/msa/gene_aln_100.fa
    output: test/geneTree/gene_tree_100.newick
    jobid: 100
    reason: Missing output files: test/geneTree/gene_tree_100.newick
    wildcards: id=100
    resources: tmpdir=/tmp

[Wed Sep 14 13:55:45 2022]
Finished job 270.
87 of 301 steps (29%) done
Select jobs to execute...

[Wed Sep 14 13:55:45 2022]
rule fastTree:
    input: test/msa/gene_aln_121.fa
    output: test/geneTree/gene_tree_121.newick
    jobid: 121
    reason: Missing output files: test/geneTree/gene_tree_121.newick
    wildcards: id=121
    resources: tmpdir=/tmp

[Wed Sep 14 13:55:46 2022]
Finished job 240.
88 of 301 steps (29%) done
Select jobs to execute...

[Wed Sep 14 13:55:46 2022]
rule fastTree:
    input: test/msa/gene_aln_181.fa
    output: test/geneTree/gene_tree_181.newick
    jobid: 181
    reason: Missing output files: test/geneTree/gene_tree_181.newick
    wildcards: id=181
    resources: tmpdir=/tmp

[Wed Sep 14 13:55:46 2022]
Finished job 56.
89 of 301 steps (30%) done
Select jobs to execute...

[Wed Sep 14 13:55:46 2022]
rule fastTree:
    input: test/msa/gene_aln_61.fa
    output: test/geneTree/gene_tree_61.newick
    jobid: 61
    reason: Missing output files: test/geneTree/gene_tree_61.newick
    wildcards: id=61
    resources: tmpdir=/tmp

[Wed Sep 14 13:55:46 2022]
Finished job 181.
90 of 301 steps (30%) done
Select jobs to execute...

[Wed Sep 14 13:55:46 2022]
rule fastTree:
    input: test/msa/gene_aln_241.fa
    output: test/geneTree/gene_tree_241.newick
    jobid: 241
    reason: Missing output files: test/geneTree/gene_tree_241.newick
    wildcards: id=241
    resources: tmpdir=/tmp

[Wed Sep 14 13:55:46 2022]
Finished job 120.
91 of 301 steps (30%) done
Select jobs to execute...

[Wed Sep 14 13:55:46 2022]
rule fastTree:
    input: test/msa/gene_aln_32.fa
    output: test/geneTree/gene_tree_32.newick
    jobid: 32
    reason: Missing output files: test/geneTree/gene_tree_32.newick
    wildcards: id=32
    resources: tmpdir=/tmp

[Wed Sep 14 13:55:46 2022]
Finished job 26.
92 of 301 steps (31%) done
Select jobs to execute...

[Wed Sep 14 13:55:46 2022]
rule fastTree:
    input: test/msa/gene_aln_92.fa
    output: test/geneTree/gene_tree_92.newick
    jobid: 92
    reason: Missing output files: test/geneTree/gene_tree_92.newick
    wildcards: id=92
    resources: tmpdir=/tmp

[Wed Sep 14 13:55:46 2022]
Finished job 31.
93 of 301 steps (31%) done
Select jobs to execute...

[Wed Sep 14 13:55:46 2022]
rule fastTree:
    input: test/msa/gene_aln_235.fa
    output: test/geneTree/gene_tree_235.newick
    jobid: 235
    reason: Missing output files: test/geneTree/gene_tree_235.newick
    wildcards: id=235
    resources: tmpdir=/tmp

[Wed Sep 14 13:55:46 2022]
Finished job 176.
94 of 301 steps (31%) done
Select jobs to execute...

[Wed Sep 14 13:55:46 2022]
rule fastTree:
    input: test/msa/gene_aln_152.fa
    output: test/geneTree/gene_tree_152.newick
    jobid: 152
    reason: Missing output files: test/geneTree/gene_tree_152.newick
    wildcards: id=152
    resources: tmpdir=/tmp

[Wed Sep 14 13:55:46 2022]
Finished job 187.
95 of 301 steps (32%) done
Select jobs to execute...

[Wed Sep 14 13:55:46 2022]
rule fastTree:
    input: test/msa/gene_aln_205.fa
    output: test/geneTree/gene_tree_205.newick
    jobid: 205
    reason: Missing output files: test/geneTree/gene_tree_205.newick
    wildcards: id=205
    resources: tmpdir=/tmp

[Wed Sep 14 13:55:46 2022]
Finished job 180.
96 of 301 steps (32%) done
Select jobs to execute...

[Wed Sep 14 13:55:46 2022]
rule fastTree:
    input: test/msa/gene_aln_212.fa
    output: test/geneTree/gene_tree_212.newick
    jobid: 212
    reason: Missing output files: test/geneTree/gene_tree_212.newick
    wildcards: id=212
    resources: tmpdir=/tmp

[Wed Sep 14 13:55:46 2022]
Finished job 128.
97 of 301 steps (32%) done
Select jobs to execute...

[Wed Sep 14 13:55:46 2022]
rule fastTree:
    input: test/msa/gene_aln_145.fa
    output: test/geneTree/gene_tree_145.newick
    jobid: 145
    reason: Missing output files: test/geneTree/gene_tree_145.newick
    wildcards: id=145
    resources: tmpdir=/tmp

[Wed Sep 14 13:55:46 2022]
Finished job 265.
98 of 301 steps (33%) done
Select jobs to execute...

[Wed Sep 14 13:55:46 2022]
rule fastTree:
    input: test/msa/gene_aln_272.fa
    output: test/geneTree/gene_tree_272.newick
    jobid: 272
    reason: Missing output files: test/geneTree/gene_tree_272.newick
    wildcards: id=272
    resources: tmpdir=/tmp

[Wed Sep 14 13:55:46 2022]
Finished job 295.
99 of 301 steps (33%) done
Select jobs to execute...

[Wed Sep 14 13:55:46 2022]
rule fastTree:
    input: test/msa/gene_aln_1.fa
    output: test/geneTree/gene_tree_1.newick
    jobid: 1
    reason: Missing output files: test/geneTree/gene_tree_1.newick
    wildcards: id=1
    resources: tmpdir=/tmp

[Wed Sep 14 13:55:46 2022]
Finished job 235.
100 of 301 steps (33%) done
Select jobs to execute...

[Wed Sep 14 13:55:47 2022]
rule fastTree:
    input: test/msa/gene_aln_62.fa
    output: test/geneTree/gene_tree_62.newick
    jobid: 62
    reason: Missing output files: test/geneTree/gene_tree_62.newick
    wildcards: id=62
    resources: tmpdir=/tmp

[Wed Sep 14 13:55:47 2022]
Finished job 271.
101 of 301 steps (34%) done
Select jobs to execute...

[Wed Sep 14 13:55:47 2022]
rule fastTree:
    input: test/msa/gene_aln_175.fa
    output: test/geneTree/gene_tree_175.newick
    jobid: 175
    reason: Missing output files: test/geneTree/gene_tree_175.newick
    wildcards: id=175
    resources: tmpdir=/tmp

[Wed Sep 14 13:55:47 2022]
Finished job 241.
102 of 301 steps (34%) done
Select jobs to execute...

[Wed Sep 14 13:55:47 2022]
rule fastTree:
    input: test/msa/gene_aln_122.fa
    output: test/geneTree/gene_tree_122.newick
    jobid: 122
    reason: Missing output files: test/geneTree/gene_tree_122.newick
    wildcards: id=122
    resources: tmpdir=/tmp

[Wed Sep 14 13:55:47 2022]
Finished job 211.
103 of 301 steps (34%) done
Select jobs to execute...

[Wed Sep 14 13:55:47 2022]
rule fastTree:
    input: test/msa/gene_aln_115.fa
    output: test/geneTree/gene_tree_115.newick
    jobid: 115
    reason: Missing output files: test/geneTree/gene_tree_115.newick
    wildcards: id=115
    resources: tmpdir=/tmp

[Wed Sep 14 13:55:47 2022]
Finished job 61.
104 of 301 steps (35%) done
Select jobs to execute...

[Wed Sep 14 13:55:47 2022]
rule fastTree:
    input: test/msa/gene_aln_182.fa
    output: test/geneTree/gene_tree_182.newick
    jobid: 182
    reason: Missing output files: test/geneTree/gene_tree_182.newick
    wildcards: id=182
    resources: tmpdir=/tmp

[Wed Sep 14 13:55:47 2022]
Finished job 245.
105 of 301 steps (35%) done
Select jobs to execute...

[Wed Sep 14 13:55:47 2022]
rule fastTree:
    input: test/msa/gene_aln_55.fa
    output: test/geneTree/gene_tree_55.newick
    jobid: 55
    reason: Missing output files: test/geneTree/gene_tree_55.newick
    wildcards: id=55
    resources: tmpdir=/tmp

[Wed Sep 14 13:55:47 2022]
Finished job 121.
106 of 301 steps (35%) done
Select jobs to execute...

[Wed Sep 14 13:55:47 2022]
rule fastTree:
    input: test/msa/gene_aln_242.fa
    output: test/geneTree/gene_tree_242.newick
    jobid: 242
    reason: Missing output files: test/geneTree/gene_tree_242.newick
    wildcards: id=242
    resources: tmpdir=/tmp

[Wed Sep 14 13:55:47 2022]
Finished job 32.
107 of 301 steps (36%) done
Select jobs to execute...

[Wed Sep 14 13:55:47 2022]
rule fastTree:
    input: test/msa/gene_aln_33.fa
    output: test/geneTree/gene_tree_33.newick
    jobid: 33
    reason: Missing output files: test/geneTree/gene_tree_33.newick
    wildcards: id=33
    resources: tmpdir=/tmp

[Wed Sep 14 13:55:47 2022]
Finished job 247.
108 of 301 steps (36%) done
Select jobs to execute...

[Wed Sep 14 13:55:47 2022]
rule fastTree:
    input: test/msa/gene_aln_93.fa
    output: test/geneTree/gene_tree_93.newick
    jobid: 93
    reason: Missing output files: test/geneTree/gene_tree_93.newick
    wildcards: id=93
    resources: tmpdir=/tmp

[Wed Sep 14 13:55:47 2022]
Finished job 151.
109 of 301 steps (36%) done
Select jobs to execute...
Terminating processes on user request, this might take some time.
[Wed Sep 14 13:55:47 2022]
[Wed Sep 14 13:55:47 2022]
[Wed Sep 14 13:55:47 2022]
[Wed Sep 14 13:55:47 2022]
Error in rule fastTree:
    jobid: 242
    output: test/geneTree/gene_tree_242.newick
    shell:
        ./treeBuilder/ftWrapper.sh test/msa/gene_aln_242.fa test/geneTree/gene_tree_242.newick
        (one of the commands exited with non-zero exit code; note that snakemake uses bash strict mode!)

[Wed Sep 14 13:55:47 2022]
[Wed Sep 14 13:55:47 2022]
[Wed Sep 14 13:55:47 2022]
[Wed Sep 14 13:55:47 2022]
[Wed Sep 14 13:55:47 2022]
Error in rule fastTree:
    jobid: 179
    output: test/geneTree/gene_tree_179.newick
    shell:
        ./treeBuilder/ftWrapper.sh test/msa/gene_aln_179.fa test/geneTree/gene_tree_179.newick
        (one of the commands exited with non-zero exit code; note that snakemake uses bash strict mode!)

[Wed Sep 14 13:55:47 2022]
[Wed Sep 14 13:55:47 2022]
[Wed Sep 14 13:55:47 2022]
[Wed Sep 14 13:55:47 2022]
[Wed Sep 14 13:55:47 2022]
Error in rule fastTree:
    jobid: 236
    output: test/geneTree/gene_tree_236.newick
    shell:
        ./treeBuilder/ftWrapper.sh test/msa/gene_aln_236.fa test/geneTree/gene_tree_236.newick
        (one of the commands exited with non-zero exit code; note that snakemake uses bash strict mode!)

[Wed Sep 14 13:55:47 2022]
Error in rule fastTree:
    jobid: 182
    output: test/geneTree/gene_tree_182.newick
    shell:
        ./treeBuilder/ftWrapper.sh test/msa/gene_aln_182.fa test/geneTree/gene_tree_182.newick
        (one of the commands exited with non-zero exit code; note that snakemake uses bash strict mode!)

[Wed Sep 14 13:55:47 2022]
[Wed Sep 14 13:55:47 2022]
[Wed Sep 14 13:55:47 2022]
[Wed Sep 14 13:55:47 2022]
[Wed Sep 14 13:55:47 2022]
Error in rule fastTree:
    jobid: 175
    output: test/geneTree/gene_tree_175.newick
    shell:
        ./treeBuilder/ftWrapper.sh test/msa/gene_aln_175.fa test/geneTree/gene_tree_175.newick
        (one of the commands exited with non-zero exit code; note that snakemake uses bash strict mode!)

[Wed Sep 14 13:55:47 2022]
Error in rule fastTree:
    jobid: 212
    output: test/geneTree/gene_tree_212.newick
    shell:
        ./treeBuilder/ftWrapper.sh test/msa/gene_aln_212.fa test/geneTree/gene_tree_212.newick
        (one of the commands exited with non-zero exit code; note that snakemake uses bash strict mode!)

[Wed Sep 14 13:55:47 2022]
Error in rule fastTree:
    jobid: 86
    output: test/geneTree/gene_tree_86.newick
    shell:
        ./treeBuilder/ftWrapper.sh test/msa/gene_aln_86.fa test/geneTree/gene_tree_86.newick
        (one of the commands exited with non-zero exit code; note that snakemake uses bash strict mode!)

[Wed Sep 14 13:55:47 2022]
[Wed Sep 14 13:55:47 2022]
Error in rule fastTree:
    jobid: 33
    output: test/geneTree/gene_tree_33.newick
    shell:
        ./treeBuilder/ftWrapper.sh test/msa/gene_aln_33.fa test/geneTree/gene_tree_33.newick
        (one of the commands exited with non-zero exit code; note that snakemake uses bash strict mode!)

[Wed Sep 14 13:55:47 2022]
Error in rule fastTree:
    jobid: 117
    output: test/geneTree/gene_tree_117.newick
    shell:
        ./treeBuilder/ftWrapper.sh test/msa/gene_aln_117.fa test/geneTree/gene_tree_117.newick
        (one of the commands exited with non-zero exit code; note that snakemake uses bash strict mode!)

[Wed Sep 14 13:55:47 2022]
Error in rule fastTree:
    jobid: 210
    output: test/geneTree/gene_tree_210.newick
    shell:
        ./treeBuilder/ftWrapper.sh test/msa/gene_aln_210.fa test/geneTree/gene_tree_210.newick
        (one of the commands exited with non-zero exit code; note that snakemake uses bash strict mode!)

[Wed Sep 14 13:55:47 2022]
[Wed Sep 14 13:55:47 2022]
Error in rule fastTree:
    jobid: 55
    output: test/geneTree/gene_tree_55.newick
    shell:
        ./treeBuilder/ftWrapper.sh test/msa/gene_aln_55.fa test/geneTree/gene_tree_55.newick
        (one of the commands exited with non-zero exit code; note that snakemake uses bash strict mode!)

Error in rule fastTree:
    jobid: 157
    output: test/geneTree/gene_tree_157.newick
    shell:
        ./treeBuilder/ftWrapper.sh test/msa/gene_aln_157.fa test/geneTree/gene_tree_157.newick
        (one of the commands exited with non-zero exit code; note that snakemake uses bash strict mode!)

Error in rule fastTree:
    jobid: 297
    output: test/geneTree/gene_tree_297.newick
    shell:
        ./treeBuilder/ftWrapper.sh test/msa/gene_aln_297.fa test/geneTree/gene_tree_297.newick
        (one of the commands exited with non-zero exit code; note that snakemake uses bash strict mode!)

Error in rule fastTree:
    jobid: 1
    output: test/geneTree/gene_tree_1.newick
    shell:
        ./treeBuilder/ftWrapper.sh test/msa/gene_aln_1.fa test/geneTree/gene_tree_1.newick
        (one of the commands exited with non-zero exit code; note that snakemake uses bash strict mode!)

[Wed Sep 14 13:55:47 2022]
Error in rule fastTree:
    jobid: 62
    output: test/geneTree/gene_tree_62.newick
    shell:
        ./treeBuilder/ftWrapper.sh test/msa/gene_aln_62.fa test/geneTree/gene_tree_62.newick
        (one of the commands exited with non-zero exit code; note that snakemake uses bash strict mode!)

[Wed Sep 14 13:55:47 2022]
[Wed Sep 14 13:55:47 2022]
Error in rule fastTree:
    jobid: 272
    output: test/geneTree/gene_tree_272.newick
    shell:
        ./treeBuilder/ftWrapper.sh test/msa/gene_aln_272.fa test/geneTree/gene_tree_272.newick
        (one of the commands exited with non-zero exit code; note that snakemake uses bash strict mode!)

Error in rule fastTree:
    jobid: 40
    output: test/geneTree/gene_tree_40.newick
    shell:
        ./treeBuilder/ftWrapper.sh test/msa/gene_aln_40.fa test/geneTree/gene_tree_40.newick
        (one of the commands exited with non-zero exit code; note that snakemake uses bash strict mode!)

Error in rule fastTree:
    jobid: 152
    output: test/geneTree/gene_tree_152.newick
    shell:
        ./treeBuilder/ftWrapper.sh test/msa/gene_aln_152.fa test/geneTree/gene_tree_152.newick
        (one of the commands exited with non-zero exit code; note that snakemake uses bash strict mode!)

Error in rule fastTree:
    jobid: 207
    output: test/geneTree/gene_tree_207.newick
    shell:
        ./treeBuilder/ftWrapper.sh test/msa/gene_aln_207.fa test/geneTree/gene_tree_207.newick
        (one of the commands exited with non-zero exit code; note that snakemake uses bash strict mode!)

Error in rule fastTree:
    jobid: 89
    output: test/geneTree/gene_tree_89.newick
    shell:
        ./treeBuilder/ftWrapper.sh test/msa/gene_aln_89.fa test/geneTree/gene_tree_89.newick
        (one of the commands exited with non-zero exit code; note that snakemake uses bash strict mode!)

Error in rule fastTree:
    jobid: 93
    output: test/geneTree/gene_tree_93.newick
    shell:
        ./treeBuilder/ftWrapper.sh test/msa/gene_aln_93.fa test/geneTree/gene_tree_93.newick
        (one of the commands exited with non-zero exit code; note that snakemake uses bash strict mode!)

Error in rule fastTree:
    jobid: 102
    output: test/geneTree/gene_tree_102.newick
    shell:
        ./treeBuilder/ftWrapper.sh test/msa/gene_aln_102.fa test/geneTree/gene_tree_102.newick
        (one of the commands exited with non-zero exit code; note that snakemake uses bash strict mode!)

Error in rule fastTree:
    jobid: 125
    output: test/geneTree/gene_tree_125.newick
    shell:
        ./treeBuilder/ftWrapper.sh test/msa/gene_aln_125.fa test/geneTree/gene_tree_125.newick
        (one of the commands exited with non-zero exit code; note that snakemake uses bash strict mode!)

Error in rule fastTree:
    jobid: 90
    output: test/geneTree/gene_tree_90.newick
    shell:
        ./treeBuilder/ftWrapper.sh test/msa/gene_aln_90.fa test/geneTree/gene_tree_90.newick
        (one of the commands exited with non-zero exit code; note that snakemake uses bash strict mode!)

Error in rule fastTree:
    jobid: 115
    output: test/geneTree/gene_tree_115.newick
    shell:
        ./treeBuilder/ftWrapper.sh test/msa/gene_aln_115.fa test/geneTree/gene_tree_115.newick
        (one of the commands exited with non-zero exit code; note that snakemake uses bash strict mode!)

Error in rule fastTree:
    jobid: 92
    output: test/geneTree/gene_tree_92.newick
    shell:
        ./treeBuilder/ftWrapper.sh test/msa/gene_aln_92.fa test/geneTree/gene_tree_92.newick
        (one of the commands exited with non-zero exit code; note that snakemake uses bash strict mode!)

Error in rule fastTree:
    jobid: 100
    output: test/geneTree/gene_tree_100.newick
    shell:
        ./treeBuilder/ftWrapper.sh test/msa/gene_aln_100.fa test/geneTree/gene_tree_100.newick
        (one of the commands exited with non-zero exit code; note that snakemake uses bash strict mode!)

Error in rule fastTree:
    jobid: 205
    output: test/geneTree/gene_tree_205.newick
    shell:
        ./treeBuilder/ftWrapper.sh test/msa/gene_aln_205.fa test/geneTree/gene_tree_205.newick
        (one of the commands exited with non-zero exit code; note that snakemake uses bash strict mode!)

Error in rule fastTree:
    jobid: 122
    output: test/geneTree/gene_tree_122.newick
    shell:
        ./treeBuilder/ftWrapper.sh test/msa/gene_aln_122.fa test/geneTree/gene_tree_122.newick
        (one of the commands exited with non-zero exit code; note that snakemake uses bash strict mode!)

Error in rule fastTree:
    jobid: 145
    output: test/geneTree/gene_tree_145.newick
    shell:
        ./treeBuilder/ftWrapper.sh test/msa/gene_aln_145.fa test/geneTree/gene_tree_145.newick
        (one of the commands exited with non-zero exit code; note that snakemake uses bash strict mode!)

Error in rule fastTree:
    jobid: 2
    output: test/geneTree/gene_tree_2.newick
    shell:
        ./treeBuilder/ftWrapper.sh test/msa/gene_aln_2.fa test/geneTree/gene_tree_2.newick
        (one of the commands exited with non-zero exit code; note that snakemake uses bash strict mode!)

Complete log: .snakemake/log/2022-09-14T135540.122375.snakemake.log
