Building DAG of jobs...
Using shell: /usr/bin/bash
Provided cores: 64
Rules claiming more threads will be scaled down.
Conda environments: ignored
Job stats:
job                count    min threads    max threads
---------------  -------  -------------  -------------
all                    1              1              1
lastz                 40              1              1
lastz2fasta            1              1              1
mafft                300              1              1
sequence_merge         1              1              1
sequence_select       40              1              1
total                383              1              1

Select jobs to execute...

[Tue Sep 13 16:39:14 2022]
rule sequence_select:
    input: ../genomes_top40/GCF_003957555.1.fa
    output: test/samples/GCF_003957555.1_temp.fa
    jobid: 16
    reason: Missing output files: test/samples/GCF_003957555.1_temp.fa; Params have changed since last execution
    wildcards: sample=GCF_003957555.1
    resources: tmpdir=/tmp


[Tue Sep 13 16:39:14 2022]
rule sequence_select:
    input: ../genomes_top40/GCF_016699485.2.fa
    output: test/samples/GCF_016699485.2_temp.fa
    jobid: 31
    reason: Missing output files: test/samples/GCF_016699485.2_temp.fa; Params have changed since last execution
    wildcards: sample=GCF_016699485.2
    resources: tmpdir=/tmp


[Tue Sep 13 16:39:14 2022]
rule sequence_select:
    input: ../genomes_top40/GCA_015220805.1.fa
    output: test/samples/GCA_015220805.1_temp.fa
    jobid: 24
    reason: Missing output files: test/samples/GCA_015220805.1_temp.fa
    wildcards: sample=GCA_015220805.1
    resources: tmpdir=/tmp


[Tue Sep 13 16:39:14 2022]
rule sequence_select:
    input: ../genomes_top40/GCA_020745705.1.fa
    output: test/samples/GCA_020745705.1_temp.fa
    jobid: 9
    reason: Missing output files: test/samples/GCA_020745705.1_temp.fa; Params have changed since last execution
    wildcards: sample=GCA_020745705.1
    resources: tmpdir=/tmp


[Tue Sep 13 16:39:14 2022]
rule sequence_select:
    input: ../genomes_top40/GCA_008658365.1.fa
    output: test/samples/GCA_008658365.1_temp.fa
    jobid: 39
    reason: Missing output files: test/samples/GCA_008658365.1_temp.fa; Params have changed since last execution
    wildcards: sample=GCA_008658365.1
    resources: tmpdir=/tmp


[Tue Sep 13 16:39:14 2022]
rule sequence_select:
    input: ../genomes_top40/GCA_020746105.1.fa
    output: test/samples/GCA_020746105.1_temp.fa
    jobid: 17
    reason: Missing output files: test/samples/GCA_020746105.1_temp.fa; Params have changed since last execution
    wildcards: sample=GCA_020746105.1
    resources: tmpdir=/tmp


[Tue Sep 13 16:39:14 2022]
rule sequence_select:
    input: ../genomes_top40/GCF_016700215.2.fa
    output: test/samples/GCF_016700215.2_temp.fa
    jobid: 32
    reason: Missing output files: test/samples/GCF_016700215.2_temp.fa; Params have changed since last execution
    wildcards: sample=GCF_016700215.2
    resources: tmpdir=/tmp


[Tue Sep 13 16:39:14 2022]
rule sequence_select:
    input: ../genomes_top40/GCA_009819825.1.fa
    output: test/samples/GCA_009819825.1_temp.fa
    jobid: 25
    reason: Missing output files: test/samples/GCA_009819825.1_temp.fa; Params have changed since last execution
    wildcards: sample=GCA_009819825.1
    resources: tmpdir=/tmp


[Tue Sep 13 16:39:14 2022]
rule sequence_select:
    input: ../genomes_top40/GCA_009819775.1.fa
    output: test/samples/GCA_009819775.1_temp.fa
    jobid: 10
    reason: Missing output files: test/samples/GCA_009819775.1_temp.fa; Params have changed since last execution
    wildcards: sample=GCA_009819775.1
    resources: tmpdir=/tmp


[Tue Sep 13 16:39:14 2022]
rule sequence_select:
    input: ../genomes_top40/GCF_000002315.6.fa
    output: test/samples/GCF_000002315.6_temp.fa
    jobid: 40
    reason: Missing output files: test/samples/GCF_000002315.6_temp.fa; Params have changed since last execution
    wildcards: sample=GCF_000002315.6
    resources: tmpdir=/tmp


[Tue Sep 13 16:39:14 2022]
rule sequence_select:
    input: ../genomes_top40/GCF_009829145.1.fa
    output: test/samples/GCF_009829145.1_temp.fa
    jobid: 18
    reason: Missing output files: test/samples/GCF_009829145.1_temp.fa; Params have changed since last execution
    wildcards: sample=GCF_009829145.1
    resources: tmpdir=/tmp


[Tue Sep 13 16:39:14 2022]
rule sequence_select:
    input: ../genomes_top40/GCA_013407035.1.fa
    output: test/samples/GCA_013407035.1_temp.fa
    jobid: 33
    reason: Missing output files: test/samples/GCA_013407035.1_temp.fa; Params have changed since last execution
    wildcards: sample=GCA_013407035.1
    resources: tmpdir=/tmp


[Tue Sep 13 16:39:14 2022]
rule sequence_select:
    input: ../genomes_top40/GCA_020745775.1.fa
    output: test/samples/GCA_020745775.1_temp.fa
    jobid: 26
    reason: Missing output files: test/samples/GCA_020745775.1_temp.fa; Params have changed since last execution
    wildcards: sample=GCA_020745775.1
    resources: tmpdir=/tmp


[Tue Sep 13 16:39:14 2022]
rule sequence_select:
    input: ../genomes_top40/GCF_012275295.1.fa
    output: test/samples/GCF_012275295.1_temp.fa
    jobid: 11
    reason: Missing output files: test/samples/GCF_012275295.1_temp.fa; Params have changed since last execution
    wildcards: sample=GCF_012275295.1
    resources: tmpdir=/tmp


[Tue Sep 13 16:39:14 2022]
rule sequence_select:
    input: ../genomes_top40/GCA_016904835.1.fa
    output: test/samples/GCA_016904835.1_temp.fa
    jobid: 41
    reason: Missing output files: test/samples/GCA_016904835.1_temp.fa; Params have changed since last execution
    wildcards: sample=GCA_016904835.1
    resources: tmpdir=/tmp


[Tue Sep 13 16:39:14 2022]
rule sequence_select:
    input: ../genomes_top40/GCA_017639485.1.fa
    output: test/samples/GCA_017639485.1_temp.fa
    jobid: 19
    reason: Missing output files: test/samples/GCA_017639485.1_temp.fa; Params have changed since last execution
    wildcards: sample=GCA_017639485.1
    resources: tmpdir=/tmp


[Tue Sep 13 16:39:14 2022]
rule sequence_select:
    input: ../genomes_top40/GCA_902806625.1.fa
    output: test/samples/GCA_902806625.1_temp.fa
    jobid: 34
    reason: Missing output files: test/samples/GCA_902806625.1_temp.fa; Params have changed since last execution
    wildcards: sample=GCA_902806625.1
    resources: tmpdir=/tmp


[Tue Sep 13 16:39:14 2022]
rule sequence_select:
    input: ../genomes_top40/GCF_018691265.1.fa
    output: test/samples/GCF_018691265.1_temp.fa
    jobid: 27
    reason: Missing output files: test/samples/GCF_018691265.1_temp.fa; Params have changed since last execution
    wildcards: sample=GCF_018691265.1
    resources: tmpdir=/tmp


[Tue Sep 13 16:39:14 2022]
rule sequence_select:
    input: ../genomes_top40/GCA_020801775.1.fa
    output: test/samples/GCA_020801775.1_temp.fa
    jobid: 12
    reason: Missing output files: test/samples/GCA_020801775.1_temp.fa; Params have changed since last execution
    wildcards: sample=GCA_020801775.1
    resources: tmpdir=/tmp


[Tue Sep 13 16:39:14 2022]
rule sequence_select:
    input: ../genomes_top40/GCF_020740725.1.fa
    output: test/samples/GCF_020740725.1_temp.fa
    jobid: 42
    reason: Missing output files: test/samples/GCF_020740725.1_temp.fa; Params have changed since last execution
    wildcards: sample=GCF_020740725.1
    resources: tmpdir=/tmp


[Tue Sep 13 16:39:14 2022]
rule sequence_select:
    input: ../genomes_top40/GCA_907165065.1.fa
    output: test/samples/GCA_907165065.1_temp.fa
    jobid: 20
    reason: Missing output files: test/samples/GCA_907165065.1_temp.fa; Params have changed since last execution
    wildcards: sample=GCA_907165065.1
    resources: tmpdir=/tmp


[Tue Sep 13 16:39:14 2022]
rule sequence_select:
    input: ../genomes_top40/GCA_017639555.1.fa
    output: test/samples/GCA_017639555.1_temp.fa
    jobid: 5
    reason: Missing output files: test/samples/GCA_017639555.1_temp.fa; Params have changed since last execution
    wildcards: sample=GCA_017639555.1
    resources: tmpdir=/tmp


[Tue Sep 13 16:39:14 2022]
rule sequence_select:
    input: ../genomes_top40/GCA_016128335.1.fa
    output: test/samples/GCA_016128335.1_temp.fa
    jobid: 35
    reason: Missing output files: test/samples/GCA_016128335.1_temp.fa; Params have changed since last execution
    wildcards: sample=GCA_016128335.1
    resources: tmpdir=/tmp


[Tue Sep 13 16:39:14 2022]
rule sequence_select:
    input: ../genomes_top40/GCF_017639655.2.fa
    output: test/samples/GCF_017639655.2_temp.fa
    jobid: 28
    reason: Missing output files: test/samples/GCF_017639655.2_temp.fa; Params have changed since last execution
    wildcards: sample=GCF_017639655.2
    resources: tmpdir=/tmp


[Tue Sep 13 16:39:14 2022]
rule sequence_select:
    input: ../genomes_top40/GCA_018139145.1.fa
    output: test/samples/GCA_018139145.1_temp.fa
    jobid: 13
    reason: Missing output files: test/samples/GCA_018139145.1_temp.fa; Params have changed since last execution
    wildcards: sample=GCA_018139145.1
    resources: tmpdir=/tmp


[Tue Sep 13 16:39:14 2022]
rule sequence_select:
    input: ../genomes_top40/GCF_901933205.1.fa
    output: test/samples/GCF_901933205.1_temp.fa
    jobid: 43
    reason: Missing output files: test/samples/GCF_901933205.1_temp.fa; Params have changed since last execution
    wildcards: sample=GCF_901933205.1
    resources: tmpdir=/tmp


[Tue Sep 13 16:39:14 2022]
rule sequence_select:
    input: ../genomes_top40/GCA_011004875.1.fa
    output: test/samples/GCA_011004875.1_temp.fa
    jobid: 21
    reason: Missing output files: test/samples/GCA_011004875.1_temp.fa; Params have changed since last execution
    wildcards: sample=GCA_011004875.1
    resources: tmpdir=/tmp


[Tue Sep 13 16:39:14 2022]
rule sequence_select:
    input: ../genomes_top40/GCA_013368605.1.fa
    output: test/samples/GCA_013368605.1_temp.fa
    jobid: 6
    reason: Missing output files: test/samples/GCA_013368605.1_temp.fa; Params have changed since last execution
    wildcards: sample=GCA_013368605.1
    resources: tmpdir=/tmp


[Tue Sep 13 16:39:14 2022]
rule sequence_select:
    input: ../genomes_top40/GCF_900496995.4.fa
    output: test/samples/GCF_900496995.4_temp.fa
    jobid: 36
    reason: Missing output files: test/samples/GCF_900496995.4_temp.fa; Params have changed since last execution
    wildcards: sample=GCF_900496995.4
    resources: tmpdir=/tmp


[Tue Sep 13 16:39:14 2022]
rule sequence_select:
    input: ../genomes_top40/GCA_014839835.1.fa
    output: test/samples/GCA_014839835.1_temp.fa
    jobid: 29
    reason: Missing output files: test/samples/GCA_014839835.1_temp.fa; Params have changed since last execution
    wildcards: sample=GCA_014839835.1
    resources: tmpdir=/tmp


[Tue Sep 13 16:39:14 2022]
rule sequence_select:
    input: ../genomes_top40/GCF_009819795.1.fa
    output: test/samples/GCF_009819795.1_temp.fa
    jobid: 14
    reason: Missing output files: test/samples/GCF_009819795.1_temp.fa; Params have changed since last execution
    wildcards: sample=GCF_009819795.1
    resources: tmpdir=/tmp


[Tue Sep 13 16:39:14 2022]
rule sequence_select:
    input: ../genomes_top40/GCA_012275265.1.fa
    output: test/samples/GCA_012275265.1_temp.fa
    jobid: 44
    reason: Missing output files: test/samples/GCA_012275265.1_temp.fa; Params have changed since last execution
    wildcards: sample=GCA_012275265.1
    resources: tmpdir=/tmp


[Tue Sep 13 16:39:14 2022]
rule sequence_select:
    input: ../genomes_top40/GCA_017976375.1.fa
    output: test/samples/GCA_017976375.1_temp.fa
    jobid: 22
    reason: Missing output files: test/samples/GCA_017976375.1_temp.fa; Params have changed since last execution
    wildcards: sample=GCA_017976375.1
    resources: tmpdir=/tmp


[Tue Sep 13 16:39:14 2022]
rule sequence_select:
    input: ../genomes_top40/GCF_015220075.1.fa
    output: test/samples/GCF_015220075.1_temp.fa
    jobid: 7
    reason: Missing output files: test/samples/GCF_015220075.1_temp.fa; Params have changed since last execution
    wildcards: sample=GCF_015220075.1
    resources: tmpdir=/tmp


[Tue Sep 13 16:39:14 2022]
rule sequence_select:
    input: ../genomes_top40/GCA_020800305.1.fa
    output: test/samples/GCA_020800305.1_temp.fa
    jobid: 37
    reason: Missing output files: test/samples/GCA_020800305.1_temp.fa; Params have changed since last execution
    wildcards: sample=GCA_020800305.1
    resources: tmpdir=/tmp


[Tue Sep 13 16:39:14 2022]
rule sequence_select:
    input: ../genomes_top40/GCA_905368555.1.fa
    output: test/samples/GCA_905368555.1_temp.fa
    jobid: 30
    reason: Missing output files: test/samples/GCA_905368555.1_temp.fa; Params have changed since last execution
    wildcards: sample=GCA_905368555.1
    resources: tmpdir=/tmp


[Tue Sep 13 16:39:14 2022]
rule sequence_select:
    input: ../genomes_top40/GCA_009819605.1.fa
    output: test/samples/GCA_009819605.1_temp.fa
    jobid: 15
    reason: Missing output files: test/samples/GCA_009819605.1_temp.fa; Params have changed since last execution
    wildcards: sample=GCA_009819605.1
    resources: tmpdir=/tmp


[Tue Sep 13 16:39:14 2022]
rule sequence_select:
    input: ../genomes_top40/GCA_014839755.1.fa
    output: test/samples/GCA_014839755.1_temp.fa
    jobid: 23
    reason: Missing output files: test/samples/GCA_014839755.1_temp.fa; Params have changed since last execution
    wildcards: sample=GCA_014839755.1
    resources: tmpdir=/tmp


[Tue Sep 13 16:39:14 2022]
rule sequence_select:
    input: ../genomes_top40/GCA_017639245.1.fa
    output: test/samples/GCA_017639245.1_temp.fa
    jobid: 8
    reason: Missing output files: test/samples/GCA_017639245.1_temp.fa; Params have changed since last execution
    wildcards: sample=GCA_017639245.1
    resources: tmpdir=/tmp


[Tue Sep 13 16:39:14 2022]
rule sequence_select:
    input: ../genomes_top40/GCA_020740795.1.fa
    output: test/samples/GCA_020740795.1_temp.fa
    jobid: 38
    reason: Missing output files: test/samples/GCA_020740795.1_temp.fa; Params have changed since last execution
    wildcards: sample=GCA_020740795.1
    resources: tmpdir=/tmp

[Tue Sep 13 16:39:23 2022]
Finished job 16.
1 of 383 steps (0.3%) done
[Tue Sep 13 16:39:23 2022]
Finished job 31.
2 of 383 steps (1%) done
[Tue Sep 13 16:39:23 2022]
Finished job 41.
3 of 383 steps (1%) done
[Tue Sep 13 16:39:23 2022]
Finished job 40.
4 of 383 steps (1%) done
[Tue Sep 13 16:39:24 2022]
Finished job 18.
5 of 383 steps (1%) done
[Tue Sep 13 16:39:24 2022]
Finished job 34.
6 of 383 steps (2%) done
[Tue Sep 13 16:39:24 2022]
Finished job 44.
7 of 383 steps (2%) done
[Tue Sep 13 16:39:24 2022]
Finished job 20.
8 of 383 steps (2%) done
[Tue Sep 13 16:39:24 2022]
Finished job 29.
9 of 383 steps (2%) done
[Tue Sep 13 16:39:24 2022]
Finished job 42.
10 of 383 steps (3%) done
[Tue Sep 13 16:39:24 2022]
Finished job 17.
11 of 383 steps (3%) done
[Tue Sep 13 16:39:24 2022]
Finished job 11.
12 of 383 steps (3%) done
[Tue Sep 13 16:39:24 2022]
Finished job 25.
13 of 383 steps (3%) done
[Tue Sep 13 16:39:24 2022]
Finished job 7.
14 of 383 steps (4%) done
[Tue Sep 13 16:39:24 2022]
Finished job 39.
15 of 383 steps (4%) done
[Tue Sep 13 16:39:25 2022]
Finished job 38.
16 of 383 steps (4%) done
[Tue Sep 13 16:39:25 2022]
Finished job 28.
17 of 383 steps (4%) done
[Tue Sep 13 16:39:25 2022]
Finished job 36.
18 of 383 steps (5%) done
[Tue Sep 13 16:39:25 2022]
Finished job 10.
19 of 383 steps (5%) done
[Tue Sep 13 16:39:25 2022]
Finished job 5.
20 of 383 steps (5%) done
[Tue Sep 13 16:39:25 2022]
Finished job 37.
21 of 383 steps (5%) done
[Tue Sep 13 16:39:25 2022]
Finished job 6.
22 of 383 steps (6%) done
[Tue Sep 13 16:39:25 2022]
Finished job 27.
23 of 383 steps (6%) done
[Tue Sep 13 16:39:25 2022]
Finished job 12.
24 of 383 steps (6%) done
[Tue Sep 13 16:39:26 2022]
Finished job 9.
25 of 383 steps (7%) done
[Tue Sep 13 16:39:26 2022]
Finished job 30.
26 of 383 steps (7%) done
[Tue Sep 13 16:39:26 2022]
Finished job 33.
27 of 383 steps (7%) done
[Tue Sep 13 16:39:26 2022]
Finished job 23.
28 of 383 steps (7%) done
[Tue Sep 13 16:39:27 2022]
Finished job 43.
29 of 383 steps (8%) done
[Tue Sep 13 16:39:27 2022]
Finished job 32.
30 of 383 steps (8%) done
[Tue Sep 13 16:39:27 2022]
Finished job 14.
31 of 383 steps (8%) done
[Tue Sep 13 16:39:27 2022]
Finished job 8.
32 of 383 steps (8%) done
[Tue Sep 13 16:39:27 2022]
Finished job 21.
33 of 383 steps (9%) done
[Tue Sep 13 16:39:28 2022]
Finished job 26.
34 of 383 steps (9%) done
[Tue Sep 13 16:39:28 2022]
Finished job 22.
35 of 383 steps (9%) done
[Tue Sep 13 16:39:28 2022]
Finished job 15.
36 of 383 steps (9%) done
[Tue Sep 13 16:39:28 2022]
Finished job 19.
37 of 383 steps (10%) done
[Tue Sep 13 16:39:28 2022]
Finished job 13.
38 of 383 steps (10%) done
[Tue Sep 13 16:39:28 2022]
Finished job 24.
39 of 383 steps (10%) done
[Tue Sep 13 16:39:29 2022]
Finished job 35.
40 of 383 steps (10%) done
Select jobs to execute...

[Tue Sep 13 16:39:29 2022]
rule sequence_merge:
    input: test/samples/GCA_017639555.1_temp.fa, test/samples/GCA_013368605.1_temp.fa, test/samples/GCF_015220075.1_temp.fa, test/samples/GCA_017639245.1_temp.fa, test/samples/GCA_020745705.1_temp.fa, test/samples/GCA_009819775.1_temp.fa, test/samples/GCF_012275295.1_temp.fa, test/samples/GCA_020801775.1_temp.fa, test/samples/GCA_018139145.1_temp.fa, test/samples/GCF_009819795.1_temp.fa, test/samples/GCA_009819605.1_temp.fa, test/samples/GCF_003957555.1_temp.fa, test/samples/GCA_020746105.1_temp.fa, test/samples/GCF_009829145.1_temp.fa, test/samples/GCA_017639485.1_temp.fa, test/samples/GCA_907165065.1_temp.fa, test/samples/GCA_011004875.1_temp.fa, test/samples/GCA_017976375.1_temp.fa, test/samples/GCA_014839755.1_temp.fa, test/samples/GCA_015220805.1_temp.fa, test/samples/GCA_009819825.1_temp.fa, test/samples/GCA_020745775.1_temp.fa, test/samples/GCF_018691265.1_temp.fa, test/samples/GCF_017639655.2_temp.fa, test/samples/GCA_014839835.1_temp.fa, test/samples/GCA_905368555.1_temp.fa, test/samples/GCF_016699485.2_temp.fa, test/samples/GCF_016700215.2_temp.fa, test/samples/GCA_013407035.1_temp.fa, test/samples/GCA_902806625.1_temp.fa, test/samples/GCA_016128335.1_temp.fa, test/samples/GCF_900496995.4_temp.fa, test/samples/GCA_020800305.1_temp.fa, test/samples/GCA_020740795.1_temp.fa, test/samples/GCA_008658365.1_temp.fa, test/samples/GCF_000002315.6_temp.fa, test/samples/GCA_016904835.1_temp.fa, test/samples/GCF_020740725.1_temp.fa, test/samples/GCF_901933205.1_temp.fa, test/samples/GCA_012275265.1_temp.fa, test
    output: test/samples/out.fa
    jobid: 4
    reason: Input files updated by another job: test/samples/GCF_018691265.1_temp.fa, test/samples/GCF_016700215.2_temp.fa, test/samples/GCA_018139145.1_temp.fa, test/samples/GCA_020740795.1_temp.fa, test/samples/GCA_017639555.1_temp.fa, test/samples/GCA_011004875.1_temp.fa, test/samples/GCA_014839755.1_temp.fa, test/samples/GCA_013407035.1_temp.fa, test/samples/GCF_012275295.1_temp.fa, test/samples/GCF_901933205.1_temp.fa, test/samples/GCA_905368555.1_temp.fa, test/samples/GCF_003957555.1_temp.fa, test/samples/GCA_020745705.1_temp.fa, test/samples/GCA_020800305.1_temp.fa, test/samples/GCA_009819605.1_temp.fa, test/samples/GCA_020801775.1_temp.fa, test/samples/GCF_000002315.6_temp.fa, test/samples/GCA_020746105.1_temp.fa, test/samples/GCA_020745775.1_temp.fa, test/samples/GCA_013368605.1_temp.fa, test/samples/GCA_907165065.1_temp.fa, test/samples/GCA_016904835.1_temp.fa, test/samples/GCA_017639245.1_temp.fa, test/samples/GCF_009829145.1_temp.fa, test/samples/GCF_017639655.2_temp.fa, test/samples/GCF_020740725.1_temp.fa, test/samples/GCA_016128335.1_temp.fa, test/samples/GCF_900496995.4_temp.fa, test/samples/GCA_012275265.1_temp.fa, test/samples/GCF_016699485.2_temp.fa, test/samples/GCF_009819795.1_temp.fa, test/samples/GCA_008658365.1_temp.fa, test/samples/GCA_017639485.1_temp.fa, test/samples/GCA_009819825.1_temp.fa, test/samples/GCA_014839835.1_temp.fa, test/samples/GCF_015220075.1_temp.fa, test/samples/GCA_902806625.1_temp.fa, test/samples/GCA_017976375.1_temp.fa, test/samples/GCA_015220805.1_temp.fa, test/samples/GCA_009819775.1_temp.fa
    resources: tmpdir=/tmp

[Tue Sep 13 16:39:29 2022]
Finished job 4.
41 of 383 steps (11%) done
Removing temporary output test/samples/GCA_017639555.1_temp.fa.
Removing temporary output test/samples/GCA_013368605.1_temp.fa.
Removing temporary output test/samples/GCF_015220075.1_temp.fa.
Removing temporary output test/samples/GCA_017639245.1_temp.fa.
Removing temporary output test/samples/GCA_020745705.1_temp.fa.
Removing temporary output test/samples/GCA_009819775.1_temp.fa.
Removing temporary output test/samples/GCF_012275295.1_temp.fa.
Removing temporary output test/samples/GCA_020801775.1_temp.fa.
Removing temporary output test/samples/GCA_018139145.1_temp.fa.
Removing temporary output test/samples/GCF_009819795.1_temp.fa.
Removing temporary output test/samples/GCA_009819605.1_temp.fa.
Removing temporary output test/samples/GCF_003957555.1_temp.fa.
Removing temporary output test/samples/GCA_020746105.1_temp.fa.
Removing temporary output test/samples/GCF_009829145.1_temp.fa.
Removing temporary output test/samples/GCA_017639485.1_temp.fa.
Removing temporary output test/samples/GCA_907165065.1_temp.fa.
Removing temporary output test/samples/GCA_011004875.1_temp.fa.
Removing temporary output test/samples/GCA_017976375.1_temp.fa.
Removing temporary output test/samples/GCA_014839755.1_temp.fa.
Removing temporary output test/samples/GCA_015220805.1_temp.fa.
Removing temporary output test/samples/GCA_009819825.1_temp.fa.
Removing temporary output test/samples/GCA_020745775.1_temp.fa.
Removing temporary output test/samples/GCF_018691265.1_temp.fa.
Removing temporary output test/samples/GCF_017639655.2_temp.fa.
Removing temporary output test/samples/GCA_014839835.1_temp.fa.
Removing temporary output test/samples/GCA_905368555.1_temp.fa.
Removing temporary output test/samples/GCF_016699485.2_temp.fa.
Removing temporary output test/samples/GCF_016700215.2_temp.fa.
Removing temporary output test/samples/GCA_013407035.1_temp.fa.
Removing temporary output test/samples/GCA_902806625.1_temp.fa.
Removing temporary output test/samples/GCA_016128335.1_temp.fa.
Removing temporary output test/samples/GCF_900496995.4_temp.fa.
Removing temporary output test/samples/GCA_020800305.1_temp.fa.
Removing temporary output test/samples/GCA_020740795.1_temp.fa.
Removing temporary output test/samples/GCA_008658365.1_temp.fa.
Removing temporary output test/samples/GCF_000002315.6_temp.fa.
Removing temporary output test/samples/GCA_016904835.1_temp.fa.
Removing temporary output test/samples/GCF_020740725.1_temp.fa.
Removing temporary output test/samples/GCF_901933205.1_temp.fa.
Removing temporary output test/samples/GCA_012275265.1_temp.fa.
Select jobs to execute...

[Tue Sep 13 16:39:29 2022]
rule lastz:
    input: test/samples/out.fa, ../genomes_top40/GCA_020800305.1.fa
    output: test/alignments/GCA_020800305.1.maf
    jobid: 76
    reason: Input files updated by another job: test/samples/out.fa
    wildcards: sample=GCA_020800305.1
    resources: tmpdir=/tmp


[Tue Sep 13 16:39:29 2022]
rule lastz:
    input: test/samples/out.fa, ../genomes_top40/GCA_017976375.1.fa
    output: test/alignments/GCA_017976375.1.maf
    jobid: 61
    reason: Input files updated by another job: test/samples/out.fa
    wildcards: sample=GCA_017976375.1
    resources: tmpdir=/tmp


[Tue Sep 13 16:39:29 2022]
rule lastz:
    input: test/samples/out.fa, ../genomes_top40/GCF_015220075.1.fa
    output: test/alignments/GCF_015220075.1.maf
    jobid: 46
    reason: Input files updated by another job: test/samples/out.fa
    wildcards: sample=GCF_015220075.1
    resources: tmpdir=/tmp


[Tue Sep 13 16:39:29 2022]
rule lastz:
    input: test/samples/out.fa, ../genomes_top40/GCA_905368555.1.fa
    output: test/alignments/GCA_905368555.1.maf
    jobid: 69
    reason: Input files updated by another job: test/samples/out.fa
    wildcards: sample=GCA_905368555.1
    resources: tmpdir=/tmp


[Tue Sep 13 16:39:29 2022]
rule lastz:
    input: test/samples/out.fa, ../genomes_top40/GCA_009819605.1.fa
    output: test/alignments/GCA_009819605.1.maf
    jobid: 54
    reason: Input files updated by another job: test/samples/out.fa
    wildcards: sample=GCA_009819605.1
    resources: tmpdir=/tmp


[Tue Sep 13 16:39:29 2022]
rule lastz:
    input: test/samples/out.fa, ../genomes_top40/GCA_020740795.1.fa
    output: test/alignments/GCA_020740795.1.maf
    jobid: 77
    reason: Input files updated by another job: test/samples/out.fa
    wildcards: sample=GCA_020740795.1
    resources: tmpdir=/tmp


[Tue Sep 13 16:39:29 2022]
rule lastz:
    input: test/samples/out.fa, ../genomes_top40/GCA_014839755.1.fa
    output: test/alignments/GCA_014839755.1.maf
    jobid: 62
    reason: Input files updated by another job: test/samples/out.fa
    wildcards: sample=GCA_014839755.1
    resources: tmpdir=/tmp


[Tue Sep 13 16:39:29 2022]
rule lastz:
    input: test/samples/out.fa, ../genomes_top40/GCA_017639245.1.fa
    output: test/alignments/GCA_017639245.1.maf
    jobid: 47
    reason: Input files updated by another job: test/samples/out.fa
    wildcards: sample=GCA_017639245.1
    resources: tmpdir=/tmp


[Tue Sep 13 16:39:29 2022]
rule lastz:
    input: test/samples/out.fa, ../genomes_top40/GCF_016699485.2.fa
    output: test/alignments/GCF_016699485.2.maf
    jobid: 70
    reason: Input files updated by another job: test/samples/out.fa
    wildcards: sample=GCF_016699485.2
    resources: tmpdir=/tmp


[Tue Sep 13 16:39:29 2022]
rule lastz:
    input: test/samples/out.fa, ../genomes_top40/GCF_003957555.1.fa
    output: test/alignments/GCF_003957555.1.maf
    jobid: 55
    reason: Input files updated by another job: test/samples/out.fa
    wildcards: sample=GCF_003957555.1
    resources: tmpdir=/tmp


[Tue Sep 13 16:39:29 2022]
rule lastz:
    input: test/samples/out.fa, ../genomes_top40/GCA_008658365.1.fa
    output: test/alignments/GCA_008658365.1.maf
    jobid: 78
    reason: Input files updated by another job: test/samples/out.fa
    wildcards: sample=GCA_008658365.1
    resources: tmpdir=/tmp


[Tue Sep 13 16:39:29 2022]
rule lastz:
    input: test/samples/out.fa, ../genomes_top40/GCA_017639555.1.fa
    output: test/alignments/GCA_017639555.1.maf
    jobid: 3
    reason: Input files updated by another job: test/samples/out.fa
    wildcards: sample=GCA_017639555.1
    resources: tmpdir=/tmp


[Tue Sep 13 16:39:29 2022]
rule lastz:
    input: test/samples/out.fa, ../genomes_top40/GCA_020745705.1.fa
    output: test/alignments/GCA_020745705.1.maf
    jobid: 48
    reason: Input files updated by another job: test/samples/out.fa
    wildcards: sample=GCA_020745705.1
    resources: tmpdir=/tmp


[Tue Sep 13 16:39:29 2022]
rule lastz:
    input: test/samples/out.fa, ../genomes_top40/GCA_015220805.1.fa
    output: test/alignments/GCA_015220805.1.maf
    jobid: 63
    reason: Input files updated by another job: test/samples/out.fa
    wildcards: sample=GCA_015220805.1
    resources: tmpdir=/tmp


[Tue Sep 13 16:39:29 2022]
rule lastz:
    input: test/samples/out.fa, ../genomes_top40/GCF_016700215.2.fa
    output: test/alignments/GCF_016700215.2.maf
    jobid: 71
    reason: Input files updated by another job: test/samples/out.fa
    wildcards: sample=GCF_016700215.2
    resources: tmpdir=/tmp


[Tue Sep 13 16:39:29 2022]
rule lastz:
    input: test/samples/out.fa, ../genomes_top40/GCA_020746105.1.fa
    output: test/alignments/GCA_020746105.1.maf
    jobid: 56
    reason: Input files updated by another job: test/samples/out.fa
    wildcards: sample=GCA_020746105.1
    resources: tmpdir=/tmp


[Tue Sep 13 16:39:29 2022]
rule lastz:
    input: test/samples/out.fa, ../genomes_top40/GCF_000002315.6.fa
    output: test/alignments/GCF_000002315.6.maf
    jobid: 79
    reason: Input files updated by another job: test/samples/out.fa
    wildcards: sample=GCF_000002315.6
    resources: tmpdir=/tmp


[Tue Sep 13 16:39:29 2022]
rule lastz:
    input: test/samples/out.fa, ../genomes_top40/GCA_009819825.1.fa
    output: test/alignments/GCA_009819825.1.maf
    jobid: 64
    reason: Input files updated by another job: test/samples/out.fa
    wildcards: sample=GCA_009819825.1
    resources: tmpdir=/tmp


[Tue Sep 13 16:39:29 2022]
rule lastz:
    input: test/samples/out.fa, ../genomes_top40/GCA_009819775.1.fa
    output: test/alignments/GCA_009819775.1.maf
    jobid: 49
    reason: Input files updated by another job: test/samples/out.fa
    wildcards: sample=GCA_009819775.1
    resources: tmpdir=/tmp


[Tue Sep 13 16:39:29 2022]
rule lastz:
    input: test/samples/out.fa, ../genomes_top40/GCA_013407035.1.fa
    output: test/alignments/GCA_013407035.1.maf
    jobid: 72
    reason: Input files updated by another job: test/samples/out.fa
    wildcards: sample=GCA_013407035.1
    resources: tmpdir=/tmp


[Tue Sep 13 16:39:29 2022]
rule lastz:
    input: test/samples/out.fa, ../genomes_top40/GCF_009829145.1.fa
    output: test/alignments/GCF_009829145.1.maf
    jobid: 57
    reason: Input files updated by another job: test/samples/out.fa
    wildcards: sample=GCF_009829145.1
    resources: tmpdir=/tmp


[Tue Sep 13 16:39:29 2022]
rule lastz:
    input: test/samples/out.fa, ../genomes_top40/GCA_016904835.1.fa
    output: test/alignments/GCA_016904835.1.maf
    jobid: 80
    reason: Input files updated by another job: test/samples/out.fa
    wildcards: sample=GCA_016904835.1
    resources: tmpdir=/tmp


[Tue Sep 13 16:39:29 2022]
rule lastz:
    input: test/samples/out.fa, ../genomes_top40/GCA_020745775.1.fa
    output: test/alignments/GCA_020745775.1.maf
    jobid: 65
    reason: Input files updated by another job: test/samples/out.fa
    wildcards: sample=GCA_020745775.1
    resources: tmpdir=/tmp


[Tue Sep 13 16:39:29 2022]
rule lastz:
    input: test/samples/out.fa, ../genomes_top40/GCF_012275295.1.fa
    output: test/alignments/GCF_012275295.1.maf
    jobid: 50
    reason: Input files updated by another job: test/samples/out.fa
    wildcards: sample=GCF_012275295.1
    resources: tmpdir=/tmp


[Tue Sep 13 16:39:29 2022]
rule lastz:
    input: test/samples/out.fa, ../genomes_top40/GCA_902806625.1.fa
    output: test/alignments/GCA_902806625.1.maf
    jobid: 73
    reason: Input files updated by another job: test/samples/out.fa
    wildcards: sample=GCA_902806625.1
    resources: tmpdir=/tmp


[Tue Sep 13 16:39:29 2022]
rule lastz:
    input: test/samples/out.fa, ../genomes_top40/GCA_017639485.1.fa
    output: test/alignments/GCA_017639485.1.maf
    jobid: 58
    reason: Input files updated by another job: test/samples/out.fa
    wildcards: sample=GCA_017639485.1
    resources: tmpdir=/tmp


[Tue Sep 13 16:39:29 2022]
rule lastz:
    input: test/samples/out.fa, ../genomes_top40/GCF_020740725.1.fa
    output: test/alignments/GCF_020740725.1.maf
    jobid: 81
    reason: Input files updated by another job: test/samples/out.fa
    wildcards: sample=GCF_020740725.1
    resources: tmpdir=/tmp


[Tue Sep 13 16:39:29 2022]
rule lastz:
    input: test/samples/out.fa, ../genomes_top40/GCF_018691265.1.fa
    output: test/alignments/GCF_018691265.1.maf
    jobid: 66
    reason: Input files updated by another job: test/samples/out.fa
    wildcards: sample=GCF_018691265.1
    resources: tmpdir=/tmp


[Tue Sep 13 16:39:29 2022]
rule lastz:
    input: test/samples/out.fa, ../genomes_top40/GCA_020801775.1.fa
    output: test/alignments/GCA_020801775.1.maf
    jobid: 51
    reason: Input files updated by another job: test/samples/out.fa
    wildcards: sample=GCA_020801775.1
    resources: tmpdir=/tmp


[Tue Sep 13 16:39:29 2022]
rule lastz:
    input: test/samples/out.fa, ../genomes_top40/GCA_016128335.1.fa
    output: test/alignments/GCA_016128335.1.maf
    jobid: 74
    reason: Input files updated by another job: test/samples/out.fa
    wildcards: sample=GCA_016128335.1
    resources: tmpdir=/tmp


[Tue Sep 13 16:39:29 2022]
rule lastz:
    input: test/samples/out.fa, ../genomes_top40/GCA_907165065.1.fa
    output: test/alignments/GCA_907165065.1.maf
    jobid: 59
    reason: Input files updated by another job: test/samples/out.fa
    wildcards: sample=GCA_907165065.1
    resources: tmpdir=/tmp


[Tue Sep 13 16:39:29 2022]
rule lastz:
    input: test/samples/out.fa, ../genomes_top40/GCF_901933205.1.fa
    output: test/alignments/GCF_901933205.1.maf
    jobid: 82
    reason: Input files updated by another job: test/samples/out.fa
    wildcards: sample=GCF_901933205.1
    resources: tmpdir=/tmp


[Tue Sep 13 16:39:29 2022]
rule lastz:
    input: test/samples/out.fa, ../genomes_top40/GCF_017639655.2.fa
    output: test/alignments/GCF_017639655.2.maf
    jobid: 67
    reason: Input files updated by another job: test/samples/out.fa
    wildcards: sample=GCF_017639655.2
    resources: tmpdir=/tmp


[Tue Sep 13 16:39:29 2022]
rule lastz:
    input: test/samples/out.fa, ../genomes_top40/GCA_018139145.1.fa
    output: test/alignments/GCA_018139145.1.maf
    jobid: 52
    reason: Input files updated by another job: test/samples/out.fa
    wildcards: sample=GCA_018139145.1
    resources: tmpdir=/tmp


[Tue Sep 13 16:39:29 2022]
rule lastz:
    input: test/samples/out.fa, ../genomes_top40/GCF_900496995.4.fa
    output: test/alignments/GCF_900496995.4.maf
    jobid: 75
    reason: Input files updated by another job: test/samples/out.fa
    wildcards: sample=GCF_900496995.4
    resources: tmpdir=/tmp


[Tue Sep 13 16:39:29 2022]
rule lastz:
    input: test/samples/out.fa, ../genomes_top40/GCA_011004875.1.fa
    output: test/alignments/GCA_011004875.1.maf
    jobid: 60
    reason: Input files updated by another job: test/samples/out.fa
    wildcards: sample=GCA_011004875.1
    resources: tmpdir=/tmp


[Tue Sep 13 16:39:29 2022]
rule lastz:
    input: test/samples/out.fa, ../genomes_top40/GCA_013368605.1.fa
    output: test/alignments/GCA_013368605.1.maf
    jobid: 45
    reason: Input files updated by another job: test/samples/out.fa
    wildcards: sample=GCA_013368605.1
    resources: tmpdir=/tmp


[Tue Sep 13 16:39:29 2022]
rule lastz:
    input: test/samples/out.fa, ../genomes_top40/GCA_012275265.1.fa
    output: test/alignments/GCA_012275265.1.maf
    jobid: 83
    reason: Input files updated by another job: test/samples/out.fa
    wildcards: sample=GCA_012275265.1
    resources: tmpdir=/tmp


[Tue Sep 13 16:39:29 2022]
rule lastz:
    input: test/samples/out.fa, ../genomes_top40/GCA_014839835.1.fa
    output: test/alignments/GCA_014839835.1.maf
    jobid: 68
    reason: Input files updated by another job: test/samples/out.fa
    wildcards: sample=GCA_014839835.1
    resources: tmpdir=/tmp


[Tue Sep 13 16:39:29 2022]
rule lastz:
    input: test/samples/out.fa, ../genomes_top40/GCF_009819795.1.fa
    output: test/alignments/GCF_009819795.1.maf
    jobid: 53
    reason: Input files updated by another job: test/samples/out.fa
    wildcards: sample=GCF_009819795.1
    resources: tmpdir=/tmp

[Tue Sep 13 16:40:14 2022]
Finished job 72.
42 of 383 steps (11%) done
[Tue Sep 13 16:40:16 2022]
Finished job 55.
43 of 383 steps (11%) done
[Tue Sep 13 16:40:17 2022]
Finished job 73.
44 of 383 steps (11%) done
[Tue Sep 13 16:40:17 2022]
Finished job 79.
45 of 383 steps (12%) done
[Tue Sep 13 16:40:18 2022]
Finished job 80.
46 of 383 steps (12%) done
[Tue Sep 13 16:40:18 2022]
Finished job 57.
47 of 383 steps (12%) done
[Tue Sep 13 16:40:20 2022]
Finished job 77.
48 of 383 steps (13%) done
[Tue Sep 13 16:40:21 2022]
Finished job 69.
49 of 383 steps (13%) done
[Tue Sep 13 16:40:21 2022]
Finished job 47.
50 of 383 steps (13%) done
[Tue Sep 13 16:40:22 2022]
Finished job 56.
51 of 383 steps (13%) done
[Tue Sep 13 16:40:24 2022]
Finished job 81.
52 of 383 steps (14%) done
[Tue Sep 13 16:40:24 2022]
Finished job 51.
53 of 383 steps (14%) done
[Tue Sep 13 16:40:24 2022]
Finished job 74.
54 of 383 steps (14%) done
[Tue Sep 13 16:40:25 2022]
Finished job 61.
55 of 383 steps (14%) done
[Tue Sep 13 16:40:25 2022]
Finished job 65.
56 of 383 steps (15%) done
[Tue Sep 13 16:40:25 2022]
Finished job 60.
57 of 383 steps (15%) done
[Tue Sep 13 16:40:25 2022]
Finished job 3.
58 of 383 steps (15%) done
[Tue Sep 13 16:40:26 2022]
Finished job 49.
59 of 383 steps (15%) done
[Tue Sep 13 16:40:26 2022]
Finished job 82.
60 of 383 steps (16%) done
[Tue Sep 13 16:40:27 2022]
Finished job 83.
61 of 383 steps (16%) done
[Tue Sep 13 16:40:27 2022]
Finished job 76.
62 of 383 steps (16%) done
[Tue Sep 13 16:40:27 2022]
Finished job 58.
63 of 383 steps (16%) done
[Tue Sep 13 16:40:28 2022]
Finished job 52.
64 of 383 steps (17%) done
[Tue Sep 13 16:40:28 2022]
Finished job 64.
65 of 383 steps (17%) done
[Tue Sep 13 16:40:28 2022]
Finished job 53.
66 of 383 steps (17%) done
[Tue Sep 13 16:40:35 2022]
Finished job 54.
67 of 383 steps (17%) done
[Tue Sep 13 16:40:39 2022]
Finished job 62.
68 of 383 steps (18%) done
[Tue Sep 13 16:40:39 2022]
Finished job 71.
69 of 383 steps (18%) done
[Tue Sep 13 16:40:39 2022]
Finished job 45.
70 of 383 steps (18%) done
[Tue Sep 13 16:40:42 2022]
Finished job 70.
71 of 383 steps (19%) done
[Tue Sep 13 16:40:42 2022]
Finished job 50.
72 of 383 steps (19%) done
[Tue Sep 13 16:40:45 2022]
Finished job 78.
73 of 383 steps (19%) done
[Tue Sep 13 16:40:45 2022]
Finished job 68.
74 of 383 steps (19%) done
[Tue Sep 13 16:40:46 2022]
Finished job 48.
75 of 383 steps (20%) done
[Tue Sep 13 16:40:48 2022]
Finished job 63.
76 of 383 steps (20%) done
[Tue Sep 13 16:40:49 2022]
Finished job 59.
77 of 383 steps (20%) done
[Tue Sep 13 16:40:50 2022]
Finished job 75.
78 of 383 steps (20%) done
[Tue Sep 13 16:40:50 2022]
Finished job 46.
79 of 383 steps (21%) done
[Tue Sep 13 16:40:52 2022]
Finished job 66.
80 of 383 steps (21%) done
[Tue Sep 13 16:40:54 2022]
Finished job 67.
81 of 383 steps (21%) done
Select jobs to execute...

[Tue Sep 13 16:40:54 2022]
rule lastz2fasta:
    input: test/alignments/GCA_017639555.1.maf, test/alignments/GCA_013368605.1.maf, test/alignments/GCF_015220075.1.maf, test/alignments/GCA_017639245.1.maf, test/alignments/GCA_020745705.1.maf, test/alignments/GCA_009819775.1.maf, test/alignments/GCF_012275295.1.maf, test/alignments/GCA_020801775.1.maf, test/alignments/GCA_018139145.1.maf, test/alignments/GCF_009819795.1.maf, test/alignments/GCA_009819605.1.maf, test/alignments/GCF_003957555.1.maf, test/alignments/GCA_020746105.1.maf, test/alignments/GCF_009829145.1.maf, test/alignments/GCA_017639485.1.maf, test/alignments/GCA_907165065.1.maf, test/alignments/GCA_011004875.1.maf, test/alignments/GCA_017976375.1.maf, test/alignments/GCA_014839755.1.maf, test/alignments/GCA_015220805.1.maf, test/alignments/GCA_009819825.1.maf, test/alignments/GCA_020745775.1.maf, test/alignments/GCF_018691265.1.maf, test/alignments/GCF_017639655.2.maf, test/alignments/GCA_014839835.1.maf, test/alignments/GCA_905368555.1.maf, test/alignments/GCF_016699485.2.maf, test/alignments/GCF_016700215.2.maf, test/alignments/GCA_013407035.1.maf, test/alignments/GCA_902806625.1.maf, test/alignments/GCA_016128335.1.maf, test/alignments/GCF_900496995.4.maf, test/alignments/GCA_020800305.1.maf, test/alignments/GCA_020740795.1.maf, test/alignments/GCA_008658365.1.maf, test/alignments/GCF_000002315.6.maf, test/alignments/GCA_016904835.1.maf, test/alignments/GCF_020740725.1.maf, test/alignments/GCF_901933205.1.maf, test/alignments/GCA_012275265.1.maf
    output: test/genes/gene_1.fa, test/genes/gene_2.fa, test/genes/gene_3.fa, test/genes/gene_4.fa, test/genes/gene_5.fa, test/genes/gene_6.fa, test/genes/gene_7.fa, test/genes/gene_8.fa, test/genes/gene_9.fa, test/genes/gene_10.fa, test/genes/gene_11.fa, test/genes/gene_12.fa, test/genes/gene_13.fa, test/genes/gene_14.fa, test/genes/gene_15.fa, test/genes/gene_16.fa, test/genes/gene_17.fa, test/genes/gene_18.fa, test/genes/gene_19.fa, test/genes/gene_20.fa, test/genes/gene_21.fa, test/genes/gene_22.fa, test/genes/gene_23.fa, test/genes/gene_24.fa, test/genes/gene_25.fa, test/genes/gene_26.fa, test/genes/gene_27.fa, test/genes/gene_28.fa, test/genes/gene_29.fa, test/genes/gene_30.fa, test/genes/gene_31.fa, test/genes/gene_32.fa, test/genes/gene_33.fa, test/genes/gene_34.fa, test/genes/gene_35.fa, test/genes/gene_36.fa, test/genes/gene_37.fa, test/genes/gene_38.fa, test/genes/gene_39.fa, test/genes/gene_40.fa, test/genes/gene_41.fa, test/genes/gene_42.fa, test/genes/gene_43.fa, test/genes/gene_44.fa, test/genes/gene_45.fa, test/genes/gene_46.fa, test/genes/gene_47.fa, test/genes/gene_48.fa, test/genes/gene_49.fa, test/genes/gene_50.fa, test/genes/gene_51.fa, test/genes/gene_52.fa, test/genes/gene_53.fa, test/genes/gene_54.fa, test/genes/gene_55.fa, test/genes/gene_56.fa, test/genes/gene_57.fa, test/genes/gene_58.fa, test/genes/gene_59.fa, test/genes/gene_60.fa, test/genes/gene_61.fa, test/genes/gene_62.fa, test/genes/gene_63.fa, test/genes/gene_64.fa, test/genes/gene_65.fa, test/genes/gene_66.fa, test/genes/gene_67.fa, test/genes/gene_68.fa, test/genes/gene_69.fa, test/genes/gene_70.fa, test/genes/gene_71.fa, test/genes/gene_72.fa, test/genes/gene_73.fa, test/genes/gene_74.fa, test/genes/gene_75.fa, test/genes/gene_76.fa, test/genes/gene_77.fa, test/genes/gene_78.fa, test/genes/gene_79.fa, test/genes/gene_80.fa, test/genes/gene_81.fa, test/genes/gene_82.fa, test/genes/gene_83.fa, test/genes/gene_84.fa, test/genes/gene_85.fa, test/genes/gene_86.fa, test/genes/gene_87.fa, test/genes/gene_88.fa, test/genes/gene_89.fa, test/genes/gene_90.fa, test/genes/gene_91.fa, test/genes/gene_92.fa, test/genes/gene_93.fa, test/genes/gene_94.fa, test/genes/gene_95.fa, test/genes/gene_96.fa, test/genes/gene_97.fa, test/genes/gene_98.fa, test/genes/gene_99.fa, test/genes/gene_100.fa, test/genes/gene_101.fa, test/genes/gene_102.fa, test/genes/gene_103.fa, test/genes/gene_104.fa, test/genes/gene_105.fa, test/genes/gene_106.fa, test/genes/gene_107.fa, test/genes/gene_108.fa, test/genes/gene_109.fa, test/genes/gene_110.fa, test/genes/gene_111.fa, test/genes/gene_112.fa, test/genes/gene_113.fa, test/genes/gene_114.fa, test/genes/gene_115.fa, test/genes/gene_116.fa, test/genes/gene_117.fa, test/genes/gene_118.fa, test/genes/gene_119.fa, test/genes/gene_120.fa, test/genes/gene_121.fa, test/genes/gene_122.fa, test/genes/gene_123.fa, test/genes/gene_124.fa, test/genes/gene_125.fa, test/genes/gene_126.fa, test/genes/gene_127.fa, test/genes/gene_128.fa, test/genes/gene_129.fa, test/genes/gene_130.fa, test/genes/gene_131.fa, test/genes/gene_132.fa, test/genes/gene_133.fa, test/genes/gene_134.fa, test/genes/gene_135.fa, test/genes/gene_136.fa, test/genes/gene_137.fa, test/genes/gene_138.fa, test/genes/gene_139.fa, test/genes/gene_140.fa, test/genes/gene_141.fa, test/genes/gene_142.fa, test/genes/gene_143.fa, test/genes/gene_144.fa, test/genes/gene_145.fa, test/genes/gene_146.fa, test/genes/gene_147.fa, test/genes/gene_148.fa, test/genes/gene_149.fa, test/genes/gene_150.fa, test/genes/gene_151.fa, test/genes/gene_152.fa, test/genes/gene_153.fa, test/genes/gene_154.fa, test/genes/gene_155.fa, test/genes/gene_156.fa, test/genes/gene_157.fa, test/genes/gene_158.fa, test/genes/gene_159.fa, test/genes/gene_160.fa, test/genes/gene_161.fa, test/genes/gene_162.fa, test/genes/gene_163.fa, test/genes/gene_164.fa, test/genes/gene_165.fa, test/genes/gene_166.fa, test/genes/gene_167.fa, test/genes/gene_168.fa, test/genes/gene_169.fa, test/genes/gene_170.fa, test/genes/gene_171.fa, test/genes/gene_172.fa, test/genes/gene_173.fa, test/genes/gene_174.fa, test/genes/gene_175.fa, test/genes/gene_176.fa, test/genes/gene_177.fa, test/genes/gene_178.fa, test/genes/gene_179.fa, test/genes/gene_180.fa, test/genes/gene_181.fa, test/genes/gene_182.fa, test/genes/gene_183.fa, test/genes/gene_184.fa, test/genes/gene_185.fa, test/genes/gene_186.fa, test/genes/gene_187.fa, test/genes/gene_188.fa, test/genes/gene_189.fa, test/genes/gene_190.fa, test/genes/gene_191.fa, test/genes/gene_192.fa, test/genes/gene_193.fa, test/genes/gene_194.fa, test/genes/gene_195.fa, test/genes/gene_196.fa, test/genes/gene_197.fa, test/genes/gene_198.fa, test/genes/gene_199.fa, test/genes/gene_200.fa, test/genes/gene_201.fa, test/genes/gene_202.fa, test/genes/gene_203.fa, test/genes/gene_204.fa, test/genes/gene_205.fa, test/genes/gene_206.fa, test/genes/gene_207.fa, test/genes/gene_208.fa, test/genes/gene_209.fa, test/genes/gene_210.fa, test/genes/gene_211.fa, test/genes/gene_212.fa, test/genes/gene_213.fa, test/genes/gene_214.fa, test/genes/gene_215.fa, test/genes/gene_216.fa, test/genes/gene_217.fa, test/genes/gene_218.fa, test/genes/gene_219.fa, test/genes/gene_220.fa, test/genes/gene_221.fa, test/genes/gene_222.fa, test/genes/gene_223.fa, test/genes/gene_224.fa, test/genes/gene_225.fa, test/genes/gene_226.fa, test/genes/gene_227.fa, test/genes/gene_228.fa, test/genes/gene_229.fa, test/genes/gene_230.fa, test/genes/gene_231.fa, test/genes/gene_232.fa, test/genes/gene_233.fa, test/genes/gene_234.fa, test/genes/gene_235.fa, test/genes/gene_236.fa, test/genes/gene_237.fa, test/genes/gene_238.fa, test/genes/gene_239.fa, test/genes/gene_240.fa, test/genes/gene_241.fa, test/genes/gene_242.fa, test/genes/gene_243.fa, test/genes/gene_244.fa, test/genes/gene_245.fa, test/genes/gene_246.fa, test/genes/gene_247.fa, test/genes/gene_248.fa, test/genes/gene_249.fa, test/genes/gene_250.fa, test/genes/gene_251.fa, test/genes/gene_252.fa, test/genes/gene_253.fa, test/genes/gene_254.fa, test/genes/gene_255.fa, test/genes/gene_256.fa, test/genes/gene_257.fa, test/genes/gene_258.fa, test/genes/gene_259.fa, test/genes/gene_260.fa, test/genes/gene_261.fa, test/genes/gene_262.fa, test/genes/gene_263.fa, test/genes/gene_264.fa, test/genes/gene_265.fa, test/genes/gene_266.fa, test/genes/gene_267.fa, test/genes/gene_268.fa, test/genes/gene_269.fa, test/genes/gene_270.fa, test/genes/gene_271.fa, test/genes/gene_272.fa, test/genes/gene_273.fa, test/genes/gene_274.fa, test/genes/gene_275.fa, test/genes/gene_276.fa, test/genes/gene_277.fa, test/genes/gene_278.fa, test/genes/gene_279.fa, test/genes/gene_280.fa, test/genes/gene_281.fa, test/genes/gene_282.fa, test/genes/gene_283.fa, test/genes/gene_284.fa, test/genes/gene_285.fa, test/genes/gene_286.fa, test/genes/gene_287.fa, test/genes/gene_288.fa, test/genes/gene_289.fa, test/genes/gene_290.fa, test/genes/gene_291.fa, test/genes/gene_292.fa, test/genes/gene_293.fa, test/genes/gene_294.fa, test/genes/gene_295.fa, test/genes/gene_296.fa, test/genes/gene_297.fa, test/genes/gene_298.fa, test/genes/gene_299.fa, test/genes/gene_300.fa
    jobid: 2
    reason: Missing output files: test/genes/gene_36.fa, test/genes/gene_90.fa, test/genes/gene_166.fa, test/genes/gene_70.fa, test/genes/gene_196.fa, test/genes/gene_221.fa, test/genes/gene_44.fa, test/genes/gene_159.fa, test/genes/gene_86.fa, test/genes/gene_242.fa, test/genes/gene_8.fa, test/genes/gene_1.fa, test/genes/gene_63.fa, test/genes/gene_73.fa, test/genes/gene_189.fa, test/genes/gene_274.fa, test/genes/gene_202.fa, test/genes/gene_14.fa, test/genes/gene_276.fa, test/genes/gene_112.fa, test/genes/gene_255.fa, test/genes/gene_33.fa, test/genes/gene_249.fa, test/genes/gene_225.fa, test/genes/gene_31.fa, test/genes/gene_262.fa, test/genes/gene_38.fa, test/genes/gene_238.fa, test/genes/gene_272.fa, test/genes/gene_93.fa, test/genes/gene_42.fa, test/genes/gene_19.fa, test/genes/gene_16.fa, test/genes/gene_80.fa, test/genes/gene_124.fa, test/genes/gene_297.fa, test/genes/gene_160.fa, test/genes/gene_53.fa, test/genes/gene_230.fa, test/genes/gene_40.fa, test/genes/gene_252.fa, test/genes/gene_178.fa, test/genes/gene_192.fa, test/genes/gene_229.fa, test/genes/gene_289.fa, test/genes/gene_103.fa, test/genes/gene_173.fa, test/genes/gene_51.fa, test/genes/gene_84.fa, test/genes/gene_123.fa, test/genes/gene_215.fa, test/genes/gene_236.fa, test/genes/gene_175.fa, test/genes/gene_286.fa, test/genes/gene_254.fa, test/genes/gene_113.fa, test/genes/gene_2.fa, test/genes/gene_265.fa, test/genes/gene_280.fa, test/genes/gene_278.fa, test/genes/gene_11.fa, test/genes/gene_41.fa, test/genes/gene_263.fa, test/genes/gene_273.fa, test/genes/gene_199.fa, test/genes/gene_243.fa, test/genes/gene_279.fa, test/genes/gene_151.fa, test/genes/gene_43.fa, test/genes/gene_82.fa, test/genes/gene_171.fa, test/genes/gene_161.fa, test/genes/gene_298.fa, test/genes/gene_125.fa, test/genes/gene_129.fa, test/genes/gene_46.fa, test/genes/gene_149.fa, test/genes/gene_119.fa, test/genes/gene_21.fa, test/genes/gene_147.fa, test/genes/gene_234.fa, test/genes/gene_4.fa, test/genes/gene_98.fa, test/genes/gene_87.fa, test/genes/gene_183.fa, test/genes/gene_237.fa, test/genes/gene_228.fa, test/genes/gene_52.fa, test/genes/gene_101.fa, test/genes/gene_111.fa, test/genes/gene_64.fa, test/genes/gene_116.fa, test/genes/gene_130.fa, test/genes/gene_185.fa, test/genes/gene_74.fa, test/genes/gene_268.fa, test/genes/gene_201.fa, test/genes/gene_198.fa, test/genes/gene_91.fa, test/genes/gene_58.fa, test/genes/gene_246.fa, test/genes/gene_105.fa, test/genes/gene_207.fa, test/genes/gene_24.fa, test/genes/gene_138.fa, test/genes/gene_179.fa, test/genes/gene_134.fa, test/genes/gene_135.fa, test/genes/gene_45.fa, test/genes/gene_258.fa, test/genes/gene_253.fa, test/genes/gene_71.fa, test/genes/gene_54.fa, test/genes/gene_213.fa, test/genes/gene_29.fa, test/genes/gene_142.fa, test/genes/gene_115.fa, test/genes/gene_186.fa, test/genes/gene_210.fa, test/genes/gene_281.fa, test/genes/gene_227.fa, test/genes/gene_120.fa, test/genes/gene_235.fa, test/genes/gene_65.fa, test/genes/gene_156.fa, test/genes/gene_261.fa, test/genes/gene_295.fa, test/genes/gene_68.fa, test/genes/gene_292.fa, test/genes/gene_25.fa, test/genes/gene_211.fa, test/genes/gene_177.fa, test/genes/gene_85.fa, test/genes/gene_300.fa, test/genes/gene_245.fa, test/genes/gene_299.fa, test/genes/gene_219.fa, test/genes/gene_96.fa, test/genes/gene_22.fa, test/genes/gene_95.fa, test/genes/gene_106.fa, test/genes/gene_50.fa, test/genes/gene_56.fa, test/genes/gene_102.fa, test/genes/gene_182.fa, test/genes/gene_104.fa, test/genes/gene_200.fa, test/genes/gene_61.fa, test/genes/gene_224.fa, test/genes/gene_72.fa, test/genes/gene_77.fa, test/genes/gene_148.fa, test/genes/gene_153.fa, test/genes/gene_181.fa, test/genes/gene_208.fa, test/genes/gene_212.fa, test/genes/gene_168.fa, test/genes/gene_203.fa, test/genes/gene_67.fa, test/genes/gene_152.fa, test/genes/gene_267.fa, test/genes/gene_55.fa, test/genes/gene_206.fa, test/genes/gene_28.fa, test/genes/gene_144.fa, test/genes/gene_150.fa, test/genes/gene_99.fa, test/genes/gene_209.fa, test/genes/gene_241.fa, test/genes/gene_294.fa, test/genes/gene_296.fa, test/genes/gene_216.fa, test/genes/gene_291.fa, test/genes/gene_172.fa, test/genes/gene_223.fa, test/genes/gene_122.fa, test/genes/gene_140.fa, test/genes/gene_107.fa, test/genes/gene_26.fa, test/genes/gene_174.fa, test/genes/gene_205.fa, test/genes/gene_193.fa, test/genes/gene_13.fa, test/genes/gene_5.fa, test/genes/gene_143.fa, test/genes/gene_169.fa, test/genes/gene_264.fa, test/genes/gene_184.fa, test/genes/gene_277.fa, test/genes/gene_293.fa, test/genes/gene_20.fa, test/genes/gene_260.fa, test/genes/gene_81.fa, test/genes/gene_232.fa, test/genes/gene_110.fa, test/genes/gene_191.fa, test/genes/gene_109.fa, test/genes/gene_240.fa, test/genes/gene_12.fa, test/genes/gene_162.fa, test/genes/gene_165.fa, test/genes/gene_88.fa, test/genes/gene_10.fa, test/genes/gene_217.fa, test/genes/gene_79.fa, test/genes/gene_89.fa, test/genes/gene_100.fa, test/genes/gene_154.fa, test/genes/gene_194.fa, test/genes/gene_6.fa, test/genes/gene_39.fa, test/genes/gene_247.fa, test/genes/gene_256.fa, test/genes/gene_121.fa, test/genes/gene_69.fa, test/genes/gene_269.fa, test/genes/gene_133.fa, test/genes/gene_137.fa, test/genes/gene_231.fa, test/genes/gene_282.fa, test/genes/gene_117.fa, test/genes/gene_239.fa, test/genes/gene_288.fa, test/genes/gene_97.fa, test/genes/gene_218.fa, test/genes/gene_48.fa, test/genes/gene_32.fa, test/genes/gene_114.fa, test/genes/gene_127.fa, test/genes/gene_47.fa, test/genes/gene_9.fa, test/genes/gene_37.fa, test/genes/gene_92.fa, test/genes/gene_197.fa, test/genes/gene_157.fa, test/genes/gene_27.fa, test/genes/gene_57.fa, test/genes/gene_139.fa, test/genes/gene_155.fa, test/genes/gene_257.fa, test/genes/gene_66.fa, test/genes/gene_180.fa, test/genes/gene_94.fa, test/genes/gene_176.fa, test/genes/gene_3.fa, test/genes/gene_118.fa, test/genes/gene_188.fa, test/genes/gene_7.fa, test/genes/gene_18.fa, test/genes/gene_204.fa, test/genes/gene_266.fa, test/genes/gene_131.fa, test/genes/gene_23.fa, test/genes/gene_83.fa, test/genes/gene_75.fa, test/genes/gene_62.fa, test/genes/gene_163.fa, test/genes/gene_167.fa, test/genes/gene_195.fa, test/genes/gene_248.fa, test/genes/gene_17.fa, test/genes/gene_251.fa, test/genes/gene_275.fa, test/genes/gene_126.fa, test/genes/gene_30.fa, test/genes/gene_244.fa, test/genes/gene_108.fa, test/genes/gene_136.fa, test/genes/gene_187.fa, test/genes/gene_141.fa, test/genes/gene_15.fa, test/genes/gene_222.fa, test/genes/gene_59.fa, test/genes/gene_35.fa, test/genes/gene_271.fa, test/genes/gene_233.fa, test/genes/gene_283.fa, test/genes/gene_78.fa, test/genes/gene_214.fa, test/genes/gene_284.fa, test/genes/gene_285.fa, test/genes/gene_34.fa, test/genes/gene_128.fa, test/genes/gene_270.fa, test/genes/gene_49.fa, test/genes/gene_146.fa, test/genes/gene_170.fa, test/genes/gene_190.fa, test/genes/gene_250.fa, test/genes/gene_60.fa, test/genes/gene_76.fa, test/genes/gene_132.fa, test/genes/gene_287.fa, test/genes/gene_290.fa, test/genes/gene_259.fa, test/genes/gene_164.fa, test/genes/gene_145.fa, test/genes/gene_226.fa, test/genes/gene_220.fa, test/genes/gene_158.fa; Input files updated by another job: test/alignments/GCF_015220075.1.maf, test/alignments/GCA_014839835.1.maf, test/alignments/GCA_014839755.1.maf, test/alignments/GCA_013407035.1.maf, test/alignments/GCF_009829145.1.maf, test/alignments/GCA_009819825.1.maf, test/alignments/GCF_003957555.1.maf, test/alignments/GCA_009819605.1.maf, test/alignments/GCF_900496995.4.maf, test/alignments/GCA_020745705.1.maf, test/alignments/GCF_009819795.1.maf, test/alignments/GCA_011004875.1.maf, test/alignments/GCA_008658365.1.maf, test/alignments/GCA_016904835.1.maf, test/alignments/GCA_009819775.1.maf, test/alignments/GCA_020745775.1.maf, test/alignments/GCA_018139145.1.maf, test/alignments/GCF_016699485.2.maf, test/alignments/GCA_017639485.1.maf, test/alignments/GCF_020740725.1.maf, test/alignments/GCF_017639655.2.maf, test/alignments/GCF_016700215.2.maf, test/alignments/GCA_020800305.1.maf, test/alignments/GCF_012275295.1.maf, test/alignments/GCA_016128335.1.maf, test/alignments/GCF_000002315.6.maf, test/alignments/GCA_902806625.1.maf, test/alignments/GCA_017639555.1.maf, test/alignments/GCA_905368555.1.maf, test/alignments/GCF_901933205.1.maf, test/alignments/GCF_018691265.1.maf, test/alignments/GCA_020740795.1.maf, test/alignments/GCA_012275265.1.maf, test/alignments/GCA_020801775.1.maf, test/alignments/GCA_017976375.1.maf, test/alignments/GCA_020746105.1.maf, test/alignments/GCA_017639245.1.maf, test/alignments/GCA_013368605.1.maf, test/alignments/GCA_907165065.1.maf, test/alignments/GCA_015220805.1.maf
    resources: tmpdir=/tmp

[Tue Sep 13 16:40:55 2022]
Finished job 2.
82 of 383 steps (21%) done
Select jobs to execute...

[Tue Sep 13 16:40:55 2022]
rule mafft:
    input: test/genes/gene_9.fa
    output: test/msa/gene_9.fa
    jobid: 91
    reason: Missing output files: test/msa/gene_9.fa; Input files updated by another job: test/genes/gene_9.fa
    wildcards: id=9
    resources: tmpdir=/tmp


[Tue Sep 13 16:40:55 2022]
rule mafft:
    input: test/genes/gene_122.fa
    output: test/msa/gene_122.fa
    jobid: 204
    reason: Missing output files: test/msa/gene_122.fa; Input files updated by another job: test/genes/gene_122.fa
    wildcards: id=122
    resources: tmpdir=/tmp


[Tue Sep 13 16:40:55 2022]
rule mafft:
    input: test/genes/gene_182.fa
    output: test/msa/gene_182.fa
    jobid: 264
    reason: Missing output files: test/msa/gene_182.fa; Input files updated by another job: test/genes/gene_182.fa
    wildcards: id=182
    resources: tmpdir=/tmp


[Tue Sep 13 16:40:55 2022]
rule mafft:
    input: test/genes/gene_152.fa
    output: test/msa/gene_152.fa
    jobid: 234
    reason: Missing output files: test/msa/gene_152.fa; Input files updated by another job: test/genes/gene_152.fa
    wildcards: id=152
    resources: tmpdir=/tmp


[Tue Sep 13 16:40:55 2022]
rule mafft:
    input: test/genes/gene_212.fa
    output: test/msa/gene_212.fa
    jobid: 294
    reason: Missing output files: test/msa/gene_212.fa; Input files updated by another job: test/genes/gene_212.fa
    wildcards: id=212
    resources: tmpdir=/tmp

[Tue Sep 13 16:40:55 2022]
[Tue Sep 13 16:40:55 2022]
[Tue Sep 13 16:40:55 2022]
[Tue Sep 13 16:40:55 2022]
Error in rule mafft:
    jobid: 204
    output: test/msa/gene_122.fa
    shell:
        mafft --auto test/genes/gene_122.fa > test/msa/gene_122.fa
        (one of the commands exited with non-zero exit code; note that snakemake uses bash strict mode!)

Error in rule mafft:
    jobid: 91
    output: test/msa/gene_9.fa
    shell:
        mafft --auto test/genes/gene_9.fa > test/msa/gene_9.fa
        (one of the commands exited with non-zero exit code; note that snakemake uses bash strict mode!)


Error in rule mafft:
    jobid: 264
    output: test/msa/gene_182.fa
    shell:
        mafft --auto test/genes/gene_182.fa > test/msa/gene_182.fa
        (one of the commands exited with non-zero exit code; note that snakemake uses bash strict mode!)

Error in rule mafft:
    jobid: 234
    output: test/msa/gene_152.fa
    shell:
        mafft --auto test/genes/gene_152.fa > test/msa/gene_152.fa
        (one of the commands exited with non-zero exit code; note that snakemake uses bash strict mode!)

[Tue Sep 13 16:40:55 2022]
rule mafft:
    input: test/genes/gene_242.fa
    output: test/msa/gene_242.fa
    jobid: 324
    reason: Missing output files: test/msa/gene_242.fa; Input files updated by another job: test/genes/gene_242.fa
    wildcards: id=242
    resources: tmpdir=/tmp


[Tue Sep 13 16:40:55 2022]
rule mafft:
    input: test/genes/gene_272.fa
    output: test/msa/gene_272.fa
    jobid: 354
    reason: Missing output files: test/msa/gene_272.fa; Input files updated by another job: test/genes/gene_272.fa
    wildcards: id=272
    resources: tmpdir=/tmp

[Tue Sep 13 16:40:55 2022]

Error in rule mafft:
    jobid: 294
    output: test/msa/gene_212.fa
    shell:
        mafft --auto test/genes/gene_212.fa > test/msa/gene_212.fa
        (one of the commands exited with non-zero exit code; note that snakemake uses bash strict mode!)

[Tue Sep 13 16:40:55 2022]
[Tue Sep 13 16:40:55 2022]
rule mafft:
    input: test/genes/gene_123.fa
    output: test/msa/gene_123.fa
    jobid: 205
    reason: Missing output files: test/msa/gene_123.fa; Input files updated by another job: test/genes/gene_123.fa
    wildcards: id=123
    resources: tmpdir=/tmp
Error in rule mafft:
    jobid: 324
    output: test/msa/gene_242.fa
    shell:
        mafft --auto test/genes/gene_242.fa > test/msa/gene_242.fa
        (one of the commands exited with non-zero exit code; note that snakemake uses bash strict mode!)


[Tue Sep 13 16:40:55 2022]
Error in rule mafft:
    jobid: 354
    output: test/msa/gene_272.fa
    shell:
        mafft --auto test/genes/gene_272.fa > test/msa/gene_272.fa
        (one of the commands exited with non-zero exit code; note that snakemake uses bash strict mode!)


[Tue Sep 13 16:40:55 2022]
rule mafft:
    input: test/genes/gene_3.fa
    output: test/msa/gene_3.fa
    jobid: 85
    reason: Missing output files: test/msa/gene_3.fa; Input files updated by another job: test/genes/gene_3.fa
    wildcards: id=3
    resources: tmpdir=/tmp


[Tue Sep 13 16:40:55 2022]
rule mafft:
    input: test/genes/gene_153.fa
    output: test/msa/gene_153.fa
    jobid: 235
    reason: Missing output files: test/msa/gene_153.fa; Input files updated by another job: test/genes/gene_153.fa
    wildcards: id=153
    resources: tmpdir=/tmp


[Tue Sep 13 16:40:55 2022]
[Tue Sep 13 16:40:55 2022]
Error in rule mafft:
    jobid: 205
    output: test/msa/gene_123.fa
    shell:
        mafft --auto test/genes/gene_123.fa > test/msa/gene_123.fa
        (one of the commands exited with non-zero exit code; note that snakemake uses bash strict mode!)

[Tue Sep 13 16:40:55 2022]
rule mafft:
    input: test/genes/gene_93.fa
    output: test/msa/gene_93.fa
    jobid: 175
    reason: Missing output files: test/msa/gene_93.fa; Input files updated by another job: test/genes/gene_93.fa
    wildcards: id=93
    resources: tmpdir=/tmp
Error in rule mafft:
    jobid: 85
    output: test/msa/gene_3.fa
    shell:
        mafft --auto test/genes/gene_3.fa > test/msa/gene_3.fa
        (one of the commands exited with non-zero exit code; note that snakemake uses bash strict mode!)



[Tue Sep 13 16:40:55 2022]
rule mafft:
    input: test/genes/gene_33.fa
    output: test/msa/gene_33.fa
    jobid: 115
    reason: Missing output files: test/msa/gene_33.fa; Input files updated by another job: test/genes/gene_33.fa
    wildcards: id=33
    resources: tmpdir=/tmp

[Tue Sep 13 16:40:55 2022]
Error in rule mafft:
    jobid: 235
    output: test/msa/gene_153.fa
    shell:
        mafft --auto test/genes/gene_153.fa > test/msa/gene_153.fa
        (one of the commands exited with non-zero exit code; note that snakemake uses bash strict mode!)


[Tue Sep 13 16:40:55 2022]
rule mafft:
    input: test/genes/gene_63.fa
    output: test/msa/gene_63.fa
    jobid: 145
    reason: Missing output files: test/msa/gene_63.fa; Input files updated by another job: test/genes/gene_63.fa
    wildcards: id=63
    resources: tmpdir=/tmp

[Tue Sep 13 16:40:55 2022]

Error in rule mafft:
    jobid: 175
    output: test/msa/gene_93.fa
    shell:
        mafft --auto test/genes/gene_93.fa > test/msa/gene_93.fa
        (one of the commands exited with non-zero exit code; note that snakemake uses bash strict mode!)

[Tue Sep 13 16:40:55 2022]
[Tue Sep 13 16:40:55 2022]
rule mafft:
    input: test/genes/gene_183.fa
    output: test/msa/gene_183.fa
    jobid: 265
    reason: Missing output files: test/msa/gene_183.fa; Input files updated by another job: test/genes/gene_183.fa
    wildcards: id=183
    resources: tmpdir=/tmp
Error in rule mafft:
    jobid: 115
    output: test/msa/gene_33.fa
    shell:
        mafft --auto test/genes/gene_33.fa > test/msa/gene_33.fa
        (one of the commands exited with non-zero exit code; note that snakemake uses bash strict mode!)


[Tue Sep 13 16:40:55 2022]

Error in rule mafft:
    jobid: 145
    output: test/msa/gene_63.fa
    shell:
        mafft --auto test/genes/gene_63.fa > test/msa/gene_63.fa
        (one of the commands exited with non-zero exit code; note that snakemake uses bash strict mode!)

[Tue Sep 13 16:40:55 2022]
rule mafft:
    input: test/genes/gene_213.fa
    output: test/msa/gene_213.fa
    jobid: 295
    reason: Missing output files: test/msa/gene_213.fa; Input files updated by another job: test/genes/gene_213.fa
    wildcards: id=213
    resources: tmpdir=/tmp


[Tue Sep 13 16:40:55 2022]
rule mafft:
    input: test/genes/gene_243.fa
    output: test/msa/gene_243.fa
    jobid: 325
    reason: Missing output files: test/msa/gene_243.fa; Input files updated by another job: test/genes/gene_243.fa
    wildcards: id=243
    resources: tmpdir=/tmp

[Tue Sep 13 16:40:55 2022]
Error in rule mafft:
    jobid: 265
    output: test/msa/gene_183.fa
    shell:
        mafft --auto test/genes/gene_183.fa > test/msa/gene_183.fa
        (one of the commands exited with non-zero exit code; note that snakemake uses bash strict mode!)


[Tue Sep 13 16:40:55 2022]
rule mafft:
    input: test/genes/gene_273.fa
    output: test/msa/gene_273.fa
    jobid: 355
    reason: Missing output files: test/msa/gene_273.fa; Input files updated by another job: test/genes/gene_273.fa
    wildcards: id=273
    resources: tmpdir=/tmp


[Tue Sep 13 16:40:55 2022]
rule mafft:
    input: test/genes/gene_221.fa
    output: test/msa/gene_221.fa
    jobid: 303
    reason: Missing output files: test/msa/gene_221.fa; Input files updated by another job: test/genes/gene_221.fa
    wildcards: id=221
    resources: tmpdir=/tmp


[Tue Sep 13 16:40:55 2022]
rule mafft:
    input: test/genes/gene_161.fa
    output: test/msa/gene_161.fa
    jobid: 243
    reason: Missing output files: test/msa/gene_161.fa; Input files updated by another job: test/genes/gene_161.fa
    wildcards: id=161
    resources: tmpdir=/tmp
[Tue Sep 13 16:40:55 2022]

[Tue Sep 13 16:40:55 2022]
Error in rule mafft:
    jobid: 325
    output: test/msa/gene_243.fa
    shell:
        mafft --auto test/genes/gene_243.fa > test/msa/gene_243.fa
        (one of the commands exited with non-zero exit code; note that snakemake uses bash strict mode!)

Error in rule mafft:
    jobid: 295
    output: test/msa/gene_213.fa
    shell:
        mafft --auto test/genes/gene_213.fa > test/msa/gene_213.fa
        (one of the commands exited with non-zero exit code; note that snakemake uses bash strict mode!)


[Tue Sep 13 16:40:55 2022]
[Tue Sep 13 16:40:55 2022]
[Tue Sep 13 16:40:55 2022]
Error in rule mafft:
    jobid: 355
    output: test/msa/gene_273.fa
    shell:
        mafft --auto test/genes/gene_273.fa > test/msa/gene_273.fa
        (one of the commands exited with non-zero exit code; note that snakemake uses bash strict mode!)

Error in rule mafft:
    jobid: 303
    output: test/msa/gene_221.fa
    shell:
        mafft --auto test/genes/gene_221.fa > test/msa/gene_221.fa
        (one of the commands exited with non-zero exit code; note that snakemake uses bash strict mode!)

rule mafft:
    input: test/genes/gene_251.fa
    output: test/msa/gene_251.fa
    jobid: 333
    reason: Missing output files: test/msa/gene_251.fa; Input files updated by another job: test/genes/gene_251.fa
    wildcards: id=251
    resources: tmpdir=/tmp

[Tue Sep 13 16:40:55 2022]
Error in rule mafft:
    jobid: 243
    output: test/msa/gene_161.fa
    shell:
        mafft --auto test/genes/gene_161.fa > test/msa/gene_161.fa
        (one of the commands exited with non-zero exit code; note that snakemake uses bash strict mode!)


[Tue Sep 13 16:40:55 2022]
rule mafft:
    input: test/genes/gene_131.fa
    output: test/msa/gene_131.fa
    jobid: 213
    reason: Missing output files: test/msa/gene_131.fa; Input files updated by another job: test/genes/gene_131.fa
    wildcards: id=131
    resources: tmpdir=/tmp


[Tue Sep 13 16:40:55 2022]
rule mafft:
    input: test/genes/gene_281.fa
    output: test/msa/gene_281.fa
    jobid: 363
    reason: Missing output files: test/msa/gene_281.fa; Input files updated by another job: test/genes/gene_281.fa
    wildcards: id=281
    resources: tmpdir=/tmp

[Tue Sep 13 16:40:55 2022]

Error in rule mafft:
    jobid: 333
    output: test/msa/gene_251.fa
    shell:
        mafft --auto test/genes/gene_251.fa > test/msa/gene_251.fa
        (one of the commands exited with non-zero exit code; note that snakemake uses bash strict mode!)

[Tue Sep 13 16:40:55 2022]
[Tue Sep 13 16:40:55 2022]
Error in rule mafft:
    jobid: 213
    output: test/msa/gene_131.fa
    shell:
        mafft --auto test/genes/gene_131.fa > test/msa/gene_131.fa
        (one of the commands exited with non-zero exit code; note that snakemake uses bash strict mode!)

rule mafft:
    input: test/genes/gene_4.fa
    output: test/msa/gene_4.fa
    jobid: 86
    reason: Missing output files: test/msa/gene_4.fa; Input files updated by another job: test/genes/gene_4.fa
    wildcards: id=4
    resources: tmpdir=/tmp

[Tue Sep 13 16:40:55 2022]
Error in rule mafft:
    jobid: 363
    output: test/msa/gene_281.fa
    shell:
        mafft --auto test/genes/gene_281.fa > test/msa/gene_281.fa
        (one of the commands exited with non-zero exit code; note that snakemake uses bash strict mode!)


[Tue Sep 13 16:40:55 2022]
rule mafft:
    input: test/genes/gene_274.fa
    output: test/msa/gene_274.fa
    jobid: 356
    reason: Missing output files: test/msa/gene_274.fa; Input files updated by another job: test/genes/gene_274.fa
    wildcards: id=274
    resources: tmpdir=/tmp


[Tue Sep 13 16:40:55 2022]
rule mafft:
    input: test/genes/gene_42.fa
    output: test/msa/gene_42.fa
    jobid: 124
    reason: Missing output files: test/msa/gene_42.fa; Input files updated by another job: test/genes/gene_42.fa
    wildcards: id=42
    resources: tmpdir=/tmp


[Tue Sep 13 16:40:55 2022]
rule mafft:
    input: test/genes/gene_65.fa
    output: test/msa/gene_65.fa
    jobid: 147
    reason: Missing output files: test/msa/gene_65.fa; Input files updated by another job: test/genes/gene_65.fa
    wildcards: id=65
    resources: tmpdir=/tmp

[Tue Sep 13 16:40:55 2022]

Error in rule mafft:
    jobid: 86
    output: test/msa/gene_4.fa
    shell:
        mafft --auto test/genes/gene_4.fa > test/msa/gene_4.fa
        (one of the commands exited with non-zero exit code; note that snakemake uses bash strict mode!)

[Tue Sep 13 16:40:55 2022]
[Tue Sep 13 16:40:55 2022]
[Tue Sep 13 16:40:55 2022]
Error in rule mafft:
    jobid: 356
    output: test/msa/gene_274.fa
    shell:
        mafft --auto test/genes/gene_274.fa > test/msa/gene_274.fa
        (one of the commands exited with non-zero exit code; note that snakemake uses bash strict mode!)

rule mafft:
    input: test/genes/gene_125.fa
    output: test/msa/gene_125.fa
    jobid: 207
    reason: Missing output files: test/msa/gene_125.fa; Input files updated by another job: test/genes/gene_125.fa
    wildcards: id=125
    resources: tmpdir=/tmp
[Tue Sep 13 16:40:55 2022]
Error in rule mafft:
    jobid: 124
    output: test/msa/gene_42.fa
    shell:
        mafft --auto test/genes/gene_42.fa > test/msa/gene_42.fa
        (one of the commands exited with non-zero exit code; note that snakemake uses bash strict mode!)


Error in rule mafft:
    jobid: 147
    output: test/msa/gene_65.fa
    shell:
        mafft --auto test/genes/gene_65.fa > test/msa/gene_65.fa
        (one of the commands exited with non-zero exit code; note that snakemake uses bash strict mode!)


[Tue Sep 13 16:40:55 2022]
rule mafft:
    input: test/genes/gene_35.fa
    output: test/msa/gene_35.fa
    jobid: 117
    reason: Missing output files: test/msa/gene_35.fa; Input files updated by another job: test/genes/gene_35.fa
    wildcards: id=35
    resources: tmpdir=/tmp


[Tue Sep 13 16:40:55 2022]
rule mafft:
    input: test/genes/gene_95.fa
    output: test/msa/gene_95.fa
    jobid: 177
    reason: Missing output files: test/msa/gene_95.fa; Input files updated by another job: test/genes/gene_95.fa
    wildcards: id=95
    resources: tmpdir=/tmp

[Tue Sep 13 16:40:55 2022]
Error in rule mafft:
    jobid: 207
    output: test/msa/gene_125.fa
    shell:
        mafft --auto test/genes/gene_125.fa > test/msa/gene_125.fa
        (one of the commands exited with non-zero exit code; note that snakemake uses bash strict mode!)


[Tue Sep 13 16:40:55 2022]
[Tue Sep 13 16:40:55 2022]
Error in rule mafft:
    jobid: 117
    output: test/msa/gene_35.fa
    shell:
        mafft --auto test/genes/gene_35.fa > test/msa/gene_35.fa
        (one of the commands exited with non-zero exit code; note that snakemake uses bash strict mode!)

rule mafft:
    input: test/genes/gene_155.fa
    output: test/msa/gene_155.fa
    jobid: 237
    reason: Missing output files: test/msa/gene_155.fa; Input files updated by another job: test/genes/gene_155.fa
    wildcards: id=155
    resources: tmpdir=/tmp


[Tue Sep 13 16:40:55 2022]
rule mafft:
    input: test/genes/gene_185.fa
    output: test/msa/gene_185.fa
    jobid: 267
    reason: Missing output files: test/msa/gene_185.fa; Input files updated by another job: test/genes/gene_185.fa
    wildcards: id=185
    resources: tmpdir=/tmp


[Tue Sep 13 16:40:55 2022]
rule mafft:
    input: test/genes/gene_215.fa
    output: test/msa/gene_215.fa
    jobid: 297
    reason: Missing output files: test/msa/gene_215.fa; Input files updated by another job: test/genes/gene_215.fa
    wildcards: id=215
    resources: tmpdir=/tmp


[Tue Sep 13 16:40:55 2022]
rule mafft:
    input: test/genes/gene_245.fa
    output: test/msa/gene_245.fa
    jobid: 327
    reason: Missing output files: test/msa/gene_245.fa; Input files updated by another job: test/genes/gene_245.fa
    wildcards: id=245
    resources: tmpdir=/tmp


[Tue Sep 13 16:40:55 2022]
[Tue Sep 13 16:40:55 2022]
Error in rule mafft:
    jobid: 177
    output: test/msa/gene_95.fa
    shell:
        mafft --auto test/genes/gene_95.fa > test/msa/gene_95.fa
        (one of the commands exited with non-zero exit code; note that snakemake uses bash strict mode!)

[Tue Sep 13 16:40:55 2022]
[Tue Sep 13 16:40:55 2022]
rule mafft:
    input: test/genes/gene_275.fa
    output: test/msa/gene_275.fa
    jobid: 357
    reason: Missing output files: test/msa/gene_275.fa; Input files updated by another job: test/genes/gene_275.fa
    wildcards: id=275
    resources: tmpdir=/tmp
[Tue Sep 13 16:40:55 2022]
Error in rule mafft:
    jobid: 297
    output: test/msa/gene_215.fa
    shell:
        mafft --auto test/genes/gene_215.fa > test/msa/gene_215.fa
        (one of the commands exited with non-zero exit code; note that snakemake uses bash strict mode!)

Error in rule mafft:
    jobid: 237
    output: test/msa/gene_155.fa
    shell:
        mafft --auto test/genes/gene_155.fa > test/msa/gene_155.fa
        (one of the commands exited with non-zero exit code; note that snakemake uses bash strict mode!)

[Tue Sep 13 16:40:55 2022]

Error in rule mafft:
    jobid: 267
    output: test/msa/gene_185.fa
    shell:
        mafft --auto test/genes/gene_185.fa > test/msa/gene_185.fa
        (one of the commands exited with non-zero exit code; note that snakemake uses bash strict mode!)

Error in rule mafft:
    jobid: 327
    output: test/msa/gene_245.fa
    shell:
        mafft --auto test/genes/gene_245.fa > test/msa/gene_245.fa
        (one of the commands exited with non-zero exit code; note that snakemake uses bash strict mode!)


[Tue Sep 13 16:40:55 2022]
rule mafft:
    input: test/genes/gene_6.fa
    output: test/msa/gene_6.fa
    jobid: 88
    reason: Missing output files: test/msa/gene_6.fa; Input files updated by another job: test/genes/gene_6.fa
    wildcards: id=6
    resources: tmpdir=/tmp


[Tue Sep 13 16:40:55 2022]
rule mafft:
    input: test/genes/gene_66.fa
    output: test/msa/gene_66.fa
    jobid: 148
    reason: Missing output files: test/msa/gene_66.fa; Input files updated by another job: test/genes/gene_66.fa
    wildcards: id=66
    resources: tmpdir=/tmp

[Tue Sep 13 16:40:55 2022]
Error in rule mafft:
    jobid: 357
    output: test/msa/gene_275.fa
    shell:
        mafft --auto test/genes/gene_275.fa > test/msa/gene_275.fa
        (one of the commands exited with non-zero exit code; note that snakemake uses bash strict mode!)


[Tue Sep 13 16:40:55 2022]
[Tue Sep 13 16:40:55 2022]
Error in rule mafft:
    jobid: 88
    output: test/msa/gene_6.fa
    shell:
        mafft --auto test/genes/gene_6.fa > test/msa/gene_6.fa
        (one of the commands exited with non-zero exit code; note that snakemake uses bash strict mode!)

rule mafft:
    input: test/genes/gene_36.fa
    output: test/msa/gene_36.fa
    jobid: 118
    reason: Missing output files: test/msa/gene_36.fa; Input files updated by another job: test/genes/gene_36.fa
    wildcards: id=36
    resources: tmpdir=/tmp


[Tue Sep 13 16:40:55 2022]
rule mafft:
    input: test/genes/gene_96.fa
    output: test/msa/gene_96.fa
    jobid: 178
    reason: Missing output files: test/msa/gene_96.fa; Input files updated by another job: test/genes/gene_96.fa
    wildcards: id=96
    resources: tmpdir=/tmp
[Tue Sep 13 16:40:55 2022]

Error in rule mafft:
    jobid: 148
    output: test/msa/gene_66.fa
    shell:
        mafft --auto test/genes/gene_66.fa > test/msa/gene_66.fa
        (one of the commands exited with non-zero exit code; note that snakemake uses bash strict mode!)


[Tue Sep 13 16:40:55 2022]
[Tue Sep 13 16:40:55 2022]
Error in rule mafft:
    jobid: 118
    output: test/msa/gene_36.fa
    shell:
        mafft --auto test/genes/gene_36.fa > test/msa/gene_36.fa
        (one of the commands exited with non-zero exit code; note that snakemake uses bash strict mode!)

rule mafft:
    input: test/genes/gene_126.fa
    output: test/msa/gene_126.fa
    jobid: 208
    reason: Missing output files: test/msa/gene_126.fa; Input files updated by another job: test/genes/gene_126.fa
    wildcards: id=126
    resources: tmpdir=/tmp


[Tue Sep 13 16:40:55 2022]
rule mafft:
    input: test/genes/gene_156.fa
    output: test/msa/gene_156.fa
    jobid: 238
    reason: Missing output files: test/msa/gene_156.fa; Input files updated by another job: test/genes/gene_156.fa
    wildcards: id=156
    resources: tmpdir=/tmp


[Tue Sep 13 16:40:55 2022]
rule mafft:
    input: test/genes/gene_186.fa
    output: test/msa/gene_186.fa
    jobid: 268
    reason: Missing output files: test/msa/gene_186.fa; Input files updated by another job: test/genes/gene_186.fa
    wildcards: id=186
    resources: tmpdir=/tmp

[Tue Sep 13 16:40:55 2022]
Error in rule mafft:
    jobid: 208
    output: test/msa/gene_126.fa
    shell:
        mafft --auto test/genes/gene_126.fa > test/msa/gene_126.fa
        (one of the commands exited with non-zero exit code; note that snakemake uses bash strict mode!)


[Tue Sep 13 16:40:55 2022]
rule mafft:
    input: test/genes/gene_216.fa
    output: test/msa/gene_216.fa
    jobid: 298
    reason: Missing output files: test/msa/gene_216.fa; Input files updated by another job: test/genes/gene_216.fa
    wildcards: id=216
    resources: tmpdir=/tmp
[Tue Sep 13 16:40:55 2022]

[Tue Sep 13 16:40:55 2022]
Error in rule mafft:
    jobid: 238
    output: test/msa/gene_156.fa
    shell:
        mafft --auto test/genes/gene_156.fa > test/msa/gene_156.fa
        (one of the commands exited with non-zero exit code; note that snakemake uses bash strict mode!)

Error in rule mafft:
    jobid: 178
    output: test/msa/gene_96.fa
    shell:
        mafft --auto test/genes/gene_96.fa > test/msa/gene_96.fa
        (one of the commands exited with non-zero exit code; note that snakemake uses bash strict mode!)

[Tue Sep 13 16:40:55 2022]

Error in rule mafft:
    jobid: 268
    output: test/msa/gene_186.fa
    shell:
        mafft --auto test/genes/gene_186.fa > test/msa/gene_186.fa
        (one of the commands exited with non-zero exit code; note that snakemake uses bash strict mode!)

[Tue Sep 13 16:40:55 2022]
rule mafft:
    input: test/genes/gene_246.fa
    output: test/msa/gene_246.fa
    jobid: 328
    reason: Missing output files: test/msa/gene_246.fa; Input files updated by another job: test/genes/gene_246.fa
    wildcards: id=246
    resources: tmpdir=/tmp


[Tue Sep 13 16:40:55 2022]
rule mafft:
    input: test/genes/gene_276.fa
    output: test/msa/gene_276.fa
    jobid: 358
    reason: Missing output files: test/msa/gene_276.fa; Input files updated by another job: test/genes/gene_276.fa
    wildcards: id=276
    resources: tmpdir=/tmp


[Tue Sep 13 16:40:55 2022]
rule mafft:
    input: test/genes/gene_7.fa
    output: test/msa/gene_7.fa
    jobid: 89
    reason: Missing output files: test/msa/gene_7.fa; Input files updated by another job: test/genes/gene_7.fa
    wildcards: id=7
    resources: tmpdir=/tmp
[Tue Sep 13 16:40:55 2022]

Error in rule mafft:
    jobid: 298
    output: test/msa/gene_216.fa
    shell:
        mafft --auto test/genes/gene_216.fa > test/msa/gene_216.fa
        (one of the commands exited with non-zero exit code; note that snakemake uses bash strict mode!)


[Tue Sep 13 16:40:55 2022]
rule mafft:
    input: test/genes/gene_67.fa
    output: test/msa/gene_67.fa
    jobid: 149
    reason: Missing output files: test/msa/gene_67.fa; Input files updated by another job: test/genes/gene_67.fa
    wildcards: id=67
    resources: tmpdir=/tmp
[Tue Sep 13 16:40:55 2022]
[Tue Sep 13 16:40:55 2022]

Error in rule mafft:
    jobid: 358
    output: test/msa/gene_276.fa
    shell:
        mafft --auto test/genes/gene_276.fa > test/msa/gene_276.fa
        (one of the commands exited with non-zero exit code; note that snakemake uses bash strict mode!)

Error in rule mafft:
    jobid: 328
    output: test/msa/gene_246.fa
    shell:
        mafft --auto test/genes/gene_246.fa > test/msa/gene_246.fa
        (one of the commands exited with non-zero exit code; note that snakemake uses bash strict mode!)

[Tue Sep 13 16:40:55 2022]
Error in rule mafft:
    jobid: 89
    output: test/msa/gene_7.fa
    shell:
        mafft --auto test/genes/gene_7.fa > test/msa/gene_7.fa
        (one of the commands exited with non-zero exit code; note that snakemake uses bash strict mode!)


[Tue Sep 13 16:40:55 2022]
rule mafft:
    input: test/genes/gene_37.fa
    output: test/msa/gene_37.fa
    jobid: 119
    reason: Missing output files: test/msa/gene_37.fa; Input files updated by another job: test/genes/gene_37.fa
    wildcards: id=37
    resources: tmpdir=/tmp


[Tue Sep 13 16:40:55 2022]
rule mafft:
    input: test/genes/gene_97.fa
    output: test/msa/gene_97.fa
    jobid: 179
    reason: Missing output files: test/msa/gene_97.fa; Input files updated by another job: test/genes/gene_97.fa
    wildcards: id=97
    resources: tmpdir=/tmp


[Tue Sep 13 16:40:55 2022]
rule mafft:
    input: test/genes/gene_127.fa
    output: test/msa/gene_127.fa
    jobid: 209
    reason: Missing output files: test/msa/gene_127.fa; Input files updated by another job: test/genes/gene_127.fa
    wildcards: id=127
    resources: tmpdir=/tmp

[Tue Sep 13 16:40:55 2022]
[Tue Sep 13 16:40:55 2022]

[Tue Sep 13 16:40:55 2022]
Error in rule mafft:
    jobid: 149
    output: test/msa/gene_67.fa
    shell:
        mafft --auto test/genes/gene_67.fa > test/msa/gene_67.fa
        (one of the commands exited with non-zero exit code; note that snakemake uses bash strict mode!)

Error in rule mafft:
    jobid: 119
    output: test/msa/gene_37.fa
    shell:
        mafft --auto test/genes/gene_37.fa > test/msa/gene_37.fa
        (one of the commands exited with non-zero exit code; note that snakemake uses bash strict mode!)

[Tue Sep 13 16:40:55 2022]
Error in rule mafft:
    jobid: 179
    output: test/msa/gene_97.fa
    shell:
        mafft --auto test/genes/gene_97.fa > test/msa/gene_97.fa
        (one of the commands exited with non-zero exit code; note that snakemake uses bash strict mode!)

rule mafft:
    input: test/genes/gene_157.fa
    output: test/msa/gene_157.fa
    jobid: 239
    reason: Missing output files: test/msa/gene_157.fa; Input files updated by another job: test/genes/gene_157.fa
    wildcards: id=157
    resources: tmpdir=/tmp


[Tue Sep 13 16:40:55 2022]
rule mafft:
    input: test/genes/gene_187.fa
    output: test/msa/gene_187.fa
    jobid: 269
    reason: Missing output files: test/msa/gene_187.fa; Input files updated by another job: test/genes/gene_187.fa
    wildcards: id=187
    resources: tmpdir=/tmp


[Tue Sep 13 16:40:55 2022]
[Tue Sep 13 16:40:55 2022]
Error in rule mafft:
    jobid: 209
    output: test/msa/gene_127.fa
    shell:
        mafft --auto test/genes/gene_127.fa > test/msa/gene_127.fa
        (one of the commands exited with non-zero exit code; note that snakemake uses bash strict mode!)

rule mafft:
    input: test/genes/gene_217.fa
    output: test/msa/gene_217.fa
    jobid: 299
    reason: Missing output files: test/msa/gene_217.fa; Input files updated by another job: test/genes/gene_217.fa
    wildcards: id=217
    resources: tmpdir=/tmp
[Tue Sep 13 16:40:55 2022]

Error in rule mafft:
    jobid: 239
    output: test/msa/gene_157.fa
    shell:
        mafft --auto test/genes/gene_157.fa > test/msa/gene_157.fa
        (one of the commands exited with non-zero exit code; note that snakemake uses bash strict mode!)

[Tue Sep 13 16:40:55 2022]
Error in rule mafft:
    jobid: 269
    output: test/msa/gene_187.fa
    shell:
        mafft --auto test/genes/gene_187.fa > test/msa/gene_187.fa
        (one of the commands exited with non-zero exit code; note that snakemake uses bash strict mode!)


[Tue Sep 13 16:40:55 2022]
rule mafft:
    input: test/genes/gene_247.fa
    output: test/msa/gene_247.fa
    jobid: 329
    reason: Missing output files: test/msa/gene_247.fa; Input files updated by another job: test/genes/gene_247.fa
    wildcards: id=247
    resources: tmpdir=/tmp


[Tue Sep 13 16:40:55 2022]
rule mafft:
    input: test/genes/gene_277.fa
    output: test/msa/gene_277.fa
    jobid: 359
    reason: Missing output files: test/msa/gene_277.fa; Input files updated by another job: test/genes/gene_277.fa
    wildcards: id=277
    resources: tmpdir=/tmp


[Tue Sep 13 16:40:55 2022]
rule mafft:
    input: test/genes/gene_8.fa
    output: test/msa/gene_8.fa
    jobid: 90
    reason: Missing output files: test/msa/gene_8.fa; Input files updated by another job: test/genes/gene_8.fa
    wildcards: id=8
    resources: tmpdir=/tmp

[Tue Sep 13 16:40:55 2022]

Error in rule mafft:
    jobid: 299
    output: test/msa/gene_217.fa
    shell:
        mafft --auto test/genes/gene_217.fa > test/msa/gene_217.fa
        (one of the commands exited with non-zero exit code; note that snakemake uses bash strict mode!)

[Tue Sep 13 16:40:55 2022]
rule mafft:
    input: test/genes/gene_68.fa
    output: test/msa/gene_68.fa
    jobid: 150
    reason: Missing output files: test/msa/gene_68.fa; Input files updated by another job: test/genes/gene_68.fa
    wildcards: id=68
    resources: tmpdir=/tmp
[Tue Sep 13 16:40:55 2022]

[Tue Sep 13 16:40:55 2022]
Error in rule mafft:
    jobid: 329
    output: test/msa/gene_247.fa
    shell:
        mafft --auto test/genes/gene_247.fa > test/msa/gene_247.fa
        (one of the commands exited with non-zero exit code; note that snakemake uses bash strict mode!)

[Tue Sep 13 16:40:55 2022]
Error in rule mafft:
    jobid: 359
    output: test/msa/gene_277.fa
    shell:
        mafft --auto test/genes/gene_277.fa > test/msa/gene_277.fa
        (one of the commands exited with non-zero exit code; note that snakemake uses bash strict mode!)


Error in rule mafft:
    jobid: 90
    output: test/msa/gene_8.fa
    shell:
        mafft --auto test/genes/gene_8.fa > test/msa/gene_8.fa
        (one of the commands exited with non-zero exit code; note that snakemake uses bash strict mode!)

[Tue Sep 13 16:40:55 2022]
rule mafft:
    input: test/genes/gene_38.fa
    output: test/msa/gene_38.fa
    jobid: 120
    reason: Missing output files: test/msa/gene_38.fa; Input files updated by another job: test/genes/gene_38.fa
    wildcards: id=38
    resources: tmpdir=/tmp


[Tue Sep 13 16:40:55 2022]
rule mafft:
    input: test/genes/gene_98.fa
    output: test/msa/gene_98.fa
    jobid: 180
    reason: Missing output files: test/msa/gene_98.fa; Input files updated by another job: test/genes/gene_98.fa
    wildcards: id=98
    resources: tmpdir=/tmp

[Tue Sep 13 16:40:55 2022]
Error in rule mafft:
    jobid: 150
    output: test/msa/gene_68.fa
    shell:
        mafft --auto test/genes/gene_68.fa > test/msa/gene_68.fa
        (one of the commands exited with non-zero exit code; note that snakemake uses bash strict mode!)


[Tue Sep 13 16:40:55 2022]
rule mafft:
    input: test/genes/gene_128.fa
    output: test/msa/gene_128.fa
    jobid: 210
    reason: Missing output files: test/msa/gene_128.fa; Input files updated by another job: test/genes/gene_128.fa
    wildcards: id=128
    resources: tmpdir=/tmp

[Tue Sep 13 16:40:55 2022]
Error in rule mafft:
    jobid: 120
    output: test/msa/gene_38.fa
    shell:
        mafft --auto test/genes/gene_38.fa > test/msa/gene_38.fa
        (one of the commands exited with non-zero exit code; note that snakemake uses bash strict mode!)


[Tue Sep 13 16:40:55 2022]
rule mafft:
    input: test/genes/gene_158.fa
    output: test/msa/gene_158.fa
    jobid: 240
    reason: Missing output files: test/msa/gene_158.fa; Input files updated by another job: test/genes/gene_158.fa
    wildcards: id=158
    resources: tmpdir=/tmp
[Tue Sep 13 16:40:55 2022]

Error in rule mafft:
    jobid: 180
    output: test/msa/gene_98.fa
    shell:
        mafft --auto test/genes/gene_98.fa > test/msa/gene_98.fa
        (one of the commands exited with non-zero exit code; note that snakemake uses bash strict mode!)


[Tue Sep 13 16:40:55 2022]
rule mafft:
    input: test/genes/gene_188.fa
    output: test/msa/gene_188.fa
    jobid: 270
    reason: Missing output files: test/msa/gene_188.fa; Input files updated by another job: test/genes/gene_188.fa
    wildcards: id=188
    resources: tmpdir=/tmp

[Tue Sep 13 16:40:55 2022]
Error in rule mafft:
    jobid: 210
    output: test/msa/gene_128.fa
    shell:
        mafft --auto test/genes/gene_128.fa > test/msa/gene_128.fa
        (one of the commands exited with non-zero exit code; note that snakemake uses bash strict mode!)

[Tue Sep 13 16:40:55 2022]

Error in rule mafft:
    jobid: 240
    output: test/msa/gene_158.fa
    shell:
        mafft --auto test/genes/gene_158.fa > test/msa/gene_158.fa
        (one of the commands exited with non-zero exit code; note that snakemake uses bash strict mode!)

[Tue Sep 13 16:40:55 2022]
rule mafft:
    input: test/genes/gene_218.fa
    output: test/msa/gene_218.fa
    jobid: 300
    reason: Missing output files: test/msa/gene_218.fa; Input files updated by another job: test/genes/gene_218.fa
    wildcards: id=218
    resources: tmpdir=/tmp


[Tue Sep 13 16:40:55 2022]
rule mafft:
    input: test/genes/gene_248.fa
    output: test/msa/gene_248.fa
    jobid: 330
    reason: Missing output files: test/msa/gene_248.fa; Input files updated by another job: test/genes/gene_248.fa
    wildcards: id=248
    resources: tmpdir=/tmp

[Tue Sep 13 16:40:55 2022]
Error in rule mafft:
    jobid: 270
    output: test/msa/gene_188.fa
    shell:
        mafft --auto test/genes/gene_188.fa > test/msa/gene_188.fa
        (one of the commands exited with non-zero exit code; note that snakemake uses bash strict mode!)


[Tue Sep 13 16:40:55 2022]
rule mafft:
    input: test/genes/gene_278.fa
    output: test/msa/gene_278.fa
    jobid: 360
    reason: Missing output files: test/msa/gene_278.fa; Input files updated by another job: test/genes/gene_278.fa
    wildcards: id=278
    resources: tmpdir=/tmp

[Tue Sep 13 16:40:55 2022]
Error in rule mafft:
    jobid: 300
    output: test/msa/gene_218.fa
    shell:
        mafft --auto test/genes/gene_218.fa > test/msa/gene_218.fa
        (one of the commands exited with non-zero exit code; note that snakemake uses bash strict mode!)

Removing output files of failed job mafft since they might be corrupted:
test/msa/gene_122.fa
Removing output files of failed job mafft since they might be corrupted:
test/msa/gene_9.fa
Removing output files of failed job mafft since they might be corrupted:
test/msa/gene_182.fa
Removing output files of failed job mafft since they might be corrupted:
test/msa/gene_152.fa
Removing output files of failed job mafft since they might be corrupted:
test/msa/gene_212.fa
Removing output files of failed job mafft since they might be corrupted:
test/msa/gene_242.fa
Removing output files of failed job mafft since they might be corrupted:
test/msa/gene_272.fa
Removing output files of failed job mafft since they might be corrupted:
test/msa/gene_123.fa
[Tue Sep 13 16:40:55 2022]
Error in rule mafft:
    jobid: 330
    output: test/msa/gene_248.fa
    shell:
        mafft --auto test/genes/gene_248.fa > test/msa/gene_248.fa
        (one of the commands exited with non-zero exit code; note that snakemake uses bash strict mode!)

Removing output files of failed job mafft since they might be corrupted:
test/msa/gene_3.fa
Removing output files of failed job mafft since they might be corrupted:
test/msa/gene_153.fa
Removing output files of failed job mafft since they might be corrupted:
test/msa/gene_93.fa
Removing output files of failed job mafft since they might be corrupted:
test/msa/gene_33.fa
Removing output files of failed job mafft since they might be corrupted:
test/msa/gene_63.fa
Removing output files of failed job mafft since they might be corrupted:
test/msa/gene_183.fa
Removing output files of failed job mafft since they might be corrupted:
test/msa/gene_243.fa
Removing output files of failed job mafft since they might be corrupted:
test/msa/gene_213.fa
[Tue Sep 13 16:40:55 2022]
Error in rule mafft:
    jobid: 360
    output: test/msa/gene_278.fa
    shell:
        mafft --auto test/genes/gene_278.fa > test/msa/gene_278.fa
        (one of the commands exited with non-zero exit code; note that snakemake uses bash strict mode!)

Removing output files of failed job mafft since they might be corrupted:
test/msa/gene_273.fa
Removing output files of failed job mafft since they might be corrupted:
test/msa/gene_221.fa
Removing output files of failed job mafft since they might be corrupted:
test/msa/gene_161.fa
Removing output files of failed job mafft since they might be corrupted:
test/msa/gene_251.fa
Removing output files of failed job mafft since they might be corrupted:
test/msa/gene_131.fa
Removing output files of failed job mafft since they might be corrupted:
test/msa/gene_281.fa
Removing output files of failed job mafft since they might be corrupted:
test/msa/gene_4.fa
Removing output files of failed job mafft since they might be corrupted:
test/msa/gene_274.fa
Removing output files of failed job mafft since they might be corrupted:
test/msa/gene_42.fa
Removing output files of failed job mafft since they might be corrupted:
test/msa/gene_65.fa
Removing output files of failed job mafft since they might be corrupted:
test/msa/gene_125.fa
Removing output files of failed job mafft since they might be corrupted:
test/msa/gene_35.fa
Removing output files of failed job mafft since they might be corrupted:
test/msa/gene_95.fa
Removing output files of failed job mafft since they might be corrupted:
test/msa/gene_215.fa
Removing output files of failed job mafft since they might be corrupted:
test/msa/gene_155.fa
Removing output files of failed job mafft since they might be corrupted:
test/msa/gene_185.fa
Removing output files of failed job mafft since they might be corrupted:
test/msa/gene_245.fa
Removing output files of failed job mafft since they might be corrupted:
test/msa/gene_275.fa
Removing output files of failed job mafft since they might be corrupted:
test/msa/gene_6.fa
Removing output files of failed job mafft since they might be corrupted:
test/msa/gene_66.fa
Removing output files of failed job mafft since they might be corrupted:
test/msa/gene_36.fa
Removing output files of failed job mafft since they might be corrupted:
test/msa/gene_126.fa
Removing output files of failed job mafft since they might be corrupted:
test/msa/gene_156.fa
Removing output files of failed job mafft since they might be corrupted:
test/msa/gene_96.fa
Removing output files of failed job mafft since they might be corrupted:
test/msa/gene_186.fa
Removing output files of failed job mafft since they might be corrupted:
test/msa/gene_216.fa
Removing output files of failed job mafft since they might be corrupted:
test/msa/gene_276.fa
Removing output files of failed job mafft since they might be corrupted:
test/msa/gene_246.fa
Removing output files of failed job mafft since they might be corrupted:
test/msa/gene_7.fa
Removing output files of failed job mafft since they might be corrupted:
test/msa/gene_67.fa
Removing output files of failed job mafft since they might be corrupted:
test/msa/gene_37.fa
Removing output files of failed job mafft since they might be corrupted:
test/msa/gene_97.fa
Removing output files of failed job mafft since they might be corrupted:
test/msa/gene_127.fa
Removing output files of failed job mafft since they might be corrupted:
test/msa/gene_157.fa
Removing output files of failed job mafft since they might be corrupted:
test/msa/gene_187.fa
Removing output files of failed job mafft since they might be corrupted:
test/msa/gene_217.fa
Removing output files of failed job mafft since they might be corrupted:
test/msa/gene_247.fa
Removing output files of failed job mafft since they might be corrupted:
test/msa/gene_277.fa
Removing output files of failed job mafft since they might be corrupted:
test/msa/gene_8.fa
Removing output files of failed job mafft since they might be corrupted:
test/msa/gene_68.fa
Removing output files of failed job mafft since they might be corrupted:
test/msa/gene_38.fa
Removing output files of failed job mafft since they might be corrupted:
test/msa/gene_98.fa
Removing output files of failed job mafft since they might be corrupted:
test/msa/gene_128.fa
Removing output files of failed job mafft since they might be corrupted:
test/msa/gene_158.fa
Removing output files of failed job mafft since they might be corrupted:
test/msa/gene_188.fa
Removing output files of failed job mafft since they might be corrupted:
test/msa/gene_218.fa
Removing output files of failed job mafft since they might be corrupted:
test/msa/gene_278.fa
Removing output files of failed job mafft since they might be corrupted:
test/msa/gene_248.fa
Shutting down, this might take some time.
Exiting because a job execution failed. Look above for error message
Complete log: .snakemake/log/2022-09-13T163914.065982.snakemake.log
