Building DAG of jobs...
MissingInputException in line 35 of /home/AD.UCSD.EDU/amohammadidoost/wga-phylo/Snakefile:
Missing input files for rule all:
    affected files:
        test/msa/gene_aln_199.newick
        test/msa/gene_aln_202.newick
        test/msa/gene_aln_222.newick
        test/msa/gene_aln_161.newick
        test/msa/gene_aln_242.newick
        test/msa/gene_aln_285.newick
        test/msa/gene_aln_96.newick
        test/msa/gene_aln_39.newick
        test/msa/gene_aln_14.newick
        test/msa/gene_aln_177.newick
        test/msa/gene_aln_269.newick
        test/msa/gene_aln_132.newick
        test/msa/gene_aln_190.newick
        test/msa/gene_aln_215.newick
        test/msa/gene_aln_47.newick
        test/msa/gene_aln_103.newick
        test/msa/gene_aln_218.newick
        test/msa/gene_aln_52.newick
        test/msa/gene_aln_148.newick
        test/msa/gene_aln_247.newick
        test/msa/gene_aln_50.newick
        test/msa/gene_aln_124.newick
        test/msa/gene_aln_280.newick
        test/msa/gene_aln_293.newick
        test/msa/gene_aln_171.newick
        test/msa/gene_aln_219.newick
        test/msa/gene_aln_107.newick
        test/msa/gene_aln_221.newick
        test/msa/gene_aln_298.newick
        test/msa/gene_aln_65.newick
        test/msa/gene_aln_139.newick
        test/msa/gene_aln_163.newick
        test/msa/gene_aln_12.newick
        test/msa/gene_aln_112.newick
        test/msa/gene_aln_151.newick
        test/msa/gene_aln_246.newick
        test/msa/gene_aln_150.newick
        test/msa/gene_aln_92.newick
        test/msa/gene_aln_8.newick
        test/msa/gene_aln_125.newick
        test/msa/gene_aln_200.newick
        test/msa/gene_aln_19.newick
        test/msa/gene_aln_104.newick
        test/msa/gene_aln_143.newick
        test/msa/gene_aln_156.newick
        test/msa/gene_aln_30.newick
        test/msa/gene_aln_196.newick
        test/msa/gene_aln_258.newick
        test/msa/gene_aln_273.newick
        test/msa/gene_aln_73.newick
        test/msa/gene_aln_251.newick
        test/msa/gene_aln_75.newick
        test/msa/gene_aln_129.newick
        test/msa/gene_aln_182.newick
        test/msa/gene_aln_116.newick
        test/msa/gene_aln_1.newick
        test/msa/gene_aln_4.newick
        test/msa/gene_aln_55.newick
        test/msa/gene_aln_17.newick
        test/msa/gene_aln_152.newick
        test/msa/gene_aln_95.newick
        test/msa/gene_aln_204.newick
        test/msa/gene_aln_233.newick
        test/msa/gene_aln_165.newick
        test/msa/gene_aln_259.newick
        test/msa/gene_aln_217.newick
        test/msa/gene_aln_168.newick
        test/msa/gene_aln_252.newick
        test/msa/gene_aln_296.newick
        test/msa/gene_aln_170.newick
        test/msa/gene_aln_244.newick
        test/msa/gene_aln_294.newick
        test/msa/gene_aln_239.newick
        test/msa/gene_aln_115.newick
        test/msa/gene_aln_159.newick
        test/msa/gene_aln_297.newick
        test/msa/gene_aln_140.newick
        test/msa/gene_aln_46.newick
        test/msa/gene_aln_20.newick
        test/msa/gene_aln_225.newick
        test/msa/gene_aln_127.newick
        test/msa/gene_aln_257.newick
        test/msa/gene_aln_272.newick
        test/msa/gene_aln_64.newick
        test/msa/gene_aln_279.newick
        test/msa/gene_aln_49.newick
        test/msa/gene_aln_108.newick
        test/msa/gene_aln_85.newick
        test/msa/gene_aln_141.newick
        test/msa/gene_aln_176.newick
        test/msa/gene_aln_183.newick
        test/msa/gene_aln_126.newick
        test/msa/gene_aln_201.newick
        test/msa/gene_aln_69.newick
        test/msa/gene_aln_32.newick
        test/msa/gene_aln_106.newick
        test/msa/gene_aln_83.newick
        test/msa/gene_aln_29.newick
        test/msa/gene_aln_185.newick
        test/msa/gene_aln_43.newick
        test/msa/gene_aln_149.newick
        test/msa/gene_aln_287.newick
        test/msa/gene_aln_68.newick
        test/msa/gene_aln_38.newick
        test/msa/gene_aln_53.newick
        test/msa/gene_aln_236.newick
        test/msa/gene_aln_178.newick
        test/msa/gene_aln_66.newick
        test/msa/gene_aln_74.newick
        test/msa/gene_aln_90.newick
        test/msa/gene_aln_82.newick
        test/msa/gene_aln_189.newick
        test/msa/gene_aln_144.newick
        test/msa/gene_aln_114.newick
        test/msa/gene_aln_153.newick
        test/msa/gene_aln_160.newick
        test/msa/gene_aln_71.newick
        test/msa/gene_aln_121.newick
        test/msa/gene_aln_142.newick
        test/msa/gene_aln_230.newick
        test/msa/gene_aln_240.newick
        test/msa/gene_aln_179.newick
        test/msa/gene_aln_277.newick
        test/msa/gene_aln_295.newick
        test/msa/gene_aln_238.newick
        test/msa/gene_aln_22.newick
        test/msa/gene_aln_87.newick
        test/msa/gene_aln_137.newick
        test/msa/gene_aln_35.newick
        test/msa/gene_aln_15.newick
        test/msa/gene_aln_25.newick
        test/msa/gene_aln_243.newick
        test/msa/gene_aln_164.newick
        test/msa/gene_aln_10.newick
        test/msa/gene_aln_203.newick
        test/msa/gene_aln_213.newick
        test/msa/gene_aln_118.newick
        test/msa/gene_aln_51.newick
        test/msa/gene_aln_248.newick
        test/msa/gene_aln_207.newick
        test/msa/gene_aln_211.newick
        test/msa/gene_aln_224.newick
        test/msa/gene_aln_282.newick
        test/msa/gene_aln_102.newick
        test/msa/gene_aln_241.newick
        test/msa/gene_aln_267.newick
        test/msa/gene_aln_98.newick
        test/msa/gene_aln_113.newick
        test/msa/gene_aln_58.newick
        test/msa/gene_aln_84.newick
        test/msa/gene_aln_134.newick
        test/msa/gene_aln_158.newick
        test/msa/gene_aln_16.newick
        test/msa/gene_aln_97.newick
        test/msa/gene_aln_128.newick
        test/msa/gene_aln_45.newick
        test/msa/gene_aln_56.newick
        test/msa/gene_aln_77.newick
        test/msa/gene_aln_188.newick
        test/msa/gene_aln_232.newick
        test/msa/gene_aln_260.newick
        test/msa/gene_aln_286.newick
        test/msa/gene_aln_123.newick
        test/msa/gene_aln_48.newick
        test/msa/gene_aln_210.newick
        test/msa/gene_aln_227.newick
        test/msa/gene_aln_37.newick
        test/msa/gene_aln_78.newick
        test/msa/gene_aln_117.newick
        test/msa/gene_aln_93.newick
        test/msa/gene_aln_276.newick
        test/msa/gene_aln_255.newick
        test/msa/gene_aln_288.newick
        test/msa/gene_aln_187.newick
        test/msa/gene_aln_63.newick
        test/msa/gene_aln_2.newick
        test/msa/gene_aln_175.newick
        test/msa/gene_aln_26.newick
        test/msa/gene_aln_206.newick
        test/msa/gene_aln_9.newick
        test/msa/gene_aln_271.newick
        test/msa/gene_aln_136.newick
        test/msa/gene_aln_274.newick
        test/msa/gene_aln_162.newick
        test/msa/gene_aln_145.newick
        test/msa/gene_aln_181.newick
        test/msa/gene_aln_264.newick
        test/msa/gene_aln_146.newick
        test/msa/gene_aln_275.newick
        test/msa/gene_aln_192.newick
        test/msa/gene_aln_205.newick
        test/msa/gene_aln_198.newick
        test/msa/gene_aln_290.newick
        test/msa/gene_aln_100.newick
        test/msa/gene_aln_67.newick
        test/msa/gene_aln_120.newick
        test/msa/gene_aln_62.newick
        test/msa/gene_aln_245.newick
        test/msa/gene_aln_263.newick
        test/msa/gene_aln_234.newick
        test/msa/gene_aln_193.newick
        test/msa/gene_aln_60.newick
        test/msa/gene_aln_133.newick
        test/msa/gene_aln_284.newick
        test/msa/gene_aln_57.newick
        test/msa/gene_aln_44.newick
        test/msa/gene_aln_70.newick
        test/msa/gene_aln_226.newick
        test/msa/gene_aln_94.newick
        test/msa/gene_aln_155.newick
        test/msa/gene_aln_223.newick
        test/msa/gene_aln_33.newick
        test/msa/gene_aln_105.newick
        test/msa/gene_aln_167.newick
        test/msa/gene_aln_266.newick
        test/msa/gene_aln_157.newick
        test/msa/gene_aln_86.newick
        test/msa/gene_aln_110.newick
        test/msa/gene_aln_28.newick
        test/msa/gene_aln_3.newick
        test/msa/gene_aln_122.newick
        test/msa/gene_aln_166.newick
        test/msa/gene_aln_11.newick
        test/msa/gene_aln_291.newick
        test/msa/gene_aln_119.newick
        test/msa/gene_aln_214.newick
        test/msa/gene_aln_36.newick
        test/msa/gene_aln_237.newick
        test/msa/gene_aln_109.newick
        test/msa/gene_aln_253.newick
        test/msa/gene_aln_131.newick
        test/msa/gene_aln_80.newick
        test/msa/gene_aln_27.newick
        test/msa/gene_aln_184.newick
        test/msa/gene_aln_281.newick
        test/msa/gene_aln_220.newick
        test/msa/gene_aln_154.newick
        test/msa/gene_aln_235.newick
        test/msa/gene_aln_18.newick
        test/msa/gene_aln_23.newick
        test/msa/gene_aln_299.newick
        test/msa/gene_aln_59.newick
        test/msa/gene_aln_130.newick
        test/msa/gene_aln_231.newick
        test/msa/gene_aln_34.newick
        test/msa/gene_aln_169.newick
        test/msa/gene_aln_208.newick
        test/msa/gene_aln_212.newick
        test/msa/gene_aln_249.newick
        test/msa/gene_aln_261.newick
        test/msa/gene_aln_300.newick
        test/msa/gene_aln_5.newick
        test/msa/gene_aln_111.newick
        test/msa/gene_aln_174.newick
        test/msa/gene_aln_147.newick
        test/msa/gene_aln_135.newick
        test/msa/gene_aln_79.newick
        test/msa/gene_aln_76.newick
        test/msa/gene_aln_194.newick
        test/msa/gene_aln_278.newick
        test/msa/gene_aln_72.newick
        test/msa/gene_aln_180.newick
        test/msa/gene_aln_209.newick
        test/msa/gene_aln_42.newick
        test/msa/gene_aln_88.newick
        test/msa/gene_aln_173.newick
        test/msa/gene_aln_270.newick
        test/msa/gene_aln_7.newick
        test/msa/gene_aln_13.newick
        test/msa/gene_aln_54.newick
        test/msa/gene_aln_6.newick
        test/msa/gene_aln_191.newick
        test/msa/gene_aln_250.newick
        test/msa/gene_aln_40.newick
        test/msa/gene_aln_197.newick
        test/msa/gene_aln_21.newick
        test/msa/gene_aln_256.newick
        test/msa/gene_aln_292.newick
        test/msa/gene_aln_283.newick
        test/msa/gene_aln_186.newick
        test/msa/gene_aln_262.newick
        test/msa/gene_aln_101.newick
        test/msa/gene_aln_195.newick
        test/msa/gene_aln_24.newick
        test/msa/gene_aln_61.newick
        test/msa/gene_aln_91.newick
        test/msa/gene_aln_268.newick
        test/msa/gene_aln_81.newick
        test/msa/gene_aln_289.newick
        test/msa/gene_aln_41.newick
        test/msa/gene_aln_216.newick
        test/msa/gene_aln_228.newick
        test/msa/gene_aln_99.newick
        test/msa/gene_aln_254.newick
        test/msa/gene_aln_31.newick
        test/msa/gene_aln_265.newick
        test/msa/gene_aln_138.newick
        test/msa/gene_aln_172.newick
        test/msa/gene_aln_229.newick
        test/msa/gene_aln_89.newick
