Building DAG of jobs...
Using shell: /usr/bin/bash
Provided cores: 32
Rules claiming more threads will be scaled down.
Conda environments: ignored
Job stats:
job                count    min threads    max threads
---------------  -------  -------------  -------------
all                    1              1              1
lastz                 40              1              1
sequence_merge         1              1              1
sequence_select       40              1              1
total                 82              1              1

Select jobs to execute...

[Thu Sep  8 21:22:11 2022]
rule sequence_select:
    input: ../genomes_top40/GCF_009829145.1.fa
    output: test/samples/GCF_009829145.1_temp.fa
    jobid: 16
    reason: Missing output files: test/samples/GCF_009829145.1_temp.fa
    wildcards: sample=GCF_009829145.1
    resources: tmpdir=/tmp


[Thu Sep  8 21:22:11 2022]
rule sequence_select:
    input: ../genomes_top40/GCA_013407035.1.fa
    output: test/samples/GCA_013407035.1_temp.fa
    jobid: 31
    reason: Missing output files: test/samples/GCA_013407035.1_temp.fa
    wildcards: sample=GCA_013407035.1
    resources: tmpdir=/tmp


[Thu Sep  8 21:22:11 2022]
rule sequence_select:
    input: ../genomes_top40/GCF_012275295.1.fa
    output: test/samples/GCF_012275295.1_temp.fa
    jobid: 9
    reason: Missing output files: test/samples/GCF_012275295.1_temp.fa
    wildcards: sample=GCF_012275295.1
    resources: tmpdir=/tmp


[Thu Sep  8 21:22:11 2022]
rule sequence_select:
    input: ../genomes_top40/GCA_016904835.1.fa
    output: test/samples/GCA_016904835.1_temp.fa
    jobid: 39
    reason: Missing output files: test/samples/GCA_016904835.1_temp.fa
    wildcards: sample=GCA_016904835.1
    resources: tmpdir=/tmp


[Thu Sep  8 21:22:11 2022]
rule sequence_select:
    input: ../genomes_top40/GCA_017639485.1.fa
    output: test/samples/GCA_017639485.1_temp.fa
    jobid: 17
    reason: Missing output files: test/samples/GCA_017639485.1_temp.fa
    wildcards: sample=GCA_017639485.1
    resources: tmpdir=/tmp


[Thu Sep  8 21:22:11 2022]
rule sequence_select:
    input: ../genomes_top40/GCA_902806625.1.fa
    output: test/samples/GCA_902806625.1_temp.fa
    jobid: 32
    reason: Missing output files: test/samples/GCA_902806625.1_temp.fa
    wildcards: sample=GCA_902806625.1
    resources: tmpdir=/tmp


[Thu Sep  8 21:22:11 2022]
rule sequence_select:
    input: ../genomes_top40/GCF_018691265.1.fa
    output: test/samples/GCF_018691265.1_temp.fa
    jobid: 25
    reason: Missing output files: test/samples/GCF_018691265.1_temp.fa
    wildcards: sample=GCF_018691265.1
    resources: tmpdir=/tmp


[Thu Sep  8 21:22:11 2022]
rule sequence_select:
    input: ../genomes_top40/GCA_020801775.1.fa
    output: test/samples/GCA_020801775.1_temp.fa
    jobid: 10
    reason: Missing output files: test/samples/GCA_020801775.1_temp.fa
    wildcards: sample=GCA_020801775.1
    resources: tmpdir=/tmp


[Thu Sep  8 21:22:11 2022]
rule sequence_select:
    input: ../genomes_top40/GCF_020740725.1.fa
    output: test/samples/GCF_020740725.1_temp.fa
    jobid: 40
    reason: Missing output files: test/samples/GCF_020740725.1_temp.fa
    wildcards: sample=GCF_020740725.1
    resources: tmpdir=/tmp


[Thu Sep  8 21:22:11 2022]
rule sequence_select:
    input: ../genomes_top40/GCA_907165065.1.fa
    output: test/samples/GCA_907165065.1_temp.fa
    jobid: 18
    reason: Missing output files: test/samples/GCA_907165065.1_temp.fa
    wildcards: sample=GCA_907165065.1
    resources: tmpdir=/tmp


[Thu Sep  8 21:22:11 2022]
rule sequence_select:
    input: ../genomes_top40/GCA_017639555.1.fa
    output: test/samples/GCA_017639555.1_temp.fa
    jobid: 3
    reason: Missing output files: test/samples/GCA_017639555.1_temp.fa
    wildcards: sample=GCA_017639555.1
    resources: tmpdir=/tmp


[Thu Sep  8 21:22:11 2022]
rule sequence_select:
    input: ../genomes_top40/GCA_016128335.1.fa
    output: test/samples/GCA_016128335.1_temp.fa
    jobid: 33
    reason: Missing output files: test/samples/GCA_016128335.1_temp.fa
    wildcards: sample=GCA_016128335.1
    resources: tmpdir=/tmp


[Thu Sep  8 21:22:11 2022]
rule sequence_select:
    input: ../genomes_top40/GCF_017639655.2.fa
    output: test/samples/GCF_017639655.2_temp.fa
    jobid: 26
    reason: Missing output files: test/samples/GCF_017639655.2_temp.fa
    wildcards: sample=GCF_017639655.2
    resources: tmpdir=/tmp


[Thu Sep  8 21:22:11 2022]
rule sequence_select:
    input: ../genomes_top40/GCA_018139145.1.fa
    output: test/samples/GCA_018139145.1_temp.fa
    jobid: 11
    reason: Missing output files: test/samples/GCA_018139145.1_temp.fa
    wildcards: sample=GCA_018139145.1
    resources: tmpdir=/tmp


[Thu Sep  8 21:22:11 2022]
rule sequence_select:
    input: ../genomes_top40/GCF_901933205.1.fa
    output: test/samples/GCF_901933205.1_temp.fa
    jobid: 41
    reason: Missing output files: test/samples/GCF_901933205.1_temp.fa
    wildcards: sample=GCF_901933205.1
    resources: tmpdir=/tmp


[Thu Sep  8 21:22:11 2022]
rule sequence_select:
    input: ../genomes_top40/GCA_011004875.1.fa
    output: test/samples/GCA_011004875.1_temp.fa
    jobid: 19
    reason: Missing output files: test/samples/GCA_011004875.1_temp.fa
    wildcards: sample=GCA_011004875.1
    resources: tmpdir=/tmp


[Thu Sep  8 21:22:11 2022]
rule sequence_select:
    input: ../genomes_top40/GCA_013368605.1.fa
    output: test/samples/GCA_013368605.1_temp.fa
    jobid: 4
    reason: Missing output files: test/samples/GCA_013368605.1_temp.fa
    wildcards: sample=GCA_013368605.1
    resources: tmpdir=/tmp


[Thu Sep  8 21:22:11 2022]
rule sequence_select:
    input: ../genomes_top40/GCF_900496995.4.fa
    output: test/samples/GCF_900496995.4_temp.fa
    jobid: 34
    reason: Missing output files: test/samples/GCF_900496995.4_temp.fa
    wildcards: sample=GCF_900496995.4
    resources: tmpdir=/tmp


[Thu Sep  8 21:22:11 2022]
rule sequence_select:
    input: ../genomes_top40/GCA_014839835.1.fa
    output: test/samples/GCA_014839835.1_temp.fa
    jobid: 27
    reason: Missing output files: test/samples/GCA_014839835.1_temp.fa
    wildcards: sample=GCA_014839835.1
    resources: tmpdir=/tmp


[Thu Sep  8 21:22:11 2022]
rule sequence_select:
    input: ../genomes_top40/GCA_014839755.1.fa
    output: test/samples/GCA_014839755.1_temp.fa
    jobid: 21
    reason: Missing output files: test/samples/GCA_014839755.1_temp.fa
    wildcards: sample=GCA_014839755.1
    resources: tmpdir=/tmp


[Thu Sep  8 21:22:11 2022]
rule sequence_select:
    input: ../genomes_top40/GCA_017639245.1.fa
    output: test/samples/GCA_017639245.1_temp.fa
    jobid: 6
    reason: Missing output files: test/samples/GCA_017639245.1_temp.fa
    wildcards: sample=GCA_017639245.1
    resources: tmpdir=/tmp


[Thu Sep  8 21:22:11 2022]
rule sequence_select:
    input: ../genomes_top40/GCA_020740795.1.fa
    output: test/samples/GCA_020740795.1_temp.fa
    jobid: 36
    reason: Missing output files: test/samples/GCA_020740795.1_temp.fa
    wildcards: sample=GCA_020740795.1
    resources: tmpdir=/tmp


[Thu Sep  8 21:22:11 2022]
rule sequence_select:
    input: ../genomes_top40/GCF_016699485.2.fa
    output: test/samples/GCF_016699485.2_temp.fa
    jobid: 29
    reason: Missing output files: test/samples/GCF_016699485.2_temp.fa
    wildcards: sample=GCF_016699485.2
    resources: tmpdir=/tmp


[Thu Sep  8 21:22:11 2022]
rule sequence_select:
    input: ../genomes_top40/GCF_003957555.1.fa
    output: test/samples/GCF_003957555.1_temp.fa
    jobid: 14
    reason: Missing output files: test/samples/GCF_003957555.1_temp.fa
    wildcards: sample=GCF_003957555.1
    resources: tmpdir=/tmp


[Thu Sep  8 21:22:11 2022]
rule sequence_select:
    input: ../genomes_top40/GCA_015220805.1.fa
    output: test/samples/GCA_015220805.1_temp.fa
    jobid: 22
    reason: Missing output files: test/samples/GCA_015220805.1_temp.fa
    wildcards: sample=GCA_015220805.1
    resources: tmpdir=/tmp


[Thu Sep  8 21:22:11 2022]
rule sequence_select:
    input: ../genomes_top40/GCA_020745705.1.fa
    output: test/samples/GCA_020745705.1_temp.fa
    jobid: 7
    reason: Missing output files: test/samples/GCA_020745705.1_temp.fa
    wildcards: sample=GCA_020745705.1
    resources: tmpdir=/tmp


[Thu Sep  8 21:22:11 2022]
rule sequence_select:
    input: ../genomes_top40/GCA_008658365.1.fa
    output: test/samples/GCA_008658365.1_temp.fa
    jobid: 37
    reason: Missing output files: test/samples/GCA_008658365.1_temp.fa
    wildcards: sample=GCA_008658365.1
    resources: tmpdir=/tmp


[Thu Sep  8 21:22:11 2022]
rule sequence_select:
    input: ../genomes_top40/GCF_016700215.2.fa
    output: test/samples/GCF_016700215.2_temp.fa
    jobid: 30
    reason: Missing output files: test/samples/GCF_016700215.2_temp.fa
    wildcards: sample=GCF_016700215.2
    resources: tmpdir=/tmp


[Thu Sep  8 21:22:11 2022]
rule sequence_select:
    input: ../genomes_top40/GCA_020746105.1.fa
    output: test/samples/GCA_020746105.1_temp.fa
    jobid: 15
    reason: Missing output files: test/samples/GCA_020746105.1_temp.fa
    wildcards: sample=GCA_020746105.1
    resources: tmpdir=/tmp


[Thu Sep  8 21:22:11 2022]
rule sequence_select:
    input: ../genomes_top40/GCA_009819825.1.fa
    output: test/samples/GCA_009819825.1_temp.fa
    jobid: 23
    reason: Missing output files: test/samples/GCA_009819825.1_temp.fa
    wildcards: sample=GCA_009819825.1
    resources: tmpdir=/tmp


[Thu Sep  8 21:22:11 2022]
rule sequence_select:
    input: ../genomes_top40/GCA_009819775.1.fa
    output: test/samples/GCA_009819775.1_temp.fa
    jobid: 8
    reason: Missing output files: test/samples/GCA_009819775.1_temp.fa
    wildcards: sample=GCA_009819775.1
    resources: tmpdir=/tmp


[Thu Sep  8 21:22:11 2022]
rule sequence_select:
    input: ../genomes_top40/GCF_000002315.6.fa
    output: test/samples/GCF_000002315.6_temp.fa
    jobid: 38
    reason: Missing output files: test/samples/GCF_000002315.6_temp.fa
    wildcards: sample=GCF_000002315.6
    resources: tmpdir=/tmp

[Thu Sep  8 21:22:12 2022]
Error in rule sequence_select:
    jobid: 33
    output: test/samples/GCA_016128335.1_temp.fa
    conda-env: /home/AD.UCSD.EDU/ttl074/wga/wga-phylo/.snakemake/conda/8d01c5a234fa7607d51367cadc00fac0
    shell:
        python sequence_select/new_select.py --input ../../genomes_top40/GCA_016128335.1.fa -s 225 -t 0.7 -e 239 -l 1000 --output ../test/samples/GCA_016128335.1_temp.fa
        (one of the commands exited with non-zero exit code; note that snakemake uses bash strict mode!)

[Thu Sep  8 21:22:12 2022]
Error in rule sequence_select:
    jobid: 18
    output: test/samples/GCA_907165065.1_temp.fa
    conda-env: /home/AD.UCSD.EDU/ttl074/wga/wga-phylo/.snakemake/conda/8d01c5a234fa7607d51367cadc00fac0
    shell:
        python sequence_select/new_select.py --input ../../genomes_top40/GCA_907165065.1.fa -s 104 -t 0.7 -e 111 -l 1000 --output ../test/samples/GCA_907165065.1_temp.fa
        (one of the commands exited with non-zero exit code; note that snakemake uses bash strict mode!)

[Thu Sep  8 21:22:12 2022]
[Thu Sep  8 21:22:12 2022]
[Thu Sep  8 21:22:12 2022]
[Thu Sep  8 21:22:12 2022]
[Thu Sep  8 21:22:12 2022]
[Thu Sep  8 21:22:12 2022]
Error in rule sequence_select:
    jobid: 19
    output: test/samples/GCA_011004875.1_temp.fa
    conda-env: /home/AD.UCSD.EDU/ttl074/wga/wga-phylo/.snakemake/conda/8d01c5a234fa7607d51367cadc00fac0
    shell:
        python sequence_select/new_select.py --input ../../genomes_top40/GCA_011004875.1.fa -s 111 -t 0.7 -e 120 -l 1000 --output ../test/samples/GCA_011004875.1_temp.fa
        (one of the commands exited with non-zero exit code; note that snakemake uses bash strict mode!)

[Thu Sep  8 21:22:12 2022]
[Thu Sep  8 21:22:12 2022]
[Thu Sep  8 21:22:12 2022]
[Thu Sep  8 21:22:12 2022]
[Thu Sep  8 21:22:12 2022]
[Thu Sep  8 21:22:12 2022]
[Thu Sep  8 21:22:12 2022]
[Thu Sep  8 21:22:12 2022]
[Thu Sep  8 21:22:12 2022]
[Thu Sep  8 21:22:12 2022]
[Thu Sep  8 21:22:12 2022]
[Thu Sep  8 21:22:12 2022]
[Thu Sep  8 21:22:12 2022]
[Thu Sep  8 21:22:12 2022]
[Thu Sep  8 21:22:12 2022]
Error in rule sequence_select:
    jobid: 11
    output: test/samples/GCA_018139145.1_temp.fa
    conda-env: /home/AD.UCSD.EDU/ttl074/wga/wga-phylo/.snakemake/conda/8d01c5a234fa7607d51367cadc00fac0
    shell:
        python sequence_select/new_select.py --input ../../genomes_top40/GCA_018139145.1.fa -s 54 -t 0.7 -e 69 -l 1000 --output ../test/samples/GCA_018139145.1_temp.fa
        (one of the commands exited with non-zero exit code; note that snakemake uses bash strict mode!)

Error in rule sequence_select:
    jobid: 27
    output: test/samples/GCA_014839835.1_temp.fa
    conda-env: /home/AD.UCSD.EDU/ttl074/wga/wga-phylo/.snakemake/conda/8d01c5a234fa7607d51367cadc00fac0
    shell:
        python sequence_select/new_select.py --input ../../genomes_top40/GCA_014839835.1.fa -s 174 -t 0.7 -e 181 -l 1000 --output ../test/samples/GCA_014839835.1_temp.fa
        (one of the commands exited with non-zero exit code; note that snakemake uses bash strict mode!)

Error in rule sequence_select:
    jobid: 39
    output: test/samples/GCA_016904835.1_temp.fa
    conda-env: /home/AD.UCSD.EDU/ttl074/wga/wga-phylo/.snakemake/conda/8d01c5a234fa7607d51367cadc00fac0
    shell:
        python sequence_select/new_select.py --input ../../genomes_top40/GCA_016904835.1.fa -s 277 -t 0.7 -e 284 -l 1000 --output ../test/samples/GCA_016904835.1_temp.fa
        (one of the commands exited with non-zero exit code; note that snakemake uses bash strict mode!)

[Thu Sep  8 21:22:12 2022]
[Thu Sep  8 21:22:12 2022]
[Thu Sep  8 21:22:12 2022]
[Thu Sep  8 21:22:12 2022]
[Thu Sep  8 21:22:12 2022]
[Thu Sep  8 21:22:12 2022]
Error in rule sequence_select:
    jobid: 31
    output: test/samples/GCA_013407035.1_temp.fa
    conda-env: /home/AD.UCSD.EDU/ttl074/wga/wga-phylo/.snakemake/conda/8d01c5a234fa7607d51367cadc00fac0
    shell:
        python sequence_select/new_select.py --input ../../genomes_top40/GCA_013407035.1.fa -s 209 -t 0.7 -e 218 -l 1000 --output ../test/samples/GCA_013407035.1_temp.fa
        (one of the commands exited with non-zero exit code; note that snakemake uses bash strict mode!)

[Thu Sep  8 21:22:12 2022]
Error in rule sequence_select:
    jobid: 37
    output: test/samples/GCA_008658365.1_temp.fa
    conda-env: /home/AD.UCSD.EDU/ttl074/wga/wga-phylo/.snakemake/conda/8d01c5a234fa7607d51367cadc00fac0
    shell:
        python sequence_select/new_select.py --input ../../genomes_top40/GCA_008658365.1.fa -s 262 -t 0.7 -e 268 -l 1000 --output ../test/samples/GCA_008658365.1_temp.fa
        (one of the commands exited with non-zero exit code; note that snakemake uses bash strict mode!)

[Thu Sep  8 21:22:12 2022]
[Thu Sep  8 21:22:12 2022]
Error in rule sequence_select:
    jobid: 32
    output: test/samples/GCA_902806625.1_temp.fa
    conda-env: /home/AD.UCSD.EDU/ttl074/wga/wga-phylo/.snakemake/conda/8d01c5a234fa7607d51367cadc00fac0
    shell:
        python sequence_select/new_select.py --input ../../genomes_top40/GCA_902806625.1.fa -s 218 -t 0.7 -e 225 -l 1000 --output ../test/samples/GCA_902806625.1_temp.fa
        (one of the commands exited with non-zero exit code; note that snakemake uses bash strict mode!)

Error in rule sequence_select:
    jobid: 23
    output: test/samples/GCA_009819825.1_temp.fa
    conda-env: /home/AD.UCSD.EDU/ttl074/wga/wga-phylo/.snakemake/conda/8d01c5a234fa7607d51367cadc00fac0
    shell:
        python sequence_select/new_select.py --input ../../genomes_top40/GCA_009819825.1.fa -s 141 -t 0.7 -e 149 -l 1000 --output ../test/samples/GCA_009819825.1_temp.fa
        (one of the commands exited with non-zero exit code; note that snakemake uses bash strict mode!)

Error in rule sequence_select:
    jobid: 25
    output: test/samples/GCF_018691265.1_temp.fa
    conda-env: /home/AD.UCSD.EDU/ttl074/wga/wga-phylo/.snakemake/conda/8d01c5a234fa7607d51367cadc00fac0
    shell:
        python sequence_select/new_select.py --input ../../genomes_top40/GCF_018691265.1.fa -s 158 -t 0.7 -e 163 -l 1000 --output ../test/samples/GCF_018691265.1_temp.fa
        (one of the commands exited with non-zero exit code; note that snakemake uses bash strict mode!)

Error in rule sequence_select:
    jobid: 40
    output: test/samples/GCF_020740725.1_temp.fa
    conda-env: /home/AD.UCSD.EDU/ttl074/wga/wga-phylo/.snakemake/conda/8d01c5a234fa7607d51367cadc00fac0
    shell:
        python sequence_select/new_select.py --input ../../genomes_top40/GCF_020740725.1.fa -s 284 -t 0.7 -e 288 -l 1000 --output ../test/samples/GCF_020740725.1_temp.fa
        (one of the commands exited with non-zero exit code; note that snakemake uses bash strict mode!)

Error in rule sequence_select:
    jobid: 22
    output: test/samples/GCA_015220805.1_temp.fa
    conda-env: /home/AD.UCSD.EDU/ttl074/wga/wga-phylo/.snakemake/conda/8d01c5a234fa7607d51367cadc00fac0
    shell:
        python sequence_select/new_select.py --input ../../genomes_top40/GCA_015220805.1.fa -s 135 -t 0.7 -e 141 -l 1000 --output ../test/samples/GCA_015220805.1_temp.fa
        (one of the commands exited with non-zero exit code; note that snakemake uses bash strict mode!)

Error in rule sequence_select:
    jobid: 15
    output: test/samples/GCA_020746105.1_temp.fa
    conda-env: /home/AD.UCSD.EDU/ttl074/wga/wga-phylo/.snakemake/conda/8d01c5a234fa7607d51367cadc00fac0
    shell:
        python sequence_select/new_select.py --input ../../genomes_top40/GCA_020746105.1.fa -s 81 -t 0.7 -e 90 -l 1000 --output ../test/samples/GCA_020746105.1_temp.fa
        (one of the commands exited with non-zero exit code; note that snakemake uses bash strict mode!)

Error in rule sequence_select:
    jobid: 29
    output: test/samples/GCF_016699485.2_temp.fa
    conda-env: /home/AD.UCSD.EDU/ttl074/wga/wga-phylo/.snakemake/conda/8d01c5a234fa7607d51367cadc00fac0
    shell:
        python sequence_select/new_select.py --input ../../genomes_top40/GCF_016699485.2.fa -s 188 -t 0.7 -e 200 -l 1000 --output ../test/samples/GCF_016699485.2_temp.fa
        (one of the commands exited with non-zero exit code; note that snakemake uses bash strict mode!)

Error in rule sequence_select:
    jobid: 21
    output: test/samples/GCA_014839755.1_temp.fa
    conda-env: /home/AD.UCSD.EDU/ttl074/wga/wga-phylo/.snakemake/conda/8d01c5a234fa7607d51367cadc00fac0
    shell:
        python sequence_select/new_select.py --input ../../genomes_top40/GCA_014839755.1.fa -s 126 -t 0.7 -e 135 -l 1000 --output ../test/samples/GCA_014839755.1_temp.fa
        (one of the commands exited with non-zero exit code; note that snakemake uses bash strict mode!)

Error in rule sequence_select:
    jobid: 10
    output: test/samples/GCA_020801775.1_temp.fa
    conda-env: /home/AD.UCSD.EDU/ttl074/wga/wga-phylo/.snakemake/conda/8d01c5a234fa7607d51367cadc00fac0
    shell:
        python sequence_select/new_select.py --input ../../genomes_top40/GCA_020801775.1.fa -s 47 -t 0.7 -e 54 -l 1000 --output ../test/samples/GCA_020801775.1_temp.fa
        (one of the commands exited with non-zero exit code; note that snakemake uses bash strict mode!)

Error in rule sequence_select:
    jobid: 7
    output: test/samples/GCA_020745705.1_temp.fa
    conda-env: /home/AD.UCSD.EDU/ttl074/wga/wga-phylo/.snakemake/conda/8d01c5a234fa7607d51367cadc00fac0
    shell:
        python sequence_select/new_select.py --input ../../genomes_top40/GCA_020745705.1.fa -s 30 -t 0.7 -e 31 -l 1000 --output ../test/samples/GCA_020745705.1_temp.fa
        (one of the commands exited with non-zero exit code; note that snakemake uses bash strict mode!)

Error in rule sequence_select:
    jobid: 30
    output: test/samples/GCF_016700215.2_temp.fa
    conda-env: /home/AD.UCSD.EDU/ttl074/wga/wga-phylo/.snakemake/conda/8d01c5a234fa7607d51367cadc00fac0
    shell:
        python sequence_select/new_select.py --input ../../genomes_top40/GCF_016700215.2.fa -s 200 -t 0.7 -e 209 -l 1000 --output ../test/samples/GCF_016700215.2_temp.fa
        (one of the commands exited with non-zero exit code; note that snakemake uses bash strict mode!)

Error in rule sequence_select:
    jobid: 17
    output: test/samples/GCA_017639485.1_temp.fa
    conda-env: /home/AD.UCSD.EDU/ttl074/wga/wga-phylo/.snakemake/conda/8d01c5a234fa7607d51367cadc00fac0
    shell:
        python sequence_select/new_select.py --input ../../genomes_top40/GCA_017639485.1.fa -s 95 -t 0.7 -e 104 -l 1000 --output ../test/samples/GCA_017639485.1_temp.fa
        (one of the commands exited with non-zero exit code; note that snakemake uses bash strict mode!)

Error in rule sequence_select:
    jobid: 34
    output: test/samples/GCF_900496995.4_temp.fa
    conda-env: /home/AD.UCSD.EDU/ttl074/wga/wga-phylo/.snakemake/conda/8d01c5a234fa7607d51367cadc00fac0
    shell:
        python sequence_select/new_select.py --input ../../genomes_top40/GCF_900496995.4.fa -s 239 -t 0.7 -e 245 -l 1000 --output ../test/samples/GCF_900496995.4_temp.fa
        (one of the commands exited with non-zero exit code; note that snakemake uses bash strict mode!)

Error in rule sequence_select:
    jobid: 16
    output: test/samples/GCF_009829145.1_temp.fa
    conda-env: /home/AD.UCSD.EDU/ttl074/wga/wga-phylo/.snakemake/conda/8d01c5a234fa7607d51367cadc00fac0
    shell:
        python sequence_select/new_select.py --input ../../genomes_top40/GCF_009829145.1.fa -s 90 -t 0.7 -e 95 -l 1000 --output ../test/samples/GCF_009829145.1_temp.fa
        (one of the commands exited with non-zero exit code; note that snakemake uses bash strict mode!)

Error in rule sequence_select:
    jobid: 14
    output: test/samples/GCF_003957555.1_temp.fa
    conda-env: /home/AD.UCSD.EDU/ttl074/wga/wga-phylo/.snakemake/conda/8d01c5a234fa7607d51367cadc00fac0
    shell:
        python sequence_select/new_select.py --input ../../genomes_top40/GCF_003957555.1.fa -s 75 -t 0.7 -e 81 -l 1000 --output ../test/samples/GCF_003957555.1_temp.fa
        (one of the commands exited with non-zero exit code; note that snakemake uses bash strict mode!)

Error in rule sequence_select:
    jobid: 41
    output: test/samples/GCF_901933205.1_temp.fa
    conda-env: /home/AD.UCSD.EDU/ttl074/wga/wga-phylo/.snakemake/conda/8d01c5a234fa7607d51367cadc00fac0
    shell:
        python sequence_select/new_select.py --input ../../genomes_top40/GCF_901933205.1.fa -s 288 -t 0.7 -e 293 -l 1000 --output ../test/samples/GCF_901933205.1_temp.fa
        (one of the commands exited with non-zero exit code; note that snakemake uses bash strict mode!)

Error in rule sequence_select:
    jobid: 3
    output: test/samples/GCA_017639555.1_temp.fa
    conda-env: /home/AD.UCSD.EDU/ttl074/wga/wga-phylo/.snakemake/conda/8d01c5a234fa7607d51367cadc00fac0
    shell:
        python sequence_select/new_select.py --input ../../genomes_top40/GCA_017639555.1.fa -s 0 -t 0.7 -e 8 -l 1000 --output ../test/samples/GCA_017639555.1_temp.fa
        (one of the commands exited with non-zero exit code; note that snakemake uses bash strict mode!)

Error in rule sequence_select:
    jobid: 9
    output: test/samples/GCF_012275295.1_temp.fa
    conda-env: /home/AD.UCSD.EDU/ttl074/wga/wga-phylo/.snakemake/conda/8d01c5a234fa7607d51367cadc00fac0
    shell:
        python sequence_select/new_select.py --input ../../genomes_top40/GCF_012275295.1.fa -s 37 -t 0.7 -e 47 -l 1000 --output ../test/samples/GCF_012275295.1_temp.fa
        (one of the commands exited with non-zero exit code; note that snakemake uses bash strict mode!)

Error in rule sequence_select:
    jobid: 26
    output: test/samples/GCF_017639655.2_temp.fa
    conda-env: /home/AD.UCSD.EDU/ttl074/wga/wga-phylo/.snakemake/conda/8d01c5a234fa7607d51367cadc00fac0
    shell:
        python sequence_select/new_select.py --input ../../genomes_top40/GCF_017639655.2.fa -s 163 -t 0.7 -e 174 -l 1000 --output ../test/samples/GCF_017639655.2_temp.fa
        (one of the commands exited with non-zero exit code; note that snakemake uses bash strict mode!)

Error in rule sequence_select:
    jobid: 4
    output: test/samples/GCA_013368605.1_temp.fa
    conda-env: /home/AD.UCSD.EDU/ttl074/wga/wga-phylo/.snakemake/conda/8d01c5a234fa7607d51367cadc00fac0
    shell:
        python sequence_select/new_select.py --input ../../genomes_top40/GCA_013368605.1.fa -s 8 -t 0.7 -e 18 -l 1000 --output ../test/samples/GCA_013368605.1_temp.fa
        (one of the commands exited with non-zero exit code; note that snakemake uses bash strict mode!)

Error in rule sequence_select:
    jobid: 36
    output: test/samples/GCA_020740795.1_temp.fa
    conda-env: /home/AD.UCSD.EDU/ttl074/wga/wga-phylo/.snakemake/conda/8d01c5a234fa7607d51367cadc00fac0
    shell:
        python sequence_select/new_select.py --input ../../genomes_top40/GCA_020740795.1.fa -s 256 -t 0.7 -e 262 -l 1000 --output ../test/samples/GCA_020740795.1_temp.fa
        (one of the commands exited with non-zero exit code; note that snakemake uses bash strict mode!)

Error in rule sequence_select:
    jobid: 8
    output: test/samples/GCA_009819775.1_temp.fa
    conda-env: /home/AD.UCSD.EDU/ttl074/wga/wga-phylo/.snakemake/conda/8d01c5a234fa7607d51367cadc00fac0
    shell:
        python sequence_select/new_select.py --input ../../genomes_top40/GCA_009819775.1.fa -s 31 -t 0.7 -e 37 -l 1000 --output ../test/samples/GCA_009819775.1_temp.fa
        (one of the commands exited with non-zero exit code; note that snakemake uses bash strict mode!)

Error in rule sequence_select:
    jobid: 38
    output: test/samples/GCF_000002315.6_temp.fa
    conda-env: /home/AD.UCSD.EDU/ttl074/wga/wga-phylo/.snakemake/conda/8d01c5a234fa7607d51367cadc00fac0
    shell:
        python sequence_select/new_select.py --input ../../genomes_top40/GCF_000002315.6.fa -s 268 -t 0.7 -e 277 -l 1000 --output ../test/samples/GCF_000002315.6_temp.fa
        (one of the commands exited with non-zero exit code; note that snakemake uses bash strict mode!)

Error in rule sequence_select:
    jobid: 6
    output: test/samples/GCA_017639245.1_temp.fa
    conda-env: /home/AD.UCSD.EDU/ttl074/wga/wga-phylo/.snakemake/conda/8d01c5a234fa7607d51367cadc00fac0
    shell:
        python sequence_select/new_select.py --input ../../genomes_top40/GCA_017639245.1.fa -s 22 -t 0.7 -e 30 -l 1000 --output ../test/samples/GCA_017639245.1_temp.fa
        (one of the commands exited with non-zero exit code; note that snakemake uses bash strict mode!)

Shutting down, this might take some time.
Exiting because a job execution failed. Look above for error message
Complete log: .snakemake/log/2022-09-08T212210.806108.snakemake.log
