Building DAG of jobs...
IncompleteFilesException:
The files below seem to be incomplete. If you are sure that certain files are not incomplete, mark them as complete with

    snakemake --cleanup-metadata <filenames>

To re-generate the files rerun your command with the --rerun-incomplete flag.
Incomplete files:
test/GCA_017639555.1.maf
test/GCA_013368605.1.maf
test/GCF_015220075.1.maf
test/GCA_017639245.1.maf
test/GCA_020745705.1.maf
test/GCA_009819775.1.maf
test/GCF_012275295.1.maf
test/GCA_020801775.1.maf
test/GCA_018139145.1.maf
test/GCF_009819795.1.maf
test/GCA_009819605.1.maf
test/GCF_003957555.1.maf
test/GCA_020746105.1.maf
test/GCF_009829145.1.maf
test/GCA_017639485.1.maf
test/GCA_907165065.1.maf
test/GCA_011004875.1.maf
test/GCA_017976375.1.maf
test/GCA_014839755.1.maf
test/GCA_015220805.1.maf
test/GCA_009819825.1.maf
test/GCA_020745775.1.maf
test/GCF_018691265.1.maf
test/GCF_017639655.2.maf
test/GCA_014839835.1.maf
test/GCA_905368555.1.maf
test/GCF_016699485.2.maf
test/GCF_016700215.2.maf
test/GCA_013407035.1.maf
test/GCA_902806625.1.maf
test/GCA_016128335.1.maf
test/GCF_900496995.4.maf
test/GCA_020800305.1.maf
test/GCA_020740795.1.maf
test/GCA_008658365.1.maf
test/GCF_000002315.6.maf
test/GCA_016904835.1.maf
test/GCF_020740725.1.maf
test/GCF_901933205.1.maf
test/GCA_012275265.1.maf
