Building DAG of jobs...
Using shell: /usr/bin/bash
Provided cores: 32
Rules claiming more threads will be scaled down.
Conda environments: ignored
Job stats:
job       count    min threads    max threads
------  -------  -------------  -------------
all           1              1              1
astral        1              1              1
total         2              1              1

Select jobs to execute...

[Wed Sep 14 16:12:28 2022]
rule astral:
    input: test/geneTree/gene_tree_merged.newick
    output: test/speciesTree.newick
    jobid: 1
    reason: Missing output files: test/speciesTree.newick
    resources: tmpdir=/tmp

[Wed Sep 14 16:12:28 2022]
Error in rule astral:
    jobid: 1
    output: test/speciesTree.newick
    shell:
        java -Djava.library.path=ASTRAL-MP/lib -jar ASTRAL-MP/astral.1.1.6.jar -i test/geneTree/gene_tree_merged.newick -o test/speciesTree.newick -a mapping.txt
        (one of the commands exited with non-zero exit code; note that snakemake uses bash strict mode!)

Shutting down, this might take some time.
Exiting because a job execution failed. Look above for error message
Complete log: .snakemake/log/2022-09-14T161228.257769.snakemake.log
