Building DAG of jobs...
IncompleteFilesException:
The files below seem to be incomplete. If you are sure that certain files are not incomplete, mark them as complete with

    snakemake --cleanup-metadata <filenames>

To re-generate the files rerun your command with the --rerun-incomplete flag.
Incomplete files:
test/geneTree/gene_tree_1.newick
test/geneTree/gene_tree_2.newick
test/geneTree/gene_tree_33.newick
test/geneTree/gene_tree_40.newick
test/geneTree/gene_tree_55.newick
test/geneTree/gene_tree_62.newick
test/geneTree/gene_tree_86.newick
test/geneTree/gene_tree_89.newick
test/geneTree/gene_tree_90.newick
test/geneTree/gene_tree_92.newick
test/geneTree/gene_tree_93.newick
test/geneTree/gene_tree_100.newick
test/geneTree/gene_tree_102.newick
test/geneTree/gene_tree_115.newick
test/geneTree/gene_tree_117.newick
test/geneTree/gene_tree_122.newick
test/geneTree/gene_tree_125.newick
test/geneTree/gene_tree_145.newick
test/geneTree/gene_tree_152.newick
test/geneTree/gene_tree_157.newick
test/geneTree/gene_tree_175.newick
test/geneTree/gene_tree_179.newick
test/geneTree/gene_tree_182.newick
test/geneTree/gene_tree_205.newick
test/geneTree/gene_tree_207.newick
test/geneTree/gene_tree_210.newick
test/geneTree/gene_tree_212.newick
test/geneTree/gene_tree_236.newick
test/geneTree/gene_tree_242.newick
test/geneTree/gene_tree_272.newick
test/geneTree/gene_tree_297.newick
