Building DAG of jobs...
Using shell: /usr/bin/bash
Provided cores: 64
Rules claiming more threads will be scaled down.
Conda environments: ignored
Job stats:
job                count    min threads    max threads
---------------  -------  -------------  -------------
all                    1              1              1
iqtree               300              1              1
lastz                 40              1              1
lastz2fasta            1              1              1
mafft                300              1              1
sequence_merge         1              1              1
sequence_select       40              1              1
total                683              1              1

Select jobs to execute...

[Tue Sep 13 19:55:05 2022]
rule sequence_select:
    input: ../genomes_top40/GCA_009819605.1.fa
    output: test/samples/GCA_009819605.1_temp.fa
    jobid: 16
    reason: Missing output files: test/samples/GCA_009819605.1_temp.fa; Params have changed since last execution
    wildcards: sample=GCA_009819605.1
    resources: tmpdir=/tmp


[Tue Sep 13 19:55:05 2022]
rule sequence_select:
    input: ../genomes_top40/GCA_905368555.1.fa
    output: test/samples/GCA_905368555.1_temp.fa
    jobid: 31
    reason: Missing output files: test/samples/GCA_905368555.1_temp.fa; Params have changed since last execution
    wildcards: sample=GCA_905368555.1
    resources: tmpdir=/tmp


[Tue Sep 13 19:55:05 2022]
rule sequence_select:
    input: ../genomes_top40/GCA_014839755.1.fa
    output: test/samples/GCA_014839755.1_temp.fa
    jobid: 24
    reason: Missing output files: test/samples/GCA_014839755.1_temp.fa; Params have changed since last execution
    wildcards: sample=GCA_014839755.1
    resources: tmpdir=/tmp


[Tue Sep 13 19:55:05 2022]
rule sequence_select:
    input: ../genomes_top40/GCA_017639245.1.fa
    output: test/samples/GCA_017639245.1_temp.fa
    jobid: 9
    reason: Missing output files: test/samples/GCA_017639245.1_temp.fa; Params have changed since last execution
    wildcards: sample=GCA_017639245.1
    resources: tmpdir=/tmp


[Tue Sep 13 19:55:05 2022]
rule sequence_select:
    input: ../genomes_top40/GCA_020740795.1.fa
    output: test/samples/GCA_020740795.1_temp.fa
    jobid: 39
    reason: Missing output files: test/samples/GCA_020740795.1_temp.fa; Params have changed since last execution
    wildcards: sample=GCA_020740795.1
    resources: tmpdir=/tmp


[Tue Sep 13 19:55:05 2022]
rule sequence_select:
    input: ../genomes_top40/GCF_003957555.1.fa
    output: test/samples/GCF_003957555.1_temp.fa
    jobid: 17
    reason: Missing output files: test/samples/GCF_003957555.1_temp.fa; Params have changed since last execution
    wildcards: sample=GCF_003957555.1
    resources: tmpdir=/tmp


[Tue Sep 13 19:55:05 2022]
rule sequence_select:
    input: ../genomes_top40/GCF_016699485.2.fa
    output: test/samples/GCF_016699485.2_temp.fa
    jobid: 32
    reason: Missing output files: test/samples/GCF_016699485.2_temp.fa; Params have changed since last execution
    wildcards: sample=GCF_016699485.2
    resources: tmpdir=/tmp


[Tue Sep 13 19:55:05 2022]
rule sequence_select:
    input: ../genomes_top40/GCA_015220805.1.fa
    output: test/samples/GCA_015220805.1_temp.fa
    jobid: 25
    reason: Missing output files: test/samples/GCA_015220805.1_temp.fa; Params have changed since last execution
    wildcards: sample=GCA_015220805.1
    resources: tmpdir=/tmp


[Tue Sep 13 19:55:05 2022]
rule sequence_select:
    input: ../genomes_top40/GCA_020745705.1.fa
    output: test/samples/GCA_020745705.1_temp.fa
    jobid: 10
    reason: Missing output files: test/samples/GCA_020745705.1_temp.fa; Params have changed since last execution
    wildcards: sample=GCA_020745705.1
    resources: tmpdir=/tmp


[Tue Sep 13 19:55:05 2022]
rule sequence_select:
    input: ../genomes_top40/GCA_008658365.1.fa
    output: test/samples/GCA_008658365.1_temp.fa
    jobid: 40
    reason: Missing output files: test/samples/GCA_008658365.1_temp.fa; Params have changed since last execution
    wildcards: sample=GCA_008658365.1
    resources: tmpdir=/tmp


[Tue Sep 13 19:55:05 2022]
rule sequence_select:
    input: ../genomes_top40/GCA_020746105.1.fa
    output: test/samples/GCA_020746105.1_temp.fa
    jobid: 18
    reason: Missing output files: test/samples/GCA_020746105.1_temp.fa; Params have changed since last execution
    wildcards: sample=GCA_020746105.1
    resources: tmpdir=/tmp


[Tue Sep 13 19:55:05 2022]
rule sequence_select:
    input: ../genomes_top40/GCF_016700215.2.fa
    output: test/samples/GCF_016700215.2_temp.fa
    jobid: 33
    reason: Missing output files: test/samples/GCF_016700215.2_temp.fa; Params have changed since last execution
    wildcards: sample=GCF_016700215.2
    resources: tmpdir=/tmp


[Tue Sep 13 19:55:05 2022]
rule sequence_select:
    input: ../genomes_top40/GCA_009819825.1.fa
    output: test/samples/GCA_009819825.1_temp.fa
    jobid: 26
    reason: Missing output files: test/samples/GCA_009819825.1_temp.fa; Params have changed since last execution
    wildcards: sample=GCA_009819825.1
    resources: tmpdir=/tmp


[Tue Sep 13 19:55:05 2022]
rule sequence_select:
    input: ../genomes_top40/GCA_009819775.1.fa
    output: test/samples/GCA_009819775.1_temp.fa
    jobid: 11
    reason: Missing output files: test/samples/GCA_009819775.1_temp.fa; Params have changed since last execution
    wildcards: sample=GCA_009819775.1
    resources: tmpdir=/tmp


[Tue Sep 13 19:55:05 2022]
rule sequence_select:
    input: ../genomes_top40/GCF_000002315.6.fa
    output: test/samples/GCF_000002315.6_temp.fa
    jobid: 41
    reason: Missing output files: test/samples/GCF_000002315.6_temp.fa; Params have changed since last execution
    wildcards: sample=GCF_000002315.6
    resources: tmpdir=/tmp


[Tue Sep 13 19:55:05 2022]
rule sequence_select:
    input: ../genomes_top40/GCF_009829145.1.fa
    output: test/samples/GCF_009829145.1_temp.fa
    jobid: 19
    reason: Missing output files: test/samples/GCF_009829145.1_temp.fa; Params have changed since last execution
    wildcards: sample=GCF_009829145.1
    resources: tmpdir=/tmp


[Tue Sep 13 19:55:05 2022]
rule sequence_select:
    input: ../genomes_top40/GCA_013407035.1.fa
    output: test/samples/GCA_013407035.1_temp.fa
    jobid: 34
    reason: Missing output files: test/samples/GCA_013407035.1_temp.fa; Params have changed since last execution
    wildcards: sample=GCA_013407035.1
    resources: tmpdir=/tmp


[Tue Sep 13 19:55:05 2022]
rule sequence_select:
    input: ../genomes_top40/GCA_020745775.1.fa
    output: test/samples/GCA_020745775.1_temp.fa
    jobid: 27
    reason: Missing output files: test/samples/GCA_020745775.1_temp.fa; Params have changed since last execution
    wildcards: sample=GCA_020745775.1
    resources: tmpdir=/tmp


[Tue Sep 13 19:55:05 2022]
rule sequence_select:
    input: ../genomes_top40/GCF_012275295.1.fa
    output: test/samples/GCF_012275295.1_temp.fa
    jobid: 12
    reason: Missing output files: test/samples/GCF_012275295.1_temp.fa; Params have changed since last execution
    wildcards: sample=GCF_012275295.1
    resources: tmpdir=/tmp


[Tue Sep 13 19:55:05 2022]
rule sequence_select:
    input: ../genomes_top40/GCA_016904835.1.fa
    output: test/samples/GCA_016904835.1_temp.fa
    jobid: 42
    reason: Missing output files: test/samples/GCA_016904835.1_temp.fa; Params have changed since last execution
    wildcards: sample=GCA_016904835.1
    resources: tmpdir=/tmp


[Tue Sep 13 19:55:05 2022]
rule sequence_select:
    input: ../genomes_top40/GCA_017639485.1.fa
    output: test/samples/GCA_017639485.1_temp.fa
    jobid: 20
    reason: Missing output files: test/samples/GCA_017639485.1_temp.fa; Params have changed since last execution
    wildcards: sample=GCA_017639485.1
    resources: tmpdir=/tmp


[Tue Sep 13 19:55:05 2022]
rule sequence_select:
    input: ../genomes_top40/GCA_902806625.1.fa
    output: test/samples/GCA_902806625.1_temp.fa
    jobid: 35
    reason: Missing output files: test/samples/GCA_902806625.1_temp.fa; Params have changed since last execution
    wildcards: sample=GCA_902806625.1
    resources: tmpdir=/tmp


[Tue Sep 13 19:55:05 2022]
rule sequence_select:
    input: ../genomes_top40/GCF_018691265.1.fa
    output: test/samples/GCF_018691265.1_temp.fa
    jobid: 28
    reason: Missing output files: test/samples/GCF_018691265.1_temp.fa; Params have changed since last execution
    wildcards: sample=GCF_018691265.1
    resources: tmpdir=/tmp


[Tue Sep 13 19:55:05 2022]
rule sequence_select:
    input: ../genomes_top40/GCA_020801775.1.fa
    output: test/samples/GCA_020801775.1_temp.fa
    jobid: 13
    reason: Missing output files: test/samples/GCA_020801775.1_temp.fa; Params have changed since last execution
    wildcards: sample=GCA_020801775.1
    resources: tmpdir=/tmp


[Tue Sep 13 19:55:05 2022]
rule sequence_select:
    input: ../genomes_top40/GCF_020740725.1.fa
    output: test/samples/GCF_020740725.1_temp.fa
    jobid: 43
    reason: Missing output files: test/samples/GCF_020740725.1_temp.fa; Params have changed since last execution
    wildcards: sample=GCF_020740725.1
    resources: tmpdir=/tmp


[Tue Sep 13 19:55:05 2022]
rule sequence_select:
    input: ../genomes_top40/GCA_907165065.1.fa
    output: test/samples/GCA_907165065.1_temp.fa
    jobid: 21
    reason: Missing output files: test/samples/GCA_907165065.1_temp.fa; Params have changed since last execution
    wildcards: sample=GCA_907165065.1
    resources: tmpdir=/tmp


[Tue Sep 13 19:55:05 2022]
rule sequence_select:
    input: ../genomes_top40/GCA_017639555.1.fa
    output: test/samples/GCA_017639555.1_temp.fa
    jobid: 6
    reason: Missing output files: test/samples/GCA_017639555.1_temp.fa; Params have changed since last execution
    wildcards: sample=GCA_017639555.1
    resources: tmpdir=/tmp


[Tue Sep 13 19:55:05 2022]
rule sequence_select:
    input: ../genomes_top40/GCA_016128335.1.fa
    output: test/samples/GCA_016128335.1_temp.fa
    jobid: 36
    reason: Missing output files: test/samples/GCA_016128335.1_temp.fa; Params have changed since last execution
    wildcards: sample=GCA_016128335.1
    resources: tmpdir=/tmp


[Tue Sep 13 19:55:05 2022]
rule sequence_select:
    input: ../genomes_top40/GCF_017639655.2.fa
    output: test/samples/GCF_017639655.2_temp.fa
    jobid: 29
    reason: Missing output files: test/samples/GCF_017639655.2_temp.fa; Params have changed since last execution
    wildcards: sample=GCF_017639655.2
    resources: tmpdir=/tmp


[Tue Sep 13 19:55:05 2022]
rule sequence_select:
    input: ../genomes_top40/GCA_018139145.1.fa
    output: test/samples/GCA_018139145.1_temp.fa
    jobid: 14
    reason: Missing output files: test/samples/GCA_018139145.1_temp.fa; Params have changed since last execution
    wildcards: sample=GCA_018139145.1
    resources: tmpdir=/tmp


[Tue Sep 13 19:55:05 2022]
rule sequence_select:
    input: ../genomes_top40/GCF_901933205.1.fa
    output: test/samples/GCF_901933205.1_temp.fa
    jobid: 44
    reason: Missing output files: test/samples/GCF_901933205.1_temp.fa; Params have changed since last execution
    wildcards: sample=GCF_901933205.1
    resources: tmpdir=/tmp


[Tue Sep 13 19:55:05 2022]
rule sequence_select:
    input: ../genomes_top40/GCA_011004875.1.fa
    output: test/samples/GCA_011004875.1_temp.fa
    jobid: 22
    reason: Missing output files: test/samples/GCA_011004875.1_temp.fa; Params have changed since last execution
    wildcards: sample=GCA_011004875.1
    resources: tmpdir=/tmp


[Tue Sep 13 19:55:05 2022]
rule sequence_select:
    input: ../genomes_top40/GCA_013368605.1.fa
    output: test/samples/GCA_013368605.1_temp.fa
    jobid: 7
    reason: Missing output files: test/samples/GCA_013368605.1_temp.fa; Params have changed since last execution
    wildcards: sample=GCA_013368605.1
    resources: tmpdir=/tmp


[Tue Sep 13 19:55:05 2022]
rule sequence_select:
    input: ../genomes_top40/GCF_900496995.4.fa
    output: test/samples/GCF_900496995.4_temp.fa
    jobid: 37
    reason: Missing output files: test/samples/GCF_900496995.4_temp.fa; Params have changed since last execution
    wildcards: sample=GCF_900496995.4
    resources: tmpdir=/tmp


[Tue Sep 13 19:55:05 2022]
rule sequence_select:
    input: ../genomes_top40/GCA_014839835.1.fa
    output: test/samples/GCA_014839835.1_temp.fa
    jobid: 30
    reason: Missing output files: test/samples/GCA_014839835.1_temp.fa; Params have changed since last execution
    wildcards: sample=GCA_014839835.1
    resources: tmpdir=/tmp


[Tue Sep 13 19:55:05 2022]
rule sequence_select:
    input: ../genomes_top40/GCF_009819795.1.fa
    output: test/samples/GCF_009819795.1_temp.fa
    jobid: 15
    reason: Missing output files: test/samples/GCF_009819795.1_temp.fa; Params have changed since last execution
    wildcards: sample=GCF_009819795.1
    resources: tmpdir=/tmp


[Tue Sep 13 19:55:05 2022]
rule sequence_select:
    input: ../genomes_top40/GCA_012275265.1.fa
    output: test/samples/GCA_012275265.1_temp.fa
    jobid: 45
    reason: Missing output files: test/samples/GCA_012275265.1_temp.fa; Params have changed since last execution
    wildcards: sample=GCA_012275265.1
    resources: tmpdir=/tmp


[Tue Sep 13 19:55:05 2022]
rule sequence_select:
    input: ../genomes_top40/GCA_017976375.1.fa
    output: test/samples/GCA_017976375.1_temp.fa
    jobid: 23
    reason: Missing output files: test/samples/GCA_017976375.1_temp.fa; Params have changed since last execution
    wildcards: sample=GCA_017976375.1
    resources: tmpdir=/tmp


[Tue Sep 13 19:55:05 2022]
rule sequence_select:
    input: ../genomes_top40/GCF_015220075.1.fa
    output: test/samples/GCF_015220075.1_temp.fa
    jobid: 8
    reason: Missing output files: test/samples/GCF_015220075.1_temp.fa; Params have changed since last execution
    wildcards: sample=GCF_015220075.1
    resources: tmpdir=/tmp


[Tue Sep 13 19:55:05 2022]
rule sequence_select:
    input: ../genomes_top40/GCA_020800305.1.fa
    output: test/samples/GCA_020800305.1_temp.fa
    jobid: 38
    reason: Missing output files: test/samples/GCA_020800305.1_temp.fa; Params have changed since last execution
    wildcards: sample=GCA_020800305.1
    resources: tmpdir=/tmp

Terminating processes on user request, this might take some time.
[Tue Sep 13 19:55:08 2022]
Error in rule sequence_select:
    jobid: 23
    output: test/samples/GCA_017976375.1_temp.fa
    conda-env: /home/AD.UCSD.EDU/ttl074/wga/wga-phylo/.snakemake/conda/82f38843d85cb294ec9f10d81417d9c8
    shell:
        python sequence_select/new_select.py --input ../genomes_top40/GCA_017976375.1.fa -s 139 -t 0.8 -e 145 -l 800 --output test/samples/GCA_017976375.1_temp.fa
        (one of the commands exited with non-zero exit code; note that snakemake uses bash strict mode!)

[Tue Sep 13 19:55:09 2022]
Error in rule sequence_select:
    jobid: 26
    output: test/samples/GCA_009819825.1_temp.fa
    conda-env: /home/AD.UCSD.EDU/ttl074/wga/wga-phylo/.snakemake/conda/82f38843d85cb294ec9f10d81417d9c8
    shell:
        python sequence_select/new_select.py --input ../genomes_top40/GCA_009819825.1.fa -s 165 -t 0.8 -e 168 -l 800 --output test/samples/GCA_009819825.1_temp.fa
        (one of the commands exited with non-zero exit code; note that snakemake uses bash strict mode!)

[Tue Sep 13 19:55:09 2022]
Error in rule sequence_select:
    jobid: 19
    output: test/samples/GCF_009829145.1_temp.fa
    conda-env: /home/AD.UCSD.EDU/ttl074/wga/wga-phylo/.snakemake/conda/82f38843d85cb294ec9f10d81417d9c8
    shell:
        python sequence_select/new_select.py --input ../genomes_top40/GCF_009829145.1.fa -s 112 -t 0.8 -e 118 -l 800 --output test/samples/GCF_009829145.1_temp.fa
        (one of the commands exited with non-zero exit code; note that snakemake uses bash strict mode!)

[Tue Sep 13 19:55:09 2022]
Error in rule sequence_select:
    jobid: 11
    output: test/samples/GCA_009819775.1_temp.fa
    conda-env: /home/AD.UCSD.EDU/ttl074/wga/wga-phylo/.snakemake/conda/82f38843d85cb294ec9f10d81417d9c8
    shell:
        python sequence_select/new_select.py --input ../genomes_top40/GCA_009819775.1.fa -s 44 -t 0.8 -e 54 -l 800 --output test/samples/GCA_009819775.1_temp.fa
        (one of the commands exited with non-zero exit code; note that snakemake uses bash strict mode!)

[Tue Sep 13 19:55:09 2022]
Error in rule sequence_select:
    jobid: 34
    output: test/samples/GCA_013407035.1_temp.fa
    conda-env: /home/AD.UCSD.EDU/ttl074/wga/wga-phylo/.snakemake/conda/82f38843d85cb294ec9f10d81417d9c8
    shell:
        python sequence_select/new_select.py --input ../genomes_top40/GCA_013407035.1.fa -s 216 -t 0.8 -e 225 -l 800 --output test/samples/GCA_013407035.1_temp.fa
        (one of the commands exited with non-zero exit code; note that snakemake uses bash strict mode!)

[Tue Sep 13 19:55:09 2022]
Error in rule sequence_select:
    jobid: 28
    output: test/samples/GCF_018691265.1_temp.fa
    conda-env: /home/AD.UCSD.EDU/ttl074/wga/wga-phylo/.snakemake/conda/82f38843d85cb294ec9f10d81417d9c8
    shell:
        python sequence_select/new_select.py --input ../genomes_top40/GCF_018691265.1.fa -s 173 -t 0.8 -e 179 -l 800 --output test/samples/GCF_018691265.1_temp.fa
        (one of the commands exited with non-zero exit code; note that snakemake uses bash strict mode!)

[Tue Sep 13 19:55:09 2022]
Error in rule sequence_select:
    jobid: 41
    output: test/samples/GCF_000002315.6_temp.fa
    conda-env: /home/AD.UCSD.EDU/ttl074/wga/wga-phylo/.snakemake/conda/82f38843d85cb294ec9f10d81417d9c8
    shell:
        python sequence_select/new_select.py --input ../genomes_top40/GCF_000002315.6.fa -s 271 -t 0.8 -e 274 -l 800 --output test/samples/GCF_000002315.6_temp.fa
        (one of the commands exited with non-zero exit code; note that snakemake uses bash strict mode!)

[Tue Sep 13 19:55:09 2022]
Error in rule sequence_select:
    jobid: 18
    output: test/samples/GCA_020746105.1_temp.fa
    conda-env: /home/AD.UCSD.EDU/ttl074/wga/wga-phylo/.snakemake/conda/82f38843d85cb294ec9f10d81417d9c8
    shell:
        python sequence_select/new_select.py --input ../genomes_top40/GCA_020746105.1.fa -s 103 -t 0.8 -e 112 -l 800 --output test/samples/GCA_020746105.1_temp.fa
        (one of the commands exited with non-zero exit code; note that snakemake uses bash strict mode!)

[Tue Sep 13 19:55:09 2022]
Error in rule sequence_select:
    jobid: 33
    output: test/samples/GCF_016700215.2_temp.fa
    conda-env: /home/AD.UCSD.EDU/ttl074/wga/wga-phylo/.snakemake/conda/82f38843d85cb294ec9f10d81417d9c8
    shell:
        python sequence_select/new_select.py --input ../genomes_top40/GCF_016700215.2.fa -s 208 -t 0.8 -e 216 -l 800 --output test/samples/GCF_016700215.2_temp.fa
        (one of the commands exited with non-zero exit code; note that snakemake uses bash strict mode!)

[Tue Sep 13 19:55:09 2022]
Error in rule sequence_select:
    jobid: 6
    output: test/samples/GCA_017639555.1_temp.fa
    conda-env: /home/AD.UCSD.EDU/ttl074/wga/wga-phylo/.snakemake/conda/82f38843d85cb294ec9f10d81417d9c8
    shell:
        python sequence_select/new_select.py --input ../genomes_top40/GCA_017639555.1.fa -s 1 -t 0.8 -e 13 -l 800 --output test/samples/GCA_017639555.1_temp.fa
        (one of the commands exited with non-zero exit code; note that snakemake uses bash strict mode!)

[Tue Sep 13 19:55:09 2022]
Error in rule sequence_select:
    jobid: 38
    output: test/samples/GCA_020800305.1_temp.fa
    conda-env: /home/AD.UCSD.EDU/ttl074/wga/wga-phylo/.snakemake/conda/82f38843d85cb294ec9f10d81417d9c8
    shell:
        python sequence_select/new_select.py --input ../genomes_top40/GCA_020800305.1.fa -s 252 -t 0.8 -e 255 -l 800 --output test/samples/GCA_020800305.1_temp.fa
        (one of the commands exited with non-zero exit code; note that snakemake uses bash strict mode!)

[Tue Sep 13 19:55:09 2022]
Error in rule sequence_select:
    jobid: 27
    output: test/samples/GCA_020745775.1_temp.fa
    conda-env: /home/AD.UCSD.EDU/ttl074/wga/wga-phylo/.snakemake/conda/82f38843d85cb294ec9f10d81417d9c8
    shell:
        python sequence_select/new_select.py --input ../genomes_top40/GCA_020745775.1.fa -s 168 -t 0.8 -e 173 -l 800 --output test/samples/GCA_020745775.1_temp.fa
        (one of the commands exited with non-zero exit code; note that snakemake uses bash strict mode!)

[Tue Sep 13 19:55:09 2022]
Error in rule sequence_select:
    jobid: 15
    output: test/samples/GCF_009819795.1_temp.fa
    conda-env: /home/AD.UCSD.EDU/ttl074/wga/wga-phylo/.snakemake/conda/82f38843d85cb294ec9f10d81417d9c8
    shell:
        python sequence_select/new_select.py --input ../genomes_top40/GCF_009819795.1.fa -s 79 -t 0.8 -e 83 -l 800 --output test/samples/GCF_009819795.1_temp.fa
        (one of the commands exited with non-zero exit code; note that snakemake uses bash strict mode!)

[Tue Sep 13 19:55:09 2022]
Error in rule sequence_select:
    jobid: 39
    output: test/samples/GCA_020740795.1_temp.fa
    conda-env: /home/AD.UCSD.EDU/ttl074/wga/wga-phylo/.snakemake/conda/82f38843d85cb294ec9f10d81417d9c8
    shell:
        python sequence_select/new_select.py --input ../genomes_top40/GCA_020740795.1.fa -s 255 -t 0.8 -e 263 -l 800 --output test/samples/GCA_020740795.1_temp.fa
        (one of the commands exited with non-zero exit code; note that snakemake uses bash strict mode!)

[Tue Sep 13 19:55:09 2022]
Error in rule sequence_select:
    jobid: 31
    output: test/samples/GCA_905368555.1_temp.fa
    conda-env: /home/AD.UCSD.EDU/ttl074/wga/wga-phylo/.snakemake/conda/82f38843d85cb294ec9f10d81417d9c8
    shell:
        python sequence_select/new_select.py --input ../genomes_top40/GCA_905368555.1.fa -s 198 -t 0.8 -e 203 -l 800 --output test/samples/GCA_905368555.1_temp.fa
        (one of the commands exited with non-zero exit code; note that snakemake uses bash strict mode!)

[Tue Sep 13 19:55:09 2022]
Error in rule sequence_select:
    jobid: 16
    output: test/samples/GCA_009819605.1_temp.fa
    conda-env: /home/AD.UCSD.EDU/ttl074/wga/wga-phylo/.snakemake/conda/82f38843d85cb294ec9f10d81417d9c8
    shell:
        python sequence_select/new_select.py --input ../genomes_top40/GCA_009819605.1.fa -s 83 -t 0.8 -e 92 -l 800 --output test/samples/GCA_009819605.1_temp.fa
        (one of the commands exited with non-zero exit code; note that snakemake uses bash strict mode!)

[Tue Sep 13 19:55:09 2022]
Error in rule sequence_select:
    jobid: 12
    output: test/samples/GCF_012275295.1_temp.fa
    conda-env: /home/AD.UCSD.EDU/ttl074/wga/wga-phylo/.snakemake/conda/82f38843d85cb294ec9f10d81417d9c8
    shell:
        python sequence_select/new_select.py --input ../genomes_top40/GCF_012275295.1.fa -s 54 -t 0.8 -e 64 -l 800 --output test/samples/GCF_012275295.1_temp.fa
        (one of the commands exited with non-zero exit code; note that snakemake uses bash strict mode!)

[Tue Sep 13 19:55:09 2022]
Error in rule sequence_select:
    jobid: 25
    output: test/samples/GCA_015220805.1_temp.fa
    conda-env: /home/AD.UCSD.EDU/ttl074/wga/wga-phylo/.snakemake/conda/82f38843d85cb294ec9f10d81417d9c8
    shell:
        python sequence_select/new_select.py --input ../genomes_top40/GCA_015220805.1.fa -s 156 -t 0.8 -e 165 -l 800 --output test/samples/GCA_015220805.1_temp.fa
        (one of the commands exited with non-zero exit code; note that snakemake uses bash strict mode!)

[Tue Sep 13 19:55:09 2022]
Error in rule sequence_select:
    jobid: 8
    output: test/samples/GCF_015220075.1_temp.fa
    conda-env: /home/AD.UCSD.EDU/ttl074/wga/wga-phylo/.snakemake/conda/82f38843d85cb294ec9f10d81417d9c8
    shell:
        python sequence_select/new_select.py --input ../genomes_top40/GCF_015220075.1.fa -s 23 -t 0.8 -e 34 -l 800 --output test/samples/GCF_015220075.1_temp.fa
        (one of the commands exited with non-zero exit code; note that snakemake uses bash strict mode!)

[Tue Sep 13 19:55:09 2022]
Error in rule sequence_select:
    jobid: 42
    output: test/samples/GCA_016904835.1_temp.fa
    conda-env: /home/AD.UCSD.EDU/ttl074/wga/wga-phylo/.snakemake/conda/82f38843d85cb294ec9f10d81417d9c8
    shell:
        python sequence_select/new_select.py --input ../genomes_top40/GCA_016904835.1.fa -s 274 -t 0.8 -e 287 -l 800 --output test/samples/GCA_016904835.1_temp.fa
        (one of the commands exited with non-zero exit code; note that snakemake uses bash strict mode!)

[Tue Sep 13 19:55:09 2022]
Error in rule sequence_select:
    jobid: 22
    output: test/samples/GCA_011004875.1_temp.fa
    conda-env: /home/AD.UCSD.EDU/ttl074/wga/wga-phylo/.snakemake/conda/82f38843d85cb294ec9f10d81417d9c8
    shell:
        python sequence_select/new_select.py --input ../genomes_top40/GCA_011004875.1.fa -s 130 -t 0.8 -e 139 -l 800 --output test/samples/GCA_011004875.1_temp.fa
        (one of the commands exited with non-zero exit code; note that snakemake uses bash strict mode!)

[Tue Sep 13 19:55:09 2022]
Error in rule sequence_select:
    jobid: 44
    output: test/samples/GCF_901933205.1_temp.fa
    conda-env: /home/AD.UCSD.EDU/ttl074/wga/wga-phylo/.snakemake/conda/82f38843d85cb294ec9f10d81417d9c8
    shell:
        python sequence_select/new_select.py --input ../genomes_top40/GCF_901933205.1.fa -s 293 -t 0.8 -e 298 -l 800 --output test/samples/GCF_901933205.1_temp.fa
        (one of the commands exited with non-zero exit code; note that snakemake uses bash strict mode!)

[Tue Sep 13 19:55:09 2022]
Error in rule sequence_select:
    jobid: 20
    output: test/samples/GCA_017639485.1_temp.fa
    conda-env: /home/AD.UCSD.EDU/ttl074/wga/wga-phylo/.snakemake/conda/82f38843d85cb294ec9f10d81417d9c8
    shell:
        python sequence_select/new_select.py --input ../genomes_top40/GCA_017639485.1.fa -s 118 -t 0.8 -e 123 -l 800 --output test/samples/GCA_017639485.1_temp.fa
        (one of the commands exited with non-zero exit code; note that snakemake uses bash strict mode!)

[Tue Sep 13 19:55:09 2022]
Error in rule sequence_select:
    jobid: 35
    output: test/samples/GCA_902806625.1_temp.fa
    conda-env: /home/AD.UCSD.EDU/ttl074/wga/wga-phylo/.snakemake/conda/82f38843d85cb294ec9f10d81417d9c8
    shell:
        python sequence_select/new_select.py --input ../genomes_top40/GCA_902806625.1.fa -s 225 -t 0.8 -e 233 -l 800 --output test/samples/GCA_902806625.1_temp.fa
        (one of the commands exited with non-zero exit code; note that snakemake uses bash strict mode!)

[Tue Sep 13 19:55:09 2022]
Error in rule sequence_select:
    jobid: 37
    output: test/samples/GCF_900496995.4_temp.fa
    conda-env: /home/AD.UCSD.EDU/ttl074/wga/wga-phylo/.snakemake/conda/82f38843d85cb294ec9f10d81417d9c8
    shell:
        python sequence_select/new_select.py --input ../genomes_top40/GCF_900496995.4.fa -s 246 -t 0.8 -e 252 -l 800 --output test/samples/GCF_900496995.4_temp.fa
        (one of the commands exited with non-zero exit code; note that snakemake uses bash strict mode!)

[Tue Sep 13 19:55:09 2022]
Error in rule sequence_select:
    jobid: 13
    output: test/samples/GCA_020801775.1_temp.fa
    conda-env: /home/AD.UCSD.EDU/ttl074/wga/wga-phylo/.snakemake/conda/82f38843d85cb294ec9f10d81417d9c8
    shell:
        python sequence_select/new_select.py --input ../genomes_top40/GCA_020801775.1.fa -s 64 -t 0.8 -e 72 -l 800 --output test/samples/GCA_020801775.1_temp.fa
        (one of the commands exited with non-zero exit code; note that snakemake uses bash strict mode!)

[Tue Sep 13 19:55:09 2022]
Error in rule sequence_select:
    jobid: 40
    output: test/samples/GCA_008658365.1_temp.fa
    conda-env: /home/AD.UCSD.EDU/ttl074/wga/wga-phylo/.snakemake/conda/82f38843d85cb294ec9f10d81417d9c8
    shell:
        python sequence_select/new_select.py --input ../genomes_top40/GCA_008658365.1.fa -s 263 -t 0.8 -e 271 -l 800 --output test/samples/GCA_008658365.1_temp.fa
        (one of the commands exited with non-zero exit code; note that snakemake uses bash strict mode!)

[Tue Sep 13 19:55:09 2022]
Error in rule sequence_select:
    jobid: 43
    output: test/samples/GCF_020740725.1_temp.fa
    conda-env: /home/AD.UCSD.EDU/ttl074/wga/wga-phylo/.snakemake/conda/82f38843d85cb294ec9f10d81417d9c8
    shell:
        python sequence_select/new_select.py --input ../genomes_top40/GCF_020740725.1.fa -s 287 -t 0.8 -e 293 -l 800 --output test/samples/GCF_020740725.1_temp.fa
        (one of the commands exited with non-zero exit code; note that snakemake uses bash strict mode!)

[Tue Sep 13 19:55:09 2022]
Error in rule sequence_select:
    jobid: 21
    output: test/samples/GCA_907165065.1_temp.fa
    conda-env: /home/AD.UCSD.EDU/ttl074/wga/wga-phylo/.snakemake/conda/82f38843d85cb294ec9f10d81417d9c8
    shell:
        python sequence_select/new_select.py --input ../genomes_top40/GCA_907165065.1.fa -s 123 -t 0.8 -e 130 -l 800 --output test/samples/GCA_907165065.1_temp.fa
        (one of the commands exited with non-zero exit code; note that snakemake uses bash strict mode!)

[Tue Sep 13 19:55:09 2022]
Error in rule sequence_select:
    jobid: 24
    output: test/samples/GCA_014839755.1_temp.fa
    conda-env: /home/AD.UCSD.EDU/ttl074/wga/wga-phylo/.snakemake/conda/82f38843d85cb294ec9f10d81417d9c8
    shell:
        python sequence_select/new_select.py --input ../genomes_top40/GCA_014839755.1.fa -s 145 -t 0.8 -e 156 -l 800 --output test/samples/GCA_014839755.1_temp.fa
        (one of the commands exited with non-zero exit code; note that snakemake uses bash strict mode!)

[Tue Sep 13 19:55:09 2022]
Error in rule sequence_select:
    jobid: 29
    output: test/samples/GCF_017639655.2_temp.fa
    conda-env: /home/AD.UCSD.EDU/ttl074/wga/wga-phylo/.snakemake/conda/82f38843d85cb294ec9f10d81417d9c8
    shell:
        python sequence_select/new_select.py --input ../genomes_top40/GCF_017639655.2.fa -s 179 -t 0.8 -e 189 -l 800 --output test/samples/GCF_017639655.2_temp.fa
        (one of the commands exited with non-zero exit code; note that snakemake uses bash strict mode!)

[Tue Sep 13 19:55:09 2022]
Error in rule sequence_select:
    jobid: 32
    output: test/samples/GCF_016699485.2_temp.fa
    conda-env: /home/AD.UCSD.EDU/ttl074/wga/wga-phylo/.snakemake/conda/82f38843d85cb294ec9f10d81417d9c8
    shell:
        python sequence_select/new_select.py --input ../genomes_top40/GCF_016699485.2.fa -s 203 -t 0.8 -e 208 -l 800 --output test/samples/GCF_016699485.2_temp.fa
        (one of the commands exited with non-zero exit code; note that snakemake uses bash strict mode!)

[Tue Sep 13 19:55:09 2022]
[Tue Sep 13 19:55:09 2022]
Error in rule sequence_select:
    jobid: 17
    output: test/samples/GCF_003957555.1_temp.fa
    conda-env: /home/AD.UCSD.EDU/ttl074/wga/wga-phylo/.snakemake/conda/82f38843d85cb294ec9f10d81417d9c8
    shell:
        python sequence_select/new_select.py --input ../genomes_top40/GCF_003957555.1.fa -s 92 -t 0.8 -e 103 -l 800 --output test/samples/GCF_003957555.1_temp.fa
        (one of the commands exited with non-zero exit code; note that snakemake uses bash strict mode!)

Error in rule sequence_select:
    jobid: 30
    output: test/samples/GCA_014839835.1_temp.fa
    conda-env: /home/AD.UCSD.EDU/ttl074/wga/wga-phylo/.snakemake/conda/82f38843d85cb294ec9f10d81417d9c8
    shell:
        python sequence_select/new_select.py --input ../genomes_top40/GCA_014839835.1.fa -s 189 -t 0.8 -e 198 -l 800 --output test/samples/GCA_014839835.1_temp.fa
        (one of the commands exited with non-zero exit code; note that snakemake uses bash strict mode!)

[Tue Sep 13 19:55:09 2022]
Error in rule sequence_select:
    jobid: 45
    output: test/samples/GCA_012275265.1_temp.fa
    conda-env: /home/AD.UCSD.EDU/ttl074/wga/wga-phylo/.snakemake/conda/82f38843d85cb294ec9f10d81417d9c8
    shell:
        python sequence_select/new_select.py --input ../genomes_top40/GCA_012275265.1.fa -s 298 -t 0.8 -e 301 -l 800 --output test/samples/GCA_012275265.1_temp.fa
        (one of the commands exited with non-zero exit code; note that snakemake uses bash strict mode!)

[Tue Sep 13 19:55:09 2022]
Error in rule sequence_select:
    jobid: 9
    output: test/samples/GCA_017639245.1_temp.fa
    conda-env: /home/AD.UCSD.EDU/ttl074/wga/wga-phylo/.snakemake/conda/82f38843d85cb294ec9f10d81417d9c8
    shell:
        python sequence_select/new_select.py --input ../genomes_top40/GCA_017639245.1.fa -s 34 -t 0.8 -e 40 -l 800 --output test/samples/GCA_017639245.1_temp.fa
        (one of the commands exited with non-zero exit code; note that snakemake uses bash strict mode!)

[Tue Sep 13 19:55:09 2022]
Error in rule sequence_select:
    jobid: 10
    output: test/samples/GCA_020745705.1_temp.fa
    conda-env: /home/AD.UCSD.EDU/ttl074/wga/wga-phylo/.snakemake/conda/82f38843d85cb294ec9f10d81417d9c8
    shell:
        python sequence_select/new_select.py --input ../genomes_top40/GCA_020745705.1.fa -s 40 -t 0.8 -e 44 -l 800 --output test/samples/GCA_020745705.1_temp.fa
        (one of the commands exited with non-zero exit code; note that snakemake uses bash strict mode!)

[Tue Sep 13 19:55:09 2022]
Error in rule sequence_select:
    jobid: 7
    output: test/samples/GCA_013368605.1_temp.fa
    conda-env: /home/AD.UCSD.EDU/ttl074/wga/wga-phylo/.snakemake/conda/82f38843d85cb294ec9f10d81417d9c8
    shell:
        python sequence_select/new_select.py --input ../genomes_top40/GCA_013368605.1.fa -s 13 -t 0.8 -e 23 -l 800 --output test/samples/GCA_013368605.1_temp.fa
        (one of the commands exited with non-zero exit code; note that snakemake uses bash strict mode!)

[Tue Sep 13 19:55:09 2022]
Error in rule sequence_select:
    jobid: 36
    output: test/samples/GCA_016128335.1_temp.fa
    conda-env: /home/AD.UCSD.EDU/ttl074/wga/wga-phylo/.snakemake/conda/82f38843d85cb294ec9f10d81417d9c8
    shell:
        python sequence_select/new_select.py --input ../genomes_top40/GCA_016128335.1.fa -s 233 -t 0.8 -e 246 -l 800 --output test/samples/GCA_016128335.1_temp.fa
        (one of the commands exited with non-zero exit code; note that snakemake uses bash strict mode!)

[Tue Sep 13 19:55:09 2022]
Error in rule sequence_select:
    jobid: 14
    output: test/samples/GCA_018139145.1_temp.fa
    conda-env: /home/AD.UCSD.EDU/ttl074/wga/wga-phylo/.snakemake/conda/82f38843d85cb294ec9f10d81417d9c8
    shell:
        python sequence_select/new_select.py --input ../genomes_top40/GCA_018139145.1.fa -s 72 -t 0.8 -e 79 -l 800 --output test/samples/GCA_018139145.1_temp.fa
        (one of the commands exited with non-zero exit code; note that snakemake uses bash strict mode!)

Complete log: .snakemake/log/2022-09-13T195503.098307.snakemake.log
